<?xml version="1.0" encoding="UTF-8"?>
<testsuite xmlns:xsi="http://www.w3.org/2001/XMLSchema-instance" xsi:noNamespaceSchemaLocation="https://maven.apache.org/surefire/maven-surefire-plugin/xsd/surefire-test-report-3.0.xsd" version="3.0" name="dev.danvega.danson.post.PostControllerIntTest" time="8.819" tests="8" errors="0" skipped="0" failures="0">
  <properties>
    <property name="java.specification.version" value="21"/>
    <property name="sun.jnu.encoding" value="UTF-8"/>
    <property name="java.class.path" value="/home/easy/git/fac-testcontainers-dan-vega/posts/target/test-classes:/home/easy/git/fac-testcontainers-dan-vega/posts/target/classes:/home/easy/.m2/repository/org/springframework/boot/spring-boot-starter-actuator/3.2.0-M3/spring-boot-starter-actuator-3.2.0-M3.jar:/home/easy/.m2/repository/org/springframework/boot/spring-boot-starter/3.2.0-M3/spring-boot-starter-3.2.0-M3.jar:/home/easy/.m2/repository/org/springframework/boot/spring-boot-starter-logging/3.2.0-M3/spring-boot-starter-logging-3.2.0-M3.jar:/home/easy/.m2/repository/ch/qos/logback/logback-classic/1.4.11/logback-classic-1.4.11.jar:/home/easy/.m2/repository/ch/qos/logback/logback-core/1.4.11/logback-core-1.4.11.jar:/home/easy/.m2/repository/org/apache/logging/log4j/log4j-to-slf4j/2.20.0/log4j-to-slf4j-2.20.0.jar:/home/easy/.m2/repository/org/apache/logging/log4j/log4j-api/2.20.0/log4j-api-2.20.0.jar:/home/easy/.m2/repository/org/slf4j/jul-to-slf4j/2.0.9/jul-to-slf4j-2.0.9.jar:/home/easy/.m2/repository/jakarta/annotation/jakarta.annotation-api/2.1.1/jakarta.annotation-api-2.1.1.jar:/home/easy/.m2/repository/org/yaml/snakeyaml/2.2/snakeyaml-2.2.jar:/home/easy/.m2/repository/org/springframework/boot/spring-boot-actuator-autoconfigure/3.2.0-M3/spring-boot-actuator-autoconfigure-3.2.0-M3.jar:/home/easy/.m2/repository/org/springframework/boot/spring-boot-actuator/3.2.0-M3/spring-boot-actuator-3.2.0-M3.jar:/home/easy/.m2/repository/com/fasterxml/jackson/datatype/jackson-datatype-jsr310/2.15.2/jackson-datatype-jsr310-2.15.2.jar:/home/easy/.m2/repository/io/micrometer/micrometer-observation/1.12.0-M3/micrometer-observation-1.12.0-M3.jar:/home/easy/.m2/repository/io/micrometer/micrometer-commons/1.12.0-M3/micrometer-commons-1.12.0-M3.jar:/home/easy/.m2/repository/io/micrometer/micrometer-core/1.12.0-M3/micrometer-core-1.12.0-M3.jar:/home/easy/.m2/repository/org/hdrhistogram/HdrHistogram/2.1.12/HdrHistogram-2.1.12.jar:/home/easy/.m2/repository/org/latencyutils/LatencyUtils/2.0.3/LatencyUtils-2.0.3.jar:/home/easy/.m2/repository/org/springframework/boot/spring-boot-starter-web/3.2.0-M3/spring-boot-starter-web-3.2.0-M3.jar:/home/easy/.m2/repository/org/springframework/boot/spring-boot-starter-json/3.2.0-M3/spring-boot-starter-json-3.2.0-M3.jar:/home/easy/.m2/repository/com/fasterxml/jackson/datatype/jackson-datatype-jdk8/2.15.2/jackson-datatype-jdk8-2.15.2.jar:/home/easy/.m2/repository/org/springframework/boot/spring-boot-starter-tomcat/3.2.0-M3/spring-boot-starter-tomcat-3.2.0-M3.jar:/home/easy/.m2/repository/org/apache/tomcat/embed/tomcat-embed-core/10.1.13/tomcat-embed-core-10.1.13.jar:/home/easy/.m2/repository/org/apache/tomcat/embed/tomcat-embed-websocket/10.1.13/tomcat-embed-websocket-10.1.13.jar:/home/easy/.m2/repository/org/springframework/spring-web/6.1.0-M5/spring-web-6.1.0-M5.jar:/home/easy/.m2/repository/org/springframework/spring-beans/6.1.0-M5/spring-beans-6.1.0-M5.jar:/home/easy/.m2/repository/org/springframework/spring-webmvc/6.1.0-M5/spring-webmvc-6.1.0-M5.jar:/home/easy/.m2/repository/org/springframework/spring-aop/6.1.0-M5/spring-aop-6.1.0-M5.jar:/home/easy/.m2/repository/org/springframework/spring-context/6.1.0-M5/spring-context-6.1.0-M5.jar:/home/easy/.m2/repository/org/springframework/spring-expression/6.1.0-M5/spring-expression-6.1.0-M5.jar:/home/easy/.m2/repository/org/springframework/boot/spring-boot-starter-validation/3.2.0-M3/spring-boot-starter-validation-3.2.0-M3.jar:/home/easy/.m2/repository/org/apache/tomcat/embed/tomcat-embed-el/10.1.13/tomcat-embed-el-10.1.13.jar:/home/easy/.m2/repository/org/hibernate/validator/hibernate-validator/8.0.1.Final/hibernate-validator-8.0.1.Final.jar:/home/easy/.m2/repository/jakarta/validation/jakarta.validation-api/3.0.2/jakarta.validation-api-3.0.2.jar:/home/easy/.m2/repository/org/jboss/logging/jboss-logging/3.5.3.Final/jboss-logging-3.5.3.Final.jar:/home/easy/.m2/repository/com/fasterxml/classmate/1.5.1/classmate-1.5.1.jar:/home/easy/.m2/repository/org/springframework/boot/spring-boot-starter-data-jdbc/3.2.0-M3/spring-boot-starter-data-jdbc-3.2.0-M3.jar:/home/easy/.m2/repository/org/springframework/boot/spring-boot-starter-jdbc/3.2.0-M3/spring-boot-starter-jdbc-3.2.0-M3.jar:/home/easy/.m2/repository/com/zaxxer/HikariCP/5.0.1/HikariCP-5.0.1.jar:/home/easy/.m2/repository/org/springframework/spring-jdbc/6.1.0-M5/spring-jdbc-6.1.0-M5.jar:/home/easy/.m2/repository/org/springframework/data/spring-data-jdbc/3.2.0-M3/spring-data-jdbc-3.2.0-M3.jar:/home/easy/.m2/repository/org/springframework/data/spring-data-relational/3.2.0-M3/spring-data-relational-3.2.0-M3.jar:/home/easy/.m2/repository/com/github/jsqlparser/jsqlparser/4.6/jsqlparser-4.6.jar:/home/easy/.m2/repository/org/springframework/data/spring-data-commons/3.2.0-M3/spring-data-commons-3.2.0-M3.jar:/home/easy/.m2/repository/org/springframework/spring-tx/6.1.0-M5/spring-tx-6.1.0-M5.jar:/home/easy/.m2/repository/org/slf4j/slf4j-api/2.0.9/slf4j-api-2.0.9.jar:/home/easy/.m2/repository/org/springdoc/springdoc-openapi-starter-webmvc-ui/2.2.0/springdoc-openapi-starter-webmvc-ui-2.2.0.jar:/home/easy/.m2/repository/org/springdoc/springdoc-openapi-starter-webmvc-api/2.2.0/springdoc-openapi-starter-webmvc-api-2.2.0.jar:/home/easy/.m2/repository/org/springdoc/springdoc-openapi-starter-common/2.2.0/springdoc-openapi-starter-common-2.2.0.jar:/home/easy/.m2/repository/io/swagger/core/v3/swagger-core-jakarta/2.2.15/swagger-core-jakarta-2.2.15.jar:/home/easy/.m2/repository/org/apache/commons/commons-lang3/3.13.0/commons-lang3-3.13.0.jar:/home/easy/.m2/repository/io/swagger/core/v3/swagger-annotations-jakarta/2.2.15/swagger-annotations-jakarta-2.2.15.jar:/home/easy/.m2/repository/io/swagger/core/v3/swagger-models-jakarta/2.2.15/swagger-models-jakarta-2.2.15.jar:/home/easy/.m2/repository/com/fasterxml/jackson/dataformat/jackson-dataformat-yaml/2.15.2/jackson-dataformat-yaml-2.15.2.jar:/home/easy/.m2/repository/org/webjars/swagger-ui/5.2.0/swagger-ui-5.2.0.jar:/home/easy/.m2/repository/org/springframework/boot/spring-boot-devtools/3.2.0-M3/spring-boot-devtools-3.2.0-M3.jar:/home/easy/.m2/repository/org/springframework/boot/spring-boot/3.2.0-M3/spring-boot-3.2.0-M3.jar:/home/easy/.m2/repository/org/springframework/boot/spring-boot-autoconfigure/3.2.0-M3/spring-boot-autoconfigure-3.2.0-M3.jar:/home/easy/.m2/repository/org/springframework/boot/spring-boot-docker-compose/3.2.0-M3/spring-boot-docker-compose-3.2.0-M3.jar:/home/easy/.m2/repository/com/fasterxml/jackson/core/jackson-databind/2.15.2/jackson-databind-2.15.2.jar:/home/easy/.m2/repository/com/fasterxml/jackson/core/jackson-annotations/2.15.2/jackson-annotations-2.15.2.jar:/home/easy/.m2/repository/com/fasterxml/jackson/core/jackson-core/2.15.2/jackson-core-2.15.2.jar:/home/easy/.m2/repository/com/fasterxml/jackson/module/jackson-module-parameter-names/2.15.2/jackson-module-parameter-names-2.15.2.jar:/home/easy/.m2/repository/org/postgresql/postgresql/42.6.0/postgresql-42.6.0.jar:/home/easy/.m2/repository/org/checkerframework/checker-qual/3.31.0/checker-qual-3.31.0.jar:/home/easy/.m2/repository/org/springframework/boot/spring-boot-testcontainers/3.2.0-M3/spring-boot-testcontainers-3.2.0-M3.jar:/home/easy/.m2/repository/org/testcontainers/testcontainers/1.19.0/testcontainers-1.19.0.jar:/home/easy/.m2/repository/junit/junit/4.13.2/junit-4.13.2.jar:/home/easy/.m2/repository/org/hamcrest/hamcrest-core/2.2/hamcrest-core-2.2.jar:/home/easy/.m2/repository/org/apache/commons/commons-compress/1.23.0/commons-compress-1.23.0.jar:/home/easy/.m2/repository/org/rnorth/duct-tape/duct-tape/1.0.8/duct-tape-1.0.8.jar:/home/easy/.m2/repository/org/jetbrains/annotations/17.0.0/annotations-17.0.0.jar:/home/easy/.m2/repository/com/github/docker-java/docker-java-api/3.3.3/docker-java-api-3.3.3.jar:/home/easy/.m2/repository/com/github/docker-java/docker-java-transport-zerodep/3.3.3/docker-java-transport-zerodep-3.3.3.jar:/home/easy/.m2/repository/com/github/docker-java/docker-java-transport/3.3.3/docker-java-transport-3.3.3.jar:/home/easy/.m2/repository/net/java/dev/jna/jna/5.12.1/jna-5.12.1.jar:/home/easy/.m2/repository/org/testcontainers/junit-jupiter/1.19.0/junit-jupiter-1.19.0.jar:/home/easy/.m2/repository/org/testcontainers/postgresql/1.19.0/postgresql-1.19.0.jar:/home/easy/.m2/repository/org/testcontainers/jdbc/1.19.0/jdbc-1.19.0.jar:/home/easy/.m2/repository/org/testcontainers/database-commons/1.19.0/database-commons-1.19.0.jar:/home/easy/.m2/repository/org/springframework/boot/spring-boot-starter-test/3.2.0-M3/spring-boot-starter-test-3.2.0-M3.jar:/home/easy/.m2/repository/org/springframework/boot/spring-boot-test/3.2.0-M3/spring-boot-test-3.2.0-M3.jar:/home/easy/.m2/repository/org/springframework/boot/spring-boot-test-autoconfigure/3.2.0-M3/spring-boot-test-autoconfigure-3.2.0-M3.jar:/home/easy/.m2/repository/com/jayway/jsonpath/json-path/2.8.0/json-path-2.8.0.jar:/home/easy/.m2/repository/jakarta/xml/bind/jakarta.xml.bind-api/4.0.1/jakarta.xml.bind-api-4.0.1.jar:/home/easy/.m2/repository/jakarta/activation/jakarta.activation-api/2.1.2/jakarta.activation-api-2.1.2.jar:/home/easy/.m2/repository/net/minidev/json-smart/2.5.0/json-smart-2.5.0.jar:/home/easy/.m2/repository/net/minidev/accessors-smart/2.5.0/accessors-smart-2.5.0.jar:/home/easy/.m2/repository/org/ow2/asm/asm/9.3/asm-9.3.jar:/home/easy/.m2/repository/org/assertj/assertj-core/3.24.2/assertj-core-3.24.2.jar:/home/easy/.m2/repository/net/bytebuddy/byte-buddy/1.14.8/byte-buddy-1.14.8.jar:/home/easy/.m2/repository/org/hamcrest/hamcrest/2.2/hamcrest-2.2.jar:/home/easy/.m2/repository/org/junit/jupiter/junit-jupiter/5.10.0/junit-jupiter-5.10.0.jar:/home/easy/.m2/repository/org/junit/jupiter/junit-jupiter-api/5.10.0/junit-jupiter-api-5.10.0.jar:/home/easy/.m2/repository/org/opentest4j/opentest4j/1.3.0/opentest4j-1.3.0.jar:/home/easy/.m2/repository/org/junit/platform/junit-platform-commons/1.10.0/junit-platform-commons-1.10.0.jar:/home/easy/.m2/repository/org/apiguardian/apiguardian-api/1.1.2/apiguardian-api-1.1.2.jar:/home/easy/.m2/repository/org/junit/jupiter/junit-jupiter-params/5.10.0/junit-jupiter-params-5.10.0.jar:/home/easy/.m2/repository/org/junit/jupiter/junit-jupiter-engine/5.10.0/junit-jupiter-engine-5.10.0.jar:/home/easy/.m2/repository/org/junit/platform/junit-platform-engine/1.10.0/junit-platform-engine-1.10.0.jar:/home/easy/.m2/repository/org/mockito/mockito-core/5.5.0/mockito-core-5.5.0.jar:/home/easy/.m2/repository/net/bytebuddy/byte-buddy-agent/1.14.8/byte-buddy-agent-1.14.8.jar:/home/easy/.m2/repository/org/objenesis/objenesis/3.3/objenesis-3.3.jar:/home/easy/.m2/repository/org/mockito/mockito-junit-jupiter/5.5.0/mockito-junit-jupiter-5.5.0.jar:/home/easy/.m2/repository/org/skyscreamer/jsonassert/1.5.1/jsonassert-1.5.1.jar:/home/easy/.m2/repository/com/vaadin/external/google/android-json/0.0.20131108.vaadin1/android-json-0.0.20131108.vaadin1.jar:/home/easy/.m2/repository/org/springframework/spring-core/6.1.0-M5/spring-core-6.1.0-M5.jar:/home/easy/.m2/repository/org/springframework/spring-jcl/6.1.0-M5/spring-jcl-6.1.0-M5.jar:/home/easy/.m2/repository/org/springframework/spring-test/6.1.0-M5/spring-test-6.1.0-M5.jar:/home/easy/.m2/repository/org/xmlunit/xmlunit-core/2.9.1/xmlunit-core-2.9.1.jar:"/>
    <property name="java.vm.vendor" value="Oracle Corporation"/>
    <property name="sun.arch.data.model" value="64"/>
    <property name="catalina.useNaming" value="false"/>
    <property name="java.vendor.url" value="https://java.oracle.com/"/>
    <property name="user.timezone" value="Europe/Paris"/>
    <property name="org.jboss.logging.provider" value="slf4j"/>
    <property name="os.name" value="Linux"/>
    <property name="java.vm.specification.version" value="21"/>
    <property name="sun.java.launcher" value="SUN_STANDARD"/>
    <property name="user.country" value="FR"/>
    <property name="sun.boot.library.path" value="/usr/lib/jvm/jdk-21.0.1/lib"/>
    <property name="sun.java.command" value="/home/easy/git/fac-testcontainers-dan-vega/posts/target/surefire/surefirebooter-20240205134056920_3.jar /home/easy/git/fac-testcontainers-dan-vega/posts/target/surefire 2024-02-05T13-40-56_849-jvmRun1 surefire-20240205134056920_1tmp surefire_0-20240205134056920_2tmp"/>
    <property name="jdk.debug" value="release"/>
    <property name="surefire.test.class.path" value="/home/easy/git/fac-testcontainers-dan-vega/posts/target/test-classes:/home/easy/git/fac-testcontainers-dan-vega/posts/target/classes:/home/easy/.m2/repository/org/springframework/boot/spring-boot-starter-actuator/3.2.0-M3/spring-boot-starter-actuator-3.2.0-M3.jar:/home/easy/.m2/repository/org/springframework/boot/spring-boot-starter/3.2.0-M3/spring-boot-starter-3.2.0-M3.jar:/home/easy/.m2/repository/org/springframework/boot/spring-boot-starter-logging/3.2.0-M3/spring-boot-starter-logging-3.2.0-M3.jar:/home/easy/.m2/repository/ch/qos/logback/logback-classic/1.4.11/logback-classic-1.4.11.jar:/home/easy/.m2/repository/ch/qos/logback/logback-core/1.4.11/logback-core-1.4.11.jar:/home/easy/.m2/repository/org/apache/logging/log4j/log4j-to-slf4j/2.20.0/log4j-to-slf4j-2.20.0.jar:/home/easy/.m2/repository/org/apache/logging/log4j/log4j-api/2.20.0/log4j-api-2.20.0.jar:/home/easy/.m2/repository/org/slf4j/jul-to-slf4j/2.0.9/jul-to-slf4j-2.0.9.jar:/home/easy/.m2/repository/jakarta/annotation/jakarta.annotation-api/2.1.1/jakarta.annotation-api-2.1.1.jar:/home/easy/.m2/repository/org/yaml/snakeyaml/2.2/snakeyaml-2.2.jar:/home/easy/.m2/repository/org/springframework/boot/spring-boot-actuator-autoconfigure/3.2.0-M3/spring-boot-actuator-autoconfigure-3.2.0-M3.jar:/home/easy/.m2/repository/org/springframework/boot/spring-boot-actuator/3.2.0-M3/spring-boot-actuator-3.2.0-M3.jar:/home/easy/.m2/repository/com/fasterxml/jackson/datatype/jackson-datatype-jsr310/2.15.2/jackson-datatype-jsr310-2.15.2.jar:/home/easy/.m2/repository/io/micrometer/micrometer-observation/1.12.0-M3/micrometer-observation-1.12.0-M3.jar:/home/easy/.m2/repository/io/micrometer/micrometer-commons/1.12.0-M3/micrometer-commons-1.12.0-M3.jar:/home/easy/.m2/repository/io/micrometer/micrometer-core/1.12.0-M3/micrometer-core-1.12.0-M3.jar:/home/easy/.m2/repository/org/hdrhistogram/HdrHistogram/2.1.12/HdrHistogram-2.1.12.jar:/home/easy/.m2/repository/org/latencyutils/LatencyUtils/2.0.3/LatencyUtils-2.0.3.jar:/home/easy/.m2/repository/org/springframework/boot/spring-boot-starter-web/3.2.0-M3/spring-boot-starter-web-3.2.0-M3.jar:/home/easy/.m2/repository/org/springframework/boot/spring-boot-starter-json/3.2.0-M3/spring-boot-starter-json-3.2.0-M3.jar:/home/easy/.m2/repository/com/fasterxml/jackson/datatype/jackson-datatype-jdk8/2.15.2/jackson-datatype-jdk8-2.15.2.jar:/home/easy/.m2/repository/org/springframework/boot/spring-boot-starter-tomcat/3.2.0-M3/spring-boot-starter-tomcat-3.2.0-M3.jar:/home/easy/.m2/repository/org/apache/tomcat/embed/tomcat-embed-core/10.1.13/tomcat-embed-core-10.1.13.jar:/home/easy/.m2/repository/org/apache/tomcat/embed/tomcat-embed-websocket/10.1.13/tomcat-embed-websocket-10.1.13.jar:/home/easy/.m2/repository/org/springframework/spring-web/6.1.0-M5/spring-web-6.1.0-M5.jar:/home/easy/.m2/repository/org/springframework/spring-beans/6.1.0-M5/spring-beans-6.1.0-M5.jar:/home/easy/.m2/repository/org/springframework/spring-webmvc/6.1.0-M5/spring-webmvc-6.1.0-M5.jar:/home/easy/.m2/repository/org/springframework/spring-aop/6.1.0-M5/spring-aop-6.1.0-M5.jar:/home/easy/.m2/repository/org/springframework/spring-context/6.1.0-M5/spring-context-6.1.0-M5.jar:/home/easy/.m2/repository/org/springframework/spring-expression/6.1.0-M5/spring-expression-6.1.0-M5.jar:/home/easy/.m2/repository/org/springframework/boot/spring-boot-starter-validation/3.2.0-M3/spring-boot-starter-validation-3.2.0-M3.jar:/home/easy/.m2/repository/org/apache/tomcat/embed/tomcat-embed-el/10.1.13/tomcat-embed-el-10.1.13.jar:/home/easy/.m2/repository/org/hibernate/validator/hibernate-validator/8.0.1.Final/hibernate-validator-8.0.1.Final.jar:/home/easy/.m2/repository/jakarta/validation/jakarta.validation-api/3.0.2/jakarta.validation-api-3.0.2.jar:/home/easy/.m2/repository/org/jboss/logging/jboss-logging/3.5.3.Final/jboss-logging-3.5.3.Final.jar:/home/easy/.m2/repository/com/fasterxml/classmate/1.5.1/classmate-1.5.1.jar:/home/easy/.m2/repository/org/springframework/boot/spring-boot-starter-data-jdbc/3.2.0-M3/spring-boot-starter-data-jdbc-3.2.0-M3.jar:/home/easy/.m2/repository/org/springframework/boot/spring-boot-starter-jdbc/3.2.0-M3/spring-boot-starter-jdbc-3.2.0-M3.jar:/home/easy/.m2/repository/com/zaxxer/HikariCP/5.0.1/HikariCP-5.0.1.jar:/home/easy/.m2/repository/org/springframework/spring-jdbc/6.1.0-M5/spring-jdbc-6.1.0-M5.jar:/home/easy/.m2/repository/org/springframework/data/spring-data-jdbc/3.2.0-M3/spring-data-jdbc-3.2.0-M3.jar:/home/easy/.m2/repository/org/springframework/data/spring-data-relational/3.2.0-M3/spring-data-relational-3.2.0-M3.jar:/home/easy/.m2/repository/com/github/jsqlparser/jsqlparser/4.6/jsqlparser-4.6.jar:/home/easy/.m2/repository/org/springframework/data/spring-data-commons/3.2.0-M3/spring-data-commons-3.2.0-M3.jar:/home/easy/.m2/repository/org/springframework/spring-tx/6.1.0-M5/spring-tx-6.1.0-M5.jar:/home/easy/.m2/repository/org/slf4j/slf4j-api/2.0.9/slf4j-api-2.0.9.jar:/home/easy/.m2/repository/org/springdoc/springdoc-openapi-starter-webmvc-ui/2.2.0/springdoc-openapi-starter-webmvc-ui-2.2.0.jar:/home/easy/.m2/repository/org/springdoc/springdoc-openapi-starter-webmvc-api/2.2.0/springdoc-openapi-starter-webmvc-api-2.2.0.jar:/home/easy/.m2/repository/org/springdoc/springdoc-openapi-starter-common/2.2.0/springdoc-openapi-starter-common-2.2.0.jar:/home/easy/.m2/repository/io/swagger/core/v3/swagger-core-jakarta/2.2.15/swagger-core-jakarta-2.2.15.jar:/home/easy/.m2/repository/org/apache/commons/commons-lang3/3.13.0/commons-lang3-3.13.0.jar:/home/easy/.m2/repository/io/swagger/core/v3/swagger-annotations-jakarta/2.2.15/swagger-annotations-jakarta-2.2.15.jar:/home/easy/.m2/repository/io/swagger/core/v3/swagger-models-jakarta/2.2.15/swagger-models-jakarta-2.2.15.jar:/home/easy/.m2/repository/com/fasterxml/jackson/dataformat/jackson-dataformat-yaml/2.15.2/jackson-dataformat-yaml-2.15.2.jar:/home/easy/.m2/repository/org/webjars/swagger-ui/5.2.0/swagger-ui-5.2.0.jar:/home/easy/.m2/repository/org/springframework/boot/spring-boot-devtools/3.2.0-M3/spring-boot-devtools-3.2.0-M3.jar:/home/easy/.m2/repository/org/springframework/boot/spring-boot/3.2.0-M3/spring-boot-3.2.0-M3.jar:/home/easy/.m2/repository/org/springframework/boot/spring-boot-autoconfigure/3.2.0-M3/spring-boot-autoconfigure-3.2.0-M3.jar:/home/easy/.m2/repository/org/springframework/boot/spring-boot-docker-compose/3.2.0-M3/spring-boot-docker-compose-3.2.0-M3.jar:/home/easy/.m2/repository/com/fasterxml/jackson/core/jackson-databind/2.15.2/jackson-databind-2.15.2.jar:/home/easy/.m2/repository/com/fasterxml/jackson/core/jackson-annotations/2.15.2/jackson-annotations-2.15.2.jar:/home/easy/.m2/repository/com/fasterxml/jackson/core/jackson-core/2.15.2/jackson-core-2.15.2.jar:/home/easy/.m2/repository/com/fasterxml/jackson/module/jackson-module-parameter-names/2.15.2/jackson-module-parameter-names-2.15.2.jar:/home/easy/.m2/repository/org/postgresql/postgresql/42.6.0/postgresql-42.6.0.jar:/home/easy/.m2/repository/org/checkerframework/checker-qual/3.31.0/checker-qual-3.31.0.jar:/home/easy/.m2/repository/org/springframework/boot/spring-boot-testcontainers/3.2.0-M3/spring-boot-testcontainers-3.2.0-M3.jar:/home/easy/.m2/repository/org/testcontainers/testcontainers/1.19.0/testcontainers-1.19.0.jar:/home/easy/.m2/repository/junit/junit/4.13.2/junit-4.13.2.jar:/home/easy/.m2/repository/org/hamcrest/hamcrest-core/2.2/hamcrest-core-2.2.jar:/home/easy/.m2/repository/org/apache/commons/commons-compress/1.23.0/commons-compress-1.23.0.jar:/home/easy/.m2/repository/org/rnorth/duct-tape/duct-tape/1.0.8/duct-tape-1.0.8.jar:/home/easy/.m2/repository/org/jetbrains/annotations/17.0.0/annotations-17.0.0.jar:/home/easy/.m2/repository/com/github/docker-java/docker-java-api/3.3.3/docker-java-api-3.3.3.jar:/home/easy/.m2/repository/com/github/docker-java/docker-java-transport-zerodep/3.3.3/docker-java-transport-zerodep-3.3.3.jar:/home/easy/.m2/repository/com/github/docker-java/docker-java-transport/3.3.3/docker-java-transport-3.3.3.jar:/home/easy/.m2/repository/net/java/dev/jna/jna/5.12.1/jna-5.12.1.jar:/home/easy/.m2/repository/org/testcontainers/junit-jupiter/1.19.0/junit-jupiter-1.19.0.jar:/home/easy/.m2/repository/org/testcontainers/postgresql/1.19.0/postgresql-1.19.0.jar:/home/easy/.m2/repository/org/testcontainers/jdbc/1.19.0/jdbc-1.19.0.jar:/home/easy/.m2/repository/org/testcontainers/database-commons/1.19.0/database-commons-1.19.0.jar:/home/easy/.m2/repository/org/springframework/boot/spring-boot-starter-test/3.2.0-M3/spring-boot-starter-test-3.2.0-M3.jar:/home/easy/.m2/repository/org/springframework/boot/spring-boot-test/3.2.0-M3/spring-boot-test-3.2.0-M3.jar:/home/easy/.m2/repository/org/springframework/boot/spring-boot-test-autoconfigure/3.2.0-M3/spring-boot-test-autoconfigure-3.2.0-M3.jar:/home/easy/.m2/repository/com/jayway/jsonpath/json-path/2.8.0/json-path-2.8.0.jar:/home/easy/.m2/repository/jakarta/xml/bind/jakarta.xml.bind-api/4.0.1/jakarta.xml.bind-api-4.0.1.jar:/home/easy/.m2/repository/jakarta/activation/jakarta.activation-api/2.1.2/jakarta.activation-api-2.1.2.jar:/home/easy/.m2/repository/net/minidev/json-smart/2.5.0/json-smart-2.5.0.jar:/home/easy/.m2/repository/net/minidev/accessors-smart/2.5.0/accessors-smart-2.5.0.jar:/home/easy/.m2/repository/org/ow2/asm/asm/9.3/asm-9.3.jar:/home/easy/.m2/repository/org/assertj/assertj-core/3.24.2/assertj-core-3.24.2.jar:/home/easy/.m2/repository/net/bytebuddy/byte-buddy/1.14.8/byte-buddy-1.14.8.jar:/home/easy/.m2/repository/org/hamcrest/hamcrest/2.2/hamcrest-2.2.jar:/home/easy/.m2/repository/org/junit/jupiter/junit-jupiter/5.10.0/junit-jupiter-5.10.0.jar:/home/easy/.m2/repository/org/junit/jupiter/junit-jupiter-api/5.10.0/junit-jupiter-api-5.10.0.jar:/home/easy/.m2/repository/org/opentest4j/opentest4j/1.3.0/opentest4j-1.3.0.jar:/home/easy/.m2/repository/org/junit/platform/junit-platform-commons/1.10.0/junit-platform-commons-1.10.0.jar:/home/easy/.m2/repository/org/apiguardian/apiguardian-api/1.1.2/apiguardian-api-1.1.2.jar:/home/easy/.m2/repository/org/junit/jupiter/junit-jupiter-params/5.10.0/junit-jupiter-params-5.10.0.jar:/home/easy/.m2/repository/org/junit/jupiter/junit-jupiter-engine/5.10.0/junit-jupiter-engine-5.10.0.jar:/home/easy/.m2/repository/org/junit/platform/junit-platform-engine/1.10.0/junit-platform-engine-1.10.0.jar:/home/easy/.m2/repository/org/mockito/mockito-core/5.5.0/mockito-core-5.5.0.jar:/home/easy/.m2/repository/net/bytebuddy/byte-buddy-agent/1.14.8/byte-buddy-agent-1.14.8.jar:/home/easy/.m2/repository/org/objenesis/objenesis/3.3/objenesis-3.3.jar:/home/easy/.m2/repository/org/mockito/mockito-junit-jupiter/5.5.0/mockito-junit-jupiter-5.5.0.jar:/home/easy/.m2/repository/org/skyscreamer/jsonassert/1.5.1/jsonassert-1.5.1.jar:/home/easy/.m2/repository/com/vaadin/external/google/android-json/0.0.20131108.vaadin1/android-json-0.0.20131108.vaadin1.jar:/home/easy/.m2/repository/org/springframework/spring-core/6.1.0-M5/spring-core-6.1.0-M5.jar:/home/easy/.m2/repository/org/springframework/spring-jcl/6.1.0-M5/spring-jcl-6.1.0-M5.jar:/home/easy/.m2/repository/org/springframework/spring-test/6.1.0-M5/spring-test-6.1.0-M5.jar:/home/easy/.m2/repository/org/xmlunit/xmlunit-core/2.9.1/xmlunit-core-2.9.1.jar:"/>
    <property name="test" value="PostControllerIntTest"/>
    <property name="sun.cpu.endian" value="little"/>
    <property name="user.home" value="/home/easy"/>
    <property name="user.language" value="fr"/>
    <property name="java.specification.vendor" value="Oracle Corporation"/>
    <property name="java.version.date" value="2023-10-17"/>
    <property name="java.home" value="/usr/lib/jvm/jdk-21.0.1"/>
    <property name="file.separator" value="/"/>
    <property name="basedir" value="/home/easy/git/fac-testcontainers-dan-vega/posts"/>
    <property name="java.vm.compressedOopsMode" value="Zero based"/>
    <property name="line.separator" value="&#10;"/>
    <property name="java.vm.specification.vendor" value="Oracle Corporation"/>
    <property name="java.specification.name" value="Java Platform API Specification"/>
    <property name="FILE_LOG_CHARSET" value="UTF-8"/>
    <property name="java.awt.headless" value="true"/>
    <property name="surefire.real.class.path" value="/home/easy/git/fac-testcontainers-dan-vega/posts/target/surefire/surefirebooter-20240205134056920_3.jar"/>
    <property name="sun.management.compiler" value="HotSpot 64-Bit Tiered Compilers"/>
    <property name="java.runtime.version" value="21.0.1+12-29"/>
    <property name="user.name" value="easy"/>
    <property name="stdout.encoding" value="UTF-8"/>
    <property name="path.separator" value=":"/>
    <property name="os.version" value="5.15.0-92-generic"/>
    <property name="java.runtime.name" value="OpenJDK Runtime Environment"/>
    <property name="file.encoding" value="UTF-8"/>
    <property name="java.vm.name" value="OpenJDK 64-Bit Server VM"/>
    <property name="localRepository" value="/home/easy/.m2/repository"/>
    <property name="java.vendor.url.bug" value="https://bugreport.java.com/bugreport/"/>
    <property name="java.io.tmpdir" value="/tmp"/>
    <property name="catalina.home" value="/tmp/tomcat.0.5191533518069678875"/>
    <property name="com.zaxxer.hikari.pool_number" value="1"/>
    <property name="java.version" value="21.0.1"/>
    <property name="user.dir" value="/home/easy/git/fac-testcontainers-dan-vega/posts"/>
    <property name="os.arch" value="amd64"/>
    <property name="java.vm.specification.name" value="Java Virtual Machine Specification"/>
    <property name="PID" value="63341"/>
    <property name="CONSOLE_LOG_CHARSET" value="UTF-8"/>
    <property name="catalina.base" value="/tmp/tomcat.0.5191533518069678875"/>
    <property name="native.encoding" value="UTF-8"/>
    <property name="java.library.path" value="/usr/java/packages/lib:/usr/lib64:/lib64:/lib:/usr/lib"/>
    <property name="java.vm.info" value="mixed mode, sharing"/>
    <property name="stderr.encoding" value="UTF-8"/>
    <property name="java.vendor" value="Oracle Corporation"/>
    <property name="java.vm.version" value="21.0.1+12-29"/>
    <property name="sun.io.unicode.encoding" value="UnicodeLittle"/>
    <property name="java.class.version" value="65.0"/>
  </properties>
  <testcase name="shouldNotCreateNewPostWhenValidationFails" classname="dev.danvega.danson.post.PostControllerIntTest" time="1.015">
    <system-out><![CDATA[13:40:57.619 [main] DEBUG org.testcontainers.utility.TestcontainersConfiguration - Testcontainers configuration overrides will be loaded from file:/home/easy/.testcontainers.properties
13:40:57.626 [main] INFO  org.testcontainers.utility.ImageNameSubstitutor - Image name substitution will be performed by: DefaultImageNameSubstitutor (composite of 'ConfigurationFileImageNameSubstitutor' and 'PrefixingImageNameSubstitutor')
13:40:57.846 [main] INFO  org.testcontainers.dockerclient.DockerClientProviderStrategy - Loaded org.testcontainers.dockerclient.UnixSocketClientProviderStrategy from ~/.testcontainers.properties, will try it first
13:40:57.847 [main] DEBUG org.testcontainers.dockerclient.DockerClientProviderStrategy - Trying out strategy: UnixSocketClientProviderStrategy
13:40:57.960 [main] DEBUG org.testcontainers.shaded.com.github.dockerjava.core.command.AbstrDockerCmd - Cmd: 
13:40:57.990 [main] DEBUG com.github.dockerjava.zerodep.shaded.org.apache.hc.client5.http.impl.classic.InternalHttpClient - ex-00000001: preparing request execution
13:40:57.993 [main] DEBUG com.github.dockerjava.zerodep.shaded.org.apache.hc.client5.http.protocol.RequestAddCookies - Cookie spec selected: strict
13:40:57.996 [main] DEBUG com.github.dockerjava.zerodep.shaded.org.apache.hc.client5.http.protocol.RequestAuthCache - Auth cache not set in the context
13:40:57.996 [main] DEBUG com.github.dockerjava.zerodep.shaded.org.apache.hc.client5.http.impl.classic.ProtocolExec - ex-00000001: target auth state: UNCHALLENGED
13:40:57.997 [main] DEBUG com.github.dockerjava.zerodep.shaded.org.apache.hc.client5.http.impl.classic.ProtocolExec - ex-00000001: proxy auth state: UNCHALLENGED
13:40:57.997 [main] DEBUG com.github.dockerjava.zerodep.shaded.org.apache.hc.client5.http.impl.classic.ConnectExec - ex-00000001: acquiring connection with route {}->unix://localhost:2375
13:40:57.997 [main] DEBUG com.github.dockerjava.zerodep.shaded.org.apache.hc.client5.http.impl.classic.InternalHttpClient - ex-00000001: acquiring endpoint (3 MINUTES)
13:40:58.001 [main] DEBUG com.github.dockerjava.zerodep.shaded.org.apache.hc.client5.http.impl.io.PoolingHttpClientConnectionManager - ex-00000001: endpoint lease request (3 MINUTES) [route: {}->unix://localhost:2375][total available: 0; route allocated: 0 of 2147483647; total allocated: 0 of 2147483647]
13:40:58.010 [main] DEBUG com.github.dockerjava.zerodep.shaded.org.apache.hc.client5.http.impl.io.PoolingHttpClientConnectionManager - ex-00000001: endpoint leased [route: {}->unix://localhost:2375][total available: 0; route allocated: 1 of 2147483647; total allocated: 1 of 2147483647]
13:40:58.016 [main] DEBUG com.github.dockerjava.zerodep.shaded.org.apache.hc.client5.http.impl.io.PoolingHttpClientConnectionManager - ex-00000001: acquired ep-00000000
13:40:58.016 [main] DEBUG com.github.dockerjava.zerodep.shaded.org.apache.hc.client5.http.impl.classic.InternalHttpClient - ex-00000001: acquired endpoint ep-00000000
13:40:58.016 [main] DEBUG com.github.dockerjava.zerodep.shaded.org.apache.hc.client5.http.impl.classic.ConnectExec - ex-00000001: opening connection {}->unix://localhost:2375
13:40:58.016 [main] DEBUG com.github.dockerjava.zerodep.shaded.org.apache.hc.client5.http.impl.classic.InternalHttpClient - ep-00000000: connecting endpoint (3 MINUTES)
13:40:58.016 [main] DEBUG com.github.dockerjava.zerodep.shaded.org.apache.hc.client5.http.impl.io.PoolingHttpClientConnectionManager - ep-00000000: connecting endpoint to unix://localhost:2375 (3 MINUTES)
13:40:58.019 [main] DEBUG com.github.dockerjava.zerodep.shaded.org.apache.hc.client5.http.impl.io.DefaultHttpClientConnectionOperator - http-outgoing-0: connecting to localhost/127.0.0.1:2375
13:40:58.020 [main] DEBUG com.github.dockerjava.zerodep.shaded.org.apache.hc.client5.http.impl.io.DefaultHttpClientConnectionOperator - http-outgoing-0: connection established /var/run/docker.sock<->/var/run/docker.sock
13:40:58.020 [main] DEBUG com.github.dockerjava.zerodep.shaded.org.apache.hc.client5.http.impl.io.PoolingHttpClientConnectionManager - ep-00000000: connected http-outgoing-0
13:40:58.021 [main] DEBUG com.github.dockerjava.zerodep.shaded.org.apache.hc.client5.http.impl.classic.InternalHttpClient - ep-00000000: endpoint connected
13:40:58.021 [main] DEBUG com.github.dockerjava.zerodep.shaded.org.apache.hc.client5.http.impl.classic.MainClientExec - ex-00000001: executing GET /v1.32/info HTTP/1.1
13:40:58.021 [main] DEBUG com.github.dockerjava.zerodep.shaded.org.apache.hc.client5.http.impl.classic.InternalHttpClient - ep-00000000: start execution ex-00000001
13:40:58.021 [main] DEBUG com.github.dockerjava.zerodep.shaded.org.apache.hc.client5.http.impl.io.PoolingHttpClientConnectionManager - ep-00000000: executing exchange ex-00000001 over http-outgoing-0
13:40:58.022 [main] DEBUG com.github.dockerjava.zerodep.shaded.org.apache.hc.client5.http.headers - http-outgoing-0 >> GET /v1.32/info HTTP/1.1
13:40:58.022 [main] DEBUG com.github.dockerjava.zerodep.shaded.org.apache.hc.client5.http.headers - http-outgoing-0 >> x-tc-sid: 21040e04-f7e5-450c-aa6e-a021d60635fb
13:40:58.022 [main] DEBUG com.github.dockerjava.zerodep.shaded.org.apache.hc.client5.http.headers - http-outgoing-0 >> User-Agent: tc-java/1.19.0
13:40:58.022 [main] DEBUG com.github.dockerjava.zerodep.shaded.org.apache.hc.client5.http.headers - http-outgoing-0 >> Accept-Encoding: gzip, x-gzip, deflate
13:40:58.022 [main] DEBUG com.github.dockerjava.zerodep.shaded.org.apache.hc.client5.http.headers - http-outgoing-0 >> Host: localhost:2375
13:40:58.022 [main] DEBUG com.github.dockerjava.zerodep.shaded.org.apache.hc.client5.http.headers - http-outgoing-0 >> Connection: keep-alive
13:40:58.031 [main] DEBUG com.github.dockerjava.zerodep.shaded.org.apache.hc.client5.http.headers - http-outgoing-0 << HTTP/1.1 200 OK
13:40:58.031 [main] DEBUG com.github.dockerjava.zerodep.shaded.org.apache.hc.client5.http.headers - http-outgoing-0 << Api-Version: 1.41
13:40:58.031 [main] DEBUG com.github.dockerjava.zerodep.shaded.org.apache.hc.client5.http.headers - http-outgoing-0 << Content-Type: application/json
13:40:58.032 [main] DEBUG com.github.dockerjava.zerodep.shaded.org.apache.hc.client5.http.headers - http-outgoing-0 << Docker-Experimental: false
13:40:58.032 [main] DEBUG com.github.dockerjava.zerodep.shaded.org.apache.hc.client5.http.headers - http-outgoing-0 << Ostype: linux
13:40:58.032 [main] DEBUG com.github.dockerjava.zerodep.shaded.org.apache.hc.client5.http.headers - http-outgoing-0 << Server: Docker/20.10.21 (linux)
13:40:58.032 [main] DEBUG com.github.dockerjava.zerodep.shaded.org.apache.hc.client5.http.headers - http-outgoing-0 << Date: Mon, 05 Feb 2024 12:40:58 GMT
13:40:58.032 [main] DEBUG com.github.dockerjava.zerodep.shaded.org.apache.hc.client5.http.headers - http-outgoing-0 << Transfer-Encoding: chunked
13:40:58.034 [main] DEBUG com.github.dockerjava.zerodep.shaded.org.apache.hc.client5.http.impl.classic.MainClientExec - ex-00000001: connection can be kept alive for 3 MINUTES
13:40:58.107 [main] DEBUG com.github.dockerjava.zerodep.shaded.org.apache.hc.client5.http.impl.classic.InternalHttpClient - ep-00000000: releasing valid endpoint
13:40:58.108 [main] DEBUG com.github.dockerjava.zerodep.shaded.org.apache.hc.client5.http.impl.io.PoolingHttpClientConnectionManager - ep-00000000: releasing endpoint
13:40:58.108 [main] DEBUG com.github.dockerjava.zerodep.shaded.org.apache.hc.client5.http.impl.io.PoolingHttpClientConnectionManager - ep-00000000: connection http-outgoing-0 can be kept alive for 3 MINUTES
13:40:58.108 [main] DEBUG com.github.dockerjava.zerodep.shaded.org.apache.hc.client5.http.impl.io.PoolingHttpClientConnectionManager - ep-00000000: connection released [route: {}->unix://localhost:2375][total available: 1; route allocated: 1 of 2147483647; total allocated: 1 of 2147483647]
13:40:58.109 [main] INFO  org.testcontainers.dockerclient.DockerClientProviderStrategy - Found Docker environment with local Unix socket (unix:///var/run/docker.sock)
13:40:58.109 [main] DEBUG org.testcontainers.dockerclient.DockerClientProviderStrategy - Transport type: 'httpclient5', Docker host: 'unix:///var/run/docker.sock'
13:40:58.109 [main] DEBUG org.testcontainers.dockerclient.DockerClientProviderStrategy - Checking Docker OS type for local Unix socket (unix:///var/run/docker.sock)
13:40:58.110 [main] INFO  org.testcontainers.DockerClientFactory - Docker host IP address is localhost
13:40:58.111 [main] DEBUG org.testcontainers.DockerClientFactory - Docker info: {NGoroutines=34, Name=easy-ThinkPad-P50, Swarm={NodeID=, NodeAddr=, LocalNodeState=inactive, ControlAvailable=false, Error=, RemoteManagers=null}, RuncCommit={ID=v1.1.4-0-g5fd4c4d, Expected=v1.1.4-0-g5fd4c4d}, OSVersion=20.04, Runtimes={io.containerd.runc.v2={path=runc}, io.containerd.runtime.v1.linux={path=runc}, runc={path=runc}}, ID=IWK3:HJ3I:RJ5K:EMCZ:VDCI:VEUB:L4CF:KMHA:EEAT:YDGT:Y4T4:CJHW, DriverStatus=[[Backing Filesystem, extfs], [Supports d_type, true], [Native Overlay Diff, true], [userxattr, false]], BridgeNfIptables=true, LiveRestoreEnabled=false, SystemTime=2024-02-05T13:40:58.024076147+01:00, NoProxy=, Architecture=x86_64, NEventsListener=0, HttpsProxy=, Images=21, ContainersRunning=0, Labels=[], InitCommit={ID=de40ad0, Expected=de40ad0}, NFd=24, KernelVersion=5.15.0-92-generic, LoggingDriver=json-file, OSType=linux, SecurityOptions=[name=apparmor, name=seccomp,profile=default], ContainerdCommit={ID=1c90a442489720eec95342e1789ee8a5e1b9536f, Expected=1c90a442489720eec95342e1789ee8a5e1b9536f}, GenericResources=null, KernelMemory=true, OperatingSystem=Ubuntu 20.04.3 LTS, RegistryConfig={AllowNondistributableArtifactsCIDRs=[], AllowNondistributableArtifactsHostnames=[], InsecureRegistryCIDRs=[127.0.0.0/8], IndexConfigs={docker.io={Name=docker.io, Mirrors=[], Secure=true, Official=true}}, Mirrors=[]}, ServerVersion=20.10.21, OomKillDisable=true, CpuCfsQuota=true, Containers=15, Driver=overlay2, KernelMemoryTCP=true, IPv4Forwarding=true, ExperimentalBuild=false, DockerRootDir=/var/lib/docker, CPUSet=true, CpuCfsPeriod=true, DefaultRuntime=runc, CPUShares=true, Debug=false, NCPU=8, Plugins={Volume=[local], Network=[bridge, host, ipvlan, macvlan, null, overlay], Authorization=null, Log=[awslogs, fluentd, gcplogs, gelf, journald, json-file, local, logentries, splunk, syslog]}, SwapLimit=true, CgroupDriver=cgroupfs, ContainersPaused=0, MemTotal=33479942144, IndexServerAddress=https://index.docker.io/v1/, MemoryLimit=true, HttpProxy=, InitBinary=docker-init, CgroupVersion=1, PidsLimit=true, Isolation=, BridgeNfIp6tables=true, Warnings=null, ContainersStopped=15}
13:40:58.112 [main] DEBUG org.testcontainers.shaded.com.github.dockerjava.core.command.AbstrDockerCmd - Cmd: 
13:40:58.112 [main] DEBUG com.github.dockerjava.zerodep.shaded.org.apache.hc.client5.http.impl.classic.InternalHttpClient - ex-00000002: preparing request execution
13:40:58.113 [main] DEBUG com.github.dockerjava.zerodep.shaded.org.apache.hc.client5.http.protocol.RequestAddCookies - Cookie spec selected: strict
13:40:58.113 [main] DEBUG com.github.dockerjava.zerodep.shaded.org.apache.hc.client5.http.protocol.RequestAuthCache - Auth cache not set in the context
13:40:58.113 [main] DEBUG com.github.dockerjava.zerodep.shaded.org.apache.hc.client5.http.impl.classic.ProtocolExec - ex-00000002: target auth state: UNCHALLENGED
13:40:58.113 [main] DEBUG com.github.dockerjava.zerodep.shaded.org.apache.hc.client5.http.impl.classic.ProtocolExec - ex-00000002: proxy auth state: UNCHALLENGED
13:40:58.113 [main] DEBUG com.github.dockerjava.zerodep.shaded.org.apache.hc.client5.http.impl.classic.ConnectExec - ex-00000002: acquiring connection with route {}->unix://localhost:2375
13:40:58.113 [main] DEBUG com.github.dockerjava.zerodep.shaded.org.apache.hc.client5.http.impl.classic.InternalHttpClient - ex-00000002: acquiring endpoint (3 MINUTES)
13:40:58.113 [main] DEBUG com.github.dockerjava.zerodep.shaded.org.apache.hc.client5.http.impl.io.PoolingHttpClientConnectionManager - ex-00000002: endpoint lease request (3 MINUTES) [route: {}->unix://localhost:2375][total available: 1; route allocated: 1 of 2147483647; total allocated: 1 of 2147483647]
13:40:58.114 [main] DEBUG com.github.dockerjava.zerodep.shaded.org.apache.hc.client5.http.impl.io.PoolingHttpClientConnectionManager - ex-00000002: endpoint leased [route: {}->unix://localhost:2375][total available: 0; route allocated: 1 of 2147483647; total allocated: 1 of 2147483647]
13:40:58.114 [main] DEBUG com.github.dockerjava.zerodep.shaded.org.apache.hc.client5.http.impl.io.PoolingHttpClientConnectionManager - ex-00000002: acquired ep-00000001
13:40:58.114 [main] DEBUG com.github.dockerjava.zerodep.shaded.org.apache.hc.client5.http.impl.classic.InternalHttpClient - ex-00000002: acquired endpoint ep-00000001
13:40:58.114 [main] DEBUG com.github.dockerjava.zerodep.shaded.org.apache.hc.client5.http.impl.classic.MainClientExec - ex-00000002: executing GET /v1.32/version HTTP/1.1
13:40:58.114 [main] DEBUG com.github.dockerjava.zerodep.shaded.org.apache.hc.client5.http.impl.classic.InternalHttpClient - ep-00000001: start execution ex-00000002
13:40:58.114 [main] DEBUG com.github.dockerjava.zerodep.shaded.org.apache.hc.client5.http.impl.io.PoolingHttpClientConnectionManager - ep-00000001: executing exchange ex-00000002 over http-outgoing-0
13:40:58.114 [main] DEBUG com.github.dockerjava.zerodep.shaded.org.apache.hc.client5.http.headers - http-outgoing-0 >> GET /v1.32/version HTTP/1.1
13:40:58.114 [main] DEBUG com.github.dockerjava.zerodep.shaded.org.apache.hc.client5.http.headers - http-outgoing-0 >> accept: application/json
13:40:58.114 [main] DEBUG com.github.dockerjava.zerodep.shaded.org.apache.hc.client5.http.headers - http-outgoing-0 >> x-tc-sid: 21040e04-f7e5-450c-aa6e-a021d60635fb
13:40:58.114 [main] DEBUG com.github.dockerjava.zerodep.shaded.org.apache.hc.client5.http.headers - http-outgoing-0 >> User-Agent: tc-java/1.19.0
13:40:58.114 [main] DEBUG com.github.dockerjava.zerodep.shaded.org.apache.hc.client5.http.headers - http-outgoing-0 >> Accept-Encoding: gzip, x-gzip, deflate
13:40:58.114 [main] DEBUG com.github.dockerjava.zerodep.shaded.org.apache.hc.client5.http.headers - http-outgoing-0 >> Host: localhost:2375
13:40:58.115 [main] DEBUG com.github.dockerjava.zerodep.shaded.org.apache.hc.client5.http.headers - http-outgoing-0 >> Connection: keep-alive
13:40:58.121 [main] DEBUG com.github.dockerjava.zerodep.shaded.org.apache.hc.client5.http.headers - http-outgoing-0 << HTTP/1.1 200 OK
13:40:58.121 [main] DEBUG com.github.dockerjava.zerodep.shaded.org.apache.hc.client5.http.headers - http-outgoing-0 << Api-Version: 1.41
13:40:58.121 [main] DEBUG com.github.dockerjava.zerodep.shaded.org.apache.hc.client5.http.headers - http-outgoing-0 << Content-Type: application/json
13:40:58.121 [main] DEBUG com.github.dockerjava.zerodep.shaded.org.apache.hc.client5.http.headers - http-outgoing-0 << Docker-Experimental: false
13:40:58.121 [main] DEBUG com.github.dockerjava.zerodep.shaded.org.apache.hc.client5.http.headers - http-outgoing-0 << Ostype: linux
13:40:58.121 [main] DEBUG com.github.dockerjava.zerodep.shaded.org.apache.hc.client5.http.headers - http-outgoing-0 << Server: Docker/20.10.21 (linux)
13:40:58.122 [main] DEBUG com.github.dockerjava.zerodep.shaded.org.apache.hc.client5.http.headers - http-outgoing-0 << Date: Mon, 05 Feb 2024 12:40:58 GMT
13:40:58.122 [main] DEBUG com.github.dockerjava.zerodep.shaded.org.apache.hc.client5.http.headers - http-outgoing-0 << Content-Length: 825
13:40:58.122 [main] DEBUG com.github.dockerjava.zerodep.shaded.org.apache.hc.client5.http.impl.classic.MainClientExec - ex-00000002: connection can be kept alive for 3 MINUTES
13:40:58.129 [main] DEBUG com.github.dockerjava.zerodep.shaded.org.apache.hc.client5.http.impl.classic.InternalHttpClient - ep-00000001: releasing valid endpoint
13:40:58.129 [main] DEBUG com.github.dockerjava.zerodep.shaded.org.apache.hc.client5.http.impl.io.PoolingHttpClientConnectionManager - ep-00000001: releasing endpoint
13:40:58.130 [main] DEBUG com.github.dockerjava.zerodep.shaded.org.apache.hc.client5.http.impl.io.PoolingHttpClientConnectionManager - ep-00000001: connection http-outgoing-0 can be kept alive for 3 MINUTES
13:40:58.130 [main] DEBUG com.github.dockerjava.zerodep.shaded.org.apache.hc.client5.http.impl.io.PoolingHttpClientConnectionManager - ep-00000001: connection released [route: {}->unix://localhost:2375][total available: 1; route allocated: 1 of 2147483647; total allocated: 1 of 2147483647]
13:40:58.130 [main] DEBUG org.testcontainers.DockerClientFactory - Docker version: {Components=[{Name=Engine, Version=20.10.21, Details={ApiVersion=1.41, Arch=amd64, BuildTime=2022-10-25T18:00:04.000000000+00:00, Experimental=false, GitCommit=3056208, GoVersion=go1.18.7, KernelVersion=5.15.0-92-generic, MinAPIVersion=1.12, Os=linux}}, {Name=containerd, Version=1.6.9, Details={GitCommit=1c90a442489720eec95342e1789ee8a5e1b9536f}}, {Name=runc, Version=1.1.4, Details={GitCommit=v1.1.4-0-g5fd4c4d}}, {Name=docker-init, Version=0.19.0, Details={GitCommit=de40ad0}}], KernelVersion=5.15.0-92-generic, ApiVersion=1.41, Platform={Name=Docker Engine - Community}, GitCommit=3056208, Os=linux, Version=20.10.21, MinAPIVersion=1.12, Arch=amd64, GoVersion=go1.18.7, BuildTime=2022-10-25T18:00:04.000000000+00:00}
13:40:58.130 [main] INFO  org.testcontainers.DockerClientFactory - Connected to docker: 
  Server Version: 20.10.21
  API Version: 1.41
  Operating System: Ubuntu 20.04.3 LTS
  Total Memory: 31928 MB
13:40:58.139 [main] DEBUG org.testcontainers.utility.RyukResourceReaper - Ryuk is enabled
13:40:58.142 [main] DEBUG org.testcontainers.utility.PrefixingImageNameSubstitutor - No prefix is configured
13:40:58.142 [main] DEBUG org.testcontainers.utility.ImageNameSubstitutor - Did not find a substitute image for testcontainers/ryuk:0.5.1 (using image substitutor: DefaultImageNameSubstitutor (composite of 'ConfigurationFileImageNameSubstitutor' and 'PrefixingImageNameSubstitutor'))
13:40:58.144 [main] DEBUG org.testcontainers.shaded.com.github.dockerjava.core.command.AbstrDockerCmd - Cmd: ListImagesCmdImpl[filters=org.testcontainers.shaded.com.github.dockerjava.core.util.FiltersBuilder@0,imageNameFilter=<null>,showAll=false]
13:40:58.148 [main] DEBUG com.github.dockerjava.zerodep.shaded.org.apache.hc.client5.http.impl.classic.InternalHttpClient - ex-00000003: preparing request execution
13:40:58.148 [main] DEBUG com.github.dockerjava.zerodep.shaded.org.apache.hc.client5.http.protocol.RequestAddCookies - Cookie spec selected: strict
13:40:58.148 [main] DEBUG com.github.dockerjava.zerodep.shaded.org.apache.hc.client5.http.protocol.RequestAuthCache - Auth cache not set in the context
13:40:58.148 [main] DEBUG com.github.dockerjava.zerodep.shaded.org.apache.hc.client5.http.impl.classic.ProtocolExec - ex-00000003: target auth state: UNCHALLENGED
13:40:58.148 [main] DEBUG com.github.dockerjava.zerodep.shaded.org.apache.hc.client5.http.impl.classic.ProtocolExec - ex-00000003: proxy auth state: UNCHALLENGED
13:40:58.148 [main] DEBUG com.github.dockerjava.zerodep.shaded.org.apache.hc.client5.http.impl.classic.ConnectExec - ex-00000003: acquiring connection with route {}->unix://localhost:2375
13:40:58.148 [main] DEBUG com.github.dockerjava.zerodep.shaded.org.apache.hc.client5.http.impl.classic.InternalHttpClient - ex-00000003: acquiring endpoint (3 MINUTES)
13:40:58.149 [main] DEBUG com.github.dockerjava.zerodep.shaded.org.apache.hc.client5.http.impl.io.PoolingHttpClientConnectionManager - ex-00000003: endpoint lease request (3 MINUTES) [route: {}->unix://localhost:2375][total available: 1; route allocated: 1 of 2147483647; total allocated: 1 of 2147483647]
13:40:58.149 [main] DEBUG com.github.dockerjava.zerodep.shaded.org.apache.hc.client5.http.impl.io.PoolingHttpClientConnectionManager - ex-00000003: endpoint leased [route: {}->unix://localhost:2375][total available: 0; route allocated: 1 of 2147483647; total allocated: 1 of 2147483647]
13:40:58.149 [main] DEBUG com.github.dockerjava.zerodep.shaded.org.apache.hc.client5.http.impl.io.PoolingHttpClientConnectionManager - ex-00000003: acquired ep-00000002
13:40:58.149 [main] DEBUG com.github.dockerjava.zerodep.shaded.org.apache.hc.client5.http.impl.classic.InternalHttpClient - ex-00000003: acquired endpoint ep-00000002
13:40:58.149 [main] DEBUG com.github.dockerjava.zerodep.shaded.org.apache.hc.client5.http.impl.classic.MainClientExec - ex-00000003: executing GET /v1.32/images/json HTTP/1.1
13:40:58.149 [main] DEBUG com.github.dockerjava.zerodep.shaded.org.apache.hc.client5.http.impl.classic.InternalHttpClient - ep-00000002: start execution ex-00000003
13:40:58.149 [main] DEBUG com.github.dockerjava.zerodep.shaded.org.apache.hc.client5.http.impl.io.PoolingHttpClientConnectionManager - ep-00000002: executing exchange ex-00000003 over http-outgoing-0
13:40:58.150 [main] DEBUG com.github.dockerjava.zerodep.shaded.org.apache.hc.client5.http.headers - http-outgoing-0 >> GET /v1.32/images/json HTTP/1.1
13:40:58.150 [main] DEBUG com.github.dockerjava.zerodep.shaded.org.apache.hc.client5.http.headers - http-outgoing-0 >> accept: application/json
13:40:58.150 [main] DEBUG com.github.dockerjava.zerodep.shaded.org.apache.hc.client5.http.headers - http-outgoing-0 >> x-tc-sid: 21040e04-f7e5-450c-aa6e-a021d60635fb
13:40:58.150 [main] DEBUG com.github.dockerjava.zerodep.shaded.org.apache.hc.client5.http.headers - http-outgoing-0 >> User-Agent: tc-java/1.19.0
13:40:58.150 [main] DEBUG com.github.dockerjava.zerodep.shaded.org.apache.hc.client5.http.headers - http-outgoing-0 >> Accept-Encoding: gzip, x-gzip, deflate
13:40:58.150 [main] DEBUG com.github.dockerjava.zerodep.shaded.org.apache.hc.client5.http.headers - http-outgoing-0 >> Host: localhost:2375
13:40:58.150 [main] DEBUG com.github.dockerjava.zerodep.shaded.org.apache.hc.client5.http.headers - http-outgoing-0 >> Connection: keep-alive
13:40:58.158 [main] DEBUG com.github.dockerjava.zerodep.shaded.org.apache.hc.client5.http.headers - http-outgoing-0 << HTTP/1.1 200 OK
13:40:58.159 [main] DEBUG com.github.dockerjava.zerodep.shaded.org.apache.hc.client5.http.headers - http-outgoing-0 << Api-Version: 1.41
13:40:58.159 [main] DEBUG com.github.dockerjava.zerodep.shaded.org.apache.hc.client5.http.headers - http-outgoing-0 << Content-Type: application/json
13:40:58.159 [main] DEBUG com.github.dockerjava.zerodep.shaded.org.apache.hc.client5.http.headers - http-outgoing-0 << Docker-Experimental: false
13:40:58.159 [main] DEBUG com.github.dockerjava.zerodep.shaded.org.apache.hc.client5.http.headers - http-outgoing-0 << Ostype: linux
13:40:58.159 [main] DEBUG com.github.dockerjava.zerodep.shaded.org.apache.hc.client5.http.headers - http-outgoing-0 << Server: Docker/20.10.21 (linux)
13:40:58.159 [main] DEBUG com.github.dockerjava.zerodep.shaded.org.apache.hc.client5.http.headers - http-outgoing-0 << Date: Mon, 05 Feb 2024 12:40:58 GMT
13:40:58.159 [main] DEBUG com.github.dockerjava.zerodep.shaded.org.apache.hc.client5.http.headers - http-outgoing-0 << Transfer-Encoding: chunked
13:40:58.159 [main] DEBUG com.github.dockerjava.zerodep.shaded.org.apache.hc.client5.http.impl.classic.MainClientExec - ex-00000003: connection can be kept alive for 3 MINUTES
13:40:58.170 [main] DEBUG com.github.dockerjava.zerodep.shaded.org.apache.hc.client5.http.impl.classic.InternalHttpClient - ep-00000002: releasing valid endpoint
13:40:58.170 [main] DEBUG com.github.dockerjava.zerodep.shaded.org.apache.hc.client5.http.impl.io.PoolingHttpClientConnectionManager - ep-00000002: releasing endpoint
13:40:58.170 [main] DEBUG com.github.dockerjava.zerodep.shaded.org.apache.hc.client5.http.impl.io.PoolingHttpClientConnectionManager - ep-00000002: connection http-outgoing-0 can be kept alive for 3 MINUTES
13:40:58.170 [main] DEBUG com.github.dockerjava.zerodep.shaded.org.apache.hc.client5.http.impl.io.PoolingHttpClientConnectionManager - ep-00000002: connection released [route: {}->unix://localhost:2375][total available: 1; route allocated: 1 of 2147483647; total allocated: 1 of 2147483647]
13:40:58.173 [main] DEBUG org.testcontainers.images.AbstractImagePullPolicy - Using locally available and not pulling image: testcontainers/ryuk:0.5.1
13:40:58.174 [main] INFO  tc.testcontainers/ryuk:0.5.1 - Creating container for image: testcontainers/ryuk:0.5.1
13:40:58.179 [main] DEBUG org.testcontainers.utility.RegistryAuthLocator - Looking up auth config for image: testcontainers/ryuk:0.5.1 at registry: https://index.docker.io/v1/
13:40:58.179 [main] DEBUG org.testcontainers.utility.RegistryAuthLocator - RegistryAuthLocator has configFile: /home/easy/.docker/config.json (exists) configEnv: DOCKER_AUTH_CONFIG (does not exist) and commandPathPrefix: 
13:40:58.179 [main] DEBUG org.testcontainers.utility.RegistryAuthLocator - RegistryAuthLocator reading from configFile: /home/easy/.docker/config.json
13:40:58.180 [main] DEBUG org.testcontainers.utility.RegistryAuthLocator - registryName [https://index.docker.io/v1/] for dockerImageName [testcontainers/ryuk:0.5.1]
13:40:58.182 [main] DEBUG org.testcontainers.utility.RegistryAuthLocator - found existing auth config [AuthConfig{username=itdriveview, password=hidden non-blank value, auth=hidden non-blank value, email=null, registryAddress=https://index.docker.io/v1/, registryToken=blank}]
13:40:58.182 [main] DEBUG org.testcontainers.utility.RegistryAuthLocator - Cached auth found: [AuthConfig{username=itdriveview, password=hidden non-blank value, auth=hidden non-blank value, email=null, registryAddress=https://index.docker.io/v1/, registryToken=blank}]
13:40:58.182 [main] DEBUG org.testcontainers.dockerclient.AuthDelegatingDockerClientConfig - Effective auth config [AuthConfig{username=itdriveview, password=hidden non-blank value, auth=hidden non-blank value, email=null, registryAddress=https://index.docker.io/v1/, registryToken=blank}]
13:40:58.193 [main] DEBUG org.testcontainers.shaded.com.github.dockerjava.core.command.AbstrDockerCmd - Cmd: org.testcontainers.shaded.com.github.dockerjava.core.command.CreateContainerCmdImpl@6bff19ff[aliases=<null>,argsEscaped=<null>,attachStderr=<null>,attachStdin=<null>,attachStdout=<null>,authConfig=AuthConfig(username=itdriveview, email=null, registryAddress=https://index.docker.io/v1/, stackOrchestrator=null),cmd={},domainName=<null>,entrypoint=<null>,env={},exposedPorts=ExposedPorts(exposedPorts=[8080/tcp]),healthcheck=<null>,hostConfig=HostConfig(binds=[/var/run/docker.sock:/var/run/docker.sock:rw], blkioWeight=null, blkioWeightDevice=null, blkioDeviceReadBps=null, blkioDeviceWriteBps=null, blkioDeviceReadIOps=null, blkioDeviceWriteIOps=null, memorySwappiness=null, nanoCPUs=null, capAdd=null, capDrop=null, containerIDFile=null, cpuPeriod=null, cpuRealtimePeriod=null, cpuRealtimeRuntime=null, cpuShares=null, cpuQuota=null, cpusetCpus=null, cpusetMems=null, devices=null, deviceCgroupRules=null, deviceRequests=null, diskQuota=null, dns=null, dnsOptions=null, dnsSearch=null, extraHosts=[], groupAdd=null, ipcMode=null, cgroup=null, links=[], logConfig=LogConfig(type=null, config=null), lxcConf=null, memory=null, memorySwap=null, memoryReservation=null, kernelMemory=null, networkMode=null, oomKillDisable=null, init=null, autoRemove=true, oomScoreAdj=null, portBindings={8080/tcp=[Lcom.github.dockerjava.api.model.Ports$Binding;@3b0ca5e1}, privileged=true, publishAllPorts=null, readonlyRootfs=null, restartPolicy=null, ulimits=null, cpuCount=null, cpuPercent=null, ioMaximumIOps=null, ioMaximumBandwidth=null, volumesFrom=[], mounts=null, pidMode=null, isolation=null, securityOpts=null, storageOpt=null, cgroupParent=null, volumeDriver=null, shmSize=null, pidsLimit=null, runtime=null, tmpFs=null, utSMode=null, usernsMode=null, sysctls=null, consoleSize=null, cgroupnsMode=null),hostName=<null>,image=testcontainers/ryuk:0.5.1,ipv4Address=<null>,ipv6Address=<null>,labels={org.testcontainers=true, org.testcontainers.lang=java, org.testcontainers.version=1.19.0},macAddress=<null>,name=testcontainers-ryuk-21040e04-f7e5-450c-aa6e-a021d60635fb,networkDisabled=<null>,networkingConfig=<null>,onBuild=<null>,platform=<null>,portSpecs=<null>,shell=<null>,stdInOnce=<null>,stdinOpen=<null>,stopSignal=<null>,stopTimeout=<null>,tty=<null>,user=<null>,volumes=Volumes(volumes=[]),workingDir=<null>]
13:40:58.301 [main] DEBUG com.github.dockerjava.zerodep.shaded.org.apache.hc.client5.http.impl.classic.InternalHttpClient - ex-00000004: preparing request execution
13:40:58.301 [main] DEBUG com.github.dockerjava.zerodep.shaded.org.apache.hc.client5.http.protocol.RequestAddCookies - Cookie spec selected: strict
13:40:58.301 [main] DEBUG com.github.dockerjava.zerodep.shaded.org.apache.hc.client5.http.protocol.RequestAuthCache - Auth cache not set in the context
13:40:58.301 [main] DEBUG com.github.dockerjava.zerodep.shaded.org.apache.hc.client5.http.impl.classic.ProtocolExec - ex-00000004: target auth state: UNCHALLENGED
13:40:58.301 [main] DEBUG com.github.dockerjava.zerodep.shaded.org.apache.hc.client5.http.impl.classic.ProtocolExec - ex-00000004: proxy auth state: UNCHALLENGED
13:40:58.301 [main] DEBUG com.github.dockerjava.zerodep.shaded.org.apache.hc.client5.http.impl.classic.ConnectExec - ex-00000004: acquiring connection with route {}->unix://localhost:2375
13:40:58.301 [main] DEBUG com.github.dockerjava.zerodep.shaded.org.apache.hc.client5.http.impl.classic.InternalHttpClient - ex-00000004: acquiring endpoint (3 MINUTES)
13:40:58.302 [main] DEBUG com.github.dockerjava.zerodep.shaded.org.apache.hc.client5.http.impl.io.PoolingHttpClientConnectionManager - ex-00000004: endpoint lease request (3 MINUTES) [route: {}->unix://localhost:2375][total available: 1; route allocated: 1 of 2147483647; total allocated: 1 of 2147483647]
13:40:58.302 [main] DEBUG com.github.dockerjava.zerodep.shaded.org.apache.hc.client5.http.impl.io.PoolingHttpClientConnectionManager - ex-00000004: endpoint leased [route: {}->unix://localhost:2375][total available: 0; route allocated: 1 of 2147483647; total allocated: 1 of 2147483647]
13:40:58.302 [main] DEBUG com.github.dockerjava.zerodep.shaded.org.apache.hc.client5.http.impl.io.PoolingHttpClientConnectionManager - ex-00000004: acquired ep-00000003
13:40:58.302 [main] DEBUG com.github.dockerjava.zerodep.shaded.org.apache.hc.client5.http.impl.classic.InternalHttpClient - ex-00000004: acquired endpoint ep-00000003
13:40:58.302 [main] DEBUG com.github.dockerjava.zerodep.shaded.org.apache.hc.client5.http.impl.classic.MainClientExec - ex-00000004: executing POST /v1.32/containers/create?name=testcontainers-ryuk-21040e04-f7e5-450c-aa6e-a021d60635fb HTTP/1.1
13:40:58.302 [main] DEBUG com.github.dockerjava.zerodep.shaded.org.apache.hc.client5.http.impl.classic.InternalHttpClient - ep-00000003: start execution ex-00000004
13:40:58.302 [main] DEBUG com.github.dockerjava.zerodep.shaded.org.apache.hc.client5.http.impl.io.PoolingHttpClientConnectionManager - ep-00000003: executing exchange ex-00000004 over http-outgoing-0
13:40:58.303 [main] DEBUG com.github.dockerjava.zerodep.shaded.org.apache.hc.client5.http.headers - http-outgoing-0 >> POST /v1.32/containers/create?name=testcontainers-ryuk-21040e04-f7e5-450c-aa6e-a021d60635fb HTTP/1.1
13:40:58.303 [main] DEBUG com.github.dockerjava.zerodep.shaded.org.apache.hc.client5.http.headers - http-outgoing-0 >> X-Registry-Auth: eyJ1c2VybmFtZSI6Iml0ZHJpdmV2aWV3IiwicGFzc3dvcmQiOiIjQ29tcHV0aW5nMDYwNyIsImVtYWlsIjpudWxsLCJzZXJ2ZXJhZGRyZXNzIjoiaHR0cHM6Ly9pbmRleC5kb2NrZXIuaW8vdjEvIiwiYXV0aCI6ImFYUmtjbWwyWlhacFpYYzZJME52YlhCMWRHbHVaekEyTURjPSIsInJlZ2lzdHJ5dG9rZW4iOm51bGwsImlkZW50aXR5dG9rZW4iOm51bGwsInN0YWNrT3JjaGVzdHJhdG9yIjpudWxsfQ==
13:40:58.303 [main] DEBUG com.github.dockerjava.zerodep.shaded.org.apache.hc.client5.http.headers - http-outgoing-0 >> accept: application/json
13:40:58.303 [main] DEBUG com.github.dockerjava.zerodep.shaded.org.apache.hc.client5.http.headers - http-outgoing-0 >> content-type: application/json
13:40:58.303 [main] DEBUG com.github.dockerjava.zerodep.shaded.org.apache.hc.client5.http.headers - http-outgoing-0 >> x-tc-sid: 21040e04-f7e5-450c-aa6e-a021d60635fb
13:40:58.303 [main] DEBUG com.github.dockerjava.zerodep.shaded.org.apache.hc.client5.http.headers - http-outgoing-0 >> User-Agent: tc-java/1.19.0
13:40:58.303 [main] DEBUG com.github.dockerjava.zerodep.shaded.org.apache.hc.client5.http.headers - http-outgoing-0 >> Accept-Encoding: gzip, x-gzip, deflate
13:40:58.303 [main] DEBUG com.github.dockerjava.zerodep.shaded.org.apache.hc.client5.http.headers - http-outgoing-0 >> Content-Length: 1954
13:40:58.303 [main] DEBUG com.github.dockerjava.zerodep.shaded.org.apache.hc.client5.http.headers - http-outgoing-0 >> Host: localhost:2375
13:40:58.303 [main] DEBUG com.github.dockerjava.zerodep.shaded.org.apache.hc.client5.http.headers - http-outgoing-0 >> Connection: keep-alive
13:40:58.335 [main] DEBUG com.github.dockerjava.zerodep.shaded.org.apache.hc.client5.http.headers - http-outgoing-0 << HTTP/1.1 201 Created
13:40:58.335 [main] DEBUG com.github.dockerjava.zerodep.shaded.org.apache.hc.client5.http.headers - http-outgoing-0 << Api-Version: 1.41
13:40:58.335 [main] DEBUG com.github.dockerjava.zerodep.shaded.org.apache.hc.client5.http.headers - http-outgoing-0 << Content-Type: application/json
13:40:58.335 [main] DEBUG com.github.dockerjava.zerodep.shaded.org.apache.hc.client5.http.headers - http-outgoing-0 << Docker-Experimental: false
13:40:58.335 [main] DEBUG com.github.dockerjava.zerodep.shaded.org.apache.hc.client5.http.headers - http-outgoing-0 << Ostype: linux
13:40:58.336 [main] DEBUG com.github.dockerjava.zerodep.shaded.org.apache.hc.client5.http.headers - http-outgoing-0 << Server: Docker/20.10.21 (linux)
13:40:58.336 [main] DEBUG com.github.dockerjava.zerodep.shaded.org.apache.hc.client5.http.headers - http-outgoing-0 << Date: Mon, 05 Feb 2024 12:40:58 GMT
13:40:58.336 [main] DEBUG com.github.dockerjava.zerodep.shaded.org.apache.hc.client5.http.headers - http-outgoing-0 << Content-Length: 88
13:40:58.336 [main] DEBUG com.github.dockerjava.zerodep.shaded.org.apache.hc.client5.http.impl.classic.MainClientExec - ex-00000004: connection can be kept alive for 3 MINUTES
13:40:58.339 [main] DEBUG com.github.dockerjava.zerodep.shaded.org.apache.hc.client5.http.impl.classic.InternalHttpClient - ep-00000003: releasing valid endpoint
13:40:58.339 [main] DEBUG com.github.dockerjava.zerodep.shaded.org.apache.hc.client5.http.impl.io.PoolingHttpClientConnectionManager - ep-00000003: releasing endpoint
13:40:58.339 [main] DEBUG com.github.dockerjava.zerodep.shaded.org.apache.hc.client5.http.impl.io.PoolingHttpClientConnectionManager - ep-00000003: connection http-outgoing-0 can be kept alive for 3 MINUTES
13:40:58.339 [main] DEBUG com.github.dockerjava.zerodep.shaded.org.apache.hc.client5.http.impl.io.PoolingHttpClientConnectionManager - ep-00000003: connection released [route: {}->unix://localhost:2375][total available: 1; route allocated: 1 of 2147483647; total allocated: 1 of 2147483647]
13:40:58.342 [main] INFO  tc.testcontainers/ryuk:0.5.1 - Container testcontainers/ryuk:0.5.1 is starting: 17c999f4772bebf293ca48cff7d1c6e4bf3492cece33e3f99ddd207405e577c7
13:40:58.343 [main] DEBUG org.testcontainers.shaded.com.github.dockerjava.core.command.AbstrDockerCmd - Cmd: 17c999f4772bebf293ca48cff7d1c6e4bf3492cece33e3f99ddd207405e577c7
13:40:58.344 [main] DEBUG com.github.dockerjava.zerodep.shaded.org.apache.hc.client5.http.impl.classic.InternalHttpClient - ex-00000005: preparing request execution
13:40:58.344 [main] DEBUG com.github.dockerjava.zerodep.shaded.org.apache.hc.client5.http.protocol.RequestAddCookies - Cookie spec selected: strict
13:40:58.344 [main] DEBUG com.github.dockerjava.zerodep.shaded.org.apache.hc.client5.http.protocol.RequestAuthCache - Auth cache not set in the context
13:40:58.344 [main] DEBUG com.github.dockerjava.zerodep.shaded.org.apache.hc.client5.http.impl.classic.ProtocolExec - ex-00000005: target auth state: UNCHALLENGED
13:40:58.344 [main] DEBUG com.github.dockerjava.zerodep.shaded.org.apache.hc.client5.http.impl.classic.ProtocolExec - ex-00000005: proxy auth state: UNCHALLENGED
13:40:58.344 [main] DEBUG com.github.dockerjava.zerodep.shaded.org.apache.hc.client5.http.impl.classic.ConnectExec - ex-00000005: acquiring connection with route {}->unix://localhost:2375
13:40:58.344 [main] DEBUG com.github.dockerjava.zerodep.shaded.org.apache.hc.client5.http.impl.classic.InternalHttpClient - ex-00000005: acquiring endpoint (3 MINUTES)
13:40:58.344 [main] DEBUG com.github.dockerjava.zerodep.shaded.org.apache.hc.client5.http.impl.io.PoolingHttpClientConnectionManager - ex-00000005: endpoint lease request (3 MINUTES) [route: {}->unix://localhost:2375][total available: 1; route allocated: 1 of 2147483647; total allocated: 1 of 2147483647]
13:40:58.345 [main] DEBUG com.github.dockerjava.zerodep.shaded.org.apache.hc.client5.http.impl.io.PoolingHttpClientConnectionManager - ex-00000005: endpoint leased [route: {}->unix://localhost:2375][total available: 0; route allocated: 1 of 2147483647; total allocated: 1 of 2147483647]
13:40:58.345 [main] DEBUG com.github.dockerjava.zerodep.shaded.org.apache.hc.client5.http.impl.io.PoolingHttpClientConnectionManager - ex-00000005: acquired ep-00000004
13:40:58.345 [main] DEBUG com.github.dockerjava.zerodep.shaded.org.apache.hc.client5.http.impl.classic.InternalHttpClient - ex-00000005: acquired endpoint ep-00000004
13:40:58.345 [main] DEBUG com.github.dockerjava.zerodep.shaded.org.apache.hc.client5.http.impl.classic.MainClientExec - ex-00000005: executing POST /v1.32/containers/17c999f4772bebf293ca48cff7d1c6e4bf3492cece33e3f99ddd207405e577c7/start HTTP/1.1
13:40:58.345 [main] DEBUG com.github.dockerjava.zerodep.shaded.org.apache.hc.client5.http.impl.classic.InternalHttpClient - ep-00000004: start execution ex-00000005
13:40:58.345 [main] DEBUG com.github.dockerjava.zerodep.shaded.org.apache.hc.client5.http.impl.io.PoolingHttpClientConnectionManager - ep-00000004: executing exchange ex-00000005 over http-outgoing-0
13:40:58.345 [main] DEBUG com.github.dockerjava.zerodep.shaded.org.apache.hc.client5.http.headers - http-outgoing-0 >> POST /v1.32/containers/17c999f4772bebf293ca48cff7d1c6e4bf3492cece33e3f99ddd207405e577c7/start HTTP/1.1
13:40:58.345 [main] DEBUG com.github.dockerjava.zerodep.shaded.org.apache.hc.client5.http.headers - http-outgoing-0 >> accept: application/json
13:40:58.345 [main] DEBUG com.github.dockerjava.zerodep.shaded.org.apache.hc.client5.http.headers - http-outgoing-0 >> content-type: application/json
13:40:58.345 [main] DEBUG com.github.dockerjava.zerodep.shaded.org.apache.hc.client5.http.headers - http-outgoing-0 >> x-tc-sid: 21040e04-f7e5-450c-aa6e-a021d60635fb
13:40:58.345 [main] DEBUG com.github.dockerjava.zerodep.shaded.org.apache.hc.client5.http.headers - http-outgoing-0 >> User-Agent: tc-java/1.19.0
13:40:58.346 [main] DEBUG com.github.dockerjava.zerodep.shaded.org.apache.hc.client5.http.headers - http-outgoing-0 >> Accept-Encoding: gzip, x-gzip, deflate
13:40:58.346 [main] DEBUG com.github.dockerjava.zerodep.shaded.org.apache.hc.client5.http.headers - http-outgoing-0 >> Host: localhost:2375
13:40:58.346 [main] DEBUG com.github.dockerjava.zerodep.shaded.org.apache.hc.client5.http.headers - http-outgoing-0 >> Connection: keep-alive
13:40:58.712 [main] DEBUG com.github.dockerjava.zerodep.shaded.org.apache.hc.client5.http.headers - http-outgoing-0 << HTTP/1.1 204 No Content
13:40:58.713 [main] DEBUG com.github.dockerjava.zerodep.shaded.org.apache.hc.client5.http.headers - http-outgoing-0 << Api-Version: 1.41
13:40:58.713 [main] DEBUG com.github.dockerjava.zerodep.shaded.org.apache.hc.client5.http.headers - http-outgoing-0 << Docker-Experimental: false
13:40:58.713 [main] DEBUG com.github.dockerjava.zerodep.shaded.org.apache.hc.client5.http.headers - http-outgoing-0 << Ostype: linux
13:40:58.713 [main] DEBUG com.github.dockerjava.zerodep.shaded.org.apache.hc.client5.http.headers - http-outgoing-0 << Server: Docker/20.10.21 (linux)
13:40:58.714 [main] DEBUG com.github.dockerjava.zerodep.shaded.org.apache.hc.client5.http.headers - http-outgoing-0 << Date: Mon, 05 Feb 2024 12:40:58 GMT
13:40:58.714 [main] DEBUG com.github.dockerjava.zerodep.shaded.org.apache.hc.client5.http.impl.classic.MainClientExec - ex-00000005: connection can be kept alive for 3 MINUTES
13:40:58.714 [main] DEBUG com.github.dockerjava.zerodep.shaded.org.apache.hc.client5.http.impl.classic.InternalHttpClient - ep-00000004: releasing valid endpoint
13:40:58.714 [main] DEBUG com.github.dockerjava.zerodep.shaded.org.apache.hc.client5.http.impl.io.PoolingHttpClientConnectionManager - ep-00000004: releasing endpoint
13:40:58.715 [main] DEBUG com.github.dockerjava.zerodep.shaded.org.apache.hc.client5.http.impl.io.PoolingHttpClientConnectionManager - ep-00000004: connection http-outgoing-0 can be kept alive for 3 MINUTES
13:40:58.715 [main] DEBUG com.github.dockerjava.zerodep.shaded.org.apache.hc.client5.http.impl.io.PoolingHttpClientConnectionManager - ep-00000004: connection released [route: {}->unix://localhost:2375][total available: 1; route allocated: 1 of 2147483647; total allocated: 1 of 2147483647]
13:40:58.728 [main] DEBUG org.testcontainers.shaded.com.github.dockerjava.core.command.AbstrDockerCmd - Cmd: 17c999f4772bebf293ca48cff7d1c6e4bf3492cece33e3f99ddd207405e577c7,false
13:40:58.733 [main] DEBUG org.testcontainers.shaded.com.github.dockerjava.core.exec.InspectContainerCmdExec - GET: DefaultWebTarget{path=[/containers/17c999f4772bebf293ca48cff7d1c6e4bf3492cece33e3f99ddd207405e577c7/json], queryParams={}}
13:40:58.734 [main] DEBUG com.github.dockerjava.zerodep.shaded.org.apache.hc.client5.http.impl.classic.InternalHttpClient - ex-00000006: preparing request execution
13:40:58.735 [main] DEBUG com.github.dockerjava.zerodep.shaded.org.apache.hc.client5.http.protocol.RequestAddCookies - Cookie spec selected: strict
13:40:58.735 [main] DEBUG com.github.dockerjava.zerodep.shaded.org.apache.hc.client5.http.protocol.RequestAuthCache - Auth cache not set in the context
13:40:58.735 [main] DEBUG com.github.dockerjava.zerodep.shaded.org.apache.hc.client5.http.impl.classic.ProtocolExec - ex-00000006: target auth state: UNCHALLENGED
13:40:58.735 [main] DEBUG com.github.dockerjava.zerodep.shaded.org.apache.hc.client5.http.impl.classic.ProtocolExec - ex-00000006: proxy auth state: UNCHALLENGED
13:40:58.736 [main] DEBUG com.github.dockerjava.zerodep.shaded.org.apache.hc.client5.http.impl.classic.ConnectExec - ex-00000006: acquiring connection with route {}->unix://localhost:2375
13:40:58.736 [main] DEBUG com.github.dockerjava.zerodep.shaded.org.apache.hc.client5.http.impl.classic.InternalHttpClient - ex-00000006: acquiring endpoint (3 MINUTES)
13:40:58.737 [main] DEBUG com.github.dockerjava.zerodep.shaded.org.apache.hc.client5.http.impl.io.PoolingHttpClientConnectionManager - ex-00000006: endpoint lease request (3 MINUTES) [route: {}->unix://localhost:2375][total available: 1; route allocated: 1 of 2147483647; total allocated: 1 of 2147483647]
13:40:58.737 [main] DEBUG com.github.dockerjava.zerodep.shaded.org.apache.hc.client5.http.impl.io.PoolingHttpClientConnectionManager - ex-00000006: endpoint leased [route: {}->unix://localhost:2375][total available: 0; route allocated: 1 of 2147483647; total allocated: 1 of 2147483647]
13:40:58.738 [main] DEBUG com.github.dockerjava.zerodep.shaded.org.apache.hc.client5.http.impl.io.PoolingHttpClientConnectionManager - ex-00000006: acquired ep-00000005
13:40:58.738 [main] DEBUG com.github.dockerjava.zerodep.shaded.org.apache.hc.client5.http.impl.classic.InternalHttpClient - ex-00000006: acquired endpoint ep-00000005
13:40:58.739 [main] DEBUG com.github.dockerjava.zerodep.shaded.org.apache.hc.client5.http.impl.classic.MainClientExec - ex-00000006: executing GET /v1.32/containers/17c999f4772bebf293ca48cff7d1c6e4bf3492cece33e3f99ddd207405e577c7/json HTTP/1.1
13:40:58.739 [main] DEBUG com.github.dockerjava.zerodep.shaded.org.apache.hc.client5.http.impl.classic.InternalHttpClient - ep-00000005: start execution ex-00000006
13:40:58.739 [main] DEBUG com.github.dockerjava.zerodep.shaded.org.apache.hc.client5.http.impl.io.PoolingHttpClientConnectionManager - ep-00000005: executing exchange ex-00000006 over http-outgoing-0
13:40:58.740 [main] DEBUG com.github.dockerjava.zerodep.shaded.org.apache.hc.client5.http.headers - http-outgoing-0 >> GET /v1.32/containers/17c999f4772bebf293ca48cff7d1c6e4bf3492cece33e3f99ddd207405e577c7/json HTTP/1.1
13:40:58.741 [main] DEBUG com.github.dockerjava.zerodep.shaded.org.apache.hc.client5.http.headers - http-outgoing-0 >> accept: application/json
13:40:58.741 [main] DEBUG com.github.dockerjava.zerodep.shaded.org.apache.hc.client5.http.headers - http-outgoing-0 >> x-tc-sid: 21040e04-f7e5-450c-aa6e-a021d60635fb
13:40:58.741 [main] DEBUG com.github.dockerjava.zerodep.shaded.org.apache.hc.client5.http.headers - http-outgoing-0 >> User-Agent: tc-java/1.19.0
13:40:58.742 [main] DEBUG com.github.dockerjava.zerodep.shaded.org.apache.hc.client5.http.headers - http-outgoing-0 >> Accept-Encoding: gzip, x-gzip, deflate
13:40:58.742 [main] DEBUG com.github.dockerjava.zerodep.shaded.org.apache.hc.client5.http.headers - http-outgoing-0 >> Host: localhost:2375
13:40:58.742 [main] DEBUG com.github.dockerjava.zerodep.shaded.org.apache.hc.client5.http.headers - http-outgoing-0 >> Connection: keep-alive
13:40:58.744 [main] DEBUG com.github.dockerjava.zerodep.shaded.org.apache.hc.client5.http.headers - http-outgoing-0 << HTTP/1.1 200 OK
13:40:58.745 [main] DEBUG com.github.dockerjava.zerodep.shaded.org.apache.hc.client5.http.headers - http-outgoing-0 << Api-Version: 1.41
13:40:58.745 [main] DEBUG com.github.dockerjava.zerodep.shaded.org.apache.hc.client5.http.headers - http-outgoing-0 << Content-Type: application/json
13:40:58.746 [main] DEBUG com.github.dockerjava.zerodep.shaded.org.apache.hc.client5.http.headers - http-outgoing-0 << Docker-Experimental: false
13:40:58.746 [main] DEBUG com.github.dockerjava.zerodep.shaded.org.apache.hc.client5.http.headers - http-outgoing-0 << Ostype: linux
13:40:58.746 [main] DEBUG com.github.dockerjava.zerodep.shaded.org.apache.hc.client5.http.headers - http-outgoing-0 << Server: Docker/20.10.21 (linux)
13:40:58.747 [main] DEBUG com.github.dockerjava.zerodep.shaded.org.apache.hc.client5.http.headers - http-outgoing-0 << Date: Mon, 05 Feb 2024 12:40:58 GMT
13:40:58.747 [main] DEBUG com.github.dockerjava.zerodep.shaded.org.apache.hc.client5.http.headers - http-outgoing-0 << Transfer-Encoding: chunked
13:40:58.748 [main] DEBUG com.github.dockerjava.zerodep.shaded.org.apache.hc.client5.http.impl.classic.MainClientExec - ex-00000006: connection can be kept alive for 3 MINUTES
13:40:58.882 [main] DEBUG com.github.dockerjava.zerodep.shaded.org.apache.hc.client5.http.impl.classic.InternalHttpClient - ep-00000005: releasing valid endpoint
13:40:58.882 [main] DEBUG com.github.dockerjava.zerodep.shaded.org.apache.hc.client5.http.impl.io.PoolingHttpClientConnectionManager - ep-00000005: releasing endpoint
13:40:58.882 [main] DEBUG com.github.dockerjava.zerodep.shaded.org.apache.hc.client5.http.impl.io.PoolingHttpClientConnectionManager - ep-00000005: connection http-outgoing-0 can be kept alive for 3 MINUTES
13:40:58.882 [main] DEBUG com.github.dockerjava.zerodep.shaded.org.apache.hc.client5.http.impl.io.PoolingHttpClientConnectionManager - ep-00000005: connection released [route: {}->unix://localhost:2375][total available: 1; route allocated: 1 of 2147483647; total allocated: 1 of 2147483647]
13:40:58.884 [main] DEBUG org.testcontainers.shaded.com.github.dockerjava.core.command.AbstrDockerCmd - Cmd: sha256:ec913eeff75a6b5ed284cf17e186213a466ec10a8f471798318ffa0813b5d828
13:40:58.885 [main] DEBUG com.github.dockerjava.zerodep.shaded.org.apache.hc.client5.http.impl.classic.InternalHttpClient - ex-00000007: preparing request execution
13:40:58.885 [main] DEBUG com.github.dockerjava.zerodep.shaded.org.apache.hc.client5.http.protocol.RequestAddCookies - Cookie spec selected: strict
13:40:58.885 [main] DEBUG com.github.dockerjava.zerodep.shaded.org.apache.hc.client5.http.protocol.RequestAuthCache - Auth cache not set in the context
13:40:58.885 [main] DEBUG com.github.dockerjava.zerodep.shaded.org.apache.hc.client5.http.impl.classic.ProtocolExec - ex-00000007: target auth state: UNCHALLENGED
13:40:58.885 [main] DEBUG com.github.dockerjava.zerodep.shaded.org.apache.hc.client5.http.impl.classic.ProtocolExec - ex-00000007: proxy auth state: UNCHALLENGED
13:40:58.885 [main] DEBUG com.github.dockerjava.zerodep.shaded.org.apache.hc.client5.http.impl.classic.ConnectExec - ex-00000007: acquiring connection with route {}->unix://localhost:2375
13:40:58.885 [main] DEBUG com.github.dockerjava.zerodep.shaded.org.apache.hc.client5.http.impl.classic.InternalHttpClient - ex-00000007: acquiring endpoint (3 MINUTES)
13:40:58.885 [main] DEBUG com.github.dockerjava.zerodep.shaded.org.apache.hc.client5.http.impl.io.PoolingHttpClientConnectionManager - ex-00000007: endpoint lease request (3 MINUTES) [route: {}->unix://localhost:2375][total available: 1; route allocated: 1 of 2147483647; total allocated: 1 of 2147483647]
13:40:58.885 [main] DEBUG com.github.dockerjava.zerodep.shaded.org.apache.hc.client5.http.impl.io.PoolingHttpClientConnectionManager - ex-00000007: endpoint leased [route: {}->unix://localhost:2375][total available: 0; route allocated: 1 of 2147483647; total allocated: 1 of 2147483647]
13:40:58.885 [main] DEBUG com.github.dockerjava.zerodep.shaded.org.apache.hc.client5.http.impl.io.PoolingHttpClientConnectionManager - ex-00000007: acquired ep-00000006
13:40:58.886 [main] DEBUG com.github.dockerjava.zerodep.shaded.org.apache.hc.client5.http.impl.classic.InternalHttpClient - ex-00000007: acquired endpoint ep-00000006
13:40:58.886 [main] DEBUG com.github.dockerjava.zerodep.shaded.org.apache.hc.client5.http.impl.classic.MainClientExec - ex-00000007: executing GET /v1.32/images/sha256:ec913eeff75a6b5ed284cf17e186213a466ec10a8f471798318ffa0813b5d828/json HTTP/1.1
13:40:58.886 [main] DEBUG com.github.dockerjava.zerodep.shaded.org.apache.hc.client5.http.impl.classic.InternalHttpClient - ep-00000006: start execution ex-00000007
13:40:58.886 [main] DEBUG com.github.dockerjava.zerodep.shaded.org.apache.hc.client5.http.impl.io.PoolingHttpClientConnectionManager - ep-00000006: executing exchange ex-00000007 over http-outgoing-0
13:40:58.886 [main] DEBUG com.github.dockerjava.zerodep.shaded.org.apache.hc.client5.http.headers - http-outgoing-0 >> GET /v1.32/images/sha256:ec913eeff75a6b5ed284cf17e186213a466ec10a8f471798318ffa0813b5d828/json HTTP/1.1
13:40:58.886 [main] DEBUG com.github.dockerjava.zerodep.shaded.org.apache.hc.client5.http.headers - http-outgoing-0 >> accept: application/json
13:40:58.886 [main] DEBUG com.github.dockerjava.zerodep.shaded.org.apache.hc.client5.http.headers - http-outgoing-0 >> x-tc-sid: 21040e04-f7e5-450c-aa6e-a021d60635fb
13:40:58.886 [main] DEBUG com.github.dockerjava.zerodep.shaded.org.apache.hc.client5.http.headers - http-outgoing-0 >> User-Agent: tc-java/1.19.0
13:40:58.886 [main] DEBUG com.github.dockerjava.zerodep.shaded.org.apache.hc.client5.http.headers - http-outgoing-0 >> Accept-Encoding: gzip, x-gzip, deflate
13:40:58.886 [main] DEBUG com.github.dockerjava.zerodep.shaded.org.apache.hc.client5.http.headers - http-outgoing-0 >> Host: localhost:2375
13:40:58.886 [main] DEBUG com.github.dockerjava.zerodep.shaded.org.apache.hc.client5.http.headers - http-outgoing-0 >> Connection: keep-alive
13:40:58.887 [main] DEBUG com.github.dockerjava.zerodep.shaded.org.apache.hc.client5.http.headers - http-outgoing-0 << HTTP/1.1 200 OK
13:40:58.887 [main] DEBUG com.github.dockerjava.zerodep.shaded.org.apache.hc.client5.http.headers - http-outgoing-0 << Api-Version: 1.41
13:40:58.887 [main] DEBUG com.github.dockerjava.zerodep.shaded.org.apache.hc.client5.http.headers - http-outgoing-0 << Content-Type: application/json
13:40:58.887 [main] DEBUG com.github.dockerjava.zerodep.shaded.org.apache.hc.client5.http.headers - http-outgoing-0 << Docker-Experimental: false
13:40:58.887 [main] DEBUG com.github.dockerjava.zerodep.shaded.org.apache.hc.client5.http.headers - http-outgoing-0 << Ostype: linux
13:40:58.887 [main] DEBUG com.github.dockerjava.zerodep.shaded.org.apache.hc.client5.http.headers - http-outgoing-0 << Server: Docker/20.10.21 (linux)
13:40:58.887 [main] DEBUG com.github.dockerjava.zerodep.shaded.org.apache.hc.client5.http.headers - http-outgoing-0 << Date: Mon, 05 Feb 2024 12:40:58 GMT
13:40:58.887 [main] DEBUG com.github.dockerjava.zerodep.shaded.org.apache.hc.client5.http.headers - http-outgoing-0 << Content-Length: 2001
13:40:58.887 [main] DEBUG com.github.dockerjava.zerodep.shaded.org.apache.hc.client5.http.impl.classic.MainClientExec - ex-00000007: connection can be kept alive for 3 MINUTES
13:40:58.892 [main] DEBUG com.github.dockerjava.zerodep.shaded.org.apache.hc.client5.http.impl.classic.InternalHttpClient - ep-00000006: releasing valid endpoint
13:40:58.892 [main] DEBUG com.github.dockerjava.zerodep.shaded.org.apache.hc.client5.http.impl.io.PoolingHttpClientConnectionManager - ep-00000006: releasing endpoint
13:40:58.892 [main] DEBUG com.github.dockerjava.zerodep.shaded.org.apache.hc.client5.http.impl.io.PoolingHttpClientConnectionManager - ep-00000006: connection http-outgoing-0 can be kept alive for 3 MINUTES
13:40:58.892 [main] DEBUG com.github.dockerjava.zerodep.shaded.org.apache.hc.client5.http.impl.io.PoolingHttpClientConnectionManager - ep-00000006: connection released [route: {}->unix://localhost:2375][total available: 1; route allocated: 1 of 2147483647; total allocated: 1 of 2147483647]
13:40:58.893 [main] DEBUG org.testcontainers.shaded.com.github.dockerjava.core.command.AbstrDockerCmd - Cmd: 
13:40:58.893 [main] DEBUG com.github.dockerjava.zerodep.shaded.org.apache.hc.client5.http.impl.classic.InternalHttpClient - ex-00000008: preparing request execution
13:40:58.893 [main] DEBUG com.github.dockerjava.zerodep.shaded.org.apache.hc.client5.http.protocol.RequestAddCookies - Cookie spec selected: strict
13:40:58.893 [main] DEBUG com.github.dockerjava.zerodep.shaded.org.apache.hc.client5.http.protocol.RequestAuthCache - Auth cache not set in the context
13:40:58.893 [main] DEBUG com.github.dockerjava.zerodep.shaded.org.apache.hc.client5.http.impl.classic.ProtocolExec - ex-00000008: target auth state: UNCHALLENGED
13:40:58.893 [main] DEBUG com.github.dockerjava.zerodep.shaded.org.apache.hc.client5.http.impl.classic.ProtocolExec - ex-00000008: proxy auth state: UNCHALLENGED
13:40:58.893 [main] DEBUG com.github.dockerjava.zerodep.shaded.org.apache.hc.client5.http.impl.classic.ConnectExec - ex-00000008: acquiring connection with route {}->unix://localhost:2375
13:40:58.893 [main] DEBUG com.github.dockerjava.zerodep.shaded.org.apache.hc.client5.http.impl.classic.InternalHttpClient - ex-00000008: acquiring endpoint (3 MINUTES)
13:40:58.893 [main] DEBUG com.github.dockerjava.zerodep.shaded.org.apache.hc.client5.http.impl.io.PoolingHttpClientConnectionManager - ex-00000008: endpoint lease request (3 MINUTES) [route: {}->unix://localhost:2375][total available: 1; route allocated: 1 of 2147483647; total allocated: 1 of 2147483647]
13:40:58.893 [main] DEBUG com.github.dockerjava.zerodep.shaded.org.apache.hc.client5.http.impl.io.PoolingHttpClientConnectionManager - ex-00000008: endpoint leased [route: {}->unix://localhost:2375][total available: 0; route allocated: 1 of 2147483647; total allocated: 1 of 2147483647]
13:40:58.893 [main] DEBUG com.github.dockerjava.zerodep.shaded.org.apache.hc.client5.http.impl.io.PoolingHttpClientConnectionManager - ex-00000008: acquired ep-00000007
13:40:58.893 [main] DEBUG com.github.dockerjava.zerodep.shaded.org.apache.hc.client5.http.impl.classic.InternalHttpClient - ex-00000008: acquired endpoint ep-00000007
13:40:58.893 [main] DEBUG com.github.dockerjava.zerodep.shaded.org.apache.hc.client5.http.impl.classic.MainClientExec - ex-00000008: executing GET /v1.32/version HTTP/1.1
13:40:58.893 [main] DEBUG com.github.dockerjava.zerodep.shaded.org.apache.hc.client5.http.impl.classic.InternalHttpClient - ep-00000007: start execution ex-00000008
13:40:58.894 [main] DEBUG com.github.dockerjava.zerodep.shaded.org.apache.hc.client5.http.impl.io.PoolingHttpClientConnectionManager - ep-00000007: executing exchange ex-00000008 over http-outgoing-0
13:40:58.894 [main] DEBUG com.github.dockerjava.zerodep.shaded.org.apache.hc.client5.http.headers - http-outgoing-0 >> GET /v1.32/version HTTP/1.1
13:40:58.894 [main] DEBUG com.github.dockerjava.zerodep.shaded.org.apache.hc.client5.http.headers - http-outgoing-0 >> accept: application/json
13:40:58.894 [main] DEBUG com.github.dockerjava.zerodep.shaded.org.apache.hc.client5.http.headers - http-outgoing-0 >> x-tc-sid: 21040e04-f7e5-450c-aa6e-a021d60635fb
13:40:58.894 [main] DEBUG com.github.dockerjava.zerodep.shaded.org.apache.hc.client5.http.headers - http-outgoing-0 >> User-Agent: tc-java/1.19.0
13:40:58.894 [main] DEBUG com.github.dockerjava.zerodep.shaded.org.apache.hc.client5.http.headers - http-outgoing-0 >> Accept-Encoding: gzip, x-gzip, deflate
13:40:58.894 [main] DEBUG com.github.dockerjava.zerodep.shaded.org.apache.hc.client5.http.headers - http-outgoing-0 >> Host: localhost:2375
13:40:58.894 [main] DEBUG com.github.dockerjava.zerodep.shaded.org.apache.hc.client5.http.headers - http-outgoing-0 >> Connection: keep-alive
13:40:58.900 [main] DEBUG com.github.dockerjava.zerodep.shaded.org.apache.hc.client5.http.headers - http-outgoing-0 << HTTP/1.1 200 OK
13:40:58.900 [main] DEBUG com.github.dockerjava.zerodep.shaded.org.apache.hc.client5.http.headers - http-outgoing-0 << Api-Version: 1.41
13:40:58.900 [main] DEBUG com.github.dockerjava.zerodep.shaded.org.apache.hc.client5.http.headers - http-outgoing-0 << Content-Type: application/json
13:40:58.900 [main] DEBUG com.github.dockerjava.zerodep.shaded.org.apache.hc.client5.http.headers - http-outgoing-0 << Docker-Experimental: false
13:40:58.901 [main] DEBUG com.github.dockerjava.zerodep.shaded.org.apache.hc.client5.http.headers - http-outgoing-0 << Ostype: linux
13:40:58.901 [main] DEBUG com.github.dockerjava.zerodep.shaded.org.apache.hc.client5.http.headers - http-outgoing-0 << Server: Docker/20.10.21 (linux)
13:40:58.901 [main] DEBUG com.github.dockerjava.zerodep.shaded.org.apache.hc.client5.http.headers - http-outgoing-0 << Date: Mon, 05 Feb 2024 12:40:58 GMT
13:40:58.901 [main] DEBUG com.github.dockerjava.zerodep.shaded.org.apache.hc.client5.http.headers - http-outgoing-0 << Content-Length: 825
13:40:58.901 [main] DEBUG com.github.dockerjava.zerodep.shaded.org.apache.hc.client5.http.impl.classic.MainClientExec - ex-00000008: connection can be kept alive for 3 MINUTES
13:40:58.902 [main] DEBUG com.github.dockerjava.zerodep.shaded.org.apache.hc.client5.http.impl.classic.InternalHttpClient - ep-00000007: releasing valid endpoint
13:40:58.902 [main] DEBUG com.github.dockerjava.zerodep.shaded.org.apache.hc.client5.http.impl.io.PoolingHttpClientConnectionManager - ep-00000007: releasing endpoint
13:40:58.902 [main] DEBUG com.github.dockerjava.zerodep.shaded.org.apache.hc.client5.http.impl.io.PoolingHttpClientConnectionManager - ep-00000007: connection http-outgoing-0 can be kept alive for 3 MINUTES
13:40:58.902 [main] DEBUG com.github.dockerjava.zerodep.shaded.org.apache.hc.client5.http.impl.io.PoolingHttpClientConnectionManager - ep-00000007: connection released [route: {}->unix://localhost:2375][total available: 1; route allocated: 1 of 2147483647; total allocated: 1 of 2147483647]
13:40:58.906 [docker-java-stream-855628051] DEBUG com.github.dockerjava.zerodep.shaded.org.apache.hc.client5.http.impl.classic.InternalHttpClient - ex-00000009: preparing request execution
13:40:58.907 [docker-java-stream-855628051] DEBUG com.github.dockerjava.zerodep.shaded.org.apache.hc.client5.http.protocol.RequestAddCookies - Cookie spec selected: strict
13:40:58.907 [docker-java-stream-855628051] DEBUG com.github.dockerjava.zerodep.shaded.org.apache.hc.client5.http.protocol.RequestAuthCache - Auth cache not set in the context
13:40:58.907 [docker-java-stream-855628051] DEBUG com.github.dockerjava.zerodep.shaded.org.apache.hc.client5.http.impl.classic.ProtocolExec - ex-00000009: target auth state: UNCHALLENGED
13:40:58.907 [docker-java-stream-855628051] DEBUG com.github.dockerjava.zerodep.shaded.org.apache.hc.client5.http.impl.classic.ProtocolExec - ex-00000009: proxy auth state: UNCHALLENGED
13:40:58.907 [docker-java-stream-855628051] DEBUG com.github.dockerjava.zerodep.shaded.org.apache.hc.client5.http.impl.classic.ConnectExec - ex-00000009: acquiring connection with route {}->unix://localhost:2375
13:40:58.907 [docker-java-stream-855628051] DEBUG com.github.dockerjava.zerodep.shaded.org.apache.hc.client5.http.impl.classic.InternalHttpClient - ex-00000009: acquiring endpoint (3 MINUTES)
13:40:58.907 [docker-java-stream-855628051] DEBUG com.github.dockerjava.zerodep.shaded.org.apache.hc.client5.http.impl.io.PoolingHttpClientConnectionManager - ex-00000009: endpoint lease request (3 MINUTES) [route: {}->unix://localhost:2375][total available: 1; route allocated: 1 of 2147483647; total allocated: 1 of 2147483647]
13:40:58.907 [docker-java-stream-855628051] DEBUG com.github.dockerjava.zerodep.shaded.org.apache.hc.client5.http.impl.io.PoolingHttpClientConnectionManager - ex-00000009: endpoint leased [route: {}->unix://localhost:2375][total available: 0; route allocated: 1 of 2147483647; total allocated: 1 of 2147483647]
13:40:58.907 [docker-java-stream-855628051] DEBUG com.github.dockerjava.zerodep.shaded.org.apache.hc.client5.http.impl.io.PoolingHttpClientConnectionManager - ex-00000009: acquired ep-00000008
13:40:58.907 [docker-java-stream-855628051] DEBUG com.github.dockerjava.zerodep.shaded.org.apache.hc.client5.http.impl.classic.InternalHttpClient - ex-00000009: acquired endpoint ep-00000008
13:40:58.907 [docker-java-stream-855628051] DEBUG com.github.dockerjava.zerodep.shaded.org.apache.hc.client5.http.impl.classic.MainClientExec - ex-00000009: executing GET /v1.32/containers/17c999f4772bebf293ca48cff7d1c6e4bf3492cece33e3f99ddd207405e577c7/logs?stdout=true&stderr=true&follow=true&since=0 HTTP/1.1
13:40:58.907 [docker-java-stream-855628051] DEBUG com.github.dockerjava.zerodep.shaded.org.apache.hc.client5.http.impl.classic.InternalHttpClient - ep-00000008: start execution ex-00000009
13:40:58.907 [docker-java-stream-855628051] DEBUG com.github.dockerjava.zerodep.shaded.org.apache.hc.client5.http.impl.io.PoolingHttpClientConnectionManager - ep-00000008: executing exchange ex-00000009 over http-outgoing-0
13:40:58.907 [docker-java-stream-855628051] DEBUG com.github.dockerjava.zerodep.shaded.org.apache.hc.client5.http.headers - http-outgoing-0 >> GET /v1.32/containers/17c999f4772bebf293ca48cff7d1c6e4bf3492cece33e3f99ddd207405e577c7/logs?stdout=true&stderr=true&follow=true&since=0 HTTP/1.1
13:40:58.907 [docker-java-stream-855628051] DEBUG com.github.dockerjava.zerodep.shaded.org.apache.hc.client5.http.headers - http-outgoing-0 >> x-tc-sid: 21040e04-f7e5-450c-aa6e-a021d60635fb
13:40:58.907 [docker-java-stream-855628051] DEBUG com.github.dockerjava.zerodep.shaded.org.apache.hc.client5.http.headers - http-outgoing-0 >> User-Agent: tc-java/1.19.0
13:40:58.908 [docker-java-stream-855628051] DEBUG com.github.dockerjava.zerodep.shaded.org.apache.hc.client5.http.headers - http-outgoing-0 >> Accept-Encoding: gzip, x-gzip, deflate
13:40:58.908 [docker-java-stream-855628051] DEBUG com.github.dockerjava.zerodep.shaded.org.apache.hc.client5.http.headers - http-outgoing-0 >> Host: localhost:2375
13:40:58.908 [docker-java-stream-855628051] DEBUG com.github.dockerjava.zerodep.shaded.org.apache.hc.client5.http.headers - http-outgoing-0 >> Connection: keep-alive
13:40:58.908 [docker-java-stream-855628051] DEBUG com.github.dockerjava.zerodep.shaded.org.apache.hc.client5.http.headers - http-outgoing-0 << HTTP/1.1 200 OK
13:40:58.908 [docker-java-stream-855628051] DEBUG com.github.dockerjava.zerodep.shaded.org.apache.hc.client5.http.headers - http-outgoing-0 << Api-Version: 1.41
13:40:58.908 [docker-java-stream-855628051] DEBUG com.github.dockerjava.zerodep.shaded.org.apache.hc.client5.http.headers - http-outgoing-0 << Docker-Experimental: false
13:40:58.908 [docker-java-stream-855628051] DEBUG com.github.dockerjava.zerodep.shaded.org.apache.hc.client5.http.headers - http-outgoing-0 << Ostype: linux
13:40:58.908 [docker-java-stream-855628051] DEBUG com.github.dockerjava.zerodep.shaded.org.apache.hc.client5.http.headers - http-outgoing-0 << Server: Docker/20.10.21 (linux)
13:40:58.908 [docker-java-stream-855628051] DEBUG com.github.dockerjava.zerodep.shaded.org.apache.hc.client5.http.headers - http-outgoing-0 << Date: Mon, 05 Feb 2024 12:40:58 GMT
13:40:58.909 [docker-java-stream-855628051] DEBUG com.github.dockerjava.zerodep.shaded.org.apache.hc.client5.http.headers - http-outgoing-0 << Transfer-Encoding: chunked
13:40:58.909 [docker-java-stream-855628051] DEBUG com.github.dockerjava.zerodep.shaded.org.apache.hc.client5.http.impl.classic.MainClientExec - ex-00000009: connection can be kept alive for 3 MINUTES
13:40:58.910 [main] DEBUG org.testcontainers.containers.output.WaitingConsumer - STDERR: 2024/02/05 12:40:58 Docker daemon is available!
13:40:58.910 [main] DEBUG org.testcontainers.containers.output.WaitingConsumer - STDERR: 2024/02/05 12:40:58 Started!
13:40:58.911 [main] DEBUG com.github.dockerjava.zerodep.shaded.org.apache.hc.client5.http.impl.classic.InternalHttpClient - ep-00000008: cancel
13:40:58.911 [main] DEBUG com.github.dockerjava.zerodep.shaded.org.apache.hc.client5.http.impl.io.DefaultManagedHttpClientConnection - http-outgoing-0: close connection IMMEDIATE
13:40:58.911 [main] DEBUG com.github.dockerjava.zerodep.shaded.org.apache.hc.client5.http.impl.classic.InternalHttpClient - ep-00000008: endpoint closed
13:40:58.911 [main] DEBUG com.github.dockerjava.zerodep.shaded.org.apache.hc.client5.http.impl.classic.InternalHttpClient - ep-00000008: discarding endpoint
13:40:58.911 [main] DEBUG com.github.dockerjava.zerodep.shaded.org.apache.hc.client5.http.impl.io.PoolingHttpClientConnectionManager - ep-00000008: releasing endpoint
13:40:58.911 [main] DEBUG com.github.dockerjava.zerodep.shaded.org.apache.hc.client5.http.impl.io.PoolingHttpClientConnectionManager - ep-00000008: connection is not kept alive
13:40:58.912 [main] DEBUG com.github.dockerjava.zerodep.shaded.org.apache.hc.client5.http.impl.io.PoolingHttpClientConnectionManager - ep-00000008: connection released [route: {}->unix://localhost:2375][total available: 0; route allocated: 0 of 2147483647; total allocated: 0 of 2147483647]
13:40:58.912 [main] INFO  tc.testcontainers/ryuk:0.5.1 - Container testcontainers/ryuk:0.5.1 started in PT0.771882876S
13:40:58.911 [docker-java-stream-855628051] DEBUG com.github.dockerjava.zerodep.ApacheDockerHttpClientImpl$ApacheResponse - Failed to close the response
java.nio.channels.ClosedChannelException: null
	at java.base/sun.nio.ch.SocketChannelImpl.ensureOpenAndConnected(SocketChannelImpl.java:222)
	at java.base/sun.nio.ch.SocketChannelImpl.blockingRead(SocketChannelImpl.java:1306)
	at java.base/sun.nio.ch.SocketInputStream.read(SocketInputStream.java:70)
	at com.github.dockerjava.zerodep.shaded.org.apache.hc.core5.http.impl.io.SessionInputBufferImpl.fillBuffer(SessionInputBufferImpl.java:149)
	at com.github.dockerjava.zerodep.shaded.org.apache.hc.core5.http.impl.io.SessionInputBufferImpl.readLine(SessionInputBufferImpl.java:280)
	at com.github.dockerjava.zerodep.shaded.org.apache.hc.core5.http.impl.io.ChunkedInputStream.getChunkSize(ChunkedInputStream.java:261)
	at com.github.dockerjava.zerodep.shaded.org.apache.hc.core5.http.impl.io.ChunkedInputStream.nextChunk(ChunkedInputStream.java:222)
	at com.github.dockerjava.zerodep.shaded.org.apache.hc.core5.http.impl.io.ChunkedInputStream.read(ChunkedInputStream.java:147)
	at com.github.dockerjava.zerodep.shaded.org.apache.hc.core5.http.impl.io.ChunkedInputStream.close(ChunkedInputStream.java:314)
	at com.github.dockerjava.zerodep.shaded.org.apache.hc.core5.io.Closer.close(Closer.java:48)
	at com.github.dockerjava.zerodep.shaded.org.apache.hc.core5.http.impl.io.IncomingHttpEntity.close(IncomingHttpEntity.java:111)
	at com.github.dockerjava.zerodep.shaded.org.apache.hc.core5.http.io.entity.HttpEntityWrapper.close(HttpEntityWrapper.java:120)
	at com.github.dockerjava.zerodep.shaded.org.apache.hc.core5.io.Closer.close(Closer.java:48)
	at com.github.dockerjava.zerodep.shaded.org.apache.hc.core5.http.message.BasicClassicHttpResponse.close(BasicClassicHttpResponse.java:93)
	at com.github.dockerjava.zerodep.shaded.org.apache.hc.client5.http.impl.classic.CloseableHttpResponse.close(CloseableHttpResponse.java:200)
	at com.github.dockerjava.zerodep.ApacheDockerHttpClientImpl$ApacheResponse.close(ApacheDockerHttpClientImpl.java:256)
	at org.testcontainers.shaded.com.github.dockerjava.core.DefaultInvocationBuilder.lambda$executeAndStream$1(DefaultInvocationBuilder.java:277)
	at java.base/java.lang.Thread.run(Thread.java:1583)
13:40:58.915 [testcontainers-ryuk] DEBUG org.testcontainers.utility.ResourceReaper - Sending 'label=org.testcontainers%3Dtrue&label=org.testcontainers.lang%3Djava&label=org.testcontainers.version%3D1.19.0&label=org.testcontainers.sessionId%3D21040e04-f7e5-450c-aa6e-a021d60635fb' to Ryuk
13:40:58.916 [testcontainers-ryuk] DEBUG org.testcontainers.utility.RyukResourceReaper - Received 'ACK' from Ryuk
13:40:58.916 [main] INFO  org.testcontainers.utility.RyukResourceReaper - Ryuk started - will monitor and terminate Testcontainers containers on JVM exit
13:40:58.916 [main] DEBUG org.testcontainers.DockerClientFactory - Checks are enabled
13:40:58.916 [main] INFO  org.testcontainers.DockerClientFactory - Checking the system...
13:40:58.917 [main] INFO  org.testcontainers.DockerClientFactory - ✔︎ Docker server version should be at least 1.6.0
13:40:58.917 [main] DEBUG org.testcontainers.utility.PrefixingImageNameSubstitutor - No prefix is configured
13:40:58.917 [main] DEBUG org.testcontainers.utility.ImageNameSubstitutor - Did not find a substitute image for postgres:16.0 (using image substitutor: DefaultImageNameSubstitutor (composite of 'ConfigurationFileImageNameSubstitutor' and 'PrefixingImageNameSubstitutor'))
13:40:58.917 [main] DEBUG org.testcontainers.images.AbstractImagePullPolicy - Using locally available and not pulling image: postgres:16.0
13:40:58.917 [main] INFO  tc.postgres:16.0 - Creating container for image: postgres:16.0
13:40:58.918 [main] DEBUG org.testcontainers.utility.RegistryAuthLocator - Looking up auth config for image: postgres:16.0 at registry: https://index.docker.io/v1/
13:40:58.918 [main] DEBUG org.testcontainers.utility.RegistryAuthLocator - Cached auth found: [AuthConfig{username=itdriveview, password=hidden non-blank value, auth=hidden non-blank value, email=null, registryAddress=https://index.docker.io/v1/, registryToken=blank}]
13:40:58.918 [main] DEBUG org.testcontainers.dockerclient.AuthDelegatingDockerClientConfig - Effective auth config [AuthConfig{username=itdriveview, password=hidden non-blank value, auth=hidden non-blank value, email=null, registryAddress=https://index.docker.io/v1/, registryToken=blank}]
13:40:58.918 [main] DEBUG org.testcontainers.shaded.com.github.dockerjava.core.command.AbstrDockerCmd - Cmd: org.testcontainers.shaded.com.github.dockerjava.core.command.CreateContainerCmdImpl@52b6319f[aliases=<null>,argsEscaped=<null>,attachStderr=<null>,attachStdin=<null>,attachStdout=<null>,authConfig=AuthConfig(username=itdriveview, email=null, registryAddress=https://index.docker.io/v1/, stackOrchestrator=null),cmd={postgres,-c,fsync=off},domainName=<null>,entrypoint=<null>,env={POSTGRES_USER=test,POSTGRES_PASSWORD=test,POSTGRES_DB=test},exposedPorts=ExposedPorts(exposedPorts=[5432/tcp]),healthcheck=<null>,hostConfig=HostConfig(binds=[], blkioWeight=null, blkioWeightDevice=null, blkioDeviceReadBps=null, blkioDeviceWriteBps=null, blkioDeviceReadIOps=null, blkioDeviceWriteIOps=null, memorySwappiness=null, nanoCPUs=null, capAdd=null, capDrop=null, containerIDFile=null, cpuPeriod=null, cpuRealtimePeriod=null, cpuRealtimeRuntime=null, cpuShares=null, cpuQuota=null, cpusetCpus=null, cpusetMems=null, devices=null, deviceCgroupRules=null, deviceRequests=null, diskQuota=null, dns=null, dnsOptions=null, dnsSearch=null, extraHosts=[], groupAdd=null, ipcMode=null, cgroup=null, links=[], logConfig=LogConfig(type=null, config=null), lxcConf=null, memory=null, memorySwap=null, memoryReservation=null, kernelMemory=null, networkMode=null, oomKillDisable=null, init=null, autoRemove=null, oomScoreAdj=null, portBindings={5432/tcp=[Lcom.github.dockerjava.api.model.Ports$Binding;@215a34b4}, privileged=null, publishAllPorts=null, readonlyRootfs=null, restartPolicy=null, ulimits=null, cpuCount=null, cpuPercent=null, ioMaximumIOps=null, ioMaximumBandwidth=null, volumesFrom=[], mounts=null, pidMode=null, isolation=null, securityOpts=null, storageOpt=null, cgroupParent=null, volumeDriver=null, shmSize=null, pidsLimit=null, runtime=null, tmpFs=null, utSMode=null, usernsMode=null, sysctls=null, consoleSize=null, cgroupnsMode=null),hostName=<null>,image=postgres:16.0,ipv4Address=<null>,ipv6Address=<null>,labels={org.testcontainers=true, org.testcontainers.lang=java, org.testcontainers.version=1.19.0, org.testcontainers.sessionId=21040e04-f7e5-450c-aa6e-a021d60635fb},macAddress=<null>,name=<null>,networkDisabled=<null>,networkingConfig=<null>,onBuild=<null>,platform=<null>,portSpecs=<null>,shell=<null>,stdInOnce=<null>,stdinOpen=<null>,stopSignal=<null>,stopTimeout=<null>,tty=<null>,user=<null>,volumes=Volumes(volumes=[]),workingDir=<null>]
13:40:58.921 [main] DEBUG com.github.dockerjava.zerodep.shaded.org.apache.hc.client5.http.impl.classic.InternalHttpClient - ex-0000000A: preparing request execution
13:40:58.921 [main] DEBUG com.github.dockerjava.zerodep.shaded.org.apache.hc.client5.http.protocol.RequestAddCookies - Cookie spec selected: strict
13:40:58.921 [main] DEBUG com.github.dockerjava.zerodep.shaded.org.apache.hc.client5.http.protocol.RequestAuthCache - Auth cache not set in the context
13:40:58.921 [main] DEBUG com.github.dockerjava.zerodep.shaded.org.apache.hc.client5.http.impl.classic.ProtocolExec - ex-0000000A: target auth state: UNCHALLENGED
13:40:58.921 [main] DEBUG com.github.dockerjava.zerodep.shaded.org.apache.hc.client5.http.impl.classic.ProtocolExec - ex-0000000A: proxy auth state: UNCHALLENGED
13:40:58.921 [main] DEBUG com.github.dockerjava.zerodep.shaded.org.apache.hc.client5.http.impl.classic.ConnectExec - ex-0000000A: acquiring connection with route {}->unix://localhost:2375
13:40:58.921 [main] DEBUG com.github.dockerjava.zerodep.shaded.org.apache.hc.client5.http.impl.classic.InternalHttpClient - ex-0000000A: acquiring endpoint (3 MINUTES)
13:40:58.921 [main] DEBUG com.github.dockerjava.zerodep.shaded.org.apache.hc.client5.http.impl.io.PoolingHttpClientConnectionManager - ex-0000000A: endpoint lease request (3 MINUTES) [route: {}->unix://localhost:2375][total available: 0; route allocated: 0 of 2147483647; total allocated: 0 of 2147483647]
13:40:58.922 [main] DEBUG com.github.dockerjava.zerodep.shaded.org.apache.hc.client5.http.impl.io.PoolingHttpClientConnectionManager - ex-0000000A: endpoint leased [route: {}->unix://localhost:2375][total available: 0; route allocated: 1 of 2147483647; total allocated: 1 of 2147483647]
13:40:58.922 [main] DEBUG com.github.dockerjava.zerodep.shaded.org.apache.hc.client5.http.impl.io.PoolingHttpClientConnectionManager - ex-0000000A: acquired ep-00000009
13:40:58.922 [main] DEBUG com.github.dockerjava.zerodep.shaded.org.apache.hc.client5.http.impl.classic.InternalHttpClient - ex-0000000A: acquired endpoint ep-00000009
13:40:58.922 [main] DEBUG com.github.dockerjava.zerodep.shaded.org.apache.hc.client5.http.impl.classic.ConnectExec - ex-0000000A: opening connection {}->unix://localhost:2375
13:40:58.922 [main] DEBUG com.github.dockerjava.zerodep.shaded.org.apache.hc.client5.http.impl.classic.InternalHttpClient - ep-00000009: connecting endpoint (3 MINUTES)
13:40:58.922 [main] DEBUG com.github.dockerjava.zerodep.shaded.org.apache.hc.client5.http.impl.io.PoolingHttpClientConnectionManager - ep-00000009: connecting endpoint to unix://localhost:2375 (3 MINUTES)
13:40:58.922 [main] DEBUG com.github.dockerjava.zerodep.shaded.org.apache.hc.client5.http.impl.io.DefaultHttpClientConnectionOperator - http-outgoing-1: connecting to localhost/127.0.0.1:2375
13:40:58.922 [main] DEBUG com.github.dockerjava.zerodep.shaded.org.apache.hc.client5.http.impl.io.DefaultHttpClientConnectionOperator - http-outgoing-1: connection established /var/run/docker.sock<->/var/run/docker.sock
13:40:58.923 [main] DEBUG com.github.dockerjava.zerodep.shaded.org.apache.hc.client5.http.impl.io.PoolingHttpClientConnectionManager - ep-00000009: connected http-outgoing-1
13:40:58.923 [main] DEBUG com.github.dockerjava.zerodep.shaded.org.apache.hc.client5.http.impl.classic.InternalHttpClient - ep-00000009: endpoint connected
13:40:58.923 [main] DEBUG com.github.dockerjava.zerodep.shaded.org.apache.hc.client5.http.impl.classic.MainClientExec - ex-0000000A: executing POST /v1.32/containers/create HTTP/1.1
13:40:58.923 [main] DEBUG com.github.dockerjava.zerodep.shaded.org.apache.hc.client5.http.impl.classic.InternalHttpClient - ep-00000009: start execution ex-0000000A
13:40:58.923 [main] DEBUG com.github.dockerjava.zerodep.shaded.org.apache.hc.client5.http.impl.io.PoolingHttpClientConnectionManager - ep-00000009: executing exchange ex-0000000A over http-outgoing-1
13:40:58.923 [main] DEBUG com.github.dockerjava.zerodep.shaded.org.apache.hc.client5.http.headers - http-outgoing-1 >> POST /v1.32/containers/create HTTP/1.1
13:40:58.923 [main] DEBUG com.github.dockerjava.zerodep.shaded.org.apache.hc.client5.http.headers - http-outgoing-1 >> X-Registry-Auth: eyJ1c2VybmFtZSI6Iml0ZHJpdmV2aWV3IiwicGFzc3dvcmQiOiIjQ29tcHV0aW5nMDYwNyIsImVtYWlsIjpudWxsLCJzZXJ2ZXJhZGRyZXNzIjoiaHR0cHM6Ly9pbmRleC5kb2NrZXIuaW8vdjEvIiwiYXV0aCI6ImFYUmtjbWwyWlhacFpYYzZJME52YlhCMWRHbHVaekEyTURjPSIsInJlZ2lzdHJ5dG9rZW4iOm51bGwsImlkZW50aXR5dG9rZW4iOm51bGwsInN0YWNrT3JjaGVzdHJhdG9yIjpudWxsfQ==
13:40:58.923 [main] DEBUG com.github.dockerjava.zerodep.shaded.org.apache.hc.client5.http.headers - http-outgoing-1 >> accept: application/json
13:40:58.923 [main] DEBUG com.github.dockerjava.zerodep.shaded.org.apache.hc.client5.http.headers - http-outgoing-1 >> content-type: application/json
13:40:58.923 [main] DEBUG com.github.dockerjava.zerodep.shaded.org.apache.hc.client5.http.headers - http-outgoing-1 >> x-tc-sid: 21040e04-f7e5-450c-aa6e-a021d60635fb
13:40:58.924 [main] DEBUG com.github.dockerjava.zerodep.shaded.org.apache.hc.client5.http.headers - http-outgoing-1 >> User-Agent: tc-java/1.19.0
13:40:58.924 [main] DEBUG com.github.dockerjava.zerodep.shaded.org.apache.hc.client5.http.headers - http-outgoing-1 >> Accept-Encoding: gzip, x-gzip, deflate
13:40:58.924 [main] DEBUG com.github.dockerjava.zerodep.shaded.org.apache.hc.client5.http.headers - http-outgoing-1 >> Content-Length: 2057
13:40:58.924 [main] DEBUG com.github.dockerjava.zerodep.shaded.org.apache.hc.client5.http.headers - http-outgoing-1 >> Host: localhost:2375
13:40:58.924 [main] DEBUG com.github.dockerjava.zerodep.shaded.org.apache.hc.client5.http.headers - http-outgoing-1 >> Connection: keep-alive
13:40:58.957 [main] DEBUG com.github.dockerjava.zerodep.shaded.org.apache.hc.client5.http.headers - http-outgoing-1 << HTTP/1.1 201 Created
13:40:58.957 [main] DEBUG com.github.dockerjava.zerodep.shaded.org.apache.hc.client5.http.headers - http-outgoing-1 << Api-Version: 1.41
13:40:58.957 [main] DEBUG com.github.dockerjava.zerodep.shaded.org.apache.hc.client5.http.headers - http-outgoing-1 << Content-Type: application/json
13:40:58.957 [main] DEBUG com.github.dockerjava.zerodep.shaded.org.apache.hc.client5.http.headers - http-outgoing-1 << Docker-Experimental: false
13:40:58.957 [main] DEBUG com.github.dockerjava.zerodep.shaded.org.apache.hc.client5.http.headers - http-outgoing-1 << Ostype: linux
13:40:58.957 [main] DEBUG com.github.dockerjava.zerodep.shaded.org.apache.hc.client5.http.headers - http-outgoing-1 << Server: Docker/20.10.21 (linux)
13:40:58.957 [main] DEBUG com.github.dockerjava.zerodep.shaded.org.apache.hc.client5.http.headers - http-outgoing-1 << Date: Mon, 05 Feb 2024 12:40:58 GMT
13:40:58.957 [main] DEBUG com.github.dockerjava.zerodep.shaded.org.apache.hc.client5.http.headers - http-outgoing-1 << Content-Length: 88
13:40:58.957 [main] DEBUG com.github.dockerjava.zerodep.shaded.org.apache.hc.client5.http.impl.classic.MainClientExec - ex-0000000A: connection can be kept alive for 3 MINUTES
13:40:58.958 [main] DEBUG com.github.dockerjava.zerodep.shaded.org.apache.hc.client5.http.impl.classic.InternalHttpClient - ep-00000009: releasing valid endpoint
13:40:58.958 [main] DEBUG com.github.dockerjava.zerodep.shaded.org.apache.hc.client5.http.impl.io.PoolingHttpClientConnectionManager - ep-00000009: releasing endpoint
13:40:58.958 [main] DEBUG com.github.dockerjava.zerodep.shaded.org.apache.hc.client5.http.impl.io.PoolingHttpClientConnectionManager - ep-00000009: connection http-outgoing-1 can be kept alive for 3 MINUTES
13:40:58.958 [main] DEBUG com.github.dockerjava.zerodep.shaded.org.apache.hc.client5.http.impl.io.PoolingHttpClientConnectionManager - ep-00000009: connection released [route: {}->unix://localhost:2375][total available: 1; route allocated: 1 of 2147483647; total allocated: 1 of 2147483647]
13:40:58.958 [main] INFO  tc.postgres:16.0 - Container postgres:16.0 is starting: 39cd6583fd7d38689755a21d546386d365de59839920f8afe15c25619de5518d
13:40:58.958 [main] DEBUG org.testcontainers.shaded.com.github.dockerjava.core.command.AbstrDockerCmd - Cmd: 39cd6583fd7d38689755a21d546386d365de59839920f8afe15c25619de5518d
13:40:58.959 [main] DEBUG com.github.dockerjava.zerodep.shaded.org.apache.hc.client5.http.impl.classic.InternalHttpClient - ex-0000000B: preparing request execution
13:40:58.959 [main] DEBUG com.github.dockerjava.zerodep.shaded.org.apache.hc.client5.http.protocol.RequestAddCookies - Cookie spec selected: strict
13:40:58.959 [main] DEBUG com.github.dockerjava.zerodep.shaded.org.apache.hc.client5.http.protocol.RequestAuthCache - Auth cache not set in the context
13:40:58.959 [main] DEBUG com.github.dockerjava.zerodep.shaded.org.apache.hc.client5.http.impl.classic.ProtocolExec - ex-0000000B: target auth state: UNCHALLENGED
13:40:58.959 [main] DEBUG com.github.dockerjava.zerodep.shaded.org.apache.hc.client5.http.impl.classic.ProtocolExec - ex-0000000B: proxy auth state: UNCHALLENGED
13:40:58.959 [main] DEBUG com.github.dockerjava.zerodep.shaded.org.apache.hc.client5.http.impl.classic.ConnectExec - ex-0000000B: acquiring connection with route {}->unix://localhost:2375
13:40:58.959 [main] DEBUG com.github.dockerjava.zerodep.shaded.org.apache.hc.client5.http.impl.classic.InternalHttpClient - ex-0000000B: acquiring endpoint (3 MINUTES)
13:40:58.959 [main] DEBUG com.github.dockerjava.zerodep.shaded.org.apache.hc.client5.http.impl.io.PoolingHttpClientConnectionManager - ex-0000000B: endpoint lease request (3 MINUTES) [route: {}->unix://localhost:2375][total available: 1; route allocated: 1 of 2147483647; total allocated: 1 of 2147483647]
13:40:58.959 [main] DEBUG com.github.dockerjava.zerodep.shaded.org.apache.hc.client5.http.impl.io.PoolingHttpClientConnectionManager - ex-0000000B: endpoint leased [route: {}->unix://localhost:2375][total available: 0; route allocated: 1 of 2147483647; total allocated: 1 of 2147483647]
13:40:58.960 [main] DEBUG com.github.dockerjava.zerodep.shaded.org.apache.hc.client5.http.impl.io.PoolingHttpClientConnectionManager - ex-0000000B: acquired ep-0000000A
13:40:58.960 [main] DEBUG com.github.dockerjava.zerodep.shaded.org.apache.hc.client5.http.impl.classic.InternalHttpClient - ex-0000000B: acquired endpoint ep-0000000A
13:40:58.960 [main] DEBUG com.github.dockerjava.zerodep.shaded.org.apache.hc.client5.http.impl.classic.MainClientExec - ex-0000000B: executing POST /v1.32/containers/39cd6583fd7d38689755a21d546386d365de59839920f8afe15c25619de5518d/start HTTP/1.1
13:40:58.960 [main] DEBUG com.github.dockerjava.zerodep.shaded.org.apache.hc.client5.http.impl.classic.InternalHttpClient - ep-0000000A: start execution ex-0000000B
13:40:58.960 [main] DEBUG com.github.dockerjava.zerodep.shaded.org.apache.hc.client5.http.impl.io.PoolingHttpClientConnectionManager - ep-0000000A: executing exchange ex-0000000B over http-outgoing-1
13:40:58.960 [main] DEBUG com.github.dockerjava.zerodep.shaded.org.apache.hc.client5.http.headers - http-outgoing-1 >> POST /v1.32/containers/39cd6583fd7d38689755a21d546386d365de59839920f8afe15c25619de5518d/start HTTP/1.1
13:40:58.960 [main] DEBUG com.github.dockerjava.zerodep.shaded.org.apache.hc.client5.http.headers - http-outgoing-1 >> accept: application/json
13:40:58.960 [main] DEBUG com.github.dockerjava.zerodep.shaded.org.apache.hc.client5.http.headers - http-outgoing-1 >> content-type: application/json
13:40:58.960 [main] DEBUG com.github.dockerjava.zerodep.shaded.org.apache.hc.client5.http.headers - http-outgoing-1 >> x-tc-sid: 21040e04-f7e5-450c-aa6e-a021d60635fb
13:40:58.960 [main] DEBUG com.github.dockerjava.zerodep.shaded.org.apache.hc.client5.http.headers - http-outgoing-1 >> User-Agent: tc-java/1.19.0
13:40:58.960 [main] DEBUG com.github.dockerjava.zerodep.shaded.org.apache.hc.client5.http.headers - http-outgoing-1 >> Accept-Encoding: gzip, x-gzip, deflate
13:40:58.960 [main] DEBUG com.github.dockerjava.zerodep.shaded.org.apache.hc.client5.http.headers - http-outgoing-1 >> Host: localhost:2375
13:40:58.960 [main] DEBUG com.github.dockerjava.zerodep.shaded.org.apache.hc.client5.http.headers - http-outgoing-1 >> Connection: keep-alive
13:40:59.382 [main] DEBUG com.github.dockerjava.zerodep.shaded.org.apache.hc.client5.http.headers - http-outgoing-1 << HTTP/1.1 204 No Content
13:40:59.383 [main] DEBUG com.github.dockerjava.zerodep.shaded.org.apache.hc.client5.http.headers - http-outgoing-1 << Api-Version: 1.41
13:40:59.383 [main] DEBUG com.github.dockerjava.zerodep.shaded.org.apache.hc.client5.http.headers - http-outgoing-1 << Docker-Experimental: false
13:40:59.383 [main] DEBUG com.github.dockerjava.zerodep.shaded.org.apache.hc.client5.http.headers - http-outgoing-1 << Ostype: linux
13:40:59.383 [main] DEBUG com.github.dockerjava.zerodep.shaded.org.apache.hc.client5.http.headers - http-outgoing-1 << Server: Docker/20.10.21 (linux)
13:40:59.383 [main] DEBUG com.github.dockerjava.zerodep.shaded.org.apache.hc.client5.http.headers - http-outgoing-1 << Date: Mon, 05 Feb 2024 12:40:59 GMT
13:40:59.383 [main] DEBUG com.github.dockerjava.zerodep.shaded.org.apache.hc.client5.http.impl.classic.MainClientExec - ex-0000000B: connection can be kept alive for 3 MINUTES
13:40:59.384 [main] DEBUG com.github.dockerjava.zerodep.shaded.org.apache.hc.client5.http.impl.classic.InternalHttpClient - ep-0000000A: releasing valid endpoint
13:40:59.384 [main] DEBUG com.github.dockerjava.zerodep.shaded.org.apache.hc.client5.http.impl.io.PoolingHttpClientConnectionManager - ep-0000000A: releasing endpoint
13:40:59.384 [main] DEBUG com.github.dockerjava.zerodep.shaded.org.apache.hc.client5.http.impl.io.PoolingHttpClientConnectionManager - ep-0000000A: connection http-outgoing-1 can be kept alive for 3 MINUTES
13:40:59.384 [main] DEBUG com.github.dockerjava.zerodep.shaded.org.apache.hc.client5.http.impl.io.PoolingHttpClientConnectionManager - ep-0000000A: connection released [route: {}->unix://localhost:2375][total available: 1; route allocated: 1 of 2147483647; total allocated: 1 of 2147483647]
13:40:59.385 [main] DEBUG org.testcontainers.shaded.com.github.dockerjava.core.command.AbstrDockerCmd - Cmd: 39cd6583fd7d38689755a21d546386d365de59839920f8afe15c25619de5518d,false
13:40:59.385 [main] DEBUG org.testcontainers.shaded.com.github.dockerjava.core.exec.InspectContainerCmdExec - GET: DefaultWebTarget{path=[/containers/39cd6583fd7d38689755a21d546386d365de59839920f8afe15c25619de5518d/json], queryParams={}}
13:40:59.386 [main] DEBUG com.github.dockerjava.zerodep.shaded.org.apache.hc.client5.http.impl.classic.InternalHttpClient - ex-0000000C: preparing request execution
13:40:59.386 [main] DEBUG com.github.dockerjava.zerodep.shaded.org.apache.hc.client5.http.protocol.RequestAddCookies - Cookie spec selected: strict
13:40:59.387 [main] DEBUG com.github.dockerjava.zerodep.shaded.org.apache.hc.client5.http.protocol.RequestAuthCache - Auth cache not set in the context
13:40:59.387 [main] DEBUG com.github.dockerjava.zerodep.shaded.org.apache.hc.client5.http.impl.classic.ProtocolExec - ex-0000000C: target auth state: UNCHALLENGED
13:40:59.387 [main] DEBUG com.github.dockerjava.zerodep.shaded.org.apache.hc.client5.http.impl.classic.ProtocolExec - ex-0000000C: proxy auth state: UNCHALLENGED
13:40:59.387 [main] DEBUG com.github.dockerjava.zerodep.shaded.org.apache.hc.client5.http.impl.classic.ConnectExec - ex-0000000C: acquiring connection with route {}->unix://localhost:2375
13:40:59.387 [main] DEBUG com.github.dockerjava.zerodep.shaded.org.apache.hc.client5.http.impl.classic.InternalHttpClient - ex-0000000C: acquiring endpoint (3 MINUTES)
13:40:59.387 [main] DEBUG com.github.dockerjava.zerodep.shaded.org.apache.hc.client5.http.impl.io.PoolingHttpClientConnectionManager - ex-0000000C: endpoint lease request (3 MINUTES) [route: {}->unix://localhost:2375][total available: 1; route allocated: 1 of 2147483647; total allocated: 1 of 2147483647]
13:40:59.388 [main] DEBUG com.github.dockerjava.zerodep.shaded.org.apache.hc.client5.http.impl.io.PoolingHttpClientConnectionManager - ex-0000000C: endpoint leased [route: {}->unix://localhost:2375][total available: 0; route allocated: 1 of 2147483647; total allocated: 1 of 2147483647]
13:40:59.388 [main] DEBUG com.github.dockerjava.zerodep.shaded.org.apache.hc.client5.http.impl.io.PoolingHttpClientConnectionManager - ex-0000000C: acquired ep-0000000B
13:40:59.388 [main] DEBUG com.github.dockerjava.zerodep.shaded.org.apache.hc.client5.http.impl.classic.InternalHttpClient - ex-0000000C: acquired endpoint ep-0000000B
13:40:59.388 [main] DEBUG com.github.dockerjava.zerodep.shaded.org.apache.hc.client5.http.impl.classic.MainClientExec - ex-0000000C: executing GET /v1.32/containers/39cd6583fd7d38689755a21d546386d365de59839920f8afe15c25619de5518d/json HTTP/1.1
13:40:59.388 [main] DEBUG com.github.dockerjava.zerodep.shaded.org.apache.hc.client5.http.impl.classic.InternalHttpClient - ep-0000000B: start execution ex-0000000C
13:40:59.389 [main] DEBUG com.github.dockerjava.zerodep.shaded.org.apache.hc.client5.http.impl.io.PoolingHttpClientConnectionManager - ep-0000000B: executing exchange ex-0000000C over http-outgoing-1
13:40:59.389 [main] DEBUG com.github.dockerjava.zerodep.shaded.org.apache.hc.client5.http.headers - http-outgoing-1 >> GET /v1.32/containers/39cd6583fd7d38689755a21d546386d365de59839920f8afe15c25619de5518d/json HTTP/1.1
13:40:59.389 [main] DEBUG com.github.dockerjava.zerodep.shaded.org.apache.hc.client5.http.headers - http-outgoing-1 >> accept: application/json
13:40:59.389 [main] DEBUG com.github.dockerjava.zerodep.shaded.org.apache.hc.client5.http.headers - http-outgoing-1 >> x-tc-sid: 21040e04-f7e5-450c-aa6e-a021d60635fb
13:40:59.389 [main] DEBUG com.github.dockerjava.zerodep.shaded.org.apache.hc.client5.http.headers - http-outgoing-1 >> User-Agent: tc-java/1.19.0
13:40:59.389 [main] DEBUG com.github.dockerjava.zerodep.shaded.org.apache.hc.client5.http.headers - http-outgoing-1 >> Accept-Encoding: gzip, x-gzip, deflate
13:40:59.390 [main] DEBUG com.github.dockerjava.zerodep.shaded.org.apache.hc.client5.http.headers - http-outgoing-1 >> Host: localhost:2375
13:40:59.390 [main] DEBUG com.github.dockerjava.zerodep.shaded.org.apache.hc.client5.http.headers - http-outgoing-1 >> Connection: keep-alive
13:40:59.391 [main] DEBUG com.github.dockerjava.zerodep.shaded.org.apache.hc.client5.http.headers - http-outgoing-1 << HTTP/1.1 200 OK
13:40:59.392 [main] DEBUG com.github.dockerjava.zerodep.shaded.org.apache.hc.client5.http.headers - http-outgoing-1 << Api-Version: 1.41
13:40:59.392 [main] DEBUG com.github.dockerjava.zerodep.shaded.org.apache.hc.client5.http.headers - http-outgoing-1 << Content-Type: application/json
13:40:59.392 [main] DEBUG com.github.dockerjava.zerodep.shaded.org.apache.hc.client5.http.headers - http-outgoing-1 << Docker-Experimental: false
13:40:59.392 [main] DEBUG com.github.dockerjava.zerodep.shaded.org.apache.hc.client5.http.headers - http-outgoing-1 << Ostype: linux
13:40:59.392 [main] DEBUG com.github.dockerjava.zerodep.shaded.org.apache.hc.client5.http.headers - http-outgoing-1 << Server: Docker/20.10.21 (linux)
13:40:59.392 [main] DEBUG com.github.dockerjava.zerodep.shaded.org.apache.hc.client5.http.headers - http-outgoing-1 << Date: Mon, 05 Feb 2024 12:40:59 GMT
13:40:59.393 [main] DEBUG com.github.dockerjava.zerodep.shaded.org.apache.hc.client5.http.headers - http-outgoing-1 << Transfer-Encoding: chunked
13:40:59.393 [main] DEBUG com.github.dockerjava.zerodep.shaded.org.apache.hc.client5.http.impl.classic.MainClientExec - ex-0000000C: connection can be kept alive for 3 MINUTES
13:40:59.399 [main] DEBUG com.github.dockerjava.zerodep.shaded.org.apache.hc.client5.http.impl.classic.InternalHttpClient - ep-0000000B: releasing valid endpoint
13:40:59.399 [main] DEBUG com.github.dockerjava.zerodep.shaded.org.apache.hc.client5.http.impl.io.PoolingHttpClientConnectionManager - ep-0000000B: releasing endpoint
13:40:59.399 [main] DEBUG com.github.dockerjava.zerodep.shaded.org.apache.hc.client5.http.impl.io.PoolingHttpClientConnectionManager - ep-0000000B: connection http-outgoing-1 can be kept alive for 3 MINUTES
13:40:59.399 [main] DEBUG com.github.dockerjava.zerodep.shaded.org.apache.hc.client5.http.impl.io.PoolingHttpClientConnectionManager - ep-0000000B: connection released [route: {}->unix://localhost:2375][total available: 1; route allocated: 1 of 2147483647; total allocated: 1 of 2147483647]
13:40:59.400 [main] DEBUG org.testcontainers.shaded.com.github.dockerjava.core.command.AbstrDockerCmd - Cmd: sha256:fbd1be2cbb1f55a77e9e4124c36f4f7e7d9370de26d4325688cc953008984c81
13:40:59.401 [main] DEBUG com.github.dockerjava.zerodep.shaded.org.apache.hc.client5.http.impl.classic.InternalHttpClient - ex-0000000D: preparing request execution
13:40:59.401 [main] DEBUG com.github.dockerjava.zerodep.shaded.org.apache.hc.client5.http.protocol.RequestAddCookies - Cookie spec selected: strict
13:40:59.402 [main] DEBUG com.github.dockerjava.zerodep.shaded.org.apache.hc.client5.http.protocol.RequestAuthCache - Auth cache not set in the context
13:40:59.402 [main] DEBUG com.github.dockerjava.zerodep.shaded.org.apache.hc.client5.http.impl.classic.ProtocolExec - ex-0000000D: target auth state: UNCHALLENGED
13:40:59.402 [main] DEBUG com.github.dockerjava.zerodep.shaded.org.apache.hc.client5.http.impl.classic.ProtocolExec - ex-0000000D: proxy auth state: UNCHALLENGED
13:40:59.402 [main] DEBUG com.github.dockerjava.zerodep.shaded.org.apache.hc.client5.http.impl.classic.ConnectExec - ex-0000000D: acquiring connection with route {}->unix://localhost:2375
13:40:59.402 [main] DEBUG com.github.dockerjava.zerodep.shaded.org.apache.hc.client5.http.impl.classic.InternalHttpClient - ex-0000000D: acquiring endpoint (3 MINUTES)
13:40:59.402 [main] DEBUG com.github.dockerjava.zerodep.shaded.org.apache.hc.client5.http.impl.io.PoolingHttpClientConnectionManager - ex-0000000D: endpoint lease request (3 MINUTES) [route: {}->unix://localhost:2375][total available: 1; route allocated: 1 of 2147483647; total allocated: 1 of 2147483647]
13:40:59.403 [main] DEBUG com.github.dockerjava.zerodep.shaded.org.apache.hc.client5.http.impl.io.PoolingHttpClientConnectionManager - ex-0000000D: endpoint leased [route: {}->unix://localhost:2375][total available: 0; route allocated: 1 of 2147483647; total allocated: 1 of 2147483647]
13:40:59.403 [main] DEBUG com.github.dockerjava.zerodep.shaded.org.apache.hc.client5.http.impl.io.PoolingHttpClientConnectionManager - ex-0000000D: acquired ep-0000000C
13:40:59.403 [main] DEBUG com.github.dockerjava.zerodep.shaded.org.apache.hc.client5.http.impl.classic.InternalHttpClient - ex-0000000D: acquired endpoint ep-0000000C
13:40:59.403 [main] DEBUG com.github.dockerjava.zerodep.shaded.org.apache.hc.client5.http.impl.classic.MainClientExec - ex-0000000D: executing GET /v1.32/images/sha256:fbd1be2cbb1f55a77e9e4124c36f4f7e7d9370de26d4325688cc953008984c81/json HTTP/1.1
13:40:59.404 [main] DEBUG com.github.dockerjava.zerodep.shaded.org.apache.hc.client5.http.impl.classic.InternalHttpClient - ep-0000000C: start execution ex-0000000D
13:40:59.404 [main] DEBUG com.github.dockerjava.zerodep.shaded.org.apache.hc.client5.http.impl.io.PoolingHttpClientConnectionManager - ep-0000000C: executing exchange ex-0000000D over http-outgoing-1
13:40:59.404 [main] DEBUG com.github.dockerjava.zerodep.shaded.org.apache.hc.client5.http.headers - http-outgoing-1 >> GET /v1.32/images/sha256:fbd1be2cbb1f55a77e9e4124c36f4f7e7d9370de26d4325688cc953008984c81/json HTTP/1.1
13:40:59.404 [main] DEBUG com.github.dockerjava.zerodep.shaded.org.apache.hc.client5.http.headers - http-outgoing-1 >> accept: application/json
13:40:59.404 [main] DEBUG com.github.dockerjava.zerodep.shaded.org.apache.hc.client5.http.headers - http-outgoing-1 >> x-tc-sid: 21040e04-f7e5-450c-aa6e-a021d60635fb
13:40:59.405 [main] DEBUG com.github.dockerjava.zerodep.shaded.org.apache.hc.client5.http.headers - http-outgoing-1 >> User-Agent: tc-java/1.19.0
13:40:59.405 [main] DEBUG com.github.dockerjava.zerodep.shaded.org.apache.hc.client5.http.headers - http-outgoing-1 >> Accept-Encoding: gzip, x-gzip, deflate
13:40:59.405 [main] DEBUG com.github.dockerjava.zerodep.shaded.org.apache.hc.client5.http.headers - http-outgoing-1 >> Host: localhost:2375
13:40:59.405 [main] DEBUG com.github.dockerjava.zerodep.shaded.org.apache.hc.client5.http.headers - http-outgoing-1 >> Connection: keep-alive
13:40:59.408 [main] DEBUG com.github.dockerjava.zerodep.shaded.org.apache.hc.client5.http.headers - http-outgoing-1 << HTTP/1.1 200 OK
13:40:59.409 [main] DEBUG com.github.dockerjava.zerodep.shaded.org.apache.hc.client5.http.headers - http-outgoing-1 << Api-Version: 1.41
13:40:59.409 [main] DEBUG com.github.dockerjava.zerodep.shaded.org.apache.hc.client5.http.headers - http-outgoing-1 << Content-Type: application/json
13:40:59.409 [main] DEBUG com.github.dockerjava.zerodep.shaded.org.apache.hc.client5.http.headers - http-outgoing-1 << Docker-Experimental: false
13:40:59.410 [main] DEBUG com.github.dockerjava.zerodep.shaded.org.apache.hc.client5.http.headers - http-outgoing-1 << Ostype: linux
13:40:59.410 [main] DEBUG com.github.dockerjava.zerodep.shaded.org.apache.hc.client5.http.headers - http-outgoing-1 << Server: Docker/20.10.21 (linux)
13:40:59.410 [main] DEBUG com.github.dockerjava.zerodep.shaded.org.apache.hc.client5.http.headers - http-outgoing-1 << Date: Mon, 05 Feb 2024 12:40:59 GMT
13:40:59.410 [main] DEBUG com.github.dockerjava.zerodep.shaded.org.apache.hc.client5.http.headers - http-outgoing-1 << Transfer-Encoding: chunked
13:40:59.411 [main] DEBUG com.github.dockerjava.zerodep.shaded.org.apache.hc.client5.http.impl.classic.MainClientExec - ex-0000000D: connection can be kept alive for 3 MINUTES
13:40:59.414 [main] DEBUG com.github.dockerjava.zerodep.shaded.org.apache.hc.client5.http.impl.classic.InternalHttpClient - ep-0000000C: releasing valid endpoint
13:40:59.414 [main] DEBUG com.github.dockerjava.zerodep.shaded.org.apache.hc.client5.http.impl.io.PoolingHttpClientConnectionManager - ep-0000000C: releasing endpoint
13:40:59.415 [main] DEBUG com.github.dockerjava.zerodep.shaded.org.apache.hc.client5.http.impl.io.PoolingHttpClientConnectionManager - ep-0000000C: connection http-outgoing-1 can be kept alive for 3 MINUTES
13:40:59.415 [main] DEBUG com.github.dockerjava.zerodep.shaded.org.apache.hc.client5.http.impl.io.PoolingHttpClientConnectionManager - ep-0000000C: connection released [route: {}->unix://localhost:2375][total available: 1; route allocated: 1 of 2147483647; total allocated: 1 of 2147483647]
13:40:59.415 [main] DEBUG org.testcontainers.shaded.com.github.dockerjava.core.command.AbstrDockerCmd - Cmd: 
13:40:59.416 [main] DEBUG com.github.dockerjava.zerodep.shaded.org.apache.hc.client5.http.impl.classic.InternalHttpClient - ex-0000000E: preparing request execution
13:40:59.416 [main] DEBUG com.github.dockerjava.zerodep.shaded.org.apache.hc.client5.http.protocol.RequestAddCookies - Cookie spec selected: strict
13:40:59.416 [main] DEBUG com.github.dockerjava.zerodep.shaded.org.apache.hc.client5.http.protocol.RequestAuthCache - Auth cache not set in the context
13:40:59.416 [main] DEBUG com.github.dockerjava.zerodep.shaded.org.apache.hc.client5.http.impl.classic.ProtocolExec - ex-0000000E: target auth state: UNCHALLENGED
13:40:59.416 [main] DEBUG com.github.dockerjava.zerodep.shaded.org.apache.hc.client5.http.impl.classic.ProtocolExec - ex-0000000E: proxy auth state: UNCHALLENGED
13:40:59.416 [main] DEBUG com.github.dockerjava.zerodep.shaded.org.apache.hc.client5.http.impl.classic.ConnectExec - ex-0000000E: acquiring connection with route {}->unix://localhost:2375
13:40:59.417 [main] DEBUG com.github.dockerjava.zerodep.shaded.org.apache.hc.client5.http.impl.classic.InternalHttpClient - ex-0000000E: acquiring endpoint (3 MINUTES)
13:40:59.417 [main] DEBUG com.github.dockerjava.zerodep.shaded.org.apache.hc.client5.http.impl.io.PoolingHttpClientConnectionManager - ex-0000000E: endpoint lease request (3 MINUTES) [route: {}->unix://localhost:2375][total available: 1; route allocated: 1 of 2147483647; total allocated: 1 of 2147483647]
13:40:59.417 [main] DEBUG com.github.dockerjava.zerodep.shaded.org.apache.hc.client5.http.impl.io.PoolingHttpClientConnectionManager - ex-0000000E: endpoint leased [route: {}->unix://localhost:2375][total available: 0; route allocated: 1 of 2147483647; total allocated: 1 of 2147483647]
13:40:59.418 [main] DEBUG com.github.dockerjava.zerodep.shaded.org.apache.hc.client5.http.impl.io.PoolingHttpClientConnectionManager - ex-0000000E: acquired ep-0000000D
13:40:59.418 [main] DEBUG com.github.dockerjava.zerodep.shaded.org.apache.hc.client5.http.impl.classic.InternalHttpClient - ex-0000000E: acquired endpoint ep-0000000D
13:40:59.418 [main] DEBUG com.github.dockerjava.zerodep.shaded.org.apache.hc.client5.http.impl.classic.MainClientExec - ex-0000000E: executing GET /v1.32/version HTTP/1.1
13:40:59.418 [main] DEBUG com.github.dockerjava.zerodep.shaded.org.apache.hc.client5.http.impl.classic.InternalHttpClient - ep-0000000D: start execution ex-0000000E
13:40:59.418 [main] DEBUG com.github.dockerjava.zerodep.shaded.org.apache.hc.client5.http.impl.io.PoolingHttpClientConnectionManager - ep-0000000D: executing exchange ex-0000000E over http-outgoing-1
13:40:59.419 [main] DEBUG com.github.dockerjava.zerodep.shaded.org.apache.hc.client5.http.headers - http-outgoing-1 >> GET /v1.32/version HTTP/1.1
13:40:59.419 [main] DEBUG com.github.dockerjava.zerodep.shaded.org.apache.hc.client5.http.headers - http-outgoing-1 >> accept: application/json
13:40:59.419 [main] DEBUG com.github.dockerjava.zerodep.shaded.org.apache.hc.client5.http.headers - http-outgoing-1 >> x-tc-sid: 21040e04-f7e5-450c-aa6e-a021d60635fb
13:40:59.419 [main] DEBUG com.github.dockerjava.zerodep.shaded.org.apache.hc.client5.http.headers - http-outgoing-1 >> User-Agent: tc-java/1.19.0
13:40:59.419 [main] DEBUG com.github.dockerjava.zerodep.shaded.org.apache.hc.client5.http.headers - http-outgoing-1 >> Accept-Encoding: gzip, x-gzip, deflate
13:40:59.420 [main] DEBUG com.github.dockerjava.zerodep.shaded.org.apache.hc.client5.http.headers - http-outgoing-1 >> Host: localhost:2375
13:40:59.420 [main] DEBUG com.github.dockerjava.zerodep.shaded.org.apache.hc.client5.http.headers - http-outgoing-1 >> Connection: keep-alive
13:40:59.438 [main] DEBUG com.github.dockerjava.zerodep.shaded.org.apache.hc.client5.http.headers - http-outgoing-1 << HTTP/1.1 200 OK
13:40:59.438 [main] DEBUG com.github.dockerjava.zerodep.shaded.org.apache.hc.client5.http.headers - http-outgoing-1 << Api-Version: 1.41
13:40:59.438 [main] DEBUG com.github.dockerjava.zerodep.shaded.org.apache.hc.client5.http.headers - http-outgoing-1 << Content-Type: application/json
13:40:59.438 [main] DEBUG com.github.dockerjava.zerodep.shaded.org.apache.hc.client5.http.headers - http-outgoing-1 << Docker-Experimental: false
13:40:59.439 [main] DEBUG com.github.dockerjava.zerodep.shaded.org.apache.hc.client5.http.headers - http-outgoing-1 << Ostype: linux
13:40:59.439 [main] DEBUG com.github.dockerjava.zerodep.shaded.org.apache.hc.client5.http.headers - http-outgoing-1 << Server: Docker/20.10.21 (linux)
13:40:59.439 [main] DEBUG com.github.dockerjava.zerodep.shaded.org.apache.hc.client5.http.headers - http-outgoing-1 << Date: Mon, 05 Feb 2024 12:40:59 GMT
13:40:59.439 [main] DEBUG com.github.dockerjava.zerodep.shaded.org.apache.hc.client5.http.headers - http-outgoing-1 << Content-Length: 825
13:40:59.439 [main] DEBUG com.github.dockerjava.zerodep.shaded.org.apache.hc.client5.http.impl.classic.MainClientExec - ex-0000000E: connection can be kept alive for 3 MINUTES
13:40:59.441 [main] DEBUG com.github.dockerjava.zerodep.shaded.org.apache.hc.client5.http.impl.classic.InternalHttpClient - ep-0000000D: releasing valid endpoint
13:40:59.441 [main] DEBUG com.github.dockerjava.zerodep.shaded.org.apache.hc.client5.http.impl.io.PoolingHttpClientConnectionManager - ep-0000000D: releasing endpoint
13:40:59.441 [main] DEBUG com.github.dockerjava.zerodep.shaded.org.apache.hc.client5.http.impl.io.PoolingHttpClientConnectionManager - ep-0000000D: connection http-outgoing-1 can be kept alive for 3 MINUTES
13:40:59.442 [main] DEBUG com.github.dockerjava.zerodep.shaded.org.apache.hc.client5.http.impl.io.PoolingHttpClientConnectionManager - ep-0000000D: connection released [route: {}->unix://localhost:2375][total available: 1; route allocated: 1 of 2147483647; total allocated: 1 of 2147483647]
13:40:59.444 [docker-java-stream--1076429990] DEBUG com.github.dockerjava.zerodep.shaded.org.apache.hc.client5.http.impl.classic.InternalHttpClient - ex-0000000F: preparing request execution
13:40:59.444 [docker-java-stream--1076429990] DEBUG com.github.dockerjava.zerodep.shaded.org.apache.hc.client5.http.protocol.RequestAddCookies - Cookie spec selected: strict
13:40:59.444 [docker-java-stream--1076429990] DEBUG com.github.dockerjava.zerodep.shaded.org.apache.hc.client5.http.protocol.RequestAuthCache - Auth cache not set in the context
13:40:59.444 [docker-java-stream--1076429990] DEBUG com.github.dockerjava.zerodep.shaded.org.apache.hc.client5.http.impl.classic.ProtocolExec - ex-0000000F: target auth state: UNCHALLENGED
13:40:59.444 [docker-java-stream--1076429990] DEBUG com.github.dockerjava.zerodep.shaded.org.apache.hc.client5.http.impl.classic.ProtocolExec - ex-0000000F: proxy auth state: UNCHALLENGED
13:40:59.445 [docker-java-stream--1076429990] DEBUG com.github.dockerjava.zerodep.shaded.org.apache.hc.client5.http.impl.classic.ConnectExec - ex-0000000F: acquiring connection with route {}->unix://localhost:2375
13:40:59.445 [docker-java-stream--1076429990] DEBUG com.github.dockerjava.zerodep.shaded.org.apache.hc.client5.http.impl.classic.InternalHttpClient - ex-0000000F: acquiring endpoint (3 MINUTES)
13:40:59.445 [docker-java-stream--1076429990] DEBUG com.github.dockerjava.zerodep.shaded.org.apache.hc.client5.http.impl.io.PoolingHttpClientConnectionManager - ex-0000000F: endpoint lease request (3 MINUTES) [route: {}->unix://localhost:2375][total available: 1; route allocated: 1 of 2147483647; total allocated: 1 of 2147483647]
13:40:59.445 [docker-java-stream--1076429990] DEBUG com.github.dockerjava.zerodep.shaded.org.apache.hc.client5.http.impl.io.PoolingHttpClientConnectionManager - ex-0000000F: endpoint leased [route: {}->unix://localhost:2375][total available: 0; route allocated: 1 of 2147483647; total allocated: 1 of 2147483647]
13:40:59.446 [docker-java-stream--1076429990] DEBUG com.github.dockerjava.zerodep.shaded.org.apache.hc.client5.http.impl.io.PoolingHttpClientConnectionManager - ex-0000000F: acquired ep-0000000E
13:40:59.446 [docker-java-stream--1076429990] DEBUG com.github.dockerjava.zerodep.shaded.org.apache.hc.client5.http.impl.classic.InternalHttpClient - ex-0000000F: acquired endpoint ep-0000000E
13:40:59.446 [docker-java-stream--1076429990] DEBUG com.github.dockerjava.zerodep.shaded.org.apache.hc.client5.http.impl.classic.MainClientExec - ex-0000000F: executing GET /v1.32/containers/39cd6583fd7d38689755a21d546386d365de59839920f8afe15c25619de5518d/logs?stdout=true&stderr=true&follow=true&since=0 HTTP/1.1
13:40:59.446 [docker-java-stream--1076429990] DEBUG com.github.dockerjava.zerodep.shaded.org.apache.hc.client5.http.impl.classic.InternalHttpClient - ep-0000000E: start execution ex-0000000F
13:40:59.446 [docker-java-stream--1076429990] DEBUG com.github.dockerjava.zerodep.shaded.org.apache.hc.client5.http.impl.io.PoolingHttpClientConnectionManager - ep-0000000E: executing exchange ex-0000000F over http-outgoing-1
13:40:59.446 [docker-java-stream--1076429990] DEBUG com.github.dockerjava.zerodep.shaded.org.apache.hc.client5.http.headers - http-outgoing-1 >> GET /v1.32/containers/39cd6583fd7d38689755a21d546386d365de59839920f8afe15c25619de5518d/logs?stdout=true&stderr=true&follow=true&since=0 HTTP/1.1
13:40:59.447 [docker-java-stream--1076429990] DEBUG com.github.dockerjava.zerodep.shaded.org.apache.hc.client5.http.headers - http-outgoing-1 >> x-tc-sid: 21040e04-f7e5-450c-aa6e-a021d60635fb
13:40:59.447 [docker-java-stream--1076429990] DEBUG com.github.dockerjava.zerodep.shaded.org.apache.hc.client5.http.headers - http-outgoing-1 >> User-Agent: tc-java/1.19.0
13:40:59.447 [docker-java-stream--1076429990] DEBUG com.github.dockerjava.zerodep.shaded.org.apache.hc.client5.http.headers - http-outgoing-1 >> Accept-Encoding: gzip, x-gzip, deflate
13:40:59.447 [docker-java-stream--1076429990] DEBUG com.github.dockerjava.zerodep.shaded.org.apache.hc.client5.http.headers - http-outgoing-1 >> Host: localhost:2375
13:40:59.447 [docker-java-stream--1076429990] DEBUG com.github.dockerjava.zerodep.shaded.org.apache.hc.client5.http.headers - http-outgoing-1 >> Connection: keep-alive
13:40:59.448 [docker-java-stream--1076429990] DEBUG com.github.dockerjava.zerodep.shaded.org.apache.hc.client5.http.headers - http-outgoing-1 << HTTP/1.1 200 OK
13:40:59.449 [docker-java-stream--1076429990] DEBUG com.github.dockerjava.zerodep.shaded.org.apache.hc.client5.http.headers - http-outgoing-1 << Api-Version: 1.41
13:40:59.449 [docker-java-stream--1076429990] DEBUG com.github.dockerjava.zerodep.shaded.org.apache.hc.client5.http.headers - http-outgoing-1 << Docker-Experimental: false
13:40:59.449 [docker-java-stream--1076429990] DEBUG com.github.dockerjava.zerodep.shaded.org.apache.hc.client5.http.headers - http-outgoing-1 << Ostype: linux
13:40:59.449 [docker-java-stream--1076429990] DEBUG com.github.dockerjava.zerodep.shaded.org.apache.hc.client5.http.headers - http-outgoing-1 << Server: Docker/20.10.21 (linux)
13:40:59.449 [docker-java-stream--1076429990] DEBUG com.github.dockerjava.zerodep.shaded.org.apache.hc.client5.http.headers - http-outgoing-1 << Date: Mon, 05 Feb 2024 12:40:59 GMT
13:40:59.449 [docker-java-stream--1076429990] DEBUG com.github.dockerjava.zerodep.shaded.org.apache.hc.client5.http.headers - http-outgoing-1 << Transfer-Encoding: chunked
13:40:59.449 [docker-java-stream--1076429990] DEBUG com.github.dockerjava.zerodep.shaded.org.apache.hc.client5.http.impl.classic.MainClientExec - ex-0000000F: connection can be kept alive for 3 MINUTES
13:40:59.516 [main] DEBUG org.testcontainers.containers.output.WaitingConsumer - STDOUT: The files belonging to this database system will be owned by user "postgres".
13:40:59.516 [main] DEBUG org.testcontainers.containers.output.WaitingConsumer - STDOUT: The default text search configuration will be set to "english".
13:40:59.516 [main] DEBUG org.testcontainers.containers.output.WaitingConsumer - STDOUT: 
13:40:59.517 [main] DEBUG org.testcontainers.containers.output.WaitingConsumer - STDOUT: fixing permissions on existing directory /var/lib/postgresql/data ... ok
13:40:59.517 [main] DEBUG org.testcontainers.containers.output.WaitingConsumer - STDOUT: selecting dynamic shared memory implementation ... posix
13:40:59.518 [main] DEBUG org.testcontainers.containers.output.WaitingConsumer - STDOUT: creating subdirectories ... ok
13:40:59.518 [main] DEBUG org.testcontainers.containers.output.WaitingConsumer - STDOUT: Data page checksums are disabled.
13:40:59.518 [main] DEBUG org.testcontainers.containers.output.WaitingConsumer - STDOUT: 
13:40:59.518 [main] DEBUG org.testcontainers.containers.output.WaitingConsumer - STDOUT: The default database encoding has accordingly been set to "UTF8".
13:40:59.519 [main] DEBUG org.testcontainers.containers.output.WaitingConsumer - STDOUT: The database cluster will be initialized with locale "en_US.utf8".
13:40:59.519 [main] DEBUG org.testcontainers.containers.output.WaitingConsumer - STDOUT: 
13:40:59.519 [main] DEBUG org.testcontainers.containers.output.WaitingConsumer - STDOUT: This user must also own the server process.
13:40:59.556 [main] DEBUG org.testcontainers.containers.output.WaitingConsumer - STDOUT: selecting default max_connections ... 100
13:40:59.580 [main] DEBUG org.testcontainers.containers.output.WaitingConsumer - STDOUT: selecting default shared_buffers ... 128MB
13:40:59.602 [main] DEBUG org.testcontainers.containers.output.WaitingConsumer - STDOUT: selecting default time zone ... Etc/UTC
13:40:59.612 [main] DEBUG org.testcontainers.containers.output.WaitingConsumer - STDOUT: creating configuration files ... ok
13:40:59.764 [main] DEBUG org.testcontainers.containers.output.WaitingConsumer - STDOUT: running bootstrap script ... ok
13:41:00.146 [main] DEBUG org.testcontainers.containers.output.WaitingConsumer - STDOUT: performing post-bootstrap initialization ... ok
13:41:00.384 [main] DEBUG org.testcontainers.containers.output.WaitingConsumer - STDOUT: syncing data to disk ... ok
13:41:00.384 [main] DEBUG org.testcontainers.containers.output.WaitingConsumer - STDERR: initdb: hint: You can change this by editing pg_hba.conf or using the option -A, or --auth-local and --auth-host, the next time you run initdb.
13:41:00.384 [main] DEBUG org.testcontainers.containers.output.WaitingConsumer - STDOUT: 
13:41:00.384 [main] DEBUG org.testcontainers.containers.output.WaitingConsumer - STDOUT:     pg_ctl -D /var/lib/postgresql/data -l logfile start
13:41:00.385 [main] DEBUG org.testcontainers.containers.output.WaitingConsumer - STDOUT: 
13:41:00.385 [main] DEBUG org.testcontainers.containers.output.WaitingConsumer - STDOUT: Success. You can now start the database server using:
13:41:00.385 [main] DEBUG org.testcontainers.containers.output.WaitingConsumer - STDERR: initdb: warning: enabling "trust" authentication for local connections
13:41:00.385 [main] DEBUG org.testcontainers.containers.output.WaitingConsumer - STDOUT: 
13:41:00.385 [main] DEBUG org.testcontainers.containers.output.WaitingConsumer - STDOUT: 
13:41:00.435 [main] DEBUG org.testcontainers.containers.output.WaitingConsumer - STDOUT: 2024-02-05 12:41:00.435 UTC [47] LOG:  listening on Unix socket "/var/run/postgresql/.s.PGSQL.5432"
13:41:00.436 [main] DEBUG org.testcontainers.containers.output.WaitingConsumer - STDOUT: waiting for server to start....2024-02-05 12:41:00.435 UTC [47] LOG:  starting PostgreSQL 16.0 (Debian 16.0-1.pgdg120+1) on x86_64-pc-linux-gnu, compiled by gcc (Debian 12.2.0-14) 12.2.0, 64-bit
13:41:00.446 [main] DEBUG org.testcontainers.containers.output.WaitingConsumer - STDOUT: 2024-02-05 12:41:00.440 UTC [47] LOG:  database system is ready to accept connections
13:41:00.446 [main] DEBUG org.testcontainers.containers.output.WaitingConsumer - STDOUT: 2024-02-05 12:41:00.437 UTC [50] LOG:  database system was shut down at 2024-02-05 12:41:00 UTC
13:41:00.511 [main] DEBUG org.testcontainers.containers.output.WaitingConsumer - STDOUT:  done
13:41:00.512 [main] DEBUG org.testcontainers.containers.output.WaitingConsumer - STDOUT: server started
13:41:00.655 [main] DEBUG org.testcontainers.containers.output.WaitingConsumer - STDOUT: CREATE DATABASE
13:41:00.666 [main] DEBUG org.testcontainers.containers.output.WaitingConsumer - STDOUT: 2024-02-05 12:41:00.659 UTC [48] LOG:  checkpoint starting: shutdown immediate
13:41:00.666 [main] DEBUG org.testcontainers.containers.output.WaitingConsumer - STDOUT: 2024-02-05 12:41:00.659 UTC [48] LOG:  shutting down
13:41:00.666 [main] DEBUG org.testcontainers.containers.output.WaitingConsumer - STDOUT: 2024-02-05 12:41:00.659 UTC [47] LOG:  background worker "logical replication launcher" (PID 53) exited with exit code 1
13:41:00.666 [main] DEBUG org.testcontainers.containers.output.WaitingConsumer - STDOUT: .2024-02-05 12:41:00.657 UTC [47] LOG:  aborting any active transactions
13:41:00.666 [main] DEBUG org.testcontainers.containers.output.WaitingConsumer - STDOUT: waiting for server to shut down...2024-02-05 12:41:00.657 UTC [47] LOG:  received fast shutdown request
13:41:00.666 [main] DEBUG org.testcontainers.containers.output.WaitingConsumer - STDOUT: 
13:41:00.666 [main] DEBUG org.testcontainers.containers.output.WaitingConsumer - STDOUT: /usr/local/bin/docker-entrypoint.sh: ignoring /docker-entrypoint-initdb.d/*
13:41:00.667 [main] DEBUG org.testcontainers.containers.output.WaitingConsumer - STDOUT: 
13:41:00.667 [main] DEBUG org.testcontainers.containers.output.WaitingConsumer - STDOUT: 
13:41:00.677 [main] DEBUG org.testcontainers.containers.output.WaitingConsumer - STDOUT: 2024-02-05 12:41:00.674 UTC [47] LOG:  database system is shut down
13:41:00.677 [main] DEBUG org.testcontainers.containers.output.WaitingConsumer - STDOUT: 2024-02-05 12:41:00.667 UTC [48] LOG:  checkpoint complete: wrote 923 buffers (5.6%); 0 WAL file(s) added, 0 removed, 0 recycled; write=0.008 s, sync=0.001 s, total=0.008 s; sync files=0, longest=0.000 s, average=0.000 s; distance=4257 kB, estimate=4257 kB; lsn=0/19130C8, redo lsn=0/19130C8
13:41:00.758 [main] DEBUG org.testcontainers.containers.output.WaitingConsumer - STDOUT:  done
13:41:00.759 [main] DEBUG org.testcontainers.containers.output.WaitingConsumer - STDOUT: server stopped
13:41:00.769 [main] DEBUG org.testcontainers.containers.output.WaitingConsumer - STDOUT: 
13:41:00.770 [main] DEBUG org.testcontainers.containers.output.WaitingConsumer - STDOUT: PostgreSQL init process complete; ready for start up.
13:41:00.770 [main] DEBUG org.testcontainers.containers.output.WaitingConsumer - STDOUT: 
13:41:00.801 [main] DEBUG org.testcontainers.containers.output.WaitingConsumer - STDERR: 2024-02-05 12:41:00.800 UTC [1] LOG:  starting PostgreSQL 16.0 (Debian 16.0-1.pgdg120+1) on x86_64-pc-linux-gnu, compiled by gcc (Debian 12.2.0-14) 12.2.0, 64-bit
13:41:00.801 [main] DEBUG org.testcontainers.containers.output.WaitingConsumer - STDERR: 2024-02-05 12:41:00.800 UTC [1] LOG:  listening on Unix socket "/var/run/postgresql/.s.PGSQL.5432"
13:41:00.801 [main] DEBUG org.testcontainers.containers.output.WaitingConsumer - STDERR: 2024-02-05 12:41:00.800 UTC [1] LOG:  listening on IPv6 address "::", port 5432
13:41:00.801 [main] DEBUG org.testcontainers.containers.output.WaitingConsumer - STDERR: 2024-02-05 12:41:00.800 UTC [1] LOG:  listening on IPv4 address "0.0.0.0", port 5432
13:41:00.811 [main] DEBUG org.testcontainers.containers.output.WaitingConsumer - STDERR: 2024-02-05 12:41:00.807 UTC [1] LOG:  database system is ready to accept connections
13:41:00.812 [main] DEBUG com.github.dockerjava.zerodep.shaded.org.apache.hc.client5.http.impl.classic.InternalHttpClient - ep-0000000E: cancel
13:41:00.812 [main] DEBUG com.github.dockerjava.zerodep.shaded.org.apache.hc.client5.http.impl.io.DefaultManagedHttpClientConnection - http-outgoing-1: close connection IMMEDIATE
13:41:00.812 [main] DEBUG com.github.dockerjava.zerodep.shaded.org.apache.hc.client5.http.impl.classic.InternalHttpClient - ep-0000000E: endpoint closed
13:41:00.812 [main] DEBUG com.github.dockerjava.zerodep.shaded.org.apache.hc.client5.http.impl.classic.InternalHttpClient - ep-0000000E: discarding endpoint
13:41:00.812 [docker-java-stream--1076429990] DEBUG com.github.dockerjava.zerodep.ApacheDockerHttpClientImpl$ApacheResponse - Failed to close the response
java.nio.channels.ClosedChannelException: null
	at java.base/sun.nio.ch.SocketChannelImpl.ensureOpenAndConnected(SocketChannelImpl.java:222)
	at java.base/sun.nio.ch.SocketChannelImpl.blockingRead(SocketChannelImpl.java:1306)
	at java.base/sun.nio.ch.SocketInputStream.read(SocketInputStream.java:70)
	at com.github.dockerjava.zerodep.shaded.org.apache.hc.core5.http.impl.io.SessionInputBufferImpl.fillBuffer(SessionInputBufferImpl.java:149)
	at com.github.dockerjava.zerodep.shaded.org.apache.hc.core5.http.impl.io.SessionInputBufferImpl.readLine(SessionInputBufferImpl.java:280)
	at com.github.dockerjava.zerodep.shaded.org.apache.hc.core5.http.impl.io.ChunkedInputStream.getChunkSize(ChunkedInputStream.java:261)
	at com.github.dockerjava.zerodep.shaded.org.apache.hc.core5.http.impl.io.ChunkedInputStream.nextChunk(ChunkedInputStream.java:222)
	at com.github.dockerjava.zerodep.shaded.org.apache.hc.core5.http.impl.io.ChunkedInputStream.read(ChunkedInputStream.java:147)
	at com.github.dockerjava.zerodep.shaded.org.apache.hc.core5.http.impl.io.ChunkedInputStream.close(ChunkedInputStream.java:314)
	at com.github.dockerjava.zerodep.shaded.org.apache.hc.core5.io.Closer.close(Closer.java:48)
	at com.github.dockerjava.zerodep.shaded.org.apache.hc.core5.http.impl.io.IncomingHttpEntity.close(IncomingHttpEntity.java:111)
	at com.github.dockerjava.zerodep.shaded.org.apache.hc.core5.http.io.entity.HttpEntityWrapper.close(HttpEntityWrapper.java:120)
	at com.github.dockerjava.zerodep.shaded.org.apache.hc.core5.io.Closer.close(Closer.java:48)
	at com.github.dockerjava.zerodep.shaded.org.apache.hc.core5.http.message.BasicClassicHttpResponse.close(BasicClassicHttpResponse.java:93)
	at com.github.dockerjava.zerodep.shaded.org.apache.hc.client5.http.impl.classic.CloseableHttpResponse.close(CloseableHttpResponse.java:200)
	at com.github.dockerjava.zerodep.ApacheDockerHttpClientImpl$ApacheResponse.close(ApacheDockerHttpClientImpl.java:256)
	at org.testcontainers.shaded.com.github.dockerjava.core.DefaultInvocationBuilder.lambda$executeAndStream$1(DefaultInvocationBuilder.java:277)
	at java.base/java.lang.Thread.run(Thread.java:1583)
13:41:00.812 [main] DEBUG com.github.dockerjava.zerodep.shaded.org.apache.hc.client5.http.impl.io.PoolingHttpClientConnectionManager - ep-0000000E: releasing endpoint
13:41:00.812 [main] DEBUG com.github.dockerjava.zerodep.shaded.org.apache.hc.client5.http.impl.io.PoolingHttpClientConnectionManager - ep-0000000E: connection is not kept alive
13:41:00.812 [main] DEBUG com.github.dockerjava.zerodep.shaded.org.apache.hc.client5.http.impl.io.PoolingHttpClientConnectionManager - ep-0000000E: connection released [route: {}->unix://localhost:2375][total available: 0; route allocated: 0 of 2147483647; total allocated: 0 of 2147483647]
13:41:00.812 [main] INFO  tc.postgres:16.0 - Container postgres:16.0 started in PT1.895270365S
13:41:00.813 [main] INFO  tc.postgres:16.0 - Container is started (JDBC URL: jdbc:postgresql://localhost:49209/test?loggerLevel=OFF)
13:41:00.904 [main] INFO  org.springframework.test.context.support.AnnotationConfigContextLoaderUtils - Could not detect default configuration classes for test class [dev.danvega.danson.post.PostControllerIntTest]: PostControllerIntTest does not declare any static, non-private, non-final, nested classes annotated with @Configuration.
13:41:01.038 [main] INFO  org.springframework.boot.test.context.SpringBootTestContextBootstrapper - Found @SpringBootConfiguration dev.danvega.danson.Application for test class dev.danvega.danson.post.PostControllerIntTest

  .   ____          _            __ _ _
 /\\ / ___'_ __ _ _(_)_ __  __ _ \ \ \ \
( ( )\___ | '_ | '_| | '_ \/ _` | \ \ \ \
 \\/  ___)| |_)| | | | | || (_| |  ) ) ) )
  '  |____| .__|_| |_|_| |_\__, | / / / /
 =========|_|==============|___/=/_/_/_/
 :: Spring Boot ::             (v3.2.0-M3)

13:41:01.309 [background-preinit] INFO  org.hibernate.validator.internal.util.Version - HV000001: Hibernate Validator 8.0.1.Final
13:41:01.353 [main] INFO  dev.danvega.danson.post.PostControllerIntTest - Starting PostControllerIntTest using Java 21.0.1 with PID 63341 (started by easy in /home/easy/git/fac-testcontainers-dan-vega/posts)
13:41:01.354 [main] INFO  dev.danvega.danson.post.PostControllerIntTest - No active profile set, falling back to 1 default profile: "default"
13:41:02.204 [main] INFO  org.springframework.data.repository.config.RepositoryConfigurationDelegate - Bootstrapping Spring Data JDBC repositories in DEFAULT mode.
13:41:02.257 [main] INFO  org.springframework.data.repository.config.RepositoryConfigurationDelegate - Finished Spring Data repository scanning in 47 ms. Found 1 JDBC repository interfaces.
13:41:02.749 [main] INFO  org.springframework.boot.web.embedded.tomcat.TomcatWebServer - Tomcat initialized with port 0 (http)
13:41:02.757 [main] INFO  org.apache.coyote.http11.Http11NioProtocol - Initializing ProtocolHandler ["http-nio-auto-1"]
13:41:02.758 [main] INFO  org.apache.catalina.core.StandardService - Starting service [Tomcat]
13:41:02.758 [main] INFO  org.apache.catalina.core.StandardEngine - Starting Servlet engine: [Apache Tomcat/10.1.13]
13:41:02.840 [main] INFO  org.apache.catalina.core.ContainerBase.[Tomcat].[localhost].[/] - Initializing Spring embedded WebApplicationContext
13:41:02.841 [main] INFO  org.springframework.boot.web.servlet.context.ServletWebServerApplicationContext - Root WebApplicationContext: initialization completed in 1448 ms
13:41:03.080 [main] INFO  com.zaxxer.hikari.HikariDataSource - HikariPool-1 - Starting...
13:41:03.233 [main] INFO  com.zaxxer.hikari.pool.HikariPool - HikariPool-1 - Added connection org.postgresql.jdbc.PgConnection@5751e53e
13:41:03.234 [main] INFO  com.zaxxer.hikari.HikariDataSource - HikariPool-1 - Start completed.
13:41:04.202 [main] INFO  org.springframework.boot.actuate.endpoint.web.EndpointLinksResolver - Exposing 1 endpoint(s) beneath base path '/actuator'
13:41:04.284 [main] INFO  org.apache.coyote.http11.Http11NioProtocol - Starting ProtocolHandler ["http-nio-auto-1"]
13:41:04.296 [main] INFO  org.springframework.boot.web.embedded.tomcat.TomcatWebServer - Tomcat started on port 38317 (http) with context path ''
13:41:04.320 [main] INFO  dev.danvega.danson.post.PostControllerIntTest - Started PostControllerIntTest in 3.182 seconds (process running for 7.347)
13:41:04.442 [main] INFO  dev.danvega.danson.post.PostDataLoader - Loading posts into database from JSON: /data/posts.json
13:41:05.337 [docker-java-stream--1076429990] DEBUG com.github.dockerjava.zerodep.shaded.org.apache.hc.client5.http.impl.classic.InternalHttpClient - ex-00000010: preparing request execution
13:41:05.337 [docker-java-stream--1076429990] DEBUG com.github.dockerjava.zerodep.shaded.org.apache.hc.client5.http.protocol.RequestAddCookies - Cookie spec selected: strict
13:41:05.337 [docker-java-stream--1076429990] DEBUG com.github.dockerjava.zerodep.shaded.org.apache.hc.client5.http.protocol.RequestAuthCache - Auth cache not set in the context
13:41:05.337 [docker-java-stream--1076429990] DEBUG com.github.dockerjava.zerodep.shaded.org.apache.hc.client5.http.impl.classic.ProtocolExec - ex-00000010: target auth state: UNCHALLENGED
13:41:05.337 [docker-java-stream--1076429990] DEBUG com.github.dockerjava.zerodep.shaded.org.apache.hc.client5.http.impl.classic.ProtocolExec - ex-00000010: proxy auth state: UNCHALLENGED
13:41:05.337 [docker-java-stream--1076429990] DEBUG com.github.dockerjava.zerodep.shaded.org.apache.hc.client5.http.impl.classic.ConnectExec - ex-00000010: acquiring connection with route {}->unix://localhost:2375
13:41:05.337 [docker-java-stream--1076429990] DEBUG com.github.dockerjava.zerodep.shaded.org.apache.hc.client5.http.impl.classic.InternalHttpClient - ex-00000010: acquiring endpoint (3 MINUTES)
13:41:05.337 [docker-java-stream--1076429990] DEBUG com.github.dockerjava.zerodep.shaded.org.apache.hc.client5.http.impl.io.PoolingHttpClientConnectionManager - ex-00000010: endpoint lease request (3 MINUTES) [route: {}->unix://localhost:2375][total available: 0; route allocated: 0 of 2147483647; total allocated: 0 of 2147483647]
13:41:05.338 [docker-java-stream--1076429990] DEBUG com.github.dockerjava.zerodep.shaded.org.apache.hc.client5.http.impl.io.PoolingHttpClientConnectionManager - ex-00000010: endpoint leased [route: {}->unix://localhost:2375][total available: 0; route allocated: 1 of 2147483647; total allocated: 1 of 2147483647]
13:41:05.338 [docker-java-stream--1076429990] DEBUG com.github.dockerjava.zerodep.shaded.org.apache.hc.client5.http.impl.io.PoolingHttpClientConnectionManager - ex-00000010: acquired ep-0000000F
13:41:05.338 [docker-java-stream--1076429990] DEBUG com.github.dockerjava.zerodep.shaded.org.apache.hc.client5.http.impl.classic.InternalHttpClient - ex-00000010: acquired endpoint ep-0000000F
13:41:05.338 [docker-java-stream--1076429990] DEBUG com.github.dockerjava.zerodep.shaded.org.apache.hc.client5.http.impl.classic.ConnectExec - ex-00000010: opening connection {}->unix://localhost:2375
13:41:05.338 [docker-java-stream--1076429990] DEBUG com.github.dockerjava.zerodep.shaded.org.apache.hc.client5.http.impl.classic.InternalHttpClient - ep-0000000F: connecting endpoint (3 MINUTES)
13:41:05.338 [docker-java-stream--1076429990] DEBUG com.github.dockerjava.zerodep.shaded.org.apache.hc.client5.http.impl.io.PoolingHttpClientConnectionManager - ep-0000000F: connecting endpoint to unix://localhost:2375 (3 MINUTES)
13:41:05.338 [docker-java-stream--1076429990] DEBUG com.github.dockerjava.zerodep.shaded.org.apache.hc.client5.http.impl.io.DefaultHttpClientConnectionOperator - http-outgoing-2: connecting to localhost/127.0.0.1:2375
13:41:05.338 [docker-java-stream--1076429990] DEBUG com.github.dockerjava.zerodep.shaded.org.apache.hc.client5.http.impl.io.DefaultHttpClientConnectionOperator - http-outgoing-2: connection established /var/run/docker.sock<->/var/run/docker.sock
13:41:05.338 [docker-java-stream--1076429990] DEBUG com.github.dockerjava.zerodep.shaded.org.apache.hc.client5.http.impl.io.PoolingHttpClientConnectionManager - ep-0000000F: connected http-outgoing-2
13:41:05.338 [docker-java-stream--1076429990] DEBUG com.github.dockerjava.zerodep.shaded.org.apache.hc.client5.http.impl.classic.InternalHttpClient - ep-0000000F: endpoint connected
13:41:05.338 [docker-java-stream--1076429990] DEBUG com.github.dockerjava.zerodep.shaded.org.apache.hc.client5.http.impl.classic.MainClientExec - ex-00000010: executing GET /v1.32/containers/39cd6583fd7d38689755a21d546386d365de59839920f8afe15c25619de5518d/logs?stdout=true&stderr=true&follow=true&since=0 HTTP/1.1
13:41:05.338 [docker-java-stream--1076429990] DEBUG com.github.dockerjava.zerodep.shaded.org.apache.hc.client5.http.impl.classic.InternalHttpClient - ep-0000000F: start execution ex-00000010
13:41:05.338 [docker-java-stream--1076429990] DEBUG com.github.dockerjava.zerodep.shaded.org.apache.hc.client5.http.impl.io.PoolingHttpClientConnectionManager - ep-0000000F: executing exchange ex-00000010 over http-outgoing-2
13:41:05.339 [docker-java-stream--1076429990] DEBUG com.github.dockerjava.zerodep.shaded.org.apache.hc.client5.http.headers - http-outgoing-2 >> GET /v1.32/containers/39cd6583fd7d38689755a21d546386d365de59839920f8afe15c25619de5518d/logs?stdout=true&stderr=true&follow=true&since=0 HTTP/1.1
13:41:05.339 [docker-java-stream--1076429990] DEBUG com.github.dockerjava.zerodep.shaded.org.apache.hc.client5.http.headers - http-outgoing-2 >> x-tc-sid: 21040e04-f7e5-450c-aa6e-a021d60635fb
13:41:05.339 [docker-java-stream--1076429990] DEBUG com.github.dockerjava.zerodep.shaded.org.apache.hc.client5.http.headers - http-outgoing-2 >> User-Agent: tc-java/1.19.0
13:41:05.339 [docker-java-stream--1076429990] DEBUG com.github.dockerjava.zerodep.shaded.org.apache.hc.client5.http.headers - http-outgoing-2 >> Accept-Encoding: gzip, x-gzip, deflate
13:41:05.339 [docker-java-stream--1076429990] DEBUG com.github.dockerjava.zerodep.shaded.org.apache.hc.client5.http.headers - http-outgoing-2 >> Host: localhost:2375
13:41:05.339 [docker-java-stream--1076429990] DEBUG com.github.dockerjava.zerodep.shaded.org.apache.hc.client5.http.headers - http-outgoing-2 >> Connection: keep-alive
13:41:05.339 [docker-java-stream--1076429990] DEBUG com.github.dockerjava.zerodep.shaded.org.apache.hc.client5.http.headers - http-outgoing-2 << HTTP/1.1 200 OK
13:41:05.339 [docker-java-stream--1076429990] DEBUG com.github.dockerjava.zerodep.shaded.org.apache.hc.client5.http.headers - http-outgoing-2 << Api-Version: 1.41
13:41:05.339 [docker-java-stream--1076429990] DEBUG com.github.dockerjava.zerodep.shaded.org.apache.hc.client5.http.headers - http-outgoing-2 << Docker-Experimental: false
13:41:05.339 [docker-java-stream--1076429990] DEBUG com.github.dockerjava.zerodep.shaded.org.apache.hc.client5.http.headers - http-outgoing-2 << Ostype: linux
13:41:05.339 [docker-java-stream--1076429990] DEBUG com.github.dockerjava.zerodep.shaded.org.apache.hc.client5.http.headers - http-outgoing-2 << Server: Docker/20.10.21 (linux)
13:41:05.339 [docker-java-stream--1076429990] DEBUG com.github.dockerjava.zerodep.shaded.org.apache.hc.client5.http.headers - http-outgoing-2 << Date: Mon, 05 Feb 2024 12:41:05 GMT
13:41:05.339 [docker-java-stream--1076429990] DEBUG com.github.dockerjava.zerodep.shaded.org.apache.hc.client5.http.headers - http-outgoing-2 << Transfer-Encoding: chunked
13:41:05.340 [docker-java-stream--1076429990] DEBUG com.github.dockerjava.zerodep.shaded.org.apache.hc.client5.http.impl.classic.MainClientExec - ex-00000010: connection can be kept alive for 3 MINUTES
13:41:05.341 [docker-java-stream--1076429990] INFO  Postgres logger - STDOUT: The files belonging to this database system will be owned by user "postgres".
13:41:05.341 [docker-java-stream--1076429990] INFO  Postgres logger - STDOUT: This user must also own the server process.
13:41:05.341 [docker-java-stream--1076429990] INFO  Postgres logger - STDOUT: 
13:41:05.341 [docker-java-stream--1076429990] INFO  Postgres logger - STDOUT: The database cluster will be initialized with locale "en_US.utf8".
13:41:05.341 [docker-java-stream--1076429990] INFO  Postgres logger - STDOUT: The default database encoding has accordingly been set to "UTF8".
13:41:05.341 [docker-java-stream--1076429990] INFO  Postgres logger - STDOUT: The default text search configuration will be set to "english".
13:41:05.341 [docker-java-stream--1076429990] INFO  Postgres logger - STDOUT: 
13:41:05.341 [docker-java-stream--1076429990] INFO  Postgres logger - STDOUT: Data page checksums are disabled.
13:41:05.342 [docker-java-stream--1076429990] INFO  Postgres logger - STDOUT: 
13:41:05.342 [docker-java-stream--1076429990] INFO  Postgres logger - STDOUT: fixing permissions on existing directory /var/lib/postgresql/data ... ok
13:41:05.342 [docker-java-stream--1076429990] INFO  Postgres logger - STDOUT: creating subdirectories ... ok
13:41:05.342 [docker-java-stream--1076429990] INFO  Postgres logger - STDOUT: selecting dynamic shared memory implementation ... posix
13:41:05.342 [docker-java-stream--1076429990] INFO  Postgres logger - STDOUT: selecting default max_connections ... 100
13:41:05.342 [docker-java-stream--1076429990] INFO  Postgres logger - STDOUT: selecting default shared_buffers ... 128MB
13:41:05.342 [docker-java-stream--1076429990] INFO  Postgres logger - STDOUT: selecting default time zone ... Etc/UTC
13:41:05.342 [docker-java-stream--1076429990] INFO  Postgres logger - STDOUT: creating configuration files ... ok
13:41:05.342 [docker-java-stream--1076429990] INFO  Postgres logger - STDOUT: running bootstrap script ... ok
13:41:05.342 [docker-java-stream--1076429990] INFO  Postgres logger - STDOUT: performing post-bootstrap initialization ... ok
13:41:05.342 [docker-java-stream--1076429990] INFO  Postgres logger - STDOUT: syncing data to disk ... ok
13:41:05.342 [docker-java-stream--1076429990] INFO  Postgres logger - STDOUT: 
13:41:05.342 [docker-java-stream--1076429990] INFO  Postgres logger - STDOUT: 
13:41:05.342 [docker-java-stream--1076429990] INFO  Postgres logger - STDERR: initdb: warning: enabling "trust" authentication for local connections
13:41:05.343 [docker-java-stream--1076429990] INFO  Postgres logger - STDERR: initdb: hint: You can change this by editing pg_hba.conf or using the option -A, or --auth-local and --auth-host, the next time you run initdb.
13:41:05.343 [docker-java-stream--1076429990] INFO  Postgres logger - STDOUT: Success. You can now start the database server using:
13:41:05.343 [docker-java-stream--1076429990] INFO  Postgres logger - STDOUT: 
13:41:05.343 [docker-java-stream--1076429990] INFO  Postgres logger - STDOUT:     pg_ctl -D /var/lib/postgresql/data -l logfile start
13:41:05.343 [docker-java-stream--1076429990] INFO  Postgres logger - STDOUT: 
13:41:05.343 [docker-java-stream--1076429990] INFO  Postgres logger - STDOUT: waiting for server to start....2024-02-05 12:41:00.435 UTC [47] LOG:  starting PostgreSQL 16.0 (Debian 16.0-1.pgdg120+1) on x86_64-pc-linux-gnu, compiled by gcc (Debian 12.2.0-14) 12.2.0, 64-bit
13:41:05.343 [docker-java-stream--1076429990] INFO  Postgres logger - STDOUT: 2024-02-05 12:41:00.435 UTC [47] LOG:  listening on Unix socket "/var/run/postgresql/.s.PGSQL.5432"
13:41:05.343 [docker-java-stream--1076429990] INFO  Postgres logger - STDOUT: 2024-02-05 12:41:00.437 UTC [50] LOG:  database system was shut down at 2024-02-05 12:41:00 UTC
13:41:05.343 [docker-java-stream--1076429990] INFO  Postgres logger - STDOUT: 2024-02-05 12:41:00.440 UTC [47] LOG:  database system is ready to accept connections
13:41:05.343 [docker-java-stream--1076429990] INFO  Postgres logger - STDOUT:  done
13:41:05.343 [docker-java-stream--1076429990] INFO  Postgres logger - STDOUT: server started
13:41:05.343 [docker-java-stream--1076429990] INFO  Postgres logger - STDOUT: CREATE DATABASE
13:41:05.344 [docker-java-stream--1076429990] INFO  Postgres logger - STDOUT: 
13:41:05.344 [docker-java-stream--1076429990] INFO  Postgres logger - STDOUT: 
13:41:05.344 [docker-java-stream--1076429990] INFO  Postgres logger - STDOUT: /usr/local/bin/docker-entrypoint.sh: ignoring /docker-entrypoint-initdb.d/*
13:41:05.344 [docker-java-stream--1076429990] INFO  Postgres logger - STDOUT: 
13:41:05.344 [docker-java-stream--1076429990] INFO  Postgres logger - STDOUT: waiting for server to shut down...2024-02-05 12:41:00.657 UTC [47] LOG:  received fast shutdown request
13:41:05.344 [docker-java-stream--1076429990] INFO  Postgres logger - STDOUT: .2024-02-05 12:41:00.657 UTC [47] LOG:  aborting any active transactions
13:41:05.344 [docker-java-stream--1076429990] INFO  Postgres logger - STDOUT: 2024-02-05 12:41:00.659 UTC [47] LOG:  background worker "logical replication launcher" (PID 53) exited with exit code 1
13:41:05.344 [docker-java-stream--1076429990] INFO  Postgres logger - STDOUT: 2024-02-05 12:41:00.659 UTC [48] LOG:  shutting down
13:41:05.344 [docker-java-stream--1076429990] INFO  Postgres logger - STDOUT: 2024-02-05 12:41:00.659 UTC [48] LOG:  checkpoint starting: shutdown immediate
13:41:05.344 [docker-java-stream--1076429990] INFO  Postgres logger - STDOUT: 2024-02-05 12:41:00.667 UTC [48] LOG:  checkpoint complete: wrote 923 buffers (5.6%); 0 WAL file(s) added, 0 removed, 0 recycled; write=0.008 s, sync=0.001 s, total=0.008 s; sync files=0, longest=0.000 s, average=0.000 s; distance=4257 kB, estimate=4257 kB; lsn=0/19130C8, redo lsn=0/19130C8
13:41:05.344 [docker-java-stream--1076429990] INFO  Postgres logger - STDOUT: 2024-02-05 12:41:00.674 UTC [47] LOG:  database system is shut down
13:41:05.344 [docker-java-stream--1076429990] INFO  Postgres logger - STDOUT:  done
13:41:05.344 [docker-java-stream--1076429990] INFO  Postgres logger - STDOUT: server stopped
13:41:05.344 [docker-java-stream--1076429990] INFO  Postgres logger - STDOUT: 
13:41:05.344 [docker-java-stream--1076429990] INFO  Postgres logger - STDOUT: PostgreSQL init process complete; ready for start up.
13:41:05.344 [docker-java-stream--1076429990] INFO  Postgres logger - STDOUT: 
13:41:05.345 [docker-java-stream--1076429990] INFO  Postgres logger - STDERR: 2024-02-05 12:41:00.800 UTC [1] LOG:  starting PostgreSQL 16.0 (Debian 16.0-1.pgdg120+1) on x86_64-pc-linux-gnu, compiled by gcc (Debian 12.2.0-14) 12.2.0, 64-bit
13:41:05.345 [docker-java-stream--1076429990] INFO  Postgres logger - STDERR: 2024-02-05 12:41:00.800 UTC [1] LOG:  listening on IPv4 address "0.0.0.0", port 5432
13:41:05.345 [docker-java-stream--1076429990] INFO  Postgres logger - STDERR: 2024-02-05 12:41:00.800 UTC [1] LOG:  listening on IPv6 address "::", port 5432
13:41:05.345 [docker-java-stream--1076429990] INFO  Postgres logger - STDERR: 2024-02-05 12:41:00.800 UTC [1] LOG:  listening on Unix socket "/var/run/postgresql/.s.PGSQL.5432"
13:41:05.345 [docker-java-stream--1076429990] INFO  Postgres logger - STDERR: 2024-02-05 12:41:00.803 UTC [63] LOG:  database system was shut down at 2024-02-05 12:41:00 UTC
13:41:05.345 [docker-java-stream--1076429990] INFO  Postgres logger - STDERR: 2024-02-05 12:41:00.807 UTC [1] LOG:  database system is ready to accept connections
13:41:05.431 [http-nio-auto-1-exec-1] INFO  org.apache.catalina.core.ContainerBase.[Tomcat].[localhost].[/] - Initializing Spring DispatcherServlet 'dispatcherServlet'
13:41:05.431 [http-nio-auto-1-exec-1] INFO  org.springframework.web.servlet.DispatcherServlet - Initializing Servlet 'dispatcherServlet'
13:41:05.433 [http-nio-auto-1-exec-1] INFO  org.springframework.web.servlet.DispatcherServlet - Completed initialization in 2 ms
13:41:05.528 [http-nio-auto-1-exec-1] WARN  org.springframework.web.servlet.mvc.support.DefaultHandlerExceptionResolver - Resolved [org.springframework.web.bind.MethodArgumentNotValidException: Validation failed for argument [0] in dev.danvega.danson.post.Post dev.danvega.danson.post.PostController.save(dev.danvega.danson.post.Post) with 2 errors: [Field error in object 'post' on field 'title': rejected value []; codes [NotEmpty.post.title,NotEmpty.title,NotEmpty.java.lang.String,NotEmpty]; arguments [org.springframework.context.support.DefaultMessageSourceResolvable: codes [post.title,title]; arguments []; default message [title]]; default message [ne doit pas être vide]] [Field error in object 'post' on field 'body': rejected value []; codes [NotEmpty.post.body,NotEmpty.body,NotEmpty.java.lang.String,NotEmpty]; arguments [org.springframework.context.support.DefaultMessageSourceResolvable: codes [post.body,body]; arguments []; default message [body]]; default message [ne doit pas être vide]] ]
]]></system-out>
    <system-err><![CDATA[WARNING: A Java agent has been loaded dynamically (/home/easy/.m2/repository/net/bytebuddy/byte-buddy-agent/1.14.8/byte-buddy-agent-1.14.8.jar)
WARNING: If a serviceability tool is in use, please run with -XX:+EnableDynamicAgentLoading to hide this warning
WARNING: If a serviceability tool is not in use, please run with -Djdk.instrument.traceUsage for more information
WARNING: Dynamic loading of agents will be disallowed by default in a future release
]]></system-err>
  </testcase>
  <testcase name="connectionEstablished" classname="dev.danvega.danson.post.PostControllerIntTest" time="0.021">
    <system-out><![CDATA[13:41:05.610 [docker-java-stream--1076429990] DEBUG com.github.dockerjava.zerodep.shaded.org.apache.hc.client5.http.impl.classic.InternalHttpClient - ex-00000011: preparing request execution
13:41:05.610 [main] DEBUG org.testcontainers.shaded.com.github.dockerjava.core.command.AbstrDockerCmd - Cmd: 39cd6583fd7d38689755a21d546386d365de59839920f8afe15c25619de5518d,false
13:41:05.611 [docker-java-stream--1076429990] DEBUG com.github.dockerjava.zerodep.shaded.org.apache.hc.client5.http.protocol.RequestAddCookies - Cookie spec selected: strict
13:41:05.611 [docker-java-stream--1076429990] DEBUG com.github.dockerjava.zerodep.shaded.org.apache.hc.client5.http.protocol.RequestAuthCache - Auth cache not set in the context
13:41:05.611 [docker-java-stream--1076429990] DEBUG com.github.dockerjava.zerodep.shaded.org.apache.hc.client5.http.impl.classic.ProtocolExec - ex-00000011: target auth state: UNCHALLENGED
13:41:05.611 [docker-java-stream--1076429990] DEBUG com.github.dockerjava.zerodep.shaded.org.apache.hc.client5.http.impl.classic.ProtocolExec - ex-00000011: proxy auth state: UNCHALLENGED
13:41:05.611 [main] DEBUG org.testcontainers.shaded.com.github.dockerjava.core.exec.InspectContainerCmdExec - GET: DefaultWebTarget{path=[/containers/39cd6583fd7d38689755a21d546386d365de59839920f8afe15c25619de5518d/json], queryParams={}}
13:41:05.611 [docker-java-stream--1076429990] DEBUG com.github.dockerjava.zerodep.shaded.org.apache.hc.client5.http.impl.classic.ConnectExec - ex-00000011: acquiring connection with route {}->unix://localhost:2375
13:41:05.611 [docker-java-stream--1076429990] DEBUG com.github.dockerjava.zerodep.shaded.org.apache.hc.client5.http.impl.classic.InternalHttpClient - ex-00000011: acquiring endpoint (3 MINUTES)
13:41:05.611 [docker-java-stream--1076429990] DEBUG com.github.dockerjava.zerodep.shaded.org.apache.hc.client5.http.impl.io.PoolingHttpClientConnectionManager - ex-00000011: endpoint lease request (3 MINUTES) [route: {}->unix://localhost:2375][total available: 0; route allocated: 1 of 2147483647; total allocated: 1 of 2147483647]
13:41:05.611 [main] DEBUG com.github.dockerjava.zerodep.shaded.org.apache.hc.client5.http.impl.classic.InternalHttpClient - ex-00000012: preparing request execution
13:41:05.611 [main] DEBUG com.github.dockerjava.zerodep.shaded.org.apache.hc.client5.http.protocol.RequestAddCookies - Cookie spec selected: strict
13:41:05.611 [docker-java-stream--1076429990] DEBUG com.github.dockerjava.zerodep.shaded.org.apache.hc.client5.http.impl.io.PoolingHttpClientConnectionManager - ex-00000011: endpoint leased [route: {}->unix://localhost:2375][total available: 0; route allocated: 2 of 2147483647; total allocated: 2 of 2147483647]
13:41:05.611 [main] DEBUG com.github.dockerjava.zerodep.shaded.org.apache.hc.client5.http.protocol.RequestAuthCache - Auth cache not set in the context
13:41:05.611 [main] DEBUG com.github.dockerjava.zerodep.shaded.org.apache.hc.client5.http.impl.classic.ProtocolExec - ex-00000012: target auth state: UNCHALLENGED
13:41:05.611 [main] DEBUG com.github.dockerjava.zerodep.shaded.org.apache.hc.client5.http.impl.classic.ProtocolExec - ex-00000012: proxy auth state: UNCHALLENGED
13:41:05.611 [main] DEBUG com.github.dockerjava.zerodep.shaded.org.apache.hc.client5.http.impl.classic.ConnectExec - ex-00000012: acquiring connection with route {}->unix://localhost:2375
13:41:05.611 [docker-java-stream--1076429990] DEBUG com.github.dockerjava.zerodep.shaded.org.apache.hc.client5.http.impl.io.PoolingHttpClientConnectionManager - ex-00000011: acquired ep-00000010
13:41:05.611 [main] DEBUG com.github.dockerjava.zerodep.shaded.org.apache.hc.client5.http.impl.classic.InternalHttpClient - ex-00000012: acquiring endpoint (3 MINUTES)
13:41:05.611 [docker-java-stream--1076429990] DEBUG com.github.dockerjava.zerodep.shaded.org.apache.hc.client5.http.impl.classic.InternalHttpClient - ex-00000011: acquired endpoint ep-00000010
13:41:05.611 [docker-java-stream--1076429990] DEBUG com.github.dockerjava.zerodep.shaded.org.apache.hc.client5.http.impl.classic.ConnectExec - ex-00000011: opening connection {}->unix://localhost:2375
13:41:05.611 [main] DEBUG com.github.dockerjava.zerodep.shaded.org.apache.hc.client5.http.impl.io.PoolingHttpClientConnectionManager - ex-00000012: endpoint lease request (3 MINUTES) [route: {}->unix://localhost:2375][total available: 0; route allocated: 2 of 2147483647; total allocated: 2 of 2147483647]
13:41:05.611 [docker-java-stream--1076429990] DEBUG com.github.dockerjava.zerodep.shaded.org.apache.hc.client5.http.impl.classic.InternalHttpClient - ep-00000010: connecting endpoint (3 MINUTES)
13:41:05.611 [main] DEBUG com.github.dockerjava.zerodep.shaded.org.apache.hc.client5.http.impl.io.PoolingHttpClientConnectionManager - ex-00000012: endpoint leased [route: {}->unix://localhost:2375][total available: 0; route allocated: 3 of 2147483647; total allocated: 3 of 2147483647]
13:41:05.611 [docker-java-stream--1076429990] DEBUG com.github.dockerjava.zerodep.shaded.org.apache.hc.client5.http.impl.io.PoolingHttpClientConnectionManager - ep-00000010: connecting endpoint to unix://localhost:2375 (3 MINUTES)
13:41:05.611 [main] DEBUG com.github.dockerjava.zerodep.shaded.org.apache.hc.client5.http.impl.io.PoolingHttpClientConnectionManager - ex-00000012: acquired ep-00000011
13:41:05.611 [main] DEBUG com.github.dockerjava.zerodep.shaded.org.apache.hc.client5.http.impl.classic.InternalHttpClient - ex-00000012: acquired endpoint ep-00000011
13:41:05.612 [main] DEBUG com.github.dockerjava.zerodep.shaded.org.apache.hc.client5.http.impl.classic.ConnectExec - ex-00000012: opening connection {}->unix://localhost:2375
13:41:05.612 [docker-java-stream--1076429990] DEBUG com.github.dockerjava.zerodep.shaded.org.apache.hc.client5.http.impl.io.DefaultHttpClientConnectionOperator - http-outgoing-3: connecting to localhost/127.0.0.1:2375
13:41:05.612 [docker-java-stream--1076429990] DEBUG com.github.dockerjava.zerodep.shaded.org.apache.hc.client5.http.impl.io.DefaultHttpClientConnectionOperator - http-outgoing-3: connection established /var/run/docker.sock<->/var/run/docker.sock
13:41:05.612 [docker-java-stream--1076429990] DEBUG com.github.dockerjava.zerodep.shaded.org.apache.hc.client5.http.impl.io.PoolingHttpClientConnectionManager - ep-00000010: connected http-outgoing-3
13:41:05.612 [docker-java-stream--1076429990] DEBUG com.github.dockerjava.zerodep.shaded.org.apache.hc.client5.http.impl.classic.InternalHttpClient - ep-00000010: endpoint connected
13:41:05.612 [docker-java-stream--1076429990] DEBUG com.github.dockerjava.zerodep.shaded.org.apache.hc.client5.http.impl.classic.MainClientExec - ex-00000011: executing GET /v1.32/containers/39cd6583fd7d38689755a21d546386d365de59839920f8afe15c25619de5518d/logs?stdout=true&stderr=true&follow=true&since=0 HTTP/1.1
13:41:05.612 [docker-java-stream--1076429990] DEBUG com.github.dockerjava.zerodep.shaded.org.apache.hc.client5.http.impl.classic.InternalHttpClient - ep-00000010: start execution ex-00000011
13:41:05.612 [main] DEBUG com.github.dockerjava.zerodep.shaded.org.apache.hc.client5.http.impl.classic.InternalHttpClient - ep-00000011: connecting endpoint (3 MINUTES)
13:41:05.612 [docker-java-stream--1076429990] DEBUG com.github.dockerjava.zerodep.shaded.org.apache.hc.client5.http.impl.io.PoolingHttpClientConnectionManager - ep-00000010: executing exchange ex-00000011 over http-outgoing-3
13:41:05.612 [main] DEBUG com.github.dockerjava.zerodep.shaded.org.apache.hc.client5.http.impl.io.PoolingHttpClientConnectionManager - ep-00000011: connecting endpoint to unix://localhost:2375 (3 MINUTES)
13:41:05.612 [docker-java-stream--1076429990] DEBUG com.github.dockerjava.zerodep.shaded.org.apache.hc.client5.http.headers - http-outgoing-3 >> GET /v1.32/containers/39cd6583fd7d38689755a21d546386d365de59839920f8afe15c25619de5518d/logs?stdout=true&stderr=true&follow=true&since=0 HTTP/1.1
13:41:05.612 [docker-java-stream--1076429990] DEBUG com.github.dockerjava.zerodep.shaded.org.apache.hc.client5.http.headers - http-outgoing-3 >> x-tc-sid: 21040e04-f7e5-450c-aa6e-a021d60635fb
13:41:05.612 [docker-java-stream--1076429990] DEBUG com.github.dockerjava.zerodep.shaded.org.apache.hc.client5.http.headers - http-outgoing-3 >> User-Agent: tc-java/1.19.0
13:41:05.612 [docker-java-stream--1076429990] DEBUG com.github.dockerjava.zerodep.shaded.org.apache.hc.client5.http.headers - http-outgoing-3 >> Accept-Encoding: gzip, x-gzip, deflate
13:41:05.612 [docker-java-stream--1076429990] DEBUG com.github.dockerjava.zerodep.shaded.org.apache.hc.client5.http.headers - http-outgoing-3 >> Host: localhost:2375
13:41:05.612 [docker-java-stream--1076429990] DEBUG com.github.dockerjava.zerodep.shaded.org.apache.hc.client5.http.headers - http-outgoing-3 >> Connection: keep-alive
13:41:05.612 [main] DEBUG com.github.dockerjava.zerodep.shaded.org.apache.hc.client5.http.impl.io.DefaultHttpClientConnectionOperator - http-outgoing-4: connecting to localhost/127.0.0.1:2375
13:41:05.612 [main] DEBUG com.github.dockerjava.zerodep.shaded.org.apache.hc.client5.http.impl.io.DefaultHttpClientConnectionOperator - http-outgoing-4: connection established /var/run/docker.sock<->/var/run/docker.sock
13:41:05.612 [main] DEBUG com.github.dockerjava.zerodep.shaded.org.apache.hc.client5.http.impl.io.PoolingHttpClientConnectionManager - ep-00000011: connected http-outgoing-4
13:41:05.612 [main] DEBUG com.github.dockerjava.zerodep.shaded.org.apache.hc.client5.http.impl.classic.InternalHttpClient - ep-00000011: endpoint connected
13:41:05.612 [main] DEBUG com.github.dockerjava.zerodep.shaded.org.apache.hc.client5.http.impl.classic.MainClientExec - ex-00000012: executing GET /v1.32/containers/39cd6583fd7d38689755a21d546386d365de59839920f8afe15c25619de5518d/json HTTP/1.1
13:41:05.612 [main] DEBUG com.github.dockerjava.zerodep.shaded.org.apache.hc.client5.http.impl.classic.InternalHttpClient - ep-00000011: start execution ex-00000012
13:41:05.613 [main] DEBUG com.github.dockerjava.zerodep.shaded.org.apache.hc.client5.http.impl.io.PoolingHttpClientConnectionManager - ep-00000011: executing exchange ex-00000012 over http-outgoing-4
13:41:05.613 [docker-java-stream--1076429990] DEBUG com.github.dockerjava.zerodep.shaded.org.apache.hc.client5.http.headers - http-outgoing-3 << HTTP/1.1 200 OK
13:41:05.613 [docker-java-stream--1076429990] DEBUG com.github.dockerjava.zerodep.shaded.org.apache.hc.client5.http.headers - http-outgoing-3 << Api-Version: 1.41
13:41:05.613 [main] DEBUG com.github.dockerjava.zerodep.shaded.org.apache.hc.client5.http.headers - http-outgoing-4 >> GET /v1.32/containers/39cd6583fd7d38689755a21d546386d365de59839920f8afe15c25619de5518d/json HTTP/1.1
13:41:05.613 [docker-java-stream--1076429990] DEBUG com.github.dockerjava.zerodep.shaded.org.apache.hc.client5.http.headers - http-outgoing-3 << Docker-Experimental: false
13:41:05.613 [main] DEBUG com.github.dockerjava.zerodep.shaded.org.apache.hc.client5.http.headers - http-outgoing-4 >> accept: application/json
13:41:05.613 [main] DEBUG com.github.dockerjava.zerodep.shaded.org.apache.hc.client5.http.headers - http-outgoing-4 >> x-tc-sid: 21040e04-f7e5-450c-aa6e-a021d60635fb
13:41:05.613 [docker-java-stream--1076429990] DEBUG com.github.dockerjava.zerodep.shaded.org.apache.hc.client5.http.headers - http-outgoing-3 << Ostype: linux
13:41:05.613 [main] DEBUG com.github.dockerjava.zerodep.shaded.org.apache.hc.client5.http.headers - http-outgoing-4 >> User-Agent: tc-java/1.19.0
13:41:05.613 [docker-java-stream--1076429990] DEBUG com.github.dockerjava.zerodep.shaded.org.apache.hc.client5.http.headers - http-outgoing-3 << Server: Docker/20.10.21 (linux)
13:41:05.613 [main] DEBUG com.github.dockerjava.zerodep.shaded.org.apache.hc.client5.http.headers - http-outgoing-4 >> Accept-Encoding: gzip, x-gzip, deflate
13:41:05.613 [docker-java-stream--1076429990] DEBUG com.github.dockerjava.zerodep.shaded.org.apache.hc.client5.http.headers - http-outgoing-3 << Date: Mon, 05 Feb 2024 12:41:05 GMT
13:41:05.613 [main] DEBUG com.github.dockerjava.zerodep.shaded.org.apache.hc.client5.http.headers - http-outgoing-4 >> Host: localhost:2375
13:41:05.613 [docker-java-stream--1076429990] DEBUG com.github.dockerjava.zerodep.shaded.org.apache.hc.client5.http.headers - http-outgoing-3 << Transfer-Encoding: chunked
13:41:05.613 [main] DEBUG com.github.dockerjava.zerodep.shaded.org.apache.hc.client5.http.headers - http-outgoing-4 >> Connection: keep-alive
13:41:05.613 [docker-java-stream--1076429990] DEBUG com.github.dockerjava.zerodep.shaded.org.apache.hc.client5.http.impl.classic.MainClientExec - ex-00000011: connection can be kept alive for 3 MINUTES
13:41:05.613 [docker-java-stream--1076429990] INFO  Postgres logger - STDOUT: The files belonging to this database system will be owned by user "postgres".
13:41:05.613 [docker-java-stream--1076429990] INFO  Postgres logger - STDOUT: This user must also own the server process.
13:41:05.613 [docker-java-stream--1076429990] INFO  Postgres logger - STDOUT: 
13:41:05.613 [docker-java-stream--1076429990] INFO  Postgres logger - STDOUT: The database cluster will be initialized with locale "en_US.utf8".
13:41:05.614 [main] DEBUG com.github.dockerjava.zerodep.shaded.org.apache.hc.client5.http.headers - http-outgoing-4 << HTTP/1.1 200 OK
13:41:05.614 [docker-java-stream--1076429990] INFO  Postgres logger - STDOUT: The default database encoding has accordingly been set to "UTF8".
13:41:05.614 [main] DEBUG com.github.dockerjava.zerodep.shaded.org.apache.hc.client5.http.headers - http-outgoing-4 << Api-Version: 1.41
13:41:05.614 [main] DEBUG com.github.dockerjava.zerodep.shaded.org.apache.hc.client5.http.headers - http-outgoing-4 << Content-Type: application/json
13:41:05.614 [docker-java-stream--1076429990] INFO  Postgres logger - STDOUT: The default text search configuration will be set to "english".
13:41:05.614 [main] DEBUG com.github.dockerjava.zerodep.shaded.org.apache.hc.client5.http.headers - http-outgoing-4 << Docker-Experimental: false
13:41:05.614 [main] DEBUG com.github.dockerjava.zerodep.shaded.org.apache.hc.client5.http.headers - http-outgoing-4 << Ostype: linux
13:41:05.614 [docker-java-stream--1076429990] INFO  Postgres logger - STDOUT: 
13:41:05.614 [main] DEBUG com.github.dockerjava.zerodep.shaded.org.apache.hc.client5.http.headers - http-outgoing-4 << Server: Docker/20.10.21 (linux)
13:41:05.614 [main] DEBUG com.github.dockerjava.zerodep.shaded.org.apache.hc.client5.http.headers - http-outgoing-4 << Date: Mon, 05 Feb 2024 12:41:05 GMT
13:41:05.614 [docker-java-stream--1076429990] INFO  Postgres logger - STDOUT: Data page checksums are disabled.
13:41:05.614 [main] DEBUG com.github.dockerjava.zerodep.shaded.org.apache.hc.client5.http.headers - http-outgoing-4 << Transfer-Encoding: chunked
13:41:05.614 [docker-java-stream--1076429990] INFO  Postgres logger - STDOUT: 
13:41:05.614 [docker-java-stream--1076429990] INFO  Postgres logger - STDOUT: fixing permissions on existing directory /var/lib/postgresql/data ... ok
13:41:05.614 [main] DEBUG com.github.dockerjava.zerodep.shaded.org.apache.hc.client5.http.impl.classic.MainClientExec - ex-00000012: connection can be kept alive for 3 MINUTES
13:41:05.614 [docker-java-stream--1076429990] INFO  Postgres logger - STDOUT: creating subdirectories ... ok
13:41:05.614 [docker-java-stream--1076429990] INFO  Postgres logger - STDOUT: selecting dynamic shared memory implementation ... posix
13:41:05.614 [docker-java-stream--1076429990] INFO  Postgres logger - STDOUT: selecting default max_connections ... 100
13:41:05.614 [docker-java-stream--1076429990] INFO  Postgres logger - STDOUT: selecting default shared_buffers ... 128MB
13:41:05.614 [docker-java-stream--1076429990] INFO  Postgres logger - STDOUT: selecting default time zone ... Etc/UTC
13:41:05.614 [docker-java-stream--1076429990] INFO  Postgres logger - STDOUT: creating configuration files ... ok
13:41:05.614 [docker-java-stream--1076429990] INFO  Postgres logger - STDOUT: running bootstrap script ... ok
13:41:05.615 [docker-java-stream--1076429990] INFO  Postgres logger - STDOUT: performing post-bootstrap initialization ... ok
13:41:05.615 [docker-java-stream--1076429990] INFO  Postgres logger - STDOUT: syncing data to disk ... ok
13:41:05.615 [docker-java-stream--1076429990] INFO  Postgres logger - STDOUT: 
13:41:05.615 [docker-java-stream--1076429990] INFO  Postgres logger - STDOUT: 
13:41:05.615 [docker-java-stream--1076429990] INFO  Postgres logger - STDERR: initdb: warning: enabling "trust" authentication for local connections
13:41:05.615 [docker-java-stream--1076429990] INFO  Postgres logger - STDERR: initdb: hint: You can change this by editing pg_hba.conf or using the option -A, or --auth-local and --auth-host, the next time you run initdb.
13:41:05.615 [docker-java-stream--1076429990] INFO  Postgres logger - STDOUT: Success. You can now start the database server using:
13:41:05.615 [docker-java-stream--1076429990] INFO  Postgres logger - STDOUT: 
13:41:05.615 [docker-java-stream--1076429990] INFO  Postgres logger - STDOUT:     pg_ctl -D /var/lib/postgresql/data -l logfile start
13:41:05.615 [docker-java-stream--1076429990] INFO  Postgres logger - STDOUT: 
13:41:05.615 [docker-java-stream--1076429990] INFO  Postgres logger - STDOUT: waiting for server to start....2024-02-05 12:41:00.435 UTC [47] LOG:  starting PostgreSQL 16.0 (Debian 16.0-1.pgdg120+1) on x86_64-pc-linux-gnu, compiled by gcc (Debian 12.2.0-14) 12.2.0, 64-bit
13:41:05.615 [docker-java-stream--1076429990] INFO  Postgres logger - STDOUT: 2024-02-05 12:41:00.435 UTC [47] LOG:  listening on Unix socket "/var/run/postgresql/.s.PGSQL.5432"
13:41:05.615 [docker-java-stream--1076429990] INFO  Postgres logger - STDOUT: 2024-02-05 12:41:00.437 UTC [50] LOG:  database system was shut down at 2024-02-05 12:41:00 UTC
13:41:05.615 [docker-java-stream--1076429990] INFO  Postgres logger - STDOUT: 2024-02-05 12:41:00.440 UTC [47] LOG:  database system is ready to accept connections
13:41:05.615 [docker-java-stream--1076429990] INFO  Postgres logger - STDOUT:  done
13:41:05.615 [docker-java-stream--1076429990] INFO  Postgres logger - STDOUT: server started
13:41:05.616 [docker-java-stream--1076429990] INFO  Postgres logger - STDOUT: CREATE DATABASE
13:41:05.616 [docker-java-stream--1076429990] INFO  Postgres logger - STDOUT: 
13:41:05.616 [docker-java-stream--1076429990] INFO  Postgres logger - STDOUT: 
13:41:05.616 [docker-java-stream--1076429990] INFO  Postgres logger - STDOUT: /usr/local/bin/docker-entrypoint.sh: ignoring /docker-entrypoint-initdb.d/*
13:41:05.616 [docker-java-stream--1076429990] INFO  Postgres logger - STDOUT: 
13:41:05.616 [docker-java-stream--1076429990] INFO  Postgres logger - STDOUT: waiting for server to shut down...2024-02-05 12:41:00.657 UTC [47] LOG:  received fast shutdown request
13:41:05.616 [docker-java-stream--1076429990] INFO  Postgres logger - STDOUT: .2024-02-05 12:41:00.657 UTC [47] LOG:  aborting any active transactions
13:41:05.616 [docker-java-stream--1076429990] INFO  Postgres logger - STDOUT: 2024-02-05 12:41:00.659 UTC [47] LOG:  background worker "logical replication launcher" (PID 53) exited with exit code 1
13:41:05.616 [docker-java-stream--1076429990] INFO  Postgres logger - STDOUT: 2024-02-05 12:41:00.659 UTC [48] LOG:  shutting down
13:41:05.616 [docker-java-stream--1076429990] INFO  Postgres logger - STDOUT: 2024-02-05 12:41:00.659 UTC [48] LOG:  checkpoint starting: shutdown immediate
13:41:05.616 [main] DEBUG com.github.dockerjava.zerodep.shaded.org.apache.hc.client5.http.impl.classic.InternalHttpClient - ep-00000011: releasing valid endpoint
13:41:05.616 [main] DEBUG com.github.dockerjava.zerodep.shaded.org.apache.hc.client5.http.impl.io.PoolingHttpClientConnectionManager - ep-00000011: releasing endpoint
13:41:05.616 [docker-java-stream--1076429990] INFO  Postgres logger - STDOUT: 2024-02-05 12:41:00.667 UTC [48] LOG:  checkpoint complete: wrote 923 buffers (5.6%); 0 WAL file(s) added, 0 removed, 0 recycled; write=0.008 s, sync=0.001 s, total=0.008 s; sync files=0, longest=0.000 s, average=0.000 s; distance=4257 kB, estimate=4257 kB; lsn=0/19130C8, redo lsn=0/19130C8
13:41:05.616 [docker-java-stream--1076429990] INFO  Postgres logger - STDOUT: 2024-02-05 12:41:00.674 UTC [47] LOG:  database system is shut down
13:41:05.616 [main] DEBUG com.github.dockerjava.zerodep.shaded.org.apache.hc.client5.http.impl.io.PoolingHttpClientConnectionManager - ep-00000011: connection http-outgoing-4 can be kept alive for 3 MINUTES
13:41:05.616 [docker-java-stream--1076429990] INFO  Postgres logger - STDOUT:  done
13:41:05.616 [docker-java-stream--1076429990] INFO  Postgres logger - STDOUT: server stopped
13:41:05.616 [main] DEBUG com.github.dockerjava.zerodep.shaded.org.apache.hc.client5.http.impl.io.PoolingHttpClientConnectionManager - ep-00000011: connection released [route: {}->unix://localhost:2375][total available: 1; route allocated: 3 of 2147483647; total allocated: 3 of 2147483647]
13:41:05.616 [docker-java-stream--1076429990] INFO  Postgres logger - STDOUT: 
13:41:05.617 [docker-java-stream--1076429990] INFO  Postgres logger - STDOUT: PostgreSQL init process complete; ready for start up.
13:41:05.617 [docker-java-stream--1076429990] INFO  Postgres logger - STDOUT: 
13:41:05.617 [main] DEBUG org.testcontainers.shaded.com.github.dockerjava.core.command.AbstrDockerCmd - Cmd: 39cd6583fd7d38689755a21d546386d365de59839920f8afe15c25619de5518d,false
13:41:05.617 [docker-java-stream--1076429990] INFO  Postgres logger - STDERR: 2024-02-05 12:41:00.800 UTC [1] LOG:  starting PostgreSQL 16.0 (Debian 16.0-1.pgdg120+1) on x86_64-pc-linux-gnu, compiled by gcc (Debian 12.2.0-14) 12.2.0, 64-bit
13:41:05.617 [docker-java-stream--1076429990] INFO  Postgres logger - STDERR: 2024-02-05 12:41:00.800 UTC [1] LOG:  listening on IPv4 address "0.0.0.0", port 5432
13:41:05.617 [docker-java-stream--1076429990] INFO  Postgres logger - STDERR: 2024-02-05 12:41:00.800 UTC [1] LOG:  listening on IPv6 address "::", port 5432
13:41:05.617 [main] DEBUG org.testcontainers.shaded.com.github.dockerjava.core.exec.InspectContainerCmdExec - GET: DefaultWebTarget{path=[/containers/39cd6583fd7d38689755a21d546386d365de59839920f8afe15c25619de5518d/json], queryParams={}}
13:41:05.617 [docker-java-stream--1076429990] INFO  Postgres logger - STDERR: 2024-02-05 12:41:00.800 UTC [1] LOG:  listening on Unix socket "/var/run/postgresql/.s.PGSQL.5432"
13:41:05.617 [docker-java-stream--1076429990] INFO  Postgres logger - STDERR: 2024-02-05 12:41:00.803 UTC [63] LOG:  database system was shut down at 2024-02-05 12:41:00 UTC
13:41:05.617 [docker-java-stream--1076429990] INFO  Postgres logger - STDERR: 2024-02-05 12:41:00.807 UTC [1] LOG:  database system is ready to accept connections
13:41:05.617 [main] DEBUG com.github.dockerjava.zerodep.shaded.org.apache.hc.client5.http.impl.classic.InternalHttpClient - ex-00000013: preparing request execution
13:41:05.617 [main] DEBUG com.github.dockerjava.zerodep.shaded.org.apache.hc.client5.http.protocol.RequestAddCookies - Cookie spec selected: strict
13:41:05.617 [main] DEBUG com.github.dockerjava.zerodep.shaded.org.apache.hc.client5.http.protocol.RequestAuthCache - Auth cache not set in the context
13:41:05.617 [main] DEBUG com.github.dockerjava.zerodep.shaded.org.apache.hc.client5.http.impl.classic.ProtocolExec - ex-00000013: target auth state: UNCHALLENGED
13:41:05.617 [main] DEBUG com.github.dockerjava.zerodep.shaded.org.apache.hc.client5.http.impl.classic.ProtocolExec - ex-00000013: proxy auth state: UNCHALLENGED
13:41:05.617 [main] DEBUG com.github.dockerjava.zerodep.shaded.org.apache.hc.client5.http.impl.classic.ConnectExec - ex-00000013: acquiring connection with route {}->unix://localhost:2375
13:41:05.617 [main] DEBUG com.github.dockerjava.zerodep.shaded.org.apache.hc.client5.http.impl.classic.InternalHttpClient - ex-00000013: acquiring endpoint (3 MINUTES)
13:41:05.617 [main] DEBUG com.github.dockerjava.zerodep.shaded.org.apache.hc.client5.http.impl.io.PoolingHttpClientConnectionManager - ex-00000013: endpoint lease request (3 MINUTES) [route: {}->unix://localhost:2375][total available: 1; route allocated: 3 of 2147483647; total allocated: 3 of 2147483647]
13:41:05.617 [main] DEBUG com.github.dockerjava.zerodep.shaded.org.apache.hc.client5.http.impl.io.PoolingHttpClientConnectionManager - ex-00000013: endpoint leased [route: {}->unix://localhost:2375][total available: 0; route allocated: 3 of 2147483647; total allocated: 3 of 2147483647]
13:41:05.618 [main] DEBUG com.github.dockerjava.zerodep.shaded.org.apache.hc.client5.http.impl.io.PoolingHttpClientConnectionManager - ex-00000013: acquired ep-00000012
13:41:05.618 [main] DEBUG com.github.dockerjava.zerodep.shaded.org.apache.hc.client5.http.impl.classic.InternalHttpClient - ex-00000013: acquired endpoint ep-00000012
13:41:05.618 [main] DEBUG com.github.dockerjava.zerodep.shaded.org.apache.hc.client5.http.impl.classic.MainClientExec - ex-00000013: executing GET /v1.32/containers/39cd6583fd7d38689755a21d546386d365de59839920f8afe15c25619de5518d/json HTTP/1.1
13:41:05.618 [main] DEBUG com.github.dockerjava.zerodep.shaded.org.apache.hc.client5.http.impl.classic.InternalHttpClient - ep-00000012: start execution ex-00000013
13:41:05.618 [main] DEBUG com.github.dockerjava.zerodep.shaded.org.apache.hc.client5.http.impl.io.PoolingHttpClientConnectionManager - ep-00000012: executing exchange ex-00000013 over http-outgoing-4
13:41:05.618 [main] DEBUG com.github.dockerjava.zerodep.shaded.org.apache.hc.client5.http.headers - http-outgoing-4 >> GET /v1.32/containers/39cd6583fd7d38689755a21d546386d365de59839920f8afe15c25619de5518d/json HTTP/1.1
13:41:05.618 [main] DEBUG com.github.dockerjava.zerodep.shaded.org.apache.hc.client5.http.headers - http-outgoing-4 >> accept: application/json
13:41:05.618 [main] DEBUG com.github.dockerjava.zerodep.shaded.org.apache.hc.client5.http.headers - http-outgoing-4 >> x-tc-sid: 21040e04-f7e5-450c-aa6e-a021d60635fb
13:41:05.618 [main] DEBUG com.github.dockerjava.zerodep.shaded.org.apache.hc.client5.http.headers - http-outgoing-4 >> User-Agent: tc-java/1.19.0
13:41:05.618 [main] DEBUG com.github.dockerjava.zerodep.shaded.org.apache.hc.client5.http.headers - http-outgoing-4 >> Accept-Encoding: gzip, x-gzip, deflate
13:41:05.618 [main] DEBUG com.github.dockerjava.zerodep.shaded.org.apache.hc.client5.http.headers - http-outgoing-4 >> Host: localhost:2375
13:41:05.618 [main] DEBUG com.github.dockerjava.zerodep.shaded.org.apache.hc.client5.http.headers - http-outgoing-4 >> Connection: keep-alive
13:41:05.619 [main] DEBUG com.github.dockerjava.zerodep.shaded.org.apache.hc.client5.http.headers - http-outgoing-4 << HTTP/1.1 200 OK
13:41:05.619 [main] DEBUG com.github.dockerjava.zerodep.shaded.org.apache.hc.client5.http.headers - http-outgoing-4 << Api-Version: 1.41
13:41:05.619 [main] DEBUG com.github.dockerjava.zerodep.shaded.org.apache.hc.client5.http.headers - http-outgoing-4 << Content-Type: application/json
13:41:05.619 [main] DEBUG com.github.dockerjava.zerodep.shaded.org.apache.hc.client5.http.headers - http-outgoing-4 << Docker-Experimental: false
13:41:05.619 [main] DEBUG com.github.dockerjava.zerodep.shaded.org.apache.hc.client5.http.headers - http-outgoing-4 << Ostype: linux
13:41:05.619 [main] DEBUG com.github.dockerjava.zerodep.shaded.org.apache.hc.client5.http.headers - http-outgoing-4 << Server: Docker/20.10.21 (linux)
13:41:05.619 [main] DEBUG com.github.dockerjava.zerodep.shaded.org.apache.hc.client5.http.headers - http-outgoing-4 << Date: Mon, 05 Feb 2024 12:41:05 GMT
13:41:05.619 [main] DEBUG com.github.dockerjava.zerodep.shaded.org.apache.hc.client5.http.headers - http-outgoing-4 << Transfer-Encoding: chunked
13:41:05.619 [main] DEBUG com.github.dockerjava.zerodep.shaded.org.apache.hc.client5.http.impl.classic.MainClientExec - ex-00000013: connection can be kept alive for 3 MINUTES
13:41:05.621 [main] DEBUG com.github.dockerjava.zerodep.shaded.org.apache.hc.client5.http.impl.classic.InternalHttpClient - ep-00000012: releasing valid endpoint
13:41:05.621 [main] DEBUG com.github.dockerjava.zerodep.shaded.org.apache.hc.client5.http.impl.io.PoolingHttpClientConnectionManager - ep-00000012: releasing endpoint
13:41:05.621 [main] DEBUG com.github.dockerjava.zerodep.shaded.org.apache.hc.client5.http.impl.io.PoolingHttpClientConnectionManager - ep-00000012: connection http-outgoing-4 can be kept alive for 3 MINUTES
13:41:05.621 [main] DEBUG com.github.dockerjava.zerodep.shaded.org.apache.hc.client5.http.impl.io.PoolingHttpClientConnectionManager - ep-00000012: connection released [route: {}->unix://localhost:2375][total available: 1; route allocated: 3 of 2147483647; total allocated: 3 of 2147483647]
13:41:05.622 [main] DEBUG org.testcontainers.shaded.com.github.dockerjava.core.command.AbstrDockerCmd - Cmd: 39cd6583fd7d38689755a21d546386d365de59839920f8afe15c25619de5518d,false
13:41:05.622 [main] DEBUG org.testcontainers.shaded.com.github.dockerjava.core.exec.InspectContainerCmdExec - GET: DefaultWebTarget{path=[/containers/39cd6583fd7d38689755a21d546386d365de59839920f8afe15c25619de5518d/json], queryParams={}}
13:41:05.622 [main] DEBUG com.github.dockerjava.zerodep.shaded.org.apache.hc.client5.http.impl.classic.InternalHttpClient - ex-00000014: preparing request execution
13:41:05.622 [main] DEBUG com.github.dockerjava.zerodep.shaded.org.apache.hc.client5.http.protocol.RequestAddCookies - Cookie spec selected: strict
13:41:05.622 [main] DEBUG com.github.dockerjava.zerodep.shaded.org.apache.hc.client5.http.protocol.RequestAuthCache - Auth cache not set in the context
13:41:05.622 [main] DEBUG com.github.dockerjava.zerodep.shaded.org.apache.hc.client5.http.impl.classic.ProtocolExec - ex-00000014: target auth state: UNCHALLENGED
13:41:05.622 [main] DEBUG com.github.dockerjava.zerodep.shaded.org.apache.hc.client5.http.impl.classic.ProtocolExec - ex-00000014: proxy auth state: UNCHALLENGED
13:41:05.622 [main] DEBUG com.github.dockerjava.zerodep.shaded.org.apache.hc.client5.http.impl.classic.ConnectExec - ex-00000014: acquiring connection with route {}->unix://localhost:2375
13:41:05.622 [main] DEBUG com.github.dockerjava.zerodep.shaded.org.apache.hc.client5.http.impl.classic.InternalHttpClient - ex-00000014: acquiring endpoint (3 MINUTES)
13:41:05.623 [main] DEBUG com.github.dockerjava.zerodep.shaded.org.apache.hc.client5.http.impl.io.PoolingHttpClientConnectionManager - ex-00000014: endpoint lease request (3 MINUTES) [route: {}->unix://localhost:2375][total available: 1; route allocated: 3 of 2147483647; total allocated: 3 of 2147483647]
13:41:05.623 [main] DEBUG com.github.dockerjava.zerodep.shaded.org.apache.hc.client5.http.impl.io.PoolingHttpClientConnectionManager - ex-00000014: endpoint leased [route: {}->unix://localhost:2375][total available: 0; route allocated: 3 of 2147483647; total allocated: 3 of 2147483647]
13:41:05.623 [main] DEBUG com.github.dockerjava.zerodep.shaded.org.apache.hc.client5.http.impl.io.PoolingHttpClientConnectionManager - ex-00000014: acquired ep-00000013
13:41:05.623 [main] DEBUG com.github.dockerjava.zerodep.shaded.org.apache.hc.client5.http.impl.classic.InternalHttpClient - ex-00000014: acquired endpoint ep-00000013
13:41:05.623 [main] DEBUG com.github.dockerjava.zerodep.shaded.org.apache.hc.client5.http.impl.classic.MainClientExec - ex-00000014: executing GET /v1.32/containers/39cd6583fd7d38689755a21d546386d365de59839920f8afe15c25619de5518d/json HTTP/1.1
13:41:05.623 [main] DEBUG com.github.dockerjava.zerodep.shaded.org.apache.hc.client5.http.impl.classic.InternalHttpClient - ep-00000013: start execution ex-00000014
13:41:05.623 [main] DEBUG com.github.dockerjava.zerodep.shaded.org.apache.hc.client5.http.impl.io.PoolingHttpClientConnectionManager - ep-00000013: executing exchange ex-00000014 over http-outgoing-4
13:41:05.623 [main] DEBUG com.github.dockerjava.zerodep.shaded.org.apache.hc.client5.http.headers - http-outgoing-4 >> GET /v1.32/containers/39cd6583fd7d38689755a21d546386d365de59839920f8afe15c25619de5518d/json HTTP/1.1
13:41:05.623 [main] DEBUG com.github.dockerjava.zerodep.shaded.org.apache.hc.client5.http.headers - http-outgoing-4 >> accept: application/json
13:41:05.623 [main] DEBUG com.github.dockerjava.zerodep.shaded.org.apache.hc.client5.http.headers - http-outgoing-4 >> x-tc-sid: 21040e04-f7e5-450c-aa6e-a021d60635fb
13:41:05.623 [main] DEBUG com.github.dockerjava.zerodep.shaded.org.apache.hc.client5.http.headers - http-outgoing-4 >> User-Agent: tc-java/1.19.0
13:41:05.623 [main] DEBUG com.github.dockerjava.zerodep.shaded.org.apache.hc.client5.http.headers - http-outgoing-4 >> Accept-Encoding: gzip, x-gzip, deflate
13:41:05.623 [main] DEBUG com.github.dockerjava.zerodep.shaded.org.apache.hc.client5.http.headers - http-outgoing-4 >> Host: localhost:2375
13:41:05.623 [main] DEBUG com.github.dockerjava.zerodep.shaded.org.apache.hc.client5.http.headers - http-outgoing-4 >> Connection: keep-alive
13:41:05.624 [main] DEBUG com.github.dockerjava.zerodep.shaded.org.apache.hc.client5.http.headers - http-outgoing-4 << HTTP/1.1 200 OK
13:41:05.624 [main] DEBUG com.github.dockerjava.zerodep.shaded.org.apache.hc.client5.http.headers - http-outgoing-4 << Api-Version: 1.41
13:41:05.624 [main] DEBUG com.github.dockerjava.zerodep.shaded.org.apache.hc.client5.http.headers - http-outgoing-4 << Content-Type: application/json
13:41:05.624 [main] DEBUG com.github.dockerjava.zerodep.shaded.org.apache.hc.client5.http.headers - http-outgoing-4 << Docker-Experimental: false
13:41:05.624 [main] DEBUG com.github.dockerjava.zerodep.shaded.org.apache.hc.client5.http.headers - http-outgoing-4 << Ostype: linux
13:41:05.624 [main] DEBUG com.github.dockerjava.zerodep.shaded.org.apache.hc.client5.http.headers - http-outgoing-4 << Server: Docker/20.10.21 (linux)
13:41:05.624 [main] DEBUG com.github.dockerjava.zerodep.shaded.org.apache.hc.client5.http.headers - http-outgoing-4 << Date: Mon, 05 Feb 2024 12:41:05 GMT
13:41:05.624 [main] DEBUG com.github.dockerjava.zerodep.shaded.org.apache.hc.client5.http.headers - http-outgoing-4 << Transfer-Encoding: chunked
13:41:05.624 [main] DEBUG com.github.dockerjava.zerodep.shaded.org.apache.hc.client5.http.impl.classic.MainClientExec - ex-00000014: connection can be kept alive for 3 MINUTES
13:41:05.626 [main] DEBUG com.github.dockerjava.zerodep.shaded.org.apache.hc.client5.http.impl.classic.InternalHttpClient - ep-00000013: releasing valid endpoint
13:41:05.626 [main] DEBUG com.github.dockerjava.zerodep.shaded.org.apache.hc.client5.http.impl.io.PoolingHttpClientConnectionManager - ep-00000013: releasing endpoint
13:41:05.626 [main] DEBUG com.github.dockerjava.zerodep.shaded.org.apache.hc.client5.http.impl.io.PoolingHttpClientConnectionManager - ep-00000013: connection http-outgoing-4 can be kept alive for 3 MINUTES
13:41:05.626 [main] DEBUG com.github.dockerjava.zerodep.shaded.org.apache.hc.client5.http.impl.io.PoolingHttpClientConnectionManager - ep-00000013: connection released [route: {}->unix://localhost:2375][total available: 1; route allocated: 3 of 2147483647; total allocated: 3 of 2147483647]
]]></system-out>
  </testcase>
  <testcase name="shouldCreateNewPostWhenPostIsValid" classname="dev.danvega.danson.post.PostControllerIntTest" time="0.04">
    <system-out><![CDATA[13:41:05.636 [docker-java-stream--1076429990] DEBUG com.github.dockerjava.zerodep.shaded.org.apache.hc.client5.http.impl.classic.InternalHttpClient - ex-00000015: preparing request execution
13:41:05.636 [docker-java-stream--1076429990] DEBUG com.github.dockerjava.zerodep.shaded.org.apache.hc.client5.http.protocol.RequestAddCookies - Cookie spec selected: strict
13:41:05.636 [docker-java-stream--1076429990] DEBUG com.github.dockerjava.zerodep.shaded.org.apache.hc.client5.http.protocol.RequestAuthCache - Auth cache not set in the context
13:41:05.636 [docker-java-stream--1076429990] DEBUG com.github.dockerjava.zerodep.shaded.org.apache.hc.client5.http.impl.classic.ProtocolExec - ex-00000015: target auth state: UNCHALLENGED
13:41:05.637 [docker-java-stream--1076429990] DEBUG com.github.dockerjava.zerodep.shaded.org.apache.hc.client5.http.impl.classic.ProtocolExec - ex-00000015: proxy auth state: UNCHALLENGED
13:41:05.640 [docker-java-stream--1076429990] DEBUG com.github.dockerjava.zerodep.shaded.org.apache.hc.client5.http.impl.classic.ConnectExec - ex-00000015: acquiring connection with route {}->unix://localhost:2375
13:41:05.640 [docker-java-stream--1076429990] DEBUG com.github.dockerjava.zerodep.shaded.org.apache.hc.client5.http.impl.classic.InternalHttpClient - ex-00000015: acquiring endpoint (3 MINUTES)
13:41:05.640 [docker-java-stream--1076429990] DEBUG com.github.dockerjava.zerodep.shaded.org.apache.hc.client5.http.impl.io.PoolingHttpClientConnectionManager - ex-00000015: endpoint lease request (3 MINUTES) [route: {}->unix://localhost:2375][total available: 1; route allocated: 3 of 2147483647; total allocated: 3 of 2147483647]
13:41:05.641 [docker-java-stream--1076429990] DEBUG com.github.dockerjava.zerodep.shaded.org.apache.hc.client5.http.impl.io.PoolingHttpClientConnectionManager - ex-00000015: endpoint leased [route: {}->unix://localhost:2375][total available: 0; route allocated: 3 of 2147483647; total allocated: 3 of 2147483647]
13:41:05.641 [docker-java-stream--1076429990] DEBUG com.github.dockerjava.zerodep.shaded.org.apache.hc.client5.http.impl.io.PoolingHttpClientConnectionManager - ex-00000015: acquired ep-00000014
13:41:05.641 [docker-java-stream--1076429990] DEBUG com.github.dockerjava.zerodep.shaded.org.apache.hc.client5.http.impl.classic.InternalHttpClient - ex-00000015: acquired endpoint ep-00000014
13:41:05.641 [docker-java-stream--1076429990] DEBUG com.github.dockerjava.zerodep.shaded.org.apache.hc.client5.http.impl.classic.MainClientExec - ex-00000015: executing GET /v1.32/containers/39cd6583fd7d38689755a21d546386d365de59839920f8afe15c25619de5518d/logs?stdout=true&stderr=true&follow=true&since=0 HTTP/1.1
13:41:05.641 [docker-java-stream--1076429990] DEBUG com.github.dockerjava.zerodep.shaded.org.apache.hc.client5.http.impl.classic.InternalHttpClient - ep-00000014: start execution ex-00000015
13:41:05.641 [docker-java-stream--1076429990] DEBUG com.github.dockerjava.zerodep.shaded.org.apache.hc.client5.http.impl.io.PoolingHttpClientConnectionManager - ep-00000014: executing exchange ex-00000015 over http-outgoing-4
13:41:05.641 [docker-java-stream--1076429990] DEBUG com.github.dockerjava.zerodep.shaded.org.apache.hc.client5.http.headers - http-outgoing-4 >> GET /v1.32/containers/39cd6583fd7d38689755a21d546386d365de59839920f8afe15c25619de5518d/logs?stdout=true&stderr=true&follow=true&since=0 HTTP/1.1
13:41:05.641 [docker-java-stream--1076429990] DEBUG com.github.dockerjava.zerodep.shaded.org.apache.hc.client5.http.headers - http-outgoing-4 >> x-tc-sid: 21040e04-f7e5-450c-aa6e-a021d60635fb
13:41:05.641 [docker-java-stream--1076429990] DEBUG com.github.dockerjava.zerodep.shaded.org.apache.hc.client5.http.headers - http-outgoing-4 >> User-Agent: tc-java/1.19.0
13:41:05.641 [docker-java-stream--1076429990] DEBUG com.github.dockerjava.zerodep.shaded.org.apache.hc.client5.http.headers - http-outgoing-4 >> Accept-Encoding: gzip, x-gzip, deflate
13:41:05.641 [docker-java-stream--1076429990] DEBUG com.github.dockerjava.zerodep.shaded.org.apache.hc.client5.http.headers - http-outgoing-4 >> Host: localhost:2375
13:41:05.641 [docker-java-stream--1076429990] DEBUG com.github.dockerjava.zerodep.shaded.org.apache.hc.client5.http.headers - http-outgoing-4 >> Connection: keep-alive
13:41:05.642 [docker-java-stream--1076429990] DEBUG com.github.dockerjava.zerodep.shaded.org.apache.hc.client5.http.headers - http-outgoing-4 << HTTP/1.1 200 OK
13:41:05.642 [docker-java-stream--1076429990] DEBUG com.github.dockerjava.zerodep.shaded.org.apache.hc.client5.http.headers - http-outgoing-4 << Api-Version: 1.41
13:41:05.642 [docker-java-stream--1076429990] DEBUG com.github.dockerjava.zerodep.shaded.org.apache.hc.client5.http.headers - http-outgoing-4 << Docker-Experimental: false
13:41:05.642 [docker-java-stream--1076429990] DEBUG com.github.dockerjava.zerodep.shaded.org.apache.hc.client5.http.headers - http-outgoing-4 << Ostype: linux
13:41:05.642 [docker-java-stream--1076429990] DEBUG com.github.dockerjava.zerodep.shaded.org.apache.hc.client5.http.headers - http-outgoing-4 << Server: Docker/20.10.21 (linux)
13:41:05.642 [docker-java-stream--1076429990] DEBUG com.github.dockerjava.zerodep.shaded.org.apache.hc.client5.http.headers - http-outgoing-4 << Date: Mon, 05 Feb 2024 12:41:05 GMT
13:41:05.642 [docker-java-stream--1076429990] DEBUG com.github.dockerjava.zerodep.shaded.org.apache.hc.client5.http.headers - http-outgoing-4 << Transfer-Encoding: chunked
13:41:05.642 [docker-java-stream--1076429990] DEBUG com.github.dockerjava.zerodep.shaded.org.apache.hc.client5.http.impl.classic.MainClientExec - ex-00000015: connection can be kept alive for 3 MINUTES
13:41:05.642 [docker-java-stream--1076429990] INFO  Postgres logger - STDOUT: The files belonging to this database system will be owned by user "postgres".
13:41:05.642 [docker-java-stream--1076429990] INFO  Postgres logger - STDOUT: This user must also own the server process.
13:41:05.642 [docker-java-stream--1076429990] INFO  Postgres logger - STDOUT: 
13:41:05.642 [docker-java-stream--1076429990] INFO  Postgres logger - STDOUT: The database cluster will be initialized with locale "en_US.utf8".
13:41:05.642 [docker-java-stream--1076429990] INFO  Postgres logger - STDOUT: The default database encoding has accordingly been set to "UTF8".
13:41:05.643 [docker-java-stream--1076429990] INFO  Postgres logger - STDOUT: The default text search configuration will be set to "english".
13:41:05.643 [docker-java-stream--1076429990] INFO  Postgres logger - STDOUT: 
13:41:05.643 [docker-java-stream--1076429990] INFO  Postgres logger - STDOUT: Data page checksums are disabled.
13:41:05.643 [docker-java-stream--1076429990] INFO  Postgres logger - STDOUT: 
13:41:05.643 [docker-java-stream--1076429990] INFO  Postgres logger - STDOUT: fixing permissions on existing directory /var/lib/postgresql/data ... ok
13:41:05.643 [docker-java-stream--1076429990] INFO  Postgres logger - STDOUT: creating subdirectories ... ok
13:41:05.643 [docker-java-stream--1076429990] INFO  Postgres logger - STDOUT: selecting dynamic shared memory implementation ... posix
13:41:05.643 [docker-java-stream--1076429990] INFO  Postgres logger - STDOUT: selecting default max_connections ... 100
13:41:05.643 [docker-java-stream--1076429990] INFO  Postgres logger - STDOUT: selecting default shared_buffers ... 128MB
13:41:05.643 [docker-java-stream--1076429990] INFO  Postgres logger - STDOUT: selecting default time zone ... Etc/UTC
13:41:05.643 [docker-java-stream--1076429990] INFO  Postgres logger - STDOUT: creating configuration files ... ok
13:41:05.643 [docker-java-stream--1076429990] INFO  Postgres logger - STDOUT: running bootstrap script ... ok
13:41:05.644 [docker-java-stream--1076429990] INFO  Postgres logger - STDOUT: performing post-bootstrap initialization ... ok
13:41:05.644 [docker-java-stream--1076429990] INFO  Postgres logger - STDOUT: syncing data to disk ... ok
13:41:05.644 [docker-java-stream--1076429990] INFO  Postgres logger - STDOUT: 
13:41:05.644 [docker-java-stream--1076429990] INFO  Postgres logger - STDOUT: 
13:41:05.644 [docker-java-stream--1076429990] INFO  Postgres logger - STDERR: initdb: warning: enabling "trust" authentication for local connections
13:41:05.644 [docker-java-stream--1076429990] INFO  Postgres logger - STDERR: initdb: hint: You can change this by editing pg_hba.conf or using the option -A, or --auth-local and --auth-host, the next time you run initdb.
13:41:05.644 [docker-java-stream--1076429990] INFO  Postgres logger - STDOUT: Success. You can now start the database server using:
13:41:05.644 [docker-java-stream--1076429990] INFO  Postgres logger - STDOUT: 
13:41:05.644 [docker-java-stream--1076429990] INFO  Postgres logger - STDOUT:     pg_ctl -D /var/lib/postgresql/data -l logfile start
13:41:05.644 [docker-java-stream--1076429990] INFO  Postgres logger - STDOUT: 
13:41:05.644 [docker-java-stream--1076429990] INFO  Postgres logger - STDOUT: waiting for server to start....2024-02-05 12:41:00.435 UTC [47] LOG:  starting PostgreSQL 16.0 (Debian 16.0-1.pgdg120+1) on x86_64-pc-linux-gnu, compiled by gcc (Debian 12.2.0-14) 12.2.0, 64-bit
13:41:05.644 [docker-java-stream--1076429990] INFO  Postgres logger - STDOUT: 2024-02-05 12:41:00.435 UTC [47] LOG:  listening on Unix socket "/var/run/postgresql/.s.PGSQL.5432"
13:41:05.644 [docker-java-stream--1076429990] INFO  Postgres logger - STDOUT: 2024-02-05 12:41:00.437 UTC [50] LOG:  database system was shut down at 2024-02-05 12:41:00 UTC
13:41:05.644 [docker-java-stream--1076429990] INFO  Postgres logger - STDOUT: 2024-02-05 12:41:00.440 UTC [47] LOG:  database system is ready to accept connections
13:41:05.645 [docker-java-stream--1076429990] INFO  Postgres logger - STDOUT:  done
13:41:05.645 [docker-java-stream--1076429990] INFO  Postgres logger - STDOUT: server started
13:41:05.645 [docker-java-stream--1076429990] INFO  Postgres logger - STDOUT: CREATE DATABASE
13:41:05.645 [docker-java-stream--1076429990] INFO  Postgres logger - STDOUT: 
13:41:05.645 [docker-java-stream--1076429990] INFO  Postgres logger - STDOUT: 
13:41:05.645 [docker-java-stream--1076429990] INFO  Postgres logger - STDOUT: /usr/local/bin/docker-entrypoint.sh: ignoring /docker-entrypoint-initdb.d/*
13:41:05.645 [docker-java-stream--1076429990] INFO  Postgres logger - STDOUT: 
13:41:05.645 [docker-java-stream--1076429990] INFO  Postgres logger - STDOUT: waiting for server to shut down...2024-02-05 12:41:00.657 UTC [47] LOG:  received fast shutdown request
13:41:05.645 [docker-java-stream--1076429990] INFO  Postgres logger - STDOUT: .2024-02-05 12:41:00.657 UTC [47] LOG:  aborting any active transactions
13:41:05.645 [docker-java-stream--1076429990] INFO  Postgres logger - STDOUT: 2024-02-05 12:41:00.659 UTC [47] LOG:  background worker "logical replication launcher" (PID 53) exited with exit code 1
13:41:05.645 [docker-java-stream--1076429990] INFO  Postgres logger - STDOUT: 2024-02-05 12:41:00.659 UTC [48] LOG:  shutting down
13:41:05.645 [docker-java-stream--1076429990] INFO  Postgres logger - STDOUT: 2024-02-05 12:41:00.659 UTC [48] LOG:  checkpoint starting: shutdown immediate
13:41:05.645 [docker-java-stream--1076429990] INFO  Postgres logger - STDOUT: 2024-02-05 12:41:00.667 UTC [48] LOG:  checkpoint complete: wrote 923 buffers (5.6%); 0 WAL file(s) added, 0 removed, 0 recycled; write=0.008 s, sync=0.001 s, total=0.008 s; sync files=0, longest=0.000 s, average=0.000 s; distance=4257 kB, estimate=4257 kB; lsn=0/19130C8, redo lsn=0/19130C8
13:41:05.645 [docker-java-stream--1076429990] INFO  Postgres logger - STDOUT: 2024-02-05 12:41:00.674 UTC [47] LOG:  database system is shut down
13:41:05.645 [docker-java-stream--1076429990] INFO  Postgres logger - STDOUT:  done
13:41:05.645 [docker-java-stream--1076429990] INFO  Postgres logger - STDOUT: server stopped
13:41:05.645 [docker-java-stream--1076429990] INFO  Postgres logger - STDOUT: 
13:41:05.645 [docker-java-stream--1076429990] INFO  Postgres logger - STDOUT: PostgreSQL init process complete; ready for start up.
13:41:05.645 [docker-java-stream--1076429990] INFO  Postgres logger - STDOUT: 
13:41:05.645 [docker-java-stream--1076429990] INFO  Postgres logger - STDERR: 2024-02-05 12:41:00.800 UTC [1] LOG:  starting PostgreSQL 16.0 (Debian 16.0-1.pgdg120+1) on x86_64-pc-linux-gnu, compiled by gcc (Debian 12.2.0-14) 12.2.0, 64-bit
13:41:05.646 [docker-java-stream--1076429990] INFO  Postgres logger - STDERR: 2024-02-05 12:41:00.800 UTC [1] LOG:  listening on IPv4 address "0.0.0.0", port 5432
13:41:05.646 [docker-java-stream--1076429990] INFO  Postgres logger - STDERR: 2024-02-05 12:41:00.800 UTC [1] LOG:  listening on IPv6 address "::", port 5432
13:41:05.646 [docker-java-stream--1076429990] INFO  Postgres logger - STDERR: 2024-02-05 12:41:00.800 UTC [1] LOG:  listening on Unix socket "/var/run/postgresql/.s.PGSQL.5432"
13:41:05.646 [docker-java-stream--1076429990] INFO  Postgres logger - STDERR: 2024-02-05 12:41:00.803 UTC [63] LOG:  database system was shut down at 2024-02-05 12:41:00 UTC
13:41:05.646 [docker-java-stream--1076429990] INFO  Postgres logger - STDERR: 2024-02-05 12:41:00.807 UTC [1] LOG:  database system is ready to accept connections
]]></system-out>
  </testcase>
  <testcase name="shouldFindAllPosts" classname="dev.danvega.danson.post.PostControllerIntTest" time="0.072">
    <system-out><![CDATA[13:41:05.676 [docker-java-stream--1076429990] DEBUG com.github.dockerjava.zerodep.shaded.org.apache.hc.client5.http.impl.classic.InternalHttpClient - ex-00000016: preparing request execution
13:41:05.677 [docker-java-stream--1076429990] DEBUG com.github.dockerjava.zerodep.shaded.org.apache.hc.client5.http.protocol.RequestAddCookies - Cookie spec selected: strict
13:41:05.677 [docker-java-stream--1076429990] DEBUG com.github.dockerjava.zerodep.shaded.org.apache.hc.client5.http.protocol.RequestAuthCache - Auth cache not set in the context
13:41:05.677 [docker-java-stream--1076429990] DEBUG com.github.dockerjava.zerodep.shaded.org.apache.hc.client5.http.impl.classic.ProtocolExec - ex-00000016: target auth state: UNCHALLENGED
13:41:05.677 [docker-java-stream--1076429990] DEBUG com.github.dockerjava.zerodep.shaded.org.apache.hc.client5.http.impl.classic.ProtocolExec - ex-00000016: proxy auth state: UNCHALLENGED
13:41:05.677 [docker-java-stream--1076429990] DEBUG com.github.dockerjava.zerodep.shaded.org.apache.hc.client5.http.impl.classic.ConnectExec - ex-00000016: acquiring connection with route {}->unix://localhost:2375
13:41:05.677 [docker-java-stream--1076429990] DEBUG com.github.dockerjava.zerodep.shaded.org.apache.hc.client5.http.impl.classic.InternalHttpClient - ex-00000016: acquiring endpoint (3 MINUTES)
13:41:05.677 [docker-java-stream--1076429990] DEBUG com.github.dockerjava.zerodep.shaded.org.apache.hc.client5.http.impl.io.PoolingHttpClientConnectionManager - ex-00000016: endpoint lease request (3 MINUTES) [route: {}->unix://localhost:2375][total available: 0; route allocated: 3 of 2147483647; total allocated: 3 of 2147483647]
13:41:05.677 [docker-java-stream--1076429990] DEBUG com.github.dockerjava.zerodep.shaded.org.apache.hc.client5.http.impl.io.PoolingHttpClientConnectionManager - ex-00000016: endpoint leased [route: {}->unix://localhost:2375][total available: 0; route allocated: 4 of 2147483647; total allocated: 4 of 2147483647]
13:41:05.677 [docker-java-stream--1076429990] DEBUG com.github.dockerjava.zerodep.shaded.org.apache.hc.client5.http.impl.io.PoolingHttpClientConnectionManager - ex-00000016: acquired ep-00000015
13:41:05.677 [docker-java-stream--1076429990] DEBUG com.github.dockerjava.zerodep.shaded.org.apache.hc.client5.http.impl.classic.InternalHttpClient - ex-00000016: acquired endpoint ep-00000015
13:41:05.677 [docker-java-stream--1076429990] DEBUG com.github.dockerjava.zerodep.shaded.org.apache.hc.client5.http.impl.classic.ConnectExec - ex-00000016: opening connection {}->unix://localhost:2375
13:41:05.677 [docker-java-stream--1076429990] DEBUG com.github.dockerjava.zerodep.shaded.org.apache.hc.client5.http.impl.classic.InternalHttpClient - ep-00000015: connecting endpoint (3 MINUTES)
13:41:05.677 [docker-java-stream--1076429990] DEBUG com.github.dockerjava.zerodep.shaded.org.apache.hc.client5.http.impl.io.PoolingHttpClientConnectionManager - ep-00000015: connecting endpoint to unix://localhost:2375 (3 MINUTES)
13:41:05.678 [docker-java-stream--1076429990] DEBUG com.github.dockerjava.zerodep.shaded.org.apache.hc.client5.http.impl.io.DefaultHttpClientConnectionOperator - http-outgoing-5: connecting to localhost/127.0.0.1:2375
13:41:05.678 [docker-java-stream--1076429990] DEBUG com.github.dockerjava.zerodep.shaded.org.apache.hc.client5.http.impl.io.DefaultHttpClientConnectionOperator - http-outgoing-5: connection established /var/run/docker.sock<->/var/run/docker.sock
13:41:05.678 [docker-java-stream--1076429990] DEBUG com.github.dockerjava.zerodep.shaded.org.apache.hc.client5.http.impl.io.PoolingHttpClientConnectionManager - ep-00000015: connected http-outgoing-5
13:41:05.678 [docker-java-stream--1076429990] DEBUG com.github.dockerjava.zerodep.shaded.org.apache.hc.client5.http.impl.classic.InternalHttpClient - ep-00000015: endpoint connected
13:41:05.678 [docker-java-stream--1076429990] DEBUG com.github.dockerjava.zerodep.shaded.org.apache.hc.client5.http.impl.classic.MainClientExec - ex-00000016: executing GET /v1.32/containers/39cd6583fd7d38689755a21d546386d365de59839920f8afe15c25619de5518d/logs?stdout=true&stderr=true&follow=true&since=0 HTTP/1.1
13:41:05.678 [docker-java-stream--1076429990] DEBUG com.github.dockerjava.zerodep.shaded.org.apache.hc.client5.http.impl.classic.InternalHttpClient - ep-00000015: start execution ex-00000016
13:41:05.678 [docker-java-stream--1076429990] DEBUG com.github.dockerjava.zerodep.shaded.org.apache.hc.client5.http.impl.io.PoolingHttpClientConnectionManager - ep-00000015: executing exchange ex-00000016 over http-outgoing-5
13:41:05.678 [docker-java-stream--1076429990] DEBUG com.github.dockerjava.zerodep.shaded.org.apache.hc.client5.http.headers - http-outgoing-5 >> GET /v1.32/containers/39cd6583fd7d38689755a21d546386d365de59839920f8afe15c25619de5518d/logs?stdout=true&stderr=true&follow=true&since=0 HTTP/1.1
13:41:05.678 [docker-java-stream--1076429990] DEBUG com.github.dockerjava.zerodep.shaded.org.apache.hc.client5.http.headers - http-outgoing-5 >> x-tc-sid: 21040e04-f7e5-450c-aa6e-a021d60635fb
13:41:05.678 [docker-java-stream--1076429990] DEBUG com.github.dockerjava.zerodep.shaded.org.apache.hc.client5.http.headers - http-outgoing-5 >> User-Agent: tc-java/1.19.0
13:41:05.678 [docker-java-stream--1076429990] DEBUG com.github.dockerjava.zerodep.shaded.org.apache.hc.client5.http.headers - http-outgoing-5 >> Accept-Encoding: gzip, x-gzip, deflate
13:41:05.678 [docker-java-stream--1076429990] DEBUG com.github.dockerjava.zerodep.shaded.org.apache.hc.client5.http.headers - http-outgoing-5 >> Host: localhost:2375
13:41:05.678 [docker-java-stream--1076429990] DEBUG com.github.dockerjava.zerodep.shaded.org.apache.hc.client5.http.headers - http-outgoing-5 >> Connection: keep-alive
13:41:05.679 [docker-java-stream--1076429990] DEBUG com.github.dockerjava.zerodep.shaded.org.apache.hc.client5.http.headers - http-outgoing-5 << HTTP/1.1 200 OK
13:41:05.679 [docker-java-stream--1076429990] DEBUG com.github.dockerjava.zerodep.shaded.org.apache.hc.client5.http.headers - http-outgoing-5 << Api-Version: 1.41
13:41:05.679 [docker-java-stream--1076429990] DEBUG com.github.dockerjava.zerodep.shaded.org.apache.hc.client5.http.headers - http-outgoing-5 << Docker-Experimental: false
13:41:05.679 [docker-java-stream--1076429990] DEBUG com.github.dockerjava.zerodep.shaded.org.apache.hc.client5.http.headers - http-outgoing-5 << Ostype: linux
13:41:05.679 [docker-java-stream--1076429990] DEBUG com.github.dockerjava.zerodep.shaded.org.apache.hc.client5.http.headers - http-outgoing-5 << Server: Docker/20.10.21 (linux)
13:41:05.679 [docker-java-stream--1076429990] DEBUG com.github.dockerjava.zerodep.shaded.org.apache.hc.client5.http.headers - http-outgoing-5 << Date: Mon, 05 Feb 2024 12:41:05 GMT
13:41:05.679 [docker-java-stream--1076429990] DEBUG com.github.dockerjava.zerodep.shaded.org.apache.hc.client5.http.headers - http-outgoing-5 << Transfer-Encoding: chunked
13:41:05.679 [docker-java-stream--1076429990] DEBUG com.github.dockerjava.zerodep.shaded.org.apache.hc.client5.http.impl.classic.MainClientExec - ex-00000016: connection can be kept alive for 3 MINUTES
13:41:05.679 [docker-java-stream--1076429990] INFO  Postgres logger - STDOUT: The files belonging to this database system will be owned by user "postgres".
13:41:05.679 [docker-java-stream--1076429990] INFO  Postgres logger - STDOUT: This user must also own the server process.
13:41:05.680 [docker-java-stream--1076429990] INFO  Postgres logger - STDOUT: 
13:41:05.680 [docker-java-stream--1076429990] INFO  Postgres logger - STDOUT: The database cluster will be initialized with locale "en_US.utf8".
13:41:05.680 [docker-java-stream--1076429990] INFO  Postgres logger - STDOUT: The default database encoding has accordingly been set to "UTF8".
13:41:05.680 [docker-java-stream--1076429990] INFO  Postgres logger - STDOUT: The default text search configuration will be set to "english".
13:41:05.680 [docker-java-stream--1076429990] INFO  Postgres logger - STDOUT: 
13:41:05.680 [docker-java-stream--1076429990] INFO  Postgres logger - STDOUT: Data page checksums are disabled.
13:41:05.680 [docker-java-stream--1076429990] INFO  Postgres logger - STDOUT: 
13:41:05.680 [docker-java-stream--1076429990] INFO  Postgres logger - STDOUT: fixing permissions on existing directory /var/lib/postgresql/data ... ok
13:41:05.680 [docker-java-stream--1076429990] INFO  Postgres logger - STDOUT: creating subdirectories ... ok
13:41:05.680 [docker-java-stream--1076429990] INFO  Postgres logger - STDOUT: selecting dynamic shared memory implementation ... posix
13:41:05.680 [docker-java-stream--1076429990] INFO  Postgres logger - STDOUT: selecting default max_connections ... 100
13:41:05.680 [docker-java-stream--1076429990] INFO  Postgres logger - STDOUT: selecting default shared_buffers ... 128MB
13:41:05.680 [docker-java-stream--1076429990] INFO  Postgres logger - STDOUT: selecting default time zone ... Etc/UTC
13:41:05.680 [docker-java-stream--1076429990] INFO  Postgres logger - STDOUT: creating configuration files ... ok
13:41:05.680 [docker-java-stream--1076429990] INFO  Postgres logger - STDOUT: running bootstrap script ... ok
13:41:05.680 [docker-java-stream--1076429990] INFO  Postgres logger - STDOUT: performing post-bootstrap initialization ... ok
13:41:05.680 [docker-java-stream--1076429990] INFO  Postgres logger - STDOUT: syncing data to disk ... ok
13:41:05.680 [docker-java-stream--1076429990] INFO  Postgres logger - STDOUT: 
13:41:05.680 [docker-java-stream--1076429990] INFO  Postgres logger - STDOUT: 
13:41:05.680 [docker-java-stream--1076429990] INFO  Postgres logger - STDERR: initdb: warning: enabling "trust" authentication for local connections
13:41:05.680 [docker-java-stream--1076429990] INFO  Postgres logger - STDERR: initdb: hint: You can change this by editing pg_hba.conf or using the option -A, or --auth-local and --auth-host, the next time you run initdb.
13:41:05.680 [docker-java-stream--1076429990] INFO  Postgres logger - STDOUT: Success. You can now start the database server using:
13:41:05.680 [docker-java-stream--1076429990] INFO  Postgres logger - STDOUT: 
13:41:05.681 [docker-java-stream--1076429990] INFO  Postgres logger - STDOUT:     pg_ctl -D /var/lib/postgresql/data -l logfile start
13:41:05.681 [docker-java-stream--1076429990] INFO  Postgres logger - STDOUT: 
13:41:05.681 [docker-java-stream--1076429990] INFO  Postgres logger - STDOUT: waiting for server to start....2024-02-05 12:41:00.435 UTC [47] LOG:  starting PostgreSQL 16.0 (Debian 16.0-1.pgdg120+1) on x86_64-pc-linux-gnu, compiled by gcc (Debian 12.2.0-14) 12.2.0, 64-bit
13:41:05.681 [docker-java-stream--1076429990] INFO  Postgres logger - STDOUT: 2024-02-05 12:41:00.435 UTC [47] LOG:  listening on Unix socket "/var/run/postgresql/.s.PGSQL.5432"
13:41:05.681 [docker-java-stream--1076429990] INFO  Postgres logger - STDOUT: 2024-02-05 12:41:00.437 UTC [50] LOG:  database system was shut down at 2024-02-05 12:41:00 UTC
13:41:05.681 [docker-java-stream--1076429990] INFO  Postgres logger - STDOUT: 2024-02-05 12:41:00.440 UTC [47] LOG:  database system is ready to accept connections
13:41:05.681 [docker-java-stream--1076429990] INFO  Postgres logger - STDOUT:  done
13:41:05.681 [docker-java-stream--1076429990] INFO  Postgres logger - STDOUT: server started
13:41:05.681 [docker-java-stream--1076429990] INFO  Postgres logger - STDOUT: CREATE DATABASE
13:41:05.681 [docker-java-stream--1076429990] INFO  Postgres logger - STDOUT: 
13:41:05.681 [docker-java-stream--1076429990] INFO  Postgres logger - STDOUT: 
13:41:05.681 [docker-java-stream--1076429990] INFO  Postgres logger - STDOUT: /usr/local/bin/docker-entrypoint.sh: ignoring /docker-entrypoint-initdb.d/*
13:41:05.681 [docker-java-stream--1076429990] INFO  Postgres logger - STDOUT: 
13:41:05.681 [docker-java-stream--1076429990] INFO  Postgres logger - STDOUT: waiting for server to shut down...2024-02-05 12:41:00.657 UTC [47] LOG:  received fast shutdown request
13:41:05.681 [docker-java-stream--1076429990] INFO  Postgres logger - STDOUT: .2024-02-05 12:41:00.657 UTC [47] LOG:  aborting any active transactions
13:41:05.681 [docker-java-stream--1076429990] INFO  Postgres logger - STDOUT: 2024-02-05 12:41:00.659 UTC [47] LOG:  background worker "logical replication launcher" (PID 53) exited with exit code 1
13:41:05.681 [docker-java-stream--1076429990] INFO  Postgres logger - STDOUT: 2024-02-05 12:41:00.659 UTC [48] LOG:  shutting down
13:41:05.681 [docker-java-stream--1076429990] INFO  Postgres logger - STDOUT: 2024-02-05 12:41:00.659 UTC [48] LOG:  checkpoint starting: shutdown immediate
13:41:05.681 [docker-java-stream--1076429990] INFO  Postgres logger - STDOUT: 2024-02-05 12:41:00.667 UTC [48] LOG:  checkpoint complete: wrote 923 buffers (5.6%); 0 WAL file(s) added, 0 removed, 0 recycled; write=0.008 s, sync=0.001 s, total=0.008 s; sync files=0, longest=0.000 s, average=0.000 s; distance=4257 kB, estimate=4257 kB; lsn=0/19130C8, redo lsn=0/19130C8
13:41:05.681 [docker-java-stream--1076429990] INFO  Postgres logger - STDOUT: 2024-02-05 12:41:00.674 UTC [47] LOG:  database system is shut down
13:41:05.681 [docker-java-stream--1076429990] INFO  Postgres logger - STDOUT:  done
13:41:05.682 [docker-java-stream--1076429990] INFO  Postgres logger - STDOUT: server stopped
13:41:05.682 [docker-java-stream--1076429990] INFO  Postgres logger - STDOUT: 
13:41:05.682 [docker-java-stream--1076429990] INFO  Postgres logger - STDOUT: PostgreSQL init process complete; ready for start up.
13:41:05.682 [docker-java-stream--1076429990] INFO  Postgres logger - STDOUT: 
13:41:05.682 [docker-java-stream--1076429990] INFO  Postgres logger - STDERR: 2024-02-05 12:41:00.800 UTC [1] LOG:  starting PostgreSQL 16.0 (Debian 16.0-1.pgdg120+1) on x86_64-pc-linux-gnu, compiled by gcc (Debian 12.2.0-14) 12.2.0, 64-bit
13:41:05.682 [docker-java-stream--1076429990] INFO  Postgres logger - STDERR: 2024-02-05 12:41:00.800 UTC [1] LOG:  listening on IPv4 address "0.0.0.0", port 5432
13:41:05.682 [docker-java-stream--1076429990] INFO  Postgres logger - STDERR: 2024-02-05 12:41:00.800 UTC [1] LOG:  listening on IPv6 address "::", port 5432
13:41:05.682 [docker-java-stream--1076429990] INFO  Postgres logger - STDERR: 2024-02-05 12:41:00.800 UTC [1] LOG:  listening on Unix socket "/var/run/postgresql/.s.PGSQL.5432"
13:41:05.682 [docker-java-stream--1076429990] INFO  Postgres logger - STDERR: 2024-02-05 12:41:00.803 UTC [63] LOG:  database system was shut down at 2024-02-05 12:41:00 UTC
13:41:05.682 [docker-java-stream--1076429990] INFO  Postgres logger - STDERR: 2024-02-05 12:41:00.807 UTC [1] LOG:  database system is ready to accept connections
]]></system-out>
  </testcase>
  <testcase name="shouldDeleteWithValidID" classname="dev.danvega.danson.post.PostControllerIntTest" time="0.035">
    <system-out><![CDATA[13:41:05.750 [docker-java-stream--1076429990] DEBUG com.github.dockerjava.zerodep.shaded.org.apache.hc.client5.http.impl.classic.InternalHttpClient - ex-00000017: preparing request execution
13:41:05.750 [docker-java-stream--1076429990] DEBUG com.github.dockerjava.zerodep.shaded.org.apache.hc.client5.http.protocol.RequestAddCookies - Cookie spec selected: strict
13:41:05.750 [docker-java-stream--1076429990] DEBUG com.github.dockerjava.zerodep.shaded.org.apache.hc.client5.http.protocol.RequestAuthCache - Auth cache not set in the context
13:41:05.750 [docker-java-stream--1076429990] DEBUG com.github.dockerjava.zerodep.shaded.org.apache.hc.client5.http.impl.classic.ProtocolExec - ex-00000017: target auth state: UNCHALLENGED
13:41:05.750 [docker-java-stream--1076429990] DEBUG com.github.dockerjava.zerodep.shaded.org.apache.hc.client5.http.impl.classic.ProtocolExec - ex-00000017: proxy auth state: UNCHALLENGED
13:41:05.750 [docker-java-stream--1076429990] DEBUG com.github.dockerjava.zerodep.shaded.org.apache.hc.client5.http.impl.classic.ConnectExec - ex-00000017: acquiring connection with route {}->unix://localhost:2375
13:41:05.750 [docker-java-stream--1076429990] DEBUG com.github.dockerjava.zerodep.shaded.org.apache.hc.client5.http.impl.classic.InternalHttpClient - ex-00000017: acquiring endpoint (3 MINUTES)
13:41:05.750 [docker-java-stream--1076429990] DEBUG com.github.dockerjava.zerodep.shaded.org.apache.hc.client5.http.impl.io.PoolingHttpClientConnectionManager - ex-00000017: endpoint lease request (3 MINUTES) [route: {}->unix://localhost:2375][total available: 0; route allocated: 4 of 2147483647; total allocated: 4 of 2147483647]
13:41:05.751 [docker-java-stream--1076429990] DEBUG com.github.dockerjava.zerodep.shaded.org.apache.hc.client5.http.impl.io.PoolingHttpClientConnectionManager - ex-00000017: endpoint leased [route: {}->unix://localhost:2375][total available: 0; route allocated: 5 of 2147483647; total allocated: 5 of 2147483647]
13:41:05.751 [docker-java-stream--1076429990] DEBUG com.github.dockerjava.zerodep.shaded.org.apache.hc.client5.http.impl.io.PoolingHttpClientConnectionManager - ex-00000017: acquired ep-00000016
13:41:05.751 [docker-java-stream--1076429990] DEBUG com.github.dockerjava.zerodep.shaded.org.apache.hc.client5.http.impl.classic.InternalHttpClient - ex-00000017: acquired endpoint ep-00000016
13:41:05.751 [docker-java-stream--1076429990] DEBUG com.github.dockerjava.zerodep.shaded.org.apache.hc.client5.http.impl.classic.ConnectExec - ex-00000017: opening connection {}->unix://localhost:2375
13:41:05.751 [docker-java-stream--1076429990] DEBUG com.github.dockerjava.zerodep.shaded.org.apache.hc.client5.http.impl.classic.InternalHttpClient - ep-00000016: connecting endpoint (3 MINUTES)
13:41:05.751 [docker-java-stream--1076429990] DEBUG com.github.dockerjava.zerodep.shaded.org.apache.hc.client5.http.impl.io.PoolingHttpClientConnectionManager - ep-00000016: connecting endpoint to unix://localhost:2375 (3 MINUTES)
13:41:05.751 [docker-java-stream--1076429990] DEBUG com.github.dockerjava.zerodep.shaded.org.apache.hc.client5.http.impl.io.DefaultHttpClientConnectionOperator - http-outgoing-6: connecting to localhost/127.0.0.1:2375
13:41:05.751 [docker-java-stream--1076429990] DEBUG com.github.dockerjava.zerodep.shaded.org.apache.hc.client5.http.impl.io.DefaultHttpClientConnectionOperator - http-outgoing-6: connection established /var/run/docker.sock<->/var/run/docker.sock
13:41:05.751 [docker-java-stream--1076429990] DEBUG com.github.dockerjava.zerodep.shaded.org.apache.hc.client5.http.impl.io.PoolingHttpClientConnectionManager - ep-00000016: connected http-outgoing-6
13:41:05.751 [docker-java-stream--1076429990] DEBUG com.github.dockerjava.zerodep.shaded.org.apache.hc.client5.http.impl.classic.InternalHttpClient - ep-00000016: endpoint connected
13:41:05.751 [docker-java-stream--1076429990] DEBUG com.github.dockerjava.zerodep.shaded.org.apache.hc.client5.http.impl.classic.MainClientExec - ex-00000017: executing GET /v1.32/containers/39cd6583fd7d38689755a21d546386d365de59839920f8afe15c25619de5518d/logs?stdout=true&stderr=true&follow=true&since=0 HTTP/1.1
13:41:05.751 [docker-java-stream--1076429990] DEBUG com.github.dockerjava.zerodep.shaded.org.apache.hc.client5.http.impl.classic.InternalHttpClient - ep-00000016: start execution ex-00000017
13:41:05.751 [docker-java-stream--1076429990] DEBUG com.github.dockerjava.zerodep.shaded.org.apache.hc.client5.http.impl.io.PoolingHttpClientConnectionManager - ep-00000016: executing exchange ex-00000017 over http-outgoing-6
13:41:05.751 [docker-java-stream--1076429990] DEBUG com.github.dockerjava.zerodep.shaded.org.apache.hc.client5.http.headers - http-outgoing-6 >> GET /v1.32/containers/39cd6583fd7d38689755a21d546386d365de59839920f8afe15c25619de5518d/logs?stdout=true&stderr=true&follow=true&since=0 HTTP/1.1
13:41:05.751 [docker-java-stream--1076429990] DEBUG com.github.dockerjava.zerodep.shaded.org.apache.hc.client5.http.headers - http-outgoing-6 >> x-tc-sid: 21040e04-f7e5-450c-aa6e-a021d60635fb
13:41:05.751 [docker-java-stream--1076429990] DEBUG com.github.dockerjava.zerodep.shaded.org.apache.hc.client5.http.headers - http-outgoing-6 >> User-Agent: tc-java/1.19.0
13:41:05.751 [docker-java-stream--1076429990] DEBUG com.github.dockerjava.zerodep.shaded.org.apache.hc.client5.http.headers - http-outgoing-6 >> Accept-Encoding: gzip, x-gzip, deflate
13:41:05.751 [docker-java-stream--1076429990] DEBUG com.github.dockerjava.zerodep.shaded.org.apache.hc.client5.http.headers - http-outgoing-6 >> Host: localhost:2375
13:41:05.751 [docker-java-stream--1076429990] DEBUG com.github.dockerjava.zerodep.shaded.org.apache.hc.client5.http.headers - http-outgoing-6 >> Connection: keep-alive
13:41:05.752 [docker-java-stream--1076429990] DEBUG com.github.dockerjava.zerodep.shaded.org.apache.hc.client5.http.headers - http-outgoing-6 << HTTP/1.1 200 OK
13:41:05.752 [docker-java-stream--1076429990] DEBUG com.github.dockerjava.zerodep.shaded.org.apache.hc.client5.http.headers - http-outgoing-6 << Api-Version: 1.41
13:41:05.752 [docker-java-stream--1076429990] DEBUG com.github.dockerjava.zerodep.shaded.org.apache.hc.client5.http.headers - http-outgoing-6 << Docker-Experimental: false
13:41:05.752 [docker-java-stream--1076429990] DEBUG com.github.dockerjava.zerodep.shaded.org.apache.hc.client5.http.headers - http-outgoing-6 << Ostype: linux
13:41:05.752 [docker-java-stream--1076429990] DEBUG com.github.dockerjava.zerodep.shaded.org.apache.hc.client5.http.headers - http-outgoing-6 << Server: Docker/20.10.21 (linux)
13:41:05.752 [docker-java-stream--1076429990] DEBUG com.github.dockerjava.zerodep.shaded.org.apache.hc.client5.http.headers - http-outgoing-6 << Date: Mon, 05 Feb 2024 12:41:05 GMT
13:41:05.752 [docker-java-stream--1076429990] DEBUG com.github.dockerjava.zerodep.shaded.org.apache.hc.client5.http.headers - http-outgoing-6 << Transfer-Encoding: chunked
13:41:05.752 [docker-java-stream--1076429990] DEBUG com.github.dockerjava.zerodep.shaded.org.apache.hc.client5.http.impl.classic.MainClientExec - ex-00000017: connection can be kept alive for 3 MINUTES
13:41:05.752 [docker-java-stream--1076429990] INFO  Postgres logger - STDOUT: The files belonging to this database system will be owned by user "postgres".
13:41:05.753 [docker-java-stream--1076429990] INFO  Postgres logger - STDOUT: This user must also own the server process.
13:41:05.753 [docker-java-stream--1076429990] INFO  Postgres logger - STDOUT: 
13:41:05.753 [docker-java-stream--1076429990] INFO  Postgres logger - STDOUT: The database cluster will be initialized with locale "en_US.utf8".
13:41:05.753 [docker-java-stream--1076429990] INFO  Postgres logger - STDOUT: The default database encoding has accordingly been set to "UTF8".
13:41:05.753 [docker-java-stream--1076429990] INFO  Postgres logger - STDOUT: The default text search configuration will be set to "english".
13:41:05.753 [docker-java-stream--1076429990] INFO  Postgres logger - STDOUT: 
13:41:05.753 [docker-java-stream--1076429990] INFO  Postgres logger - STDOUT: Data page checksums are disabled.
13:41:05.753 [docker-java-stream--1076429990] INFO  Postgres logger - STDOUT: 
13:41:05.753 [docker-java-stream--1076429990] INFO  Postgres logger - STDOUT: fixing permissions on existing directory /var/lib/postgresql/data ... ok
13:41:05.753 [docker-java-stream--1076429990] INFO  Postgres logger - STDOUT: creating subdirectories ... ok
13:41:05.753 [docker-java-stream--1076429990] INFO  Postgres logger - STDOUT: selecting dynamic shared memory implementation ... posix
13:41:05.753 [docker-java-stream--1076429990] INFO  Postgres logger - STDOUT: selecting default max_connections ... 100
13:41:05.753 [docker-java-stream--1076429990] INFO  Postgres logger - STDOUT: selecting default shared_buffers ... 128MB
13:41:05.753 [docker-java-stream--1076429990] INFO  Postgres logger - STDOUT: selecting default time zone ... Etc/UTC
13:41:05.753 [docker-java-stream--1076429990] INFO  Postgres logger - STDOUT: creating configuration files ... ok
13:41:05.753 [docker-java-stream--1076429990] INFO  Postgres logger - STDOUT: running bootstrap script ... ok
13:41:05.753 [docker-java-stream--1076429990] INFO  Postgres logger - STDOUT: performing post-bootstrap initialization ... ok
13:41:05.753 [docker-java-stream--1076429990] INFO  Postgres logger - STDOUT: syncing data to disk ... ok
13:41:05.753 [docker-java-stream--1076429990] INFO  Postgres logger - STDOUT: 
13:41:05.753 [docker-java-stream--1076429990] INFO  Postgres logger - STDOUT: 
13:41:05.753 [docker-java-stream--1076429990] INFO  Postgres logger - STDERR: initdb: warning: enabling "trust" authentication for local connections
13:41:05.753 [docker-java-stream--1076429990] INFO  Postgres logger - STDERR: initdb: hint: You can change this by editing pg_hba.conf or using the option -A, or --auth-local and --auth-host, the next time you run initdb.
13:41:05.753 [docker-java-stream--1076429990] INFO  Postgres logger - STDOUT: Success. You can now start the database server using:
13:41:05.754 [docker-java-stream--1076429990] INFO  Postgres logger - STDOUT: 
13:41:05.754 [docker-java-stream--1076429990] INFO  Postgres logger - STDOUT:     pg_ctl -D /var/lib/postgresql/data -l logfile start
13:41:05.754 [docker-java-stream--1076429990] INFO  Postgres logger - STDOUT: 
13:41:05.754 [docker-java-stream--1076429990] INFO  Postgres logger - STDOUT: waiting for server to start....2024-02-05 12:41:00.435 UTC [47] LOG:  starting PostgreSQL 16.0 (Debian 16.0-1.pgdg120+1) on x86_64-pc-linux-gnu, compiled by gcc (Debian 12.2.0-14) 12.2.0, 64-bit
13:41:05.754 [docker-java-stream--1076429990] INFO  Postgres logger - STDOUT: 2024-02-05 12:41:00.435 UTC [47] LOG:  listening on Unix socket "/var/run/postgresql/.s.PGSQL.5432"
13:41:05.754 [docker-java-stream--1076429990] INFO  Postgres logger - STDOUT: 2024-02-05 12:41:00.437 UTC [50] LOG:  database system was shut down at 2024-02-05 12:41:00 UTC
13:41:05.754 [docker-java-stream--1076429990] INFO  Postgres logger - STDOUT: 2024-02-05 12:41:00.440 UTC [47] LOG:  database system is ready to accept connections
13:41:05.754 [docker-java-stream--1076429990] INFO  Postgres logger - STDOUT:  done
13:41:05.754 [docker-java-stream--1076429990] INFO  Postgres logger - STDOUT: server started
13:41:05.754 [docker-java-stream--1076429990] INFO  Postgres logger - STDOUT: CREATE DATABASE
13:41:05.754 [docker-java-stream--1076429990] INFO  Postgres logger - STDOUT: 
13:41:05.754 [docker-java-stream--1076429990] INFO  Postgres logger - STDOUT: 
13:41:05.754 [docker-java-stream--1076429990] INFO  Postgres logger - STDOUT: /usr/local/bin/docker-entrypoint.sh: ignoring /docker-entrypoint-initdb.d/*
13:41:05.754 [docker-java-stream--1076429990] INFO  Postgres logger - STDOUT: 
13:41:05.754 [docker-java-stream--1076429990] INFO  Postgres logger - STDOUT: waiting for server to shut down...2024-02-05 12:41:00.657 UTC [47] LOG:  received fast shutdown request
13:41:05.755 [docker-java-stream--1076429990] INFO  Postgres logger - STDOUT: .2024-02-05 12:41:00.657 UTC [47] LOG:  aborting any active transactions
13:41:05.755 [docker-java-stream--1076429990] INFO  Postgres logger - STDOUT: 2024-02-05 12:41:00.659 UTC [47] LOG:  background worker "logical replication launcher" (PID 53) exited with exit code 1
13:41:05.755 [docker-java-stream--1076429990] INFO  Postgres logger - STDOUT: 2024-02-05 12:41:00.659 UTC [48] LOG:  shutting down
13:41:05.755 [docker-java-stream--1076429990] INFO  Postgres logger - STDOUT: 2024-02-05 12:41:00.659 UTC [48] LOG:  checkpoint starting: shutdown immediate
13:41:05.755 [docker-java-stream--1076429990] INFO  Postgres logger - STDOUT: 2024-02-05 12:41:00.667 UTC [48] LOG:  checkpoint complete: wrote 923 buffers (5.6%); 0 WAL file(s) added, 0 removed, 0 recycled; write=0.008 s, sync=0.001 s, total=0.008 s; sync files=0, longest=0.000 s, average=0.000 s; distance=4257 kB, estimate=4257 kB; lsn=0/19130C8, redo lsn=0/19130C8
13:41:05.755 [docker-java-stream--1076429990] INFO  Postgres logger - STDOUT: 2024-02-05 12:41:00.674 UTC [47] LOG:  database system is shut down
13:41:05.755 [docker-java-stream--1076429990] INFO  Postgres logger - STDOUT:  done
13:41:05.755 [docker-java-stream--1076429990] INFO  Postgres logger - STDOUT: server stopped
13:41:05.755 [docker-java-stream--1076429990] INFO  Postgres logger - STDOUT: 
13:41:05.755 [docker-java-stream--1076429990] INFO  Postgres logger - STDOUT: PostgreSQL init process complete; ready for start up.
13:41:05.755 [docker-java-stream--1076429990] INFO  Postgres logger - STDOUT: 
13:41:05.755 [docker-java-stream--1076429990] INFO  Postgres logger - STDERR: 2024-02-05 12:41:00.800 UTC [1] LOG:  starting PostgreSQL 16.0 (Debian 16.0-1.pgdg120+1) on x86_64-pc-linux-gnu, compiled by gcc (Debian 12.2.0-14) 12.2.0, 64-bit
13:41:05.755 [docker-java-stream--1076429990] INFO  Postgres logger - STDERR: 2024-02-05 12:41:00.800 UTC [1] LOG:  listening on IPv4 address "0.0.0.0", port 5432
13:41:05.755 [docker-java-stream--1076429990] INFO  Postgres logger - STDERR: 2024-02-05 12:41:00.800 UTC [1] LOG:  listening on IPv6 address "::", port 5432
13:41:05.755 [docker-java-stream--1076429990] INFO  Postgres logger - STDERR: 2024-02-05 12:41:00.800 UTC [1] LOG:  listening on Unix socket "/var/run/postgresql/.s.PGSQL.5432"
13:41:05.755 [docker-java-stream--1076429990] INFO  Postgres logger - STDERR: 2024-02-05 12:41:00.803 UTC [63] LOG:  database system was shut down at 2024-02-05 12:41:00 UTC
13:41:05.755 [docker-java-stream--1076429990] INFO  Postgres logger - STDERR: 2024-02-05 12:41:00.807 UTC [1] LOG:  database system is ready to accept connections
]]></system-out>
  </testcase>
  <testcase name="shouldFindPostWhenValidPostID" classname="dev.danvega.danson.post.PostControllerIntTest" time="0.021">
    <system-out><![CDATA[13:41:05.786 [docker-java-stream--1076429990] DEBUG com.github.dockerjava.zerodep.shaded.org.apache.hc.client5.http.impl.classic.InternalHttpClient - ex-00000018: preparing request execution
13:41:05.786 [docker-java-stream--1076429990] DEBUG com.github.dockerjava.zerodep.shaded.org.apache.hc.client5.http.protocol.RequestAddCookies - Cookie spec selected: strict
13:41:05.786 [docker-java-stream--1076429990] DEBUG com.github.dockerjava.zerodep.shaded.org.apache.hc.client5.http.protocol.RequestAuthCache - Auth cache not set in the context
13:41:05.786 [docker-java-stream--1076429990] DEBUG com.github.dockerjava.zerodep.shaded.org.apache.hc.client5.http.impl.classic.ProtocolExec - ex-00000018: target auth state: UNCHALLENGED
13:41:05.786 [docker-java-stream--1076429990] DEBUG com.github.dockerjava.zerodep.shaded.org.apache.hc.client5.http.impl.classic.ProtocolExec - ex-00000018: proxy auth state: UNCHALLENGED
13:41:05.786 [docker-java-stream--1076429990] DEBUG com.github.dockerjava.zerodep.shaded.org.apache.hc.client5.http.impl.classic.ConnectExec - ex-00000018: acquiring connection with route {}->unix://localhost:2375
13:41:05.786 [docker-java-stream--1076429990] DEBUG com.github.dockerjava.zerodep.shaded.org.apache.hc.client5.http.impl.classic.InternalHttpClient - ex-00000018: acquiring endpoint (3 MINUTES)
13:41:05.786 [docker-java-stream--1076429990] DEBUG com.github.dockerjava.zerodep.shaded.org.apache.hc.client5.http.impl.io.PoolingHttpClientConnectionManager - ex-00000018: endpoint lease request (3 MINUTES) [route: {}->unix://localhost:2375][total available: 0; route allocated: 5 of 2147483647; total allocated: 5 of 2147483647]
13:41:05.786 [docker-java-stream--1076429990] DEBUG com.github.dockerjava.zerodep.shaded.org.apache.hc.client5.http.impl.io.PoolingHttpClientConnectionManager - ex-00000018: endpoint leased [route: {}->unix://localhost:2375][total available: 0; route allocated: 6 of 2147483647; total allocated: 6 of 2147483647]
13:41:05.786 [docker-java-stream--1076429990] DEBUG com.github.dockerjava.zerodep.shaded.org.apache.hc.client5.http.impl.io.PoolingHttpClientConnectionManager - ex-00000018: acquired ep-00000017
13:41:05.786 [docker-java-stream--1076429990] DEBUG com.github.dockerjava.zerodep.shaded.org.apache.hc.client5.http.impl.classic.InternalHttpClient - ex-00000018: acquired endpoint ep-00000017
13:41:05.786 [docker-java-stream--1076429990] DEBUG com.github.dockerjava.zerodep.shaded.org.apache.hc.client5.http.impl.classic.ConnectExec - ex-00000018: opening connection {}->unix://localhost:2375
13:41:05.786 [docker-java-stream--1076429990] DEBUG com.github.dockerjava.zerodep.shaded.org.apache.hc.client5.http.impl.classic.InternalHttpClient - ep-00000017: connecting endpoint (3 MINUTES)
13:41:05.786 [docker-java-stream--1076429990] DEBUG com.github.dockerjava.zerodep.shaded.org.apache.hc.client5.http.impl.io.PoolingHttpClientConnectionManager - ep-00000017: connecting endpoint to unix://localhost:2375 (3 MINUTES)
13:41:05.787 [docker-java-stream--1076429990] DEBUG com.github.dockerjava.zerodep.shaded.org.apache.hc.client5.http.impl.io.DefaultHttpClientConnectionOperator - http-outgoing-7: connecting to localhost/127.0.0.1:2375
13:41:05.787 [docker-java-stream--1076429990] DEBUG com.github.dockerjava.zerodep.shaded.org.apache.hc.client5.http.impl.io.DefaultHttpClientConnectionOperator - http-outgoing-7: connection established /var/run/docker.sock<->/var/run/docker.sock
13:41:05.787 [docker-java-stream--1076429990] DEBUG com.github.dockerjava.zerodep.shaded.org.apache.hc.client5.http.impl.io.PoolingHttpClientConnectionManager - ep-00000017: connected http-outgoing-7
13:41:05.787 [docker-java-stream--1076429990] DEBUG com.github.dockerjava.zerodep.shaded.org.apache.hc.client5.http.impl.classic.InternalHttpClient - ep-00000017: endpoint connected
13:41:05.787 [docker-java-stream--1076429990] DEBUG com.github.dockerjava.zerodep.shaded.org.apache.hc.client5.http.impl.classic.MainClientExec - ex-00000018: executing GET /v1.32/containers/39cd6583fd7d38689755a21d546386d365de59839920f8afe15c25619de5518d/logs?stdout=true&stderr=true&follow=true&since=0 HTTP/1.1
13:41:05.787 [docker-java-stream--1076429990] DEBUG com.github.dockerjava.zerodep.shaded.org.apache.hc.client5.http.impl.classic.InternalHttpClient - ep-00000017: start execution ex-00000018
13:41:05.787 [docker-java-stream--1076429990] DEBUG com.github.dockerjava.zerodep.shaded.org.apache.hc.client5.http.impl.io.PoolingHttpClientConnectionManager - ep-00000017: executing exchange ex-00000018 over http-outgoing-7
13:41:05.787 [docker-java-stream--1076429990] DEBUG com.github.dockerjava.zerodep.shaded.org.apache.hc.client5.http.headers - http-outgoing-7 >> GET /v1.32/containers/39cd6583fd7d38689755a21d546386d365de59839920f8afe15c25619de5518d/logs?stdout=true&stderr=true&follow=true&since=0 HTTP/1.1
13:41:05.787 [docker-java-stream--1076429990] DEBUG com.github.dockerjava.zerodep.shaded.org.apache.hc.client5.http.headers - http-outgoing-7 >> x-tc-sid: 21040e04-f7e5-450c-aa6e-a021d60635fb
13:41:05.787 [docker-java-stream--1076429990] DEBUG com.github.dockerjava.zerodep.shaded.org.apache.hc.client5.http.headers - http-outgoing-7 >> User-Agent: tc-java/1.19.0
13:41:05.787 [docker-java-stream--1076429990] DEBUG com.github.dockerjava.zerodep.shaded.org.apache.hc.client5.http.headers - http-outgoing-7 >> Accept-Encoding: gzip, x-gzip, deflate
13:41:05.787 [docker-java-stream--1076429990] DEBUG com.github.dockerjava.zerodep.shaded.org.apache.hc.client5.http.headers - http-outgoing-7 >> Host: localhost:2375
13:41:05.787 [docker-java-stream--1076429990] DEBUG com.github.dockerjava.zerodep.shaded.org.apache.hc.client5.http.headers - http-outgoing-7 >> Connection: keep-alive
13:41:05.788 [docker-java-stream--1076429990] DEBUG com.github.dockerjava.zerodep.shaded.org.apache.hc.client5.http.headers - http-outgoing-7 << HTTP/1.1 200 OK
13:41:05.788 [docker-java-stream--1076429990] DEBUG com.github.dockerjava.zerodep.shaded.org.apache.hc.client5.http.headers - http-outgoing-7 << Api-Version: 1.41
13:41:05.788 [docker-java-stream--1076429990] DEBUG com.github.dockerjava.zerodep.shaded.org.apache.hc.client5.http.headers - http-outgoing-7 << Docker-Experimental: false
13:41:05.788 [docker-java-stream--1076429990] DEBUG com.github.dockerjava.zerodep.shaded.org.apache.hc.client5.http.headers - http-outgoing-7 << Ostype: linux
13:41:05.788 [docker-java-stream--1076429990] DEBUG com.github.dockerjava.zerodep.shaded.org.apache.hc.client5.http.headers - http-outgoing-7 << Server: Docker/20.10.21 (linux)
13:41:05.788 [docker-java-stream--1076429990] DEBUG com.github.dockerjava.zerodep.shaded.org.apache.hc.client5.http.headers - http-outgoing-7 << Date: Mon, 05 Feb 2024 12:41:05 GMT
13:41:05.788 [docker-java-stream--1076429990] DEBUG com.github.dockerjava.zerodep.shaded.org.apache.hc.client5.http.headers - http-outgoing-7 << Transfer-Encoding: chunked
13:41:05.788 [docker-java-stream--1076429990] DEBUG com.github.dockerjava.zerodep.shaded.org.apache.hc.client5.http.impl.classic.MainClientExec - ex-00000018: connection can be kept alive for 3 MINUTES
13:41:05.788 [docker-java-stream--1076429990] INFO  Postgres logger - STDOUT: The files belonging to this database system will be owned by user "postgres".
13:41:05.788 [docker-java-stream--1076429990] INFO  Postgres logger - STDOUT: This user must also own the server process.
13:41:05.788 [docker-java-stream--1076429990] INFO  Postgres logger - STDOUT: 
13:41:05.788 [docker-java-stream--1076429990] INFO  Postgres logger - STDOUT: The database cluster will be initialized with locale "en_US.utf8".
13:41:05.788 [docker-java-stream--1076429990] INFO  Postgres logger - STDOUT: The default database encoding has accordingly been set to "UTF8".
13:41:05.789 [docker-java-stream--1076429990] INFO  Postgres logger - STDOUT: The default text search configuration will be set to "english".
13:41:05.789 [docker-java-stream--1076429990] INFO  Postgres logger - STDOUT: 
13:41:05.789 [docker-java-stream--1076429990] INFO  Postgres logger - STDOUT: Data page checksums are disabled.
13:41:05.790 [docker-java-stream--1076429990] INFO  Postgres logger - STDOUT: 
13:41:05.790 [docker-java-stream--1076429990] INFO  Postgres logger - STDOUT: fixing permissions on existing directory /var/lib/postgresql/data ... ok
13:41:05.790 [docker-java-stream--1076429990] INFO  Postgres logger - STDOUT: creating subdirectories ... ok
13:41:05.790 [docker-java-stream--1076429990] INFO  Postgres logger - STDOUT: selecting dynamic shared memory implementation ... posix
13:41:05.790 [docker-java-stream--1076429990] INFO  Postgres logger - STDOUT: selecting default max_connections ... 100
13:41:05.790 [docker-java-stream--1076429990] INFO  Postgres logger - STDOUT: selecting default shared_buffers ... 128MB
13:41:05.790 [docker-java-stream--1076429990] INFO  Postgres logger - STDOUT: selecting default time zone ... Etc/UTC
13:41:05.790 [docker-java-stream--1076429990] INFO  Postgres logger - STDOUT: creating configuration files ... ok
13:41:05.791 [docker-java-stream--1076429990] INFO  Postgres logger - STDOUT: running bootstrap script ... ok
13:41:05.791 [docker-java-stream--1076429990] INFO  Postgres logger - STDOUT: performing post-bootstrap initialization ... ok
13:41:05.791 [docker-java-stream--1076429990] INFO  Postgres logger - STDOUT: syncing data to disk ... ok
13:41:05.791 [docker-java-stream--1076429990] INFO  Postgres logger - STDOUT: 
13:41:05.791 [docker-java-stream--1076429990] INFO  Postgres logger - STDOUT: 
13:41:05.791 [docker-java-stream--1076429990] INFO  Postgres logger - STDERR: initdb: warning: enabling "trust" authentication for local connections
13:41:05.791 [docker-java-stream--1076429990] INFO  Postgres logger - STDERR: initdb: hint: You can change this by editing pg_hba.conf or using the option -A, or --auth-local and --auth-host, the next time you run initdb.
13:41:05.791 [docker-java-stream--1076429990] INFO  Postgres logger - STDOUT: Success. You can now start the database server using:
13:41:05.791 [docker-java-stream--1076429990] INFO  Postgres logger - STDOUT: 
13:41:05.791 [docker-java-stream--1076429990] INFO  Postgres logger - STDOUT:     pg_ctl -D /var/lib/postgresql/data -l logfile start
13:41:05.791 [docker-java-stream--1076429990] INFO  Postgres logger - STDOUT: 
13:41:05.791 [docker-java-stream--1076429990] INFO  Postgres logger - STDOUT: waiting for server to start....2024-02-05 12:41:00.435 UTC [47] LOG:  starting PostgreSQL 16.0 (Debian 16.0-1.pgdg120+1) on x86_64-pc-linux-gnu, compiled by gcc (Debian 12.2.0-14) 12.2.0, 64-bit
13:41:05.791 [docker-java-stream--1076429990] INFO  Postgres logger - STDOUT: 2024-02-05 12:41:00.435 UTC [47] LOG:  listening on Unix socket "/var/run/postgresql/.s.PGSQL.5432"
13:41:05.791 [docker-java-stream--1076429990] INFO  Postgres logger - STDOUT: 2024-02-05 12:41:00.437 UTC [50] LOG:  database system was shut down at 2024-02-05 12:41:00 UTC
13:41:05.791 [docker-java-stream--1076429990] INFO  Postgres logger - STDOUT: 2024-02-05 12:41:00.440 UTC [47] LOG:  database system is ready to accept connections
13:41:05.791 [docker-java-stream--1076429990] INFO  Postgres logger - STDOUT:  done
13:41:05.791 [docker-java-stream--1076429990] INFO  Postgres logger - STDOUT: server started
13:41:05.791 [docker-java-stream--1076429990] INFO  Postgres logger - STDOUT: CREATE DATABASE
13:41:05.791 [docker-java-stream--1076429990] INFO  Postgres logger - STDOUT: 
13:41:05.791 [docker-java-stream--1076429990] INFO  Postgres logger - STDOUT: 
13:41:05.791 [docker-java-stream--1076429990] INFO  Postgres logger - STDOUT: /usr/local/bin/docker-entrypoint.sh: ignoring /docker-entrypoint-initdb.d/*
13:41:05.791 [docker-java-stream--1076429990] INFO  Postgres logger - STDOUT: 
13:41:05.791 [docker-java-stream--1076429990] INFO  Postgres logger - STDOUT: waiting for server to shut down...2024-02-05 12:41:00.657 UTC [47] LOG:  received fast shutdown request
13:41:05.791 [docker-java-stream--1076429990] INFO  Postgres logger - STDOUT: .2024-02-05 12:41:00.657 UTC [47] LOG:  aborting any active transactions
13:41:05.791 [docker-java-stream--1076429990] INFO  Postgres logger - STDOUT: 2024-02-05 12:41:00.659 UTC [47] LOG:  background worker "logical replication launcher" (PID 53) exited with exit code 1
13:41:05.791 [docker-java-stream--1076429990] INFO  Postgres logger - STDOUT: 2024-02-05 12:41:00.659 UTC [48] LOG:  shutting down
13:41:05.791 [docker-java-stream--1076429990] INFO  Postgres logger - STDOUT: 2024-02-05 12:41:00.659 UTC [48] LOG:  checkpoint starting: shutdown immediate
13:41:05.791 [docker-java-stream--1076429990] INFO  Postgres logger - STDOUT: 2024-02-05 12:41:00.667 UTC [48] LOG:  checkpoint complete: wrote 923 buffers (5.6%); 0 WAL file(s) added, 0 removed, 0 recycled; write=0.008 s, sync=0.001 s, total=0.008 s; sync files=0, longest=0.000 s, average=0.000 s; distance=4257 kB, estimate=4257 kB; lsn=0/19130C8, redo lsn=0/19130C8
13:41:05.791 [docker-java-stream--1076429990] INFO  Postgres logger - STDOUT: 2024-02-05 12:41:00.674 UTC [47] LOG:  database system is shut down
13:41:05.791 [docker-java-stream--1076429990] INFO  Postgres logger - STDOUT:  done
13:41:05.792 [docker-java-stream--1076429990] INFO  Postgres logger - STDOUT: server stopped
13:41:05.792 [docker-java-stream--1076429990] INFO  Postgres logger - STDOUT: 
13:41:05.792 [docker-java-stream--1076429990] INFO  Postgres logger - STDOUT: PostgreSQL init process complete; ready for start up.
13:41:05.792 [docker-java-stream--1076429990] INFO  Postgres logger - STDOUT: 
13:41:05.792 [docker-java-stream--1076429990] INFO  Postgres logger - STDERR: 2024-02-05 12:41:00.800 UTC [1] LOG:  starting PostgreSQL 16.0 (Debian 16.0-1.pgdg120+1) on x86_64-pc-linux-gnu, compiled by gcc (Debian 12.2.0-14) 12.2.0, 64-bit
13:41:05.792 [docker-java-stream--1076429990] INFO  Postgres logger - STDERR: 2024-02-05 12:41:00.800 UTC [1] LOG:  listening on IPv4 address "0.0.0.0", port 5432
13:41:05.792 [docker-java-stream--1076429990] INFO  Postgres logger - STDERR: 2024-02-05 12:41:00.800 UTC [1] LOG:  listening on IPv6 address "::", port 5432
13:41:05.792 [docker-java-stream--1076429990] INFO  Postgres logger - STDERR: 2024-02-05 12:41:00.800 UTC [1] LOG:  listening on Unix socket "/var/run/postgresql/.s.PGSQL.5432"
13:41:05.792 [docker-java-stream--1076429990] INFO  Postgres logger - STDERR: 2024-02-05 12:41:00.803 UTC [63] LOG:  database system was shut down at 2024-02-05 12:41:00 UTC
13:41:05.792 [docker-java-stream--1076429990] INFO  Postgres logger - STDERR: 2024-02-05 12:41:00.807 UTC [1] LOG:  database system is ready to accept connections
]]></system-out>
  </testcase>
  <testcase name="shouldUpdatePostWhenPostIsValid" classname="dev.danvega.danson.post.PostControllerIntTest" time="0.026">
    <system-out><![CDATA[13:41:05.820 [docker-java-stream--1076429990] DEBUG com.github.dockerjava.zerodep.shaded.org.apache.hc.client5.http.impl.classic.InternalHttpClient - ex-00000019: preparing request execution
13:41:05.824 [docker-java-stream--1076429990] DEBUG com.github.dockerjava.zerodep.shaded.org.apache.hc.client5.http.protocol.RequestAddCookies - Cookie spec selected: strict
13:41:05.824 [docker-java-stream--1076429990] DEBUG com.github.dockerjava.zerodep.shaded.org.apache.hc.client5.http.protocol.RequestAuthCache - Auth cache not set in the context
13:41:05.824 [docker-java-stream--1076429990] DEBUG com.github.dockerjava.zerodep.shaded.org.apache.hc.client5.http.impl.classic.ProtocolExec - ex-00000019: target auth state: UNCHALLENGED
13:41:05.824 [docker-java-stream--1076429990] DEBUG com.github.dockerjava.zerodep.shaded.org.apache.hc.client5.http.impl.classic.ProtocolExec - ex-00000019: proxy auth state: UNCHALLENGED
13:41:05.824 [docker-java-stream--1076429990] DEBUG com.github.dockerjava.zerodep.shaded.org.apache.hc.client5.http.impl.classic.ConnectExec - ex-00000019: acquiring connection with route {}->unix://localhost:2375
13:41:05.824 [docker-java-stream--1076429990] DEBUG com.github.dockerjava.zerodep.shaded.org.apache.hc.client5.http.impl.classic.InternalHttpClient - ex-00000019: acquiring endpoint (3 MINUTES)
13:41:05.824 [docker-java-stream--1076429990] DEBUG com.github.dockerjava.zerodep.shaded.org.apache.hc.client5.http.impl.io.PoolingHttpClientConnectionManager - ex-00000019: endpoint lease request (3 MINUTES) [route: {}->unix://localhost:2375][total available: 0; route allocated: 6 of 2147483647; total allocated: 6 of 2147483647]
13:41:05.825 [docker-java-stream--1076429990] DEBUG com.github.dockerjava.zerodep.shaded.org.apache.hc.client5.http.impl.io.PoolingHttpClientConnectionManager - ex-00000019: endpoint leased [route: {}->unix://localhost:2375][total available: 0; route allocated: 7 of 2147483647; total allocated: 7 of 2147483647]
13:41:05.825 [docker-java-stream--1076429990] DEBUG com.github.dockerjava.zerodep.shaded.org.apache.hc.client5.http.impl.io.PoolingHttpClientConnectionManager - ex-00000019: acquired ep-00000018
13:41:05.825 [docker-java-stream--1076429990] DEBUG com.github.dockerjava.zerodep.shaded.org.apache.hc.client5.http.impl.classic.InternalHttpClient - ex-00000019: acquired endpoint ep-00000018
13:41:05.825 [docker-java-stream--1076429990] DEBUG com.github.dockerjava.zerodep.shaded.org.apache.hc.client5.http.impl.classic.ConnectExec - ex-00000019: opening connection {}->unix://localhost:2375
13:41:05.825 [docker-java-stream--1076429990] DEBUG com.github.dockerjava.zerodep.shaded.org.apache.hc.client5.http.impl.classic.InternalHttpClient - ep-00000018: connecting endpoint (3 MINUTES)
13:41:05.825 [docker-java-stream--1076429990] DEBUG com.github.dockerjava.zerodep.shaded.org.apache.hc.client5.http.impl.io.PoolingHttpClientConnectionManager - ep-00000018: connecting endpoint to unix://localhost:2375 (3 MINUTES)
13:41:05.825 [docker-java-stream--1076429990] DEBUG com.github.dockerjava.zerodep.shaded.org.apache.hc.client5.http.impl.io.DefaultHttpClientConnectionOperator - http-outgoing-8: connecting to localhost/127.0.0.1:2375
13:41:05.825 [docker-java-stream--1076429990] DEBUG com.github.dockerjava.zerodep.shaded.org.apache.hc.client5.http.impl.io.DefaultHttpClientConnectionOperator - http-outgoing-8: connection established /var/run/docker.sock<->/var/run/docker.sock
13:41:05.825 [docker-java-stream--1076429990] DEBUG com.github.dockerjava.zerodep.shaded.org.apache.hc.client5.http.impl.io.PoolingHttpClientConnectionManager - ep-00000018: connected http-outgoing-8
13:41:05.825 [docker-java-stream--1076429990] DEBUG com.github.dockerjava.zerodep.shaded.org.apache.hc.client5.http.impl.classic.InternalHttpClient - ep-00000018: endpoint connected
13:41:05.825 [docker-java-stream--1076429990] DEBUG com.github.dockerjava.zerodep.shaded.org.apache.hc.client5.http.impl.classic.MainClientExec - ex-00000019: executing GET /v1.32/containers/39cd6583fd7d38689755a21d546386d365de59839920f8afe15c25619de5518d/logs?stdout=true&stderr=true&follow=true&since=0 HTTP/1.1
13:41:05.825 [docker-java-stream--1076429990] DEBUG com.github.dockerjava.zerodep.shaded.org.apache.hc.client5.http.impl.classic.InternalHttpClient - ep-00000018: start execution ex-00000019
13:41:05.825 [docker-java-stream--1076429990] DEBUG com.github.dockerjava.zerodep.shaded.org.apache.hc.client5.http.impl.io.PoolingHttpClientConnectionManager - ep-00000018: executing exchange ex-00000019 over http-outgoing-8
13:41:05.826 [docker-java-stream--1076429990] DEBUG com.github.dockerjava.zerodep.shaded.org.apache.hc.client5.http.headers - http-outgoing-8 >> GET /v1.32/containers/39cd6583fd7d38689755a21d546386d365de59839920f8afe15c25619de5518d/logs?stdout=true&stderr=true&follow=true&since=0 HTTP/1.1
13:41:05.826 [docker-java-stream--1076429990] DEBUG com.github.dockerjava.zerodep.shaded.org.apache.hc.client5.http.headers - http-outgoing-8 >> x-tc-sid: 21040e04-f7e5-450c-aa6e-a021d60635fb
13:41:05.826 [docker-java-stream--1076429990] DEBUG com.github.dockerjava.zerodep.shaded.org.apache.hc.client5.http.headers - http-outgoing-8 >> User-Agent: tc-java/1.19.0
13:41:05.826 [docker-java-stream--1076429990] DEBUG com.github.dockerjava.zerodep.shaded.org.apache.hc.client5.http.headers - http-outgoing-8 >> Accept-Encoding: gzip, x-gzip, deflate
13:41:05.826 [docker-java-stream--1076429990] DEBUG com.github.dockerjava.zerodep.shaded.org.apache.hc.client5.http.headers - http-outgoing-8 >> Host: localhost:2375
13:41:05.826 [docker-java-stream--1076429990] DEBUG com.github.dockerjava.zerodep.shaded.org.apache.hc.client5.http.headers - http-outgoing-8 >> Connection: keep-alive
13:41:05.826 [docker-java-stream--1076429990] DEBUG com.github.dockerjava.zerodep.shaded.org.apache.hc.client5.http.headers - http-outgoing-8 << HTTP/1.1 200 OK
13:41:05.826 [docker-java-stream--1076429990] DEBUG com.github.dockerjava.zerodep.shaded.org.apache.hc.client5.http.headers - http-outgoing-8 << Api-Version: 1.41
13:41:05.826 [docker-java-stream--1076429990] DEBUG com.github.dockerjava.zerodep.shaded.org.apache.hc.client5.http.headers - http-outgoing-8 << Docker-Experimental: false
13:41:05.826 [docker-java-stream--1076429990] DEBUG com.github.dockerjava.zerodep.shaded.org.apache.hc.client5.http.headers - http-outgoing-8 << Ostype: linux
13:41:05.826 [docker-java-stream--1076429990] DEBUG com.github.dockerjava.zerodep.shaded.org.apache.hc.client5.http.headers - http-outgoing-8 << Server: Docker/20.10.21 (linux)
13:41:05.826 [docker-java-stream--1076429990] DEBUG com.github.dockerjava.zerodep.shaded.org.apache.hc.client5.http.headers - http-outgoing-8 << Date: Mon, 05 Feb 2024 12:41:05 GMT
13:41:05.826 [docker-java-stream--1076429990] DEBUG com.github.dockerjava.zerodep.shaded.org.apache.hc.client5.http.headers - http-outgoing-8 << Transfer-Encoding: chunked
13:41:05.827 [docker-java-stream--1076429990] DEBUG com.github.dockerjava.zerodep.shaded.org.apache.hc.client5.http.impl.classic.MainClientExec - ex-00000019: connection can be kept alive for 3 MINUTES
13:41:05.827 [docker-java-stream--1076429990] INFO  Postgres logger - STDOUT: The files belonging to this database system will be owned by user "postgres".
13:41:05.827 [docker-java-stream--1076429990] INFO  Postgres logger - STDOUT: This user must also own the server process.
13:41:05.827 [docker-java-stream--1076429990] INFO  Postgres logger - STDOUT: 
13:41:05.827 [docker-java-stream--1076429990] INFO  Postgres logger - STDOUT: The database cluster will be initialized with locale "en_US.utf8".
13:41:05.827 [docker-java-stream--1076429990] INFO  Postgres logger - STDOUT: The default database encoding has accordingly been set to "UTF8".
13:41:05.827 [docker-java-stream--1076429990] INFO  Postgres logger - STDOUT: The default text search configuration will be set to "english".
13:41:05.827 [docker-java-stream--1076429990] INFO  Postgres logger - STDOUT: 
13:41:05.827 [docker-java-stream--1076429990] INFO  Postgres logger - STDOUT: Data page checksums are disabled.
13:41:05.827 [docker-java-stream--1076429990] INFO  Postgres logger - STDOUT: 
13:41:05.827 [docker-java-stream--1076429990] INFO  Postgres logger - STDOUT: fixing permissions on existing directory /var/lib/postgresql/data ... ok
13:41:05.827 [docker-java-stream--1076429990] INFO  Postgres logger - STDOUT: creating subdirectories ... ok
13:41:05.827 [docker-java-stream--1076429990] INFO  Postgres logger - STDOUT: selecting dynamic shared memory implementation ... posix
13:41:05.827 [docker-java-stream--1076429990] INFO  Postgres logger - STDOUT: selecting default max_connections ... 100
13:41:05.827 [docker-java-stream--1076429990] INFO  Postgres logger - STDOUT: selecting default shared_buffers ... 128MB
13:41:05.827 [docker-java-stream--1076429990] INFO  Postgres logger - STDOUT: selecting default time zone ... Etc/UTC
13:41:05.827 [docker-java-stream--1076429990] INFO  Postgres logger - STDOUT: creating configuration files ... ok
13:41:05.828 [docker-java-stream--1076429990] INFO  Postgres logger - STDOUT: running bootstrap script ... ok
13:41:05.828 [docker-java-stream--1076429990] INFO  Postgres logger - STDOUT: performing post-bootstrap initialization ... ok
13:41:05.828 [docker-java-stream--1076429990] INFO  Postgres logger - STDOUT: syncing data to disk ... ok
13:41:05.828 [docker-java-stream--1076429990] INFO  Postgres logger - STDOUT: 
13:41:05.828 [docker-java-stream--1076429990] INFO  Postgres logger - STDOUT: 
13:41:05.828 [docker-java-stream--1076429990] INFO  Postgres logger - STDERR: initdb: warning: enabling "trust" authentication for local connections
13:41:05.828 [docker-java-stream--1076429990] INFO  Postgres logger - STDERR: initdb: hint: You can change this by editing pg_hba.conf or using the option -A, or --auth-local and --auth-host, the next time you run initdb.
13:41:05.828 [docker-java-stream--1076429990] INFO  Postgres logger - STDOUT: Success. You can now start the database server using:
13:41:05.828 [docker-java-stream--1076429990] INFO  Postgres logger - STDOUT: 
13:41:05.828 [docker-java-stream--1076429990] INFO  Postgres logger - STDOUT:     pg_ctl -D /var/lib/postgresql/data -l logfile start
13:41:05.828 [docker-java-stream--1076429990] INFO  Postgres logger - STDOUT: 
13:41:05.828 [docker-java-stream--1076429990] INFO  Postgres logger - STDOUT: waiting for server to start....2024-02-05 12:41:00.435 UTC [47] LOG:  starting PostgreSQL 16.0 (Debian 16.0-1.pgdg120+1) on x86_64-pc-linux-gnu, compiled by gcc (Debian 12.2.0-14) 12.2.0, 64-bit
13:41:05.828 [docker-java-stream--1076429990] INFO  Postgres logger - STDOUT: 2024-02-05 12:41:00.435 UTC [47] LOG:  listening on Unix socket "/var/run/postgresql/.s.PGSQL.5432"
13:41:05.828 [docker-java-stream--1076429990] INFO  Postgres logger - STDOUT: 2024-02-05 12:41:00.437 UTC [50] LOG:  database system was shut down at 2024-02-05 12:41:00 UTC
13:41:05.828 [docker-java-stream--1076429990] INFO  Postgres logger - STDOUT: 2024-02-05 12:41:00.440 UTC [47] LOG:  database system is ready to accept connections
13:41:05.828 [docker-java-stream--1076429990] INFO  Postgres logger - STDOUT:  done
13:41:05.828 [docker-java-stream--1076429990] INFO  Postgres logger - STDOUT: server started
13:41:05.828 [docker-java-stream--1076429990] INFO  Postgres logger - STDOUT: CREATE DATABASE
13:41:05.828 [docker-java-stream--1076429990] INFO  Postgres logger - STDOUT: 
13:41:05.829 [docker-java-stream--1076429990] INFO  Postgres logger - STDOUT: 
13:41:05.829 [docker-java-stream--1076429990] INFO  Postgres logger - STDOUT: /usr/local/bin/docker-entrypoint.sh: ignoring /docker-entrypoint-initdb.d/*
13:41:05.829 [docker-java-stream--1076429990] INFO  Postgres logger - STDOUT: 
13:41:05.829 [docker-java-stream--1076429990] INFO  Postgres logger - STDOUT: waiting for server to shut down...2024-02-05 12:41:00.657 UTC [47] LOG:  received fast shutdown request
13:41:05.829 [docker-java-stream--1076429990] INFO  Postgres logger - STDOUT: .2024-02-05 12:41:00.657 UTC [47] LOG:  aborting any active transactions
13:41:05.829 [docker-java-stream--1076429990] INFO  Postgres logger - STDOUT: 2024-02-05 12:41:00.659 UTC [47] LOG:  background worker "logical replication launcher" (PID 53) exited with exit code 1
13:41:05.829 [docker-java-stream--1076429990] INFO  Postgres logger - STDOUT: 2024-02-05 12:41:00.659 UTC [48] LOG:  shutting down
13:41:05.829 [docker-java-stream--1076429990] INFO  Postgres logger - STDOUT: 2024-02-05 12:41:00.659 UTC [48] LOG:  checkpoint starting: shutdown immediate
13:41:05.829 [docker-java-stream--1076429990] INFO  Postgres logger - STDOUT: 2024-02-05 12:41:00.667 UTC [48] LOG:  checkpoint complete: wrote 923 buffers (5.6%); 0 WAL file(s) added, 0 removed, 0 recycled; write=0.008 s, sync=0.001 s, total=0.008 s; sync files=0, longest=0.000 s, average=0.000 s; distance=4257 kB, estimate=4257 kB; lsn=0/19130C8, redo lsn=0/19130C8
13:41:05.829 [docker-java-stream--1076429990] INFO  Postgres logger - STDOUT: 2024-02-05 12:41:00.674 UTC [47] LOG:  database system is shut down
13:41:05.829 [docker-java-stream--1076429990] INFO  Postgres logger - STDOUT:  done
13:41:05.829 [docker-java-stream--1076429990] INFO  Postgres logger - STDOUT: server stopped
13:41:05.829 [docker-java-stream--1076429990] INFO  Postgres logger - STDOUT: 
13:41:05.829 [docker-java-stream--1076429990] INFO  Postgres logger - STDOUT: PostgreSQL init process complete; ready for start up.
13:41:05.829 [docker-java-stream--1076429990] INFO  Postgres logger - STDOUT: 
13:41:05.829 [docker-java-stream--1076429990] INFO  Postgres logger - STDERR: 2024-02-05 12:41:00.800 UTC [1] LOG:  starting PostgreSQL 16.0 (Debian 16.0-1.pgdg120+1) on x86_64-pc-linux-gnu, compiled by gcc (Debian 12.2.0-14) 12.2.0, 64-bit
13:41:05.829 [docker-java-stream--1076429990] INFO  Postgres logger - STDERR: 2024-02-05 12:41:00.800 UTC [1] LOG:  listening on IPv4 address "0.0.0.0", port 5432
13:41:05.829 [docker-java-stream--1076429990] INFO  Postgres logger - STDERR: 2024-02-05 12:41:00.800 UTC [1] LOG:  listening on IPv6 address "::", port 5432
13:41:05.829 [docker-java-stream--1076429990] INFO  Postgres logger - STDERR: 2024-02-05 12:41:00.800 UTC [1] LOG:  listening on Unix socket "/var/run/postgresql/.s.PGSQL.5432"
13:41:05.829 [docker-java-stream--1076429990] INFO  Postgres logger - STDERR: 2024-02-05 12:41:00.803 UTC [63] LOG:  database system was shut down at 2024-02-05 12:41:00 UTC
13:41:05.830 [docker-java-stream--1076429990] INFO  Postgres logger - STDERR: 2024-02-05 12:41:00.807 UTC [1] LOG:  database system is ready to accept connections
]]></system-out>
  </testcase>
  <testcase name="shouldThrowNotFoundWhenInvalidPostID" classname="dev.danvega.danson.post.PostControllerIntTest" time="0.02">
    <system-out><![CDATA[13:41:05.837 [docker-java-stream--1076429990] DEBUG com.github.dockerjava.zerodep.shaded.org.apache.hc.client5.http.impl.classic.InternalHttpClient - ex-0000001A: preparing request execution
13:41:05.837 [docker-java-stream--1076429990] DEBUG com.github.dockerjava.zerodep.shaded.org.apache.hc.client5.http.protocol.RequestAddCookies - Cookie spec selected: strict
13:41:05.837 [docker-java-stream--1076429990] DEBUG com.github.dockerjava.zerodep.shaded.org.apache.hc.client5.http.protocol.RequestAuthCache - Auth cache not set in the context
13:41:05.837 [docker-java-stream--1076429990] DEBUG com.github.dockerjava.zerodep.shaded.org.apache.hc.client5.http.impl.classic.ProtocolExec - ex-0000001A: target auth state: UNCHALLENGED
13:41:05.837 [docker-java-stream--1076429990] DEBUG com.github.dockerjava.zerodep.shaded.org.apache.hc.client5.http.impl.classic.ProtocolExec - ex-0000001A: proxy auth state: UNCHALLENGED
13:41:05.837 [docker-java-stream--1076429990] DEBUG com.github.dockerjava.zerodep.shaded.org.apache.hc.client5.http.impl.classic.ConnectExec - ex-0000001A: acquiring connection with route {}->unix://localhost:2375
13:41:05.837 [docker-java-stream--1076429990] DEBUG com.github.dockerjava.zerodep.shaded.org.apache.hc.client5.http.impl.classic.InternalHttpClient - ex-0000001A: acquiring endpoint (3 MINUTES)
13:41:05.837 [docker-java-stream--1076429990] DEBUG com.github.dockerjava.zerodep.shaded.org.apache.hc.client5.http.impl.io.PoolingHttpClientConnectionManager - ex-0000001A: endpoint lease request (3 MINUTES) [route: {}->unix://localhost:2375][total available: 0; route allocated: 7 of 2147483647; total allocated: 7 of 2147483647]
13:41:05.838 [docker-java-stream--1076429990] DEBUG com.github.dockerjava.zerodep.shaded.org.apache.hc.client5.http.impl.io.PoolingHttpClientConnectionManager - ex-0000001A: endpoint leased [route: {}->unix://localhost:2375][total available: 0; route allocated: 8 of 2147483647; total allocated: 8 of 2147483647]
13:41:05.838 [docker-java-stream--1076429990] DEBUG com.github.dockerjava.zerodep.shaded.org.apache.hc.client5.http.impl.io.PoolingHttpClientConnectionManager - ex-0000001A: acquired ep-00000019
13:41:05.838 [docker-java-stream--1076429990] DEBUG com.github.dockerjava.zerodep.shaded.org.apache.hc.client5.http.impl.classic.InternalHttpClient - ex-0000001A: acquired endpoint ep-00000019
13:41:05.838 [docker-java-stream--1076429990] DEBUG com.github.dockerjava.zerodep.shaded.org.apache.hc.client5.http.impl.classic.ConnectExec - ex-0000001A: opening connection {}->unix://localhost:2375
13:41:05.838 [docker-java-stream--1076429990] DEBUG com.github.dockerjava.zerodep.shaded.org.apache.hc.client5.http.impl.classic.InternalHttpClient - ep-00000019: connecting endpoint (3 MINUTES)
13:41:05.838 [docker-java-stream--1076429990] DEBUG com.github.dockerjava.zerodep.shaded.org.apache.hc.client5.http.impl.io.PoolingHttpClientConnectionManager - ep-00000019: connecting endpoint to unix://localhost:2375 (3 MINUTES)
13:41:05.838 [docker-java-stream--1076429990] DEBUG com.github.dockerjava.zerodep.shaded.org.apache.hc.client5.http.impl.io.DefaultHttpClientConnectionOperator - http-outgoing-9: connecting to localhost/127.0.0.1:2375
13:41:05.838 [docker-java-stream--1076429990] DEBUG com.github.dockerjava.zerodep.shaded.org.apache.hc.client5.http.impl.io.DefaultHttpClientConnectionOperator - http-outgoing-9: connection established /var/run/docker.sock<->/var/run/docker.sock
13:41:05.838 [docker-java-stream--1076429990] DEBUG com.github.dockerjava.zerodep.shaded.org.apache.hc.client5.http.impl.io.PoolingHttpClientConnectionManager - ep-00000019: connected http-outgoing-9
13:41:05.838 [docker-java-stream--1076429990] DEBUG com.github.dockerjava.zerodep.shaded.org.apache.hc.client5.http.impl.classic.InternalHttpClient - ep-00000019: endpoint connected
13:41:05.838 [docker-java-stream--1076429990] DEBUG com.github.dockerjava.zerodep.shaded.org.apache.hc.client5.http.impl.classic.MainClientExec - ex-0000001A: executing GET /v1.32/containers/39cd6583fd7d38689755a21d546386d365de59839920f8afe15c25619de5518d/logs?stdout=true&stderr=true&follow=true&since=0 HTTP/1.1
13:41:05.838 [docker-java-stream--1076429990] DEBUG com.github.dockerjava.zerodep.shaded.org.apache.hc.client5.http.impl.classic.InternalHttpClient - ep-00000019: start execution ex-0000001A
13:41:05.838 [docker-java-stream--1076429990] DEBUG com.github.dockerjava.zerodep.shaded.org.apache.hc.client5.http.impl.io.PoolingHttpClientConnectionManager - ep-00000019: executing exchange ex-0000001A over http-outgoing-9
13:41:05.838 [docker-java-stream--1076429990] DEBUG com.github.dockerjava.zerodep.shaded.org.apache.hc.client5.http.headers - http-outgoing-9 >> GET /v1.32/containers/39cd6583fd7d38689755a21d546386d365de59839920f8afe15c25619de5518d/logs?stdout=true&stderr=true&follow=true&since=0 HTTP/1.1
13:41:05.838 [docker-java-stream--1076429990] DEBUG com.github.dockerjava.zerodep.shaded.org.apache.hc.client5.http.headers - http-outgoing-9 >> x-tc-sid: 21040e04-f7e5-450c-aa6e-a021d60635fb
13:41:05.838 [docker-java-stream--1076429990] DEBUG com.github.dockerjava.zerodep.shaded.org.apache.hc.client5.http.headers - http-outgoing-9 >> User-Agent: tc-java/1.19.0
13:41:05.838 [docker-java-stream--1076429990] DEBUG com.github.dockerjava.zerodep.shaded.org.apache.hc.client5.http.headers - http-outgoing-9 >> Accept-Encoding: gzip, x-gzip, deflate
13:41:05.838 [docker-java-stream--1076429990] DEBUG com.github.dockerjava.zerodep.shaded.org.apache.hc.client5.http.headers - http-outgoing-9 >> Host: localhost:2375
13:41:05.838 [docker-java-stream--1076429990] DEBUG com.github.dockerjava.zerodep.shaded.org.apache.hc.client5.http.headers - http-outgoing-9 >> Connection: keep-alive
13:41:05.839 [docker-java-stream--1076429990] DEBUG com.github.dockerjava.zerodep.shaded.org.apache.hc.client5.http.headers - http-outgoing-9 << HTTP/1.1 200 OK
13:41:05.839 [docker-java-stream--1076429990] DEBUG com.github.dockerjava.zerodep.shaded.org.apache.hc.client5.http.headers - http-outgoing-9 << Api-Version: 1.41
13:41:05.839 [docker-java-stream--1076429990] DEBUG com.github.dockerjava.zerodep.shaded.org.apache.hc.client5.http.headers - http-outgoing-9 << Docker-Experimental: false
13:41:05.839 [docker-java-stream--1076429990] DEBUG com.github.dockerjava.zerodep.shaded.org.apache.hc.client5.http.headers - http-outgoing-9 << Ostype: linux
13:41:05.839 [docker-java-stream--1076429990] DEBUG com.github.dockerjava.zerodep.shaded.org.apache.hc.client5.http.headers - http-outgoing-9 << Server: Docker/20.10.21 (linux)
13:41:05.839 [docker-java-stream--1076429990] DEBUG com.github.dockerjava.zerodep.shaded.org.apache.hc.client5.http.headers - http-outgoing-9 << Date: Mon, 05 Feb 2024 12:41:05 GMT
13:41:05.839 [docker-java-stream--1076429990] DEBUG com.github.dockerjava.zerodep.shaded.org.apache.hc.client5.http.headers - http-outgoing-9 << Transfer-Encoding: chunked
13:41:05.839 [docker-java-stream--1076429990] DEBUG com.github.dockerjava.zerodep.shaded.org.apache.hc.client5.http.impl.classic.MainClientExec - ex-0000001A: connection can be kept alive for 3 MINUTES
13:41:05.840 [docker-java-stream--1076429990] INFO  Postgres logger - STDOUT: The files belonging to this database system will be owned by user "postgres".
13:41:05.840 [docker-java-stream--1076429990] INFO  Postgres logger - STDOUT: This user must also own the server process.
13:41:05.840 [docker-java-stream--1076429990] INFO  Postgres logger - STDOUT: 
13:41:05.840 [docker-java-stream--1076429990] INFO  Postgres logger - STDOUT: The database cluster will be initialized with locale "en_US.utf8".
13:41:05.840 [docker-java-stream--1076429990] INFO  Postgres logger - STDOUT: The default database encoding has accordingly been set to "UTF8".
13:41:05.840 [docker-java-stream--1076429990] INFO  Postgres logger - STDOUT: The default text search configuration will be set to "english".
13:41:05.840 [docker-java-stream--1076429990] INFO  Postgres logger - STDOUT: 
13:41:05.841 [docker-java-stream--1076429990] INFO  Postgres logger - STDOUT: Data page checksums are disabled.
13:41:05.841 [docker-java-stream--1076429990] INFO  Postgres logger - STDOUT: 
13:41:05.841 [docker-java-stream--1076429990] INFO  Postgres logger - STDOUT: fixing permissions on existing directory /var/lib/postgresql/data ... ok
13:41:05.841 [docker-java-stream--1076429990] INFO  Postgres logger - STDOUT: creating subdirectories ... ok
13:41:05.841 [docker-java-stream--1076429990] INFO  Postgres logger - STDOUT: selecting dynamic shared memory implementation ... posix
13:41:05.841 [docker-java-stream--1076429990] INFO  Postgres logger - STDOUT: selecting default max_connections ... 100
13:41:05.841 [docker-java-stream--1076429990] INFO  Postgres logger - STDOUT: selecting default shared_buffers ... 128MB
13:41:05.841 [docker-java-stream--1076429990] INFO  Postgres logger - STDOUT: selecting default time zone ... Etc/UTC
13:41:05.841 [docker-java-stream--1076429990] INFO  Postgres logger - STDOUT: creating configuration files ... ok
13:41:05.841 [docker-java-stream--1076429990] INFO  Postgres logger - STDOUT: running bootstrap script ... ok
13:41:05.841 [docker-java-stream--1076429990] INFO  Postgres logger - STDOUT: performing post-bootstrap initialization ... ok
13:41:05.841 [docker-java-stream--1076429990] INFO  Postgres logger - STDOUT: syncing data to disk ... ok
13:41:05.841 [docker-java-stream--1076429990] INFO  Postgres logger - STDOUT: 
13:41:05.841 [docker-java-stream--1076429990] INFO  Postgres logger - STDOUT: 
13:41:05.841 [docker-java-stream--1076429990] INFO  Postgres logger - STDERR: initdb: warning: enabling "trust" authentication for local connections
13:41:05.841 [docker-java-stream--1076429990] INFO  Postgres logger - STDERR: initdb: hint: You can change this by editing pg_hba.conf or using the option -A, or --auth-local and --auth-host, the next time you run initdb.
13:41:05.841 [docker-java-stream--1076429990] INFO  Postgres logger - STDOUT: Success. You can now start the database server using:
13:41:05.841 [docker-java-stream--1076429990] INFO  Postgres logger - STDOUT: 
13:41:05.841 [docker-java-stream--1076429990] INFO  Postgres logger - STDOUT:     pg_ctl -D /var/lib/postgresql/data -l logfile start
13:41:05.841 [docker-java-stream--1076429990] INFO  Postgres logger - STDOUT: 
13:41:05.841 [docker-java-stream--1076429990] INFO  Postgres logger - STDOUT: waiting for server to start....2024-02-05 12:41:00.435 UTC [47] LOG:  starting PostgreSQL 16.0 (Debian 16.0-1.pgdg120+1) on x86_64-pc-linux-gnu, compiled by gcc (Debian 12.2.0-14) 12.2.0, 64-bit
13:41:05.841 [docker-java-stream--1076429990] INFO  Postgres logger - STDOUT: 2024-02-05 12:41:00.435 UTC [47] LOG:  listening on Unix socket "/var/run/postgresql/.s.PGSQL.5432"
13:41:05.841 [docker-java-stream--1076429990] INFO  Postgres logger - STDOUT: 2024-02-05 12:41:00.437 UTC [50] LOG:  database system was shut down at 2024-02-05 12:41:00 UTC
13:41:05.841 [docker-java-stream--1076429990] INFO  Postgres logger - STDOUT: 2024-02-05 12:41:00.440 UTC [47] LOG:  database system is ready to accept connections
13:41:05.841 [docker-java-stream--1076429990] INFO  Postgres logger - STDOUT:  done
13:41:05.841 [docker-java-stream--1076429990] INFO  Postgres logger - STDOUT: server started
13:41:05.841 [docker-java-stream--1076429990] INFO  Postgres logger - STDOUT: CREATE DATABASE
13:41:05.841 [docker-java-stream--1076429990] INFO  Postgres logger - STDOUT: 
13:41:05.841 [docker-java-stream--1076429990] INFO  Postgres logger - STDOUT: 
13:41:05.842 [docker-java-stream--1076429990] INFO  Postgres logger - STDOUT: /usr/local/bin/docker-entrypoint.sh: ignoring /docker-entrypoint-initdb.d/*
13:41:05.842 [docker-java-stream--1076429990] INFO  Postgres logger - STDOUT: 
13:41:05.842 [docker-java-stream--1076429990] INFO  Postgres logger - STDOUT: waiting for server to shut down...2024-02-05 12:41:00.657 UTC [47] LOG:  received fast shutdown request
13:41:05.842 [docker-java-stream--1076429990] INFO  Postgres logger - STDOUT: .2024-02-05 12:41:00.657 UTC [47] LOG:  aborting any active transactions
13:41:05.842 [docker-java-stream--1076429990] INFO  Postgres logger - STDOUT: 2024-02-05 12:41:00.659 UTC [47] LOG:  background worker "logical replication launcher" (PID 53) exited with exit code 1
13:41:05.842 [docker-java-stream--1076429990] INFO  Postgres logger - STDOUT: 2024-02-05 12:41:00.659 UTC [48] LOG:  shutting down
13:41:05.842 [docker-java-stream--1076429990] INFO  Postgres logger - STDOUT: 2024-02-05 12:41:00.659 UTC [48] LOG:  checkpoint starting: shutdown immediate
13:41:05.842 [docker-java-stream--1076429990] INFO  Postgres logger - STDOUT: 2024-02-05 12:41:00.667 UTC [48] LOG:  checkpoint complete: wrote 923 buffers (5.6%); 0 WAL file(s) added, 0 removed, 0 recycled; write=0.008 s, sync=0.001 s, total=0.008 s; sync files=0, longest=0.000 s, average=0.000 s; distance=4257 kB, estimate=4257 kB; lsn=0/19130C8, redo lsn=0/19130C8
13:41:05.842 [docker-java-stream--1076429990] INFO  Postgres logger - STDOUT: 2024-02-05 12:41:00.674 UTC [47] LOG:  database system is shut down
13:41:05.842 [docker-java-stream--1076429990] INFO  Postgres logger - STDOUT:  done
13:41:05.842 [docker-java-stream--1076429990] INFO  Postgres logger - STDOUT: server stopped
13:41:05.842 [docker-java-stream--1076429990] INFO  Postgres logger - STDOUT: 
13:41:05.842 [docker-java-stream--1076429990] INFO  Postgres logger - STDOUT: PostgreSQL init process complete; ready for start up.
13:41:05.842 [docker-java-stream--1076429990] INFO  Postgres logger - STDOUT: 
13:41:05.842 [docker-java-stream--1076429990] INFO  Postgres logger - STDERR: 2024-02-05 12:41:00.800 UTC [1] LOG:  starting PostgreSQL 16.0 (Debian 16.0-1.pgdg120+1) on x86_64-pc-linux-gnu, compiled by gcc (Debian 12.2.0-14) 12.2.0, 64-bit
13:41:05.842 [docker-java-stream--1076429990] INFO  Postgres logger - STDERR: 2024-02-05 12:41:00.800 UTC [1] LOG:  listening on IPv4 address "0.0.0.0", port 5432
13:41:05.842 [docker-java-stream--1076429990] INFO  Postgres logger - STDERR: 2024-02-05 12:41:00.800 UTC [1] LOG:  listening on IPv6 address "::", port 5432
13:41:05.842 [docker-java-stream--1076429990] INFO  Postgres logger - STDERR: 2024-02-05 12:41:00.800 UTC [1] LOG:  listening on Unix socket "/var/run/postgresql/.s.PGSQL.5432"
13:41:05.842 [docker-java-stream--1076429990] INFO  Postgres logger - STDERR: 2024-02-05 12:41:00.803 UTC [63] LOG:  database system was shut down at 2024-02-05 12:41:00 UTC
13:41:05.843 [docker-java-stream--1076429990] INFO  Postgres logger - STDERR: 2024-02-05 12:41:00.807 UTC [1] LOG:  database system is ready to accept connections
]]></system-out>
  </testcase>
</testsuite>