<?xml version="1.0" encoding="UTF-8"?>
<testsuite xmlns:xsi="http://www.w3.org/2001/XMLSchema-instance" xsi:noNamespaceSchemaLocation="https://maven.apache.org/surefire/maven-surefire-plugin/xsd/surefire-test-report-3.0.xsd" version="3.0" name="dev.danvega.danson.post.PostControllerAlex2" time="7.608" tests="1" errors="0" skipped="0" failures="0">
  <properties>
    <property name="java.specification.version" value="21"/>
    <property name="sun.jnu.encoding" value="UTF-8"/>
    <property name="java.class.path" value="/home/easy/git/fac-testcontainers-dan-vega/posts/target/test-classes:/home/easy/git/fac-testcontainers-dan-vega/posts/target/classes:/home/easy/.m2/repository/org/springframework/boot/spring-boot-starter-actuator/3.2.0-M3/spring-boot-starter-actuator-3.2.0-M3.jar:/home/easy/.m2/repository/org/springframework/boot/spring-boot-starter/3.2.0-M3/spring-boot-starter-3.2.0-M3.jar:/home/easy/.m2/repository/org/springframework/boot/spring-boot-starter-logging/3.2.0-M3/spring-boot-starter-logging-3.2.0-M3.jar:/home/easy/.m2/repository/ch/qos/logback/logback-classic/1.4.11/logback-classic-1.4.11.jar:/home/easy/.m2/repository/ch/qos/logback/logback-core/1.4.11/logback-core-1.4.11.jar:/home/easy/.m2/repository/org/apache/logging/log4j/log4j-to-slf4j/2.20.0/log4j-to-slf4j-2.20.0.jar:/home/easy/.m2/repository/org/apache/logging/log4j/log4j-api/2.20.0/log4j-api-2.20.0.jar:/home/easy/.m2/repository/org/slf4j/jul-to-slf4j/2.0.9/jul-to-slf4j-2.0.9.jar:/home/easy/.m2/repository/jakarta/annotation/jakarta.annotation-api/2.1.1/jakarta.annotation-api-2.1.1.jar:/home/easy/.m2/repository/org/yaml/snakeyaml/2.2/snakeyaml-2.2.jar:/home/easy/.m2/repository/org/springframework/boot/spring-boot-actuator-autoconfigure/3.2.0-M3/spring-boot-actuator-autoconfigure-3.2.0-M3.jar:/home/easy/.m2/repository/org/springframework/boot/spring-boot-actuator/3.2.0-M3/spring-boot-actuator-3.2.0-M3.jar:/home/easy/.m2/repository/com/fasterxml/jackson/datatype/jackson-datatype-jsr310/2.15.2/jackson-datatype-jsr310-2.15.2.jar:/home/easy/.m2/repository/io/micrometer/micrometer-observation/1.12.0-M3/micrometer-observation-1.12.0-M3.jar:/home/easy/.m2/repository/io/micrometer/micrometer-commons/1.12.0-M3/micrometer-commons-1.12.0-M3.jar:/home/easy/.m2/repository/io/micrometer/micrometer-core/1.12.0-M3/micrometer-core-1.12.0-M3.jar:/home/easy/.m2/repository/org/hdrhistogram/HdrHistogram/2.1.12/HdrHistogram-2.1.12.jar:/home/easy/.m2/repository/org/latencyutils/LatencyUtils/2.0.3/LatencyUtils-2.0.3.jar:/home/easy/.m2/repository/org/springframework/boot/spring-boot-starter-web/3.2.0-M3/spring-boot-starter-web-3.2.0-M3.jar:/home/easy/.m2/repository/org/springframework/boot/spring-boot-starter-json/3.2.0-M3/spring-boot-starter-json-3.2.0-M3.jar:/home/easy/.m2/repository/com/fasterxml/jackson/datatype/jackson-datatype-jdk8/2.15.2/jackson-datatype-jdk8-2.15.2.jar:/home/easy/.m2/repository/org/springframework/boot/spring-boot-starter-tomcat/3.2.0-M3/spring-boot-starter-tomcat-3.2.0-M3.jar:/home/easy/.m2/repository/org/apache/tomcat/embed/tomcat-embed-core/10.1.13/tomcat-embed-core-10.1.13.jar:/home/easy/.m2/repository/org/apache/tomcat/embed/tomcat-embed-websocket/10.1.13/tomcat-embed-websocket-10.1.13.jar:/home/easy/.m2/repository/org/springframework/spring-web/6.1.0-M5/spring-web-6.1.0-M5.jar:/home/easy/.m2/repository/org/springframework/spring-beans/6.1.0-M5/spring-beans-6.1.0-M5.jar:/home/easy/.m2/repository/org/springframework/spring-webmvc/6.1.0-M5/spring-webmvc-6.1.0-M5.jar:/home/easy/.m2/repository/org/springframework/spring-aop/6.1.0-M5/spring-aop-6.1.0-M5.jar:/home/easy/.m2/repository/org/springframework/spring-context/6.1.0-M5/spring-context-6.1.0-M5.jar:/home/easy/.m2/repository/org/springframework/spring-expression/6.1.0-M5/spring-expression-6.1.0-M5.jar:/home/easy/.m2/repository/org/springframework/boot/spring-boot-starter-validation/3.2.0-M3/spring-boot-starter-validation-3.2.0-M3.jar:/home/easy/.m2/repository/org/apache/tomcat/embed/tomcat-embed-el/10.1.13/tomcat-embed-el-10.1.13.jar:/home/easy/.m2/repository/org/hibernate/validator/hibernate-validator/8.0.1.Final/hibernate-validator-8.0.1.Final.jar:/home/easy/.m2/repository/jakarta/validation/jakarta.validation-api/3.0.2/jakarta.validation-api-3.0.2.jar:/home/easy/.m2/repository/org/jboss/logging/jboss-logging/3.5.3.Final/jboss-logging-3.5.3.Final.jar:/home/easy/.m2/repository/com/fasterxml/classmate/1.5.1/classmate-1.5.1.jar:/home/easy/.m2/repository/org/springframework/boot/spring-boot-starter-data-jdbc/3.2.0-M3/spring-boot-starter-data-jdbc-3.2.0-M3.jar:/home/easy/.m2/repository/org/springframework/boot/spring-boot-starter-jdbc/3.2.0-M3/spring-boot-starter-jdbc-3.2.0-M3.jar:/home/easy/.m2/repository/com/zaxxer/HikariCP/5.0.1/HikariCP-5.0.1.jar:/home/easy/.m2/repository/org/springframework/spring-jdbc/6.1.0-M5/spring-jdbc-6.1.0-M5.jar:/home/easy/.m2/repository/org/springframework/data/spring-data-jdbc/3.2.0-M3/spring-data-jdbc-3.2.0-M3.jar:/home/easy/.m2/repository/org/springframework/data/spring-data-relational/3.2.0-M3/spring-data-relational-3.2.0-M3.jar:/home/easy/.m2/repository/com/github/jsqlparser/jsqlparser/4.6/jsqlparser-4.6.jar:/home/easy/.m2/repository/org/springframework/data/spring-data-commons/3.2.0-M3/spring-data-commons-3.2.0-M3.jar:/home/easy/.m2/repository/org/springframework/spring-tx/6.1.0-M5/spring-tx-6.1.0-M5.jar:/home/easy/.m2/repository/org/slf4j/slf4j-api/2.0.9/slf4j-api-2.0.9.jar:/home/easy/.m2/repository/org/springdoc/springdoc-openapi-starter-webmvc-ui/2.2.0/springdoc-openapi-starter-webmvc-ui-2.2.0.jar:/home/easy/.m2/repository/org/springdoc/springdoc-openapi-starter-webmvc-api/2.2.0/springdoc-openapi-starter-webmvc-api-2.2.0.jar:/home/easy/.m2/repository/org/springdoc/springdoc-openapi-starter-common/2.2.0/springdoc-openapi-starter-common-2.2.0.jar:/home/easy/.m2/repository/io/swagger/core/v3/swagger-core-jakarta/2.2.15/swagger-core-jakarta-2.2.15.jar:/home/easy/.m2/repository/org/apache/commons/commons-lang3/3.13.0/commons-lang3-3.13.0.jar:/home/easy/.m2/repository/io/swagger/core/v3/swagger-annotations-jakarta/2.2.15/swagger-annotations-jakarta-2.2.15.jar:/home/easy/.m2/repository/io/swagger/core/v3/swagger-models-jakarta/2.2.15/swagger-models-jakarta-2.2.15.jar:/home/easy/.m2/repository/com/fasterxml/jackson/dataformat/jackson-dataformat-yaml/2.15.2/jackson-dataformat-yaml-2.15.2.jar:/home/easy/.m2/repository/org/webjars/swagger-ui/5.2.0/swagger-ui-5.2.0.jar:/home/easy/.m2/repository/org/springframework/boot/spring-boot-devtools/3.2.0-M3/spring-boot-devtools-3.2.0-M3.jar:/home/easy/.m2/repository/org/springframework/boot/spring-boot/3.2.0-M3/spring-boot-3.2.0-M3.jar:/home/easy/.m2/repository/org/springframework/boot/spring-boot-autoconfigure/3.2.0-M3/spring-boot-autoconfigure-3.2.0-M3.jar:/home/easy/.m2/repository/org/springframework/boot/spring-boot-docker-compose/3.2.0-M3/spring-boot-docker-compose-3.2.0-M3.jar:/home/easy/.m2/repository/com/fasterxml/jackson/core/jackson-databind/2.15.2/jackson-databind-2.15.2.jar:/home/easy/.m2/repository/com/fasterxml/jackson/core/jackson-annotations/2.15.2/jackson-annotations-2.15.2.jar:/home/easy/.m2/repository/com/fasterxml/jackson/core/jackson-core/2.15.2/jackson-core-2.15.2.jar:/home/easy/.m2/repository/com/fasterxml/jackson/module/jackson-module-parameter-names/2.15.2/jackson-module-parameter-names-2.15.2.jar:/home/easy/.m2/repository/org/postgresql/postgresql/42.6.0/postgresql-42.6.0.jar:/home/easy/.m2/repository/org/checkerframework/checker-qual/3.31.0/checker-qual-3.31.0.jar:/home/easy/.m2/repository/org/springframework/boot/spring-boot-testcontainers/3.2.0-M3/spring-boot-testcontainers-3.2.0-M3.jar:/home/easy/.m2/repository/org/testcontainers/testcontainers/1.19.0/testcontainers-1.19.0.jar:/home/easy/.m2/repository/junit/junit/4.13.2/junit-4.13.2.jar:/home/easy/.m2/repository/org/hamcrest/hamcrest-core/2.2/hamcrest-core-2.2.jar:/home/easy/.m2/repository/org/apache/commons/commons-compress/1.23.0/commons-compress-1.23.0.jar:/home/easy/.m2/repository/org/rnorth/duct-tape/duct-tape/1.0.8/duct-tape-1.0.8.jar:/home/easy/.m2/repository/org/jetbrains/annotations/17.0.0/annotations-17.0.0.jar:/home/easy/.m2/repository/com/github/docker-java/docker-java-api/3.3.3/docker-java-api-3.3.3.jar:/home/easy/.m2/repository/com/github/docker-java/docker-java-transport-zerodep/3.3.3/docker-java-transport-zerodep-3.3.3.jar:/home/easy/.m2/repository/com/github/docker-java/docker-java-transport/3.3.3/docker-java-transport-3.3.3.jar:/home/easy/.m2/repository/net/java/dev/jna/jna/5.12.1/jna-5.12.1.jar:/home/easy/.m2/repository/org/testcontainers/junit-jupiter/1.19.0/junit-jupiter-1.19.0.jar:/home/easy/.m2/repository/org/testcontainers/postgresql/1.19.0/postgresql-1.19.0.jar:/home/easy/.m2/repository/org/testcontainers/jdbc/1.19.0/jdbc-1.19.0.jar:/home/easy/.m2/repository/org/testcontainers/database-commons/1.19.0/database-commons-1.19.0.jar:/home/easy/.m2/repository/org/springframework/boot/spring-boot-starter-test/3.2.0-M3/spring-boot-starter-test-3.2.0-M3.jar:/home/easy/.m2/repository/org/springframework/boot/spring-boot-test/3.2.0-M3/spring-boot-test-3.2.0-M3.jar:/home/easy/.m2/repository/org/springframework/boot/spring-boot-test-autoconfigure/3.2.0-M3/spring-boot-test-autoconfigure-3.2.0-M3.jar:/home/easy/.m2/repository/com/jayway/jsonpath/json-path/2.8.0/json-path-2.8.0.jar:/home/easy/.m2/repository/jakarta/xml/bind/jakarta.xml.bind-api/4.0.1/jakarta.xml.bind-api-4.0.1.jar:/home/easy/.m2/repository/jakarta/activation/jakarta.activation-api/2.1.2/jakarta.activation-api-2.1.2.jar:/home/easy/.m2/repository/net/minidev/json-smart/2.5.0/json-smart-2.5.0.jar:/home/easy/.m2/repository/net/minidev/accessors-smart/2.5.0/accessors-smart-2.5.0.jar:/home/easy/.m2/repository/org/ow2/asm/asm/9.3/asm-9.3.jar:/home/easy/.m2/repository/org/assertj/assertj-core/3.24.2/assertj-core-3.24.2.jar:/home/easy/.m2/repository/net/bytebuddy/byte-buddy/1.14.8/byte-buddy-1.14.8.jar:/home/easy/.m2/repository/org/hamcrest/hamcrest/2.2/hamcrest-2.2.jar:/home/easy/.m2/repository/org/junit/jupiter/junit-jupiter/5.10.0/junit-jupiter-5.10.0.jar:/home/easy/.m2/repository/org/junit/jupiter/junit-jupiter-api/5.10.0/junit-jupiter-api-5.10.0.jar:/home/easy/.m2/repository/org/opentest4j/opentest4j/1.3.0/opentest4j-1.3.0.jar:/home/easy/.m2/repository/org/junit/platform/junit-platform-commons/1.10.0/junit-platform-commons-1.10.0.jar:/home/easy/.m2/repository/org/apiguardian/apiguardian-api/1.1.2/apiguardian-api-1.1.2.jar:/home/easy/.m2/repository/org/junit/jupiter/junit-jupiter-params/5.10.0/junit-jupiter-params-5.10.0.jar:/home/easy/.m2/repository/org/junit/jupiter/junit-jupiter-engine/5.10.0/junit-jupiter-engine-5.10.0.jar:/home/easy/.m2/repository/org/junit/platform/junit-platform-engine/1.10.0/junit-platform-engine-1.10.0.jar:/home/easy/.m2/repository/org/mockito/mockito-core/5.5.0/mockito-core-5.5.0.jar:/home/easy/.m2/repository/net/bytebuddy/byte-buddy-agent/1.14.8/byte-buddy-agent-1.14.8.jar:/home/easy/.m2/repository/org/objenesis/objenesis/3.3/objenesis-3.3.jar:/home/easy/.m2/repository/org/mockito/mockito-junit-jupiter/5.5.0/mockito-junit-jupiter-5.5.0.jar:/home/easy/.m2/repository/org/skyscreamer/jsonassert/1.5.1/jsonassert-1.5.1.jar:/home/easy/.m2/repository/com/vaadin/external/google/android-json/0.0.20131108.vaadin1/android-json-0.0.20131108.vaadin1.jar:/home/easy/.m2/repository/org/springframework/spring-core/6.1.0-M5/spring-core-6.1.0-M5.jar:/home/easy/.m2/repository/org/springframework/spring-jcl/6.1.0-M5/spring-jcl-6.1.0-M5.jar:/home/easy/.m2/repository/org/springframework/spring-test/6.1.0-M5/spring-test-6.1.0-M5.jar:/home/easy/.m2/repository/org/xmlunit/xmlunit-core/2.9.1/xmlunit-core-2.9.1.jar:"/>
    <property name="java.vm.vendor" value="Oracle Corporation"/>
    <property name="sun.arch.data.model" value="64"/>
    <property name="catalina.useNaming" value="false"/>
    <property name="java.vendor.url" value="https://java.oracle.com/"/>
    <property name="user.timezone" value="Europe/Paris"/>
    <property name="org.jboss.logging.provider" value="slf4j"/>
    <property name="os.name" value="Linux"/>
    <property name="java.vm.specification.version" value="21"/>
    <property name="sun.java.launcher" value="SUN_STANDARD"/>
    <property name="user.country" value="FR"/>
    <property name="sun.boot.library.path" value="/usr/lib/jvm/jdk-21.0.1/lib"/>
    <property name="sun.java.command" value="/home/easy/git/fac-testcontainers-dan-vega/posts/target/surefire/surefirebooter-20240206133204447_3.jar /home/easy/git/fac-testcontainers-dan-vega/posts/target/surefire 2024-02-06T13-32-04_373-jvmRun1 surefire-20240206133204447_1tmp surefire_0-20240206133204447_2tmp"/>
    <property name="jdk.debug" value="release"/>
    <property name="surefire.test.class.path" value="/home/easy/git/fac-testcontainers-dan-vega/posts/target/test-classes:/home/easy/git/fac-testcontainers-dan-vega/posts/target/classes:/home/easy/.m2/repository/org/springframework/boot/spring-boot-starter-actuator/3.2.0-M3/spring-boot-starter-actuator-3.2.0-M3.jar:/home/easy/.m2/repository/org/springframework/boot/spring-boot-starter/3.2.0-M3/spring-boot-starter-3.2.0-M3.jar:/home/easy/.m2/repository/org/springframework/boot/spring-boot-starter-logging/3.2.0-M3/spring-boot-starter-logging-3.2.0-M3.jar:/home/easy/.m2/repository/ch/qos/logback/logback-classic/1.4.11/logback-classic-1.4.11.jar:/home/easy/.m2/repository/ch/qos/logback/logback-core/1.4.11/logback-core-1.4.11.jar:/home/easy/.m2/repository/org/apache/logging/log4j/log4j-to-slf4j/2.20.0/log4j-to-slf4j-2.20.0.jar:/home/easy/.m2/repository/org/apache/logging/log4j/log4j-api/2.20.0/log4j-api-2.20.0.jar:/home/easy/.m2/repository/org/slf4j/jul-to-slf4j/2.0.9/jul-to-slf4j-2.0.9.jar:/home/easy/.m2/repository/jakarta/annotation/jakarta.annotation-api/2.1.1/jakarta.annotation-api-2.1.1.jar:/home/easy/.m2/repository/org/yaml/snakeyaml/2.2/snakeyaml-2.2.jar:/home/easy/.m2/repository/org/springframework/boot/spring-boot-actuator-autoconfigure/3.2.0-M3/spring-boot-actuator-autoconfigure-3.2.0-M3.jar:/home/easy/.m2/repository/org/springframework/boot/spring-boot-actuator/3.2.0-M3/spring-boot-actuator-3.2.0-M3.jar:/home/easy/.m2/repository/com/fasterxml/jackson/datatype/jackson-datatype-jsr310/2.15.2/jackson-datatype-jsr310-2.15.2.jar:/home/easy/.m2/repository/io/micrometer/micrometer-observation/1.12.0-M3/micrometer-observation-1.12.0-M3.jar:/home/easy/.m2/repository/io/micrometer/micrometer-commons/1.12.0-M3/micrometer-commons-1.12.0-M3.jar:/home/easy/.m2/repository/io/micrometer/micrometer-core/1.12.0-M3/micrometer-core-1.12.0-M3.jar:/home/easy/.m2/repository/org/hdrhistogram/HdrHistogram/2.1.12/HdrHistogram-2.1.12.jar:/home/easy/.m2/repository/org/latencyutils/LatencyUtils/2.0.3/LatencyUtils-2.0.3.jar:/home/easy/.m2/repository/org/springframework/boot/spring-boot-starter-web/3.2.0-M3/spring-boot-starter-web-3.2.0-M3.jar:/home/easy/.m2/repository/org/springframework/boot/spring-boot-starter-json/3.2.0-M3/spring-boot-starter-json-3.2.0-M3.jar:/home/easy/.m2/repository/com/fasterxml/jackson/datatype/jackson-datatype-jdk8/2.15.2/jackson-datatype-jdk8-2.15.2.jar:/home/easy/.m2/repository/org/springframework/boot/spring-boot-starter-tomcat/3.2.0-M3/spring-boot-starter-tomcat-3.2.0-M3.jar:/home/easy/.m2/repository/org/apache/tomcat/embed/tomcat-embed-core/10.1.13/tomcat-embed-core-10.1.13.jar:/home/easy/.m2/repository/org/apache/tomcat/embed/tomcat-embed-websocket/10.1.13/tomcat-embed-websocket-10.1.13.jar:/home/easy/.m2/repository/org/springframework/spring-web/6.1.0-M5/spring-web-6.1.0-M5.jar:/home/easy/.m2/repository/org/springframework/spring-beans/6.1.0-M5/spring-beans-6.1.0-M5.jar:/home/easy/.m2/repository/org/springframework/spring-webmvc/6.1.0-M5/spring-webmvc-6.1.0-M5.jar:/home/easy/.m2/repository/org/springframework/spring-aop/6.1.0-M5/spring-aop-6.1.0-M5.jar:/home/easy/.m2/repository/org/springframework/spring-context/6.1.0-M5/spring-context-6.1.0-M5.jar:/home/easy/.m2/repository/org/springframework/spring-expression/6.1.0-M5/spring-expression-6.1.0-M5.jar:/home/easy/.m2/repository/org/springframework/boot/spring-boot-starter-validation/3.2.0-M3/spring-boot-starter-validation-3.2.0-M3.jar:/home/easy/.m2/repository/org/apache/tomcat/embed/tomcat-embed-el/10.1.13/tomcat-embed-el-10.1.13.jar:/home/easy/.m2/repository/org/hibernate/validator/hibernate-validator/8.0.1.Final/hibernate-validator-8.0.1.Final.jar:/home/easy/.m2/repository/jakarta/validation/jakarta.validation-api/3.0.2/jakarta.validation-api-3.0.2.jar:/home/easy/.m2/repository/org/jboss/logging/jboss-logging/3.5.3.Final/jboss-logging-3.5.3.Final.jar:/home/easy/.m2/repository/com/fasterxml/classmate/1.5.1/classmate-1.5.1.jar:/home/easy/.m2/repository/org/springframework/boot/spring-boot-starter-data-jdbc/3.2.0-M3/spring-boot-starter-data-jdbc-3.2.0-M3.jar:/home/easy/.m2/repository/org/springframework/boot/spring-boot-starter-jdbc/3.2.0-M3/spring-boot-starter-jdbc-3.2.0-M3.jar:/home/easy/.m2/repository/com/zaxxer/HikariCP/5.0.1/HikariCP-5.0.1.jar:/home/easy/.m2/repository/org/springframework/spring-jdbc/6.1.0-M5/spring-jdbc-6.1.0-M5.jar:/home/easy/.m2/repository/org/springframework/data/spring-data-jdbc/3.2.0-M3/spring-data-jdbc-3.2.0-M3.jar:/home/easy/.m2/repository/org/springframework/data/spring-data-relational/3.2.0-M3/spring-data-relational-3.2.0-M3.jar:/home/easy/.m2/repository/com/github/jsqlparser/jsqlparser/4.6/jsqlparser-4.6.jar:/home/easy/.m2/repository/org/springframework/data/spring-data-commons/3.2.0-M3/spring-data-commons-3.2.0-M3.jar:/home/easy/.m2/repository/org/springframework/spring-tx/6.1.0-M5/spring-tx-6.1.0-M5.jar:/home/easy/.m2/repository/org/slf4j/slf4j-api/2.0.9/slf4j-api-2.0.9.jar:/home/easy/.m2/repository/org/springdoc/springdoc-openapi-starter-webmvc-ui/2.2.0/springdoc-openapi-starter-webmvc-ui-2.2.0.jar:/home/easy/.m2/repository/org/springdoc/springdoc-openapi-starter-webmvc-api/2.2.0/springdoc-openapi-starter-webmvc-api-2.2.0.jar:/home/easy/.m2/repository/org/springdoc/springdoc-openapi-starter-common/2.2.0/springdoc-openapi-starter-common-2.2.0.jar:/home/easy/.m2/repository/io/swagger/core/v3/swagger-core-jakarta/2.2.15/swagger-core-jakarta-2.2.15.jar:/home/easy/.m2/repository/org/apache/commons/commons-lang3/3.13.0/commons-lang3-3.13.0.jar:/home/easy/.m2/repository/io/swagger/core/v3/swagger-annotations-jakarta/2.2.15/swagger-annotations-jakarta-2.2.15.jar:/home/easy/.m2/repository/io/swagger/core/v3/swagger-models-jakarta/2.2.15/swagger-models-jakarta-2.2.15.jar:/home/easy/.m2/repository/com/fasterxml/jackson/dataformat/jackson-dataformat-yaml/2.15.2/jackson-dataformat-yaml-2.15.2.jar:/home/easy/.m2/repository/org/webjars/swagger-ui/5.2.0/swagger-ui-5.2.0.jar:/home/easy/.m2/repository/org/springframework/boot/spring-boot-devtools/3.2.0-M3/spring-boot-devtools-3.2.0-M3.jar:/home/easy/.m2/repository/org/springframework/boot/spring-boot/3.2.0-M3/spring-boot-3.2.0-M3.jar:/home/easy/.m2/repository/org/springframework/boot/spring-boot-autoconfigure/3.2.0-M3/spring-boot-autoconfigure-3.2.0-M3.jar:/home/easy/.m2/repository/org/springframework/boot/spring-boot-docker-compose/3.2.0-M3/spring-boot-docker-compose-3.2.0-M3.jar:/home/easy/.m2/repository/com/fasterxml/jackson/core/jackson-databind/2.15.2/jackson-databind-2.15.2.jar:/home/easy/.m2/repository/com/fasterxml/jackson/core/jackson-annotations/2.15.2/jackson-annotations-2.15.2.jar:/home/easy/.m2/repository/com/fasterxml/jackson/core/jackson-core/2.15.2/jackson-core-2.15.2.jar:/home/easy/.m2/repository/com/fasterxml/jackson/module/jackson-module-parameter-names/2.15.2/jackson-module-parameter-names-2.15.2.jar:/home/easy/.m2/repository/org/postgresql/postgresql/42.6.0/postgresql-42.6.0.jar:/home/easy/.m2/repository/org/checkerframework/checker-qual/3.31.0/checker-qual-3.31.0.jar:/home/easy/.m2/repository/org/springframework/boot/spring-boot-testcontainers/3.2.0-M3/spring-boot-testcontainers-3.2.0-M3.jar:/home/easy/.m2/repository/org/testcontainers/testcontainers/1.19.0/testcontainers-1.19.0.jar:/home/easy/.m2/repository/junit/junit/4.13.2/junit-4.13.2.jar:/home/easy/.m2/repository/org/hamcrest/hamcrest-core/2.2/hamcrest-core-2.2.jar:/home/easy/.m2/repository/org/apache/commons/commons-compress/1.23.0/commons-compress-1.23.0.jar:/home/easy/.m2/repository/org/rnorth/duct-tape/duct-tape/1.0.8/duct-tape-1.0.8.jar:/home/easy/.m2/repository/org/jetbrains/annotations/17.0.0/annotations-17.0.0.jar:/home/easy/.m2/repository/com/github/docker-java/docker-java-api/3.3.3/docker-java-api-3.3.3.jar:/home/easy/.m2/repository/com/github/docker-java/docker-java-transport-zerodep/3.3.3/docker-java-transport-zerodep-3.3.3.jar:/home/easy/.m2/repository/com/github/docker-java/docker-java-transport/3.3.3/docker-java-transport-3.3.3.jar:/home/easy/.m2/repository/net/java/dev/jna/jna/5.12.1/jna-5.12.1.jar:/home/easy/.m2/repository/org/testcontainers/junit-jupiter/1.19.0/junit-jupiter-1.19.0.jar:/home/easy/.m2/repository/org/testcontainers/postgresql/1.19.0/postgresql-1.19.0.jar:/home/easy/.m2/repository/org/testcontainers/jdbc/1.19.0/jdbc-1.19.0.jar:/home/easy/.m2/repository/org/testcontainers/database-commons/1.19.0/database-commons-1.19.0.jar:/home/easy/.m2/repository/org/springframework/boot/spring-boot-starter-test/3.2.0-M3/spring-boot-starter-test-3.2.0-M3.jar:/home/easy/.m2/repository/org/springframework/boot/spring-boot-test/3.2.0-M3/spring-boot-test-3.2.0-M3.jar:/home/easy/.m2/repository/org/springframework/boot/spring-boot-test-autoconfigure/3.2.0-M3/spring-boot-test-autoconfigure-3.2.0-M3.jar:/home/easy/.m2/repository/com/jayway/jsonpath/json-path/2.8.0/json-path-2.8.0.jar:/home/easy/.m2/repository/jakarta/xml/bind/jakarta.xml.bind-api/4.0.1/jakarta.xml.bind-api-4.0.1.jar:/home/easy/.m2/repository/jakarta/activation/jakarta.activation-api/2.1.2/jakarta.activation-api-2.1.2.jar:/home/easy/.m2/repository/net/minidev/json-smart/2.5.0/json-smart-2.5.0.jar:/home/easy/.m2/repository/net/minidev/accessors-smart/2.5.0/accessors-smart-2.5.0.jar:/home/easy/.m2/repository/org/ow2/asm/asm/9.3/asm-9.3.jar:/home/easy/.m2/repository/org/assertj/assertj-core/3.24.2/assertj-core-3.24.2.jar:/home/easy/.m2/repository/net/bytebuddy/byte-buddy/1.14.8/byte-buddy-1.14.8.jar:/home/easy/.m2/repository/org/hamcrest/hamcrest/2.2/hamcrest-2.2.jar:/home/easy/.m2/repository/org/junit/jupiter/junit-jupiter/5.10.0/junit-jupiter-5.10.0.jar:/home/easy/.m2/repository/org/junit/jupiter/junit-jupiter-api/5.10.0/junit-jupiter-api-5.10.0.jar:/home/easy/.m2/repository/org/opentest4j/opentest4j/1.3.0/opentest4j-1.3.0.jar:/home/easy/.m2/repository/org/junit/platform/junit-platform-commons/1.10.0/junit-platform-commons-1.10.0.jar:/home/easy/.m2/repository/org/apiguardian/apiguardian-api/1.1.2/apiguardian-api-1.1.2.jar:/home/easy/.m2/repository/org/junit/jupiter/junit-jupiter-params/5.10.0/junit-jupiter-params-5.10.0.jar:/home/easy/.m2/repository/org/junit/jupiter/junit-jupiter-engine/5.10.0/junit-jupiter-engine-5.10.0.jar:/home/easy/.m2/repository/org/junit/platform/junit-platform-engine/1.10.0/junit-platform-engine-1.10.0.jar:/home/easy/.m2/repository/org/mockito/mockito-core/5.5.0/mockito-core-5.5.0.jar:/home/easy/.m2/repository/net/bytebuddy/byte-buddy-agent/1.14.8/byte-buddy-agent-1.14.8.jar:/home/easy/.m2/repository/org/objenesis/objenesis/3.3/objenesis-3.3.jar:/home/easy/.m2/repository/org/mockito/mockito-junit-jupiter/5.5.0/mockito-junit-jupiter-5.5.0.jar:/home/easy/.m2/repository/org/skyscreamer/jsonassert/1.5.1/jsonassert-1.5.1.jar:/home/easy/.m2/repository/com/vaadin/external/google/android-json/0.0.20131108.vaadin1/android-json-0.0.20131108.vaadin1.jar:/home/easy/.m2/repository/org/springframework/spring-core/6.1.0-M5/spring-core-6.1.0-M5.jar:/home/easy/.m2/repository/org/springframework/spring-jcl/6.1.0-M5/spring-jcl-6.1.0-M5.jar:/home/easy/.m2/repository/org/springframework/spring-test/6.1.0-M5/spring-test-6.1.0-M5.jar:/home/easy/.m2/repository/org/xmlunit/xmlunit-core/2.9.1/xmlunit-core-2.9.1.jar:"/>
    <property name="test" value="PostControllerAlex2"/>
    <property name="sun.cpu.endian" value="little"/>
    <property name="user.home" value="/home/easy"/>
    <property name="user.language" value="fr"/>
    <property name="java.specification.vendor" value="Oracle Corporation"/>
    <property name="java.version.date" value="2023-10-17"/>
    <property name="java.home" value="/usr/lib/jvm/jdk-21.0.1"/>
    <property name="file.separator" value="/"/>
    <property name="basedir" value="/home/easy/git/fac-testcontainers-dan-vega/posts"/>
    <property name="java.vm.compressedOopsMode" value="Zero based"/>
    <property name="line.separator" value="&#10;"/>
    <property name="java.vm.specification.vendor" value="Oracle Corporation"/>
    <property name="java.specification.name" value="Java Platform API Specification"/>
    <property name="FILE_LOG_CHARSET" value="UTF-8"/>
    <property name="java.awt.headless" value="true"/>
    <property name="surefire.real.class.path" value="/home/easy/git/fac-testcontainers-dan-vega/posts/target/surefire/surefirebooter-20240206133204447_3.jar"/>
    <property name="sun.management.compiler" value="HotSpot 64-Bit Tiered Compilers"/>
    <property name="java.runtime.version" value="21.0.1+12-29"/>
    <property name="user.name" value="easy"/>
    <property name="stdout.encoding" value="UTF-8"/>
    <property name="path.separator" value=":"/>
    <property name="os.version" value="5.15.0-92-generic"/>
    <property name="java.runtime.name" value="OpenJDK Runtime Environment"/>
    <property name="file.encoding" value="UTF-8"/>
    <property name="java.vm.name" value="OpenJDK 64-Bit Server VM"/>
    <property name="localRepository" value="/home/easy/.m2/repository"/>
    <property name="java.vendor.url.bug" value="https://bugreport.java.com/bugreport/"/>
    <property name="java.io.tmpdir" value="/tmp"/>
    <property name="catalina.home" value="/tmp/tomcat.0.5715203105314459095"/>
    <property name="com.zaxxer.hikari.pool_number" value="1"/>
    <property name="java.version" value="21.0.1"/>
    <property name="user.dir" value="/home/easy/git/fac-testcontainers-dan-vega/posts"/>
    <property name="os.arch" value="amd64"/>
    <property name="java.vm.specification.name" value="Java Virtual Machine Specification"/>
    <property name="PID" value="28513"/>
    <property name="CONSOLE_LOG_CHARSET" value="UTF-8"/>
    <property name="catalina.base" value="/tmp/tomcat.0.5715203105314459095"/>
    <property name="native.encoding" value="UTF-8"/>
    <property name="java.library.path" value="/usr/java/packages/lib:/usr/lib64:/lib64:/lib:/usr/lib"/>
    <property name="java.vm.info" value="mixed mode, sharing"/>
    <property name="stderr.encoding" value="UTF-8"/>
    <property name="java.vendor" value="Oracle Corporation"/>
    <property name="java.vm.version" value="21.0.1+12-29"/>
    <property name="sun.io.unicode.encoding" value="UnicodeLittle"/>
    <property name="java.class.version" value="65.0"/>
  </properties>
  <testcase name="connectionEstablished" classname="dev.danvega.danson.post.PostControllerAlex2" time="0.777">
    <system-out><![CDATA[13:32:05.177 [main] DEBUG org.testcontainers.utility.TestcontainersConfiguration - Testcontainers configuration overrides will be loaded from file:/home/easy/.testcontainers.properties
13:32:05.183 [main] INFO  org.testcontainers.utility.ImageNameSubstitutor - Image name substitution will be performed by: DefaultImageNameSubstitutor (composite of 'ConfigurationFileImageNameSubstitutor' and 'PrefixingImageNameSubstitutor')
13:32:05.378 [main] INFO  org.testcontainers.dockerclient.DockerClientProviderStrategy - Loaded org.testcontainers.dockerclient.UnixSocketClientProviderStrategy from ~/.testcontainers.properties, will try it first
13:32:05.379 [main] DEBUG org.testcontainers.dockerclient.DockerClientProviderStrategy - Trying out strategy: UnixSocketClientProviderStrategy
13:32:05.469 [main] DEBUG org.testcontainers.shaded.com.github.dockerjava.core.command.AbstrDockerCmd - Cmd: 
13:32:05.578 [main] INFO  org.testcontainers.dockerclient.DockerClientProviderStrategy - Found Docker environment with local Unix socket (unix:///var/run/docker.sock)
13:32:05.579 [main] DEBUG org.testcontainers.dockerclient.DockerClientProviderStrategy - Transport type: 'httpclient5', Docker host: 'unix:///var/run/docker.sock'
13:32:05.579 [main] DEBUG org.testcontainers.dockerclient.DockerClientProviderStrategy - Checking Docker OS type for local Unix socket (unix:///var/run/docker.sock)
13:32:05.580 [main] INFO  org.testcontainers.DockerClientFactory - Docker host IP address is localhost
13:32:05.580 [main] DEBUG org.testcontainers.DockerClientFactory - Docker info: {NGoroutines=46, Name=easy-ThinkPad-P50, Swarm={NodeID=, NodeAddr=, LocalNodeState=inactive, ControlAvailable=false, Error=, RemoteManagers=null}, RuncCommit={ID=v1.1.4-0-g5fd4c4d, Expected=v1.1.4-0-g5fd4c4d}, OSVersion=20.04, Runtimes={io.containerd.runc.v2={path=runc}, io.containerd.runtime.v1.linux={path=runc}, runc={path=runc}}, ID=IWK3:HJ3I:RJ5K:EMCZ:VDCI:VEUB:L4CF:KMHA:EEAT:YDGT:Y4T4:CJHW, DriverStatus=[[Backing Filesystem, extfs], [Supports d_type, true], [Native Overlay Diff, true], [userxattr, false]], BridgeNfIptables=true, LiveRestoreEnabled=false, SystemTime=2024-02-06T13:32:05.519413486+01:00, NoProxy=, Architecture=x86_64, NEventsListener=0, HttpsProxy=, Images=21, ContainersRunning=3, Labels=[], InitCommit={ID=de40ad0, Expected=de40ad0}, NFd=42, KernelVersion=5.15.0-92-generic, LoggingDriver=json-file, OSType=linux, SecurityOptions=[name=apparmor, name=seccomp,profile=default], ContainerdCommit={ID=1c90a442489720eec95342e1789ee8a5e1b9536f, Expected=1c90a442489720eec95342e1789ee8a5e1b9536f}, GenericResources=null, KernelMemory=true, OperatingSystem=Ubuntu 20.04.3 LTS, RegistryConfig={AllowNondistributableArtifactsCIDRs=[], AllowNondistributableArtifactsHostnames=[], InsecureRegistryCIDRs=[127.0.0.0/8], IndexConfigs={docker.io={Name=docker.io, Mirrors=[], Secure=true, Official=true}}, Mirrors=[]}, ServerVersion=20.10.21, OomKillDisable=true, CpuCfsQuota=true, Containers=20, Driver=overlay2, KernelMemoryTCP=true, IPv4Forwarding=true, ExperimentalBuild=false, DockerRootDir=/var/lib/docker, CPUSet=true, CpuCfsPeriod=true, DefaultRuntime=runc, CPUShares=true, Debug=false, NCPU=8, Plugins={Volume=[local], Network=[bridge, host, ipvlan, macvlan, null, overlay], Authorization=null, Log=[awslogs, fluentd, gcplogs, gelf, journald, json-file, local, logentries, splunk, syslog]}, SwapLimit=true, CgroupDriver=cgroupfs, ContainersPaused=0, MemTotal=33479938048, IndexServerAddress=https://index.docker.io/v1/, MemoryLimit=true, HttpProxy=, InitBinary=docker-init, CgroupVersion=1, PidsLimit=true, Isolation=, BridgeNfIp6tables=true, Warnings=null, ContainersStopped=17}
13:32:05.581 [main] DEBUG org.testcontainers.shaded.com.github.dockerjava.core.command.AbstrDockerCmd - Cmd: 
13:32:05.597 [main] DEBUG org.testcontainers.DockerClientFactory - Docker version: {Components=[{Name=Engine, Version=20.10.21, Details={ApiVersion=1.41, Arch=amd64, BuildTime=2022-10-25T18:00:04.000000000+00:00, Experimental=false, GitCommit=3056208, GoVersion=go1.18.7, KernelVersion=5.15.0-92-generic, MinAPIVersion=1.12, Os=linux}}, {Name=containerd, Version=1.6.9, Details={GitCommit=1c90a442489720eec95342e1789ee8a5e1b9536f}}, {Name=runc, Version=1.1.4, Details={GitCommit=v1.1.4-0-g5fd4c4d}}, {Name=docker-init, Version=0.19.0, Details={GitCommit=de40ad0}}], KernelVersion=5.15.0-92-generic, ApiVersion=1.41, Platform={Name=Docker Engine - Community}, GitCommit=3056208, Os=linux, Version=20.10.21, MinAPIVersion=1.12, Arch=amd64, GoVersion=go1.18.7, BuildTime=2022-10-25T18:00:04.000000000+00:00}
13:32:05.597 [main] INFO  org.testcontainers.DockerClientFactory - Connected to docker: 
  Server Version: 20.10.21
  API Version: 1.41
  Operating System: Ubuntu 20.04.3 LTS
  Total Memory: 31928 MB
13:32:05.603 [main] DEBUG org.testcontainers.utility.RyukResourceReaper - Ryuk is enabled
13:32:05.605 [main] DEBUG org.testcontainers.utility.PrefixingImageNameSubstitutor - No prefix is configured
13:32:05.605 [main] DEBUG org.testcontainers.utility.ImageNameSubstitutor - Did not find a substitute image for testcontainers/ryuk:0.5.1 (using image substitutor: DefaultImageNameSubstitutor (composite of 'ConfigurationFileImageNameSubstitutor' and 'PrefixingImageNameSubstitutor'))
13:32:05.606 [main] DEBUG org.testcontainers.shaded.com.github.dockerjava.core.command.AbstrDockerCmd - Cmd: ListImagesCmdImpl[filters=org.testcontainers.shaded.com.github.dockerjava.core.util.FiltersBuilder@0,imageNameFilter=<null>,showAll=false]
13:32:05.625 [main] DEBUG org.testcontainers.images.AbstractImagePullPolicy - Using locally available and not pulling image: testcontainers/ryuk:0.5.1
13:32:05.625 [main] INFO  tc.testcontainers/ryuk:0.5.1 - Creating container for image: testcontainers/ryuk:0.5.1
13:32:05.628 [main] DEBUG org.testcontainers.utility.RegistryAuthLocator - Looking up auth config for image: testcontainers/ryuk:0.5.1 at registry: https://index.docker.io/v1/
13:32:05.629 [main] DEBUG org.testcontainers.utility.RegistryAuthLocator - RegistryAuthLocator has configFile: /home/easy/.docker/config.json (exists) configEnv: DOCKER_AUTH_CONFIG (does not exist) and commandPathPrefix: 
13:32:05.629 [main] DEBUG org.testcontainers.utility.RegistryAuthLocator - RegistryAuthLocator reading from configFile: /home/easy/.docker/config.json
13:32:05.629 [main] DEBUG org.testcontainers.utility.RegistryAuthLocator - registryName [https://index.docker.io/v1/] for dockerImageName [testcontainers/ryuk:0.5.1]
13:32:05.631 [main] DEBUG org.testcontainers.utility.RegistryAuthLocator - found existing auth config [AuthConfig{username=itdriveview, password=hidden non-blank value, auth=hidden non-blank value, email=null, registryAddress=https://index.docker.io/v1/, registryToken=blank}]
13:32:05.631 [main] DEBUG org.testcontainers.utility.RegistryAuthLocator - Cached auth found: [AuthConfig{username=itdriveview, password=hidden non-blank value, auth=hidden non-blank value, email=null, registryAddress=https://index.docker.io/v1/, registryToken=blank}]
13:32:05.631 [main] DEBUG org.testcontainers.dockerclient.AuthDelegatingDockerClientConfig - Effective auth config [AuthConfig{username=itdriveview, password=hidden non-blank value, auth=hidden non-blank value, email=null, registryAddress=https://index.docker.io/v1/, registryToken=blank}]
13:32:05.638 [main] DEBUG org.testcontainers.shaded.com.github.dockerjava.core.command.AbstrDockerCmd - Cmd: org.testcontainers.shaded.com.github.dockerjava.core.command.CreateContainerCmdImpl@53667cbe[aliases=<null>,argsEscaped=<null>,attachStderr=<null>,attachStdin=<null>,attachStdout=<null>,authConfig=AuthConfig(username=itdriveview, email=null, registryAddress=https://index.docker.io/v1/, stackOrchestrator=null),cmd={},domainName=<null>,entrypoint=<null>,env={},exposedPorts=ExposedPorts(exposedPorts=[8080/tcp]),healthcheck=<null>,hostConfig=HostConfig(binds=[/var/run/docker.sock:/var/run/docker.sock:rw], blkioWeight=null, blkioWeightDevice=null, blkioDeviceReadBps=null, blkioDeviceWriteBps=null, blkioDeviceReadIOps=null, blkioDeviceWriteIOps=null, memorySwappiness=null, nanoCPUs=null, capAdd=null, capDrop=null, containerIDFile=null, cpuPeriod=null, cpuRealtimePeriod=null, cpuRealtimeRuntime=null, cpuShares=null, cpuQuota=null, cpusetCpus=null, cpusetMems=null, devices=null, deviceCgroupRules=null, deviceRequests=null, diskQuota=null, dns=null, dnsOptions=null, dnsSearch=null, extraHosts=[], groupAdd=null, ipcMode=null, cgroup=null, links=[], logConfig=LogConfig(type=null, config=null), lxcConf=null, memory=null, memorySwap=null, memoryReservation=null, kernelMemory=null, networkMode=null, oomKillDisable=null, init=null, autoRemove=true, oomScoreAdj=null, portBindings={8080/tcp=[Lcom.github.dockerjava.api.model.Ports$Binding;@64e1dd11}, privileged=true, publishAllPorts=null, readonlyRootfs=null, restartPolicy=null, ulimits=null, cpuCount=null, cpuPercent=null, ioMaximumIOps=null, ioMaximumBandwidth=null, volumesFrom=[], mounts=null, pidMode=null, isolation=null, securityOpts=null, storageOpt=null, cgroupParent=null, volumeDriver=null, shmSize=null, pidsLimit=null, runtime=null, tmpFs=null, utSMode=null, usernsMode=null, sysctls=null, consoleSize=null, cgroupnsMode=null),hostName=<null>,image=testcontainers/ryuk:0.5.1,ipv4Address=<null>,ipv6Address=<null>,labels={org.testcontainers=true, org.testcontainers.lang=java, org.testcontainers.version=1.19.0},macAddress=<null>,name=testcontainers-ryuk-694f088b-7916-4eab-8704-8365797d6724,networkDisabled=<null>,networkingConfig=<null>,onBuild=<null>,platform=<null>,portSpecs=<null>,shell=<null>,stdInOnce=<null>,stdinOpen=<null>,stopSignal=<null>,stopTimeout=<null>,tty=<null>,user=<null>,volumes=Volumes(volumes=[]),workingDir=<null>]
13:32:05.798 [main] INFO  tc.testcontainers/ryuk:0.5.1 - Container testcontainers/ryuk:0.5.1 is starting: 5d1ebe521918be9a734066787dff35ce751bf37e58f9c20da44e7f4be50584c8
13:32:05.799 [main] DEBUG org.testcontainers.shaded.com.github.dockerjava.core.command.AbstrDockerCmd - Cmd: 5d1ebe521918be9a734066787dff35ce751bf37e58f9c20da44e7f4be50584c8
13:32:06.174 [main] DEBUG org.testcontainers.shaded.com.github.dockerjava.core.command.AbstrDockerCmd - Cmd: 5d1ebe521918be9a734066787dff35ce751bf37e58f9c20da44e7f4be50584c8,false
13:32:06.180 [main] DEBUG org.testcontainers.shaded.com.github.dockerjava.core.exec.InspectContainerCmdExec - GET: DefaultWebTarget{path=[/containers/5d1ebe521918be9a734066787dff35ce751bf37e58f9c20da44e7f4be50584c8/json], queryParams={}}
13:32:06.325 [main] DEBUG org.testcontainers.shaded.com.github.dockerjava.core.command.AbstrDockerCmd - Cmd: sha256:ec913eeff75a6b5ed284cf17e186213a466ec10a8f471798318ffa0813b5d828
13:32:06.332 [main] DEBUG org.testcontainers.shaded.com.github.dockerjava.core.command.AbstrDockerCmd - Cmd: 
13:32:06.347 [main] DEBUG org.testcontainers.containers.output.WaitingConsumer - STDERR: 2024/02/06 12:32:06 Pinging Docker...
13:32:06.347 [main] DEBUG org.testcontainers.containers.output.WaitingConsumer - STDERR: 2024/02/06 12:32:06 Started!
13:32:06.349 [main] INFO  tc.testcontainers/ryuk:0.5.1 - Container testcontainers/ryuk:0.5.1 started in PT0.745158319S
13:32:06.352 [testcontainers-ryuk] DEBUG org.testcontainers.utility.ResourceReaper - Sending 'label=org.testcontainers%3Dtrue&label=org.testcontainers.lang%3Djava&label=org.testcontainers.version%3D1.19.0&label=org.testcontainers.sessionId%3D694f088b-7916-4eab-8704-8365797d6724' to Ryuk
13:32:06.353 [testcontainers-ryuk] DEBUG org.testcontainers.utility.RyukResourceReaper - Received 'ACK' from Ryuk
13:32:06.353 [main] INFO  org.testcontainers.utility.RyukResourceReaper - Ryuk started - will monitor and terminate Testcontainers containers on JVM exit
13:32:06.353 [main] DEBUG org.testcontainers.DockerClientFactory - Checks are enabled
13:32:06.354 [main] INFO  org.testcontainers.DockerClientFactory - Checking the system...
13:32:06.354 [main] INFO  org.testcontainers.DockerClientFactory - ✔︎ Docker server version should be at least 1.6.0
13:32:06.355 [main] DEBUG org.testcontainers.utility.PrefixingImageNameSubstitutor - No prefix is configured
13:32:06.355 [main] DEBUG org.testcontainers.utility.ImageNameSubstitutor - Did not find a substitute image for postgres:16.0 (using image substitutor: DefaultImageNameSubstitutor (composite of 'ConfigurationFileImageNameSubstitutor' and 'PrefixingImageNameSubstitutor'))
13:32:06.355 [main] DEBUG org.testcontainers.images.AbstractImagePullPolicy - Using locally available and not pulling image: postgres:16.0
13:32:06.355 [main] INFO  tc.postgres:16.0 - Creating container for image: postgres:16.0
13:32:06.355 [main] DEBUG org.testcontainers.utility.RegistryAuthLocator - Looking up auth config for image: postgres:16.0 at registry: https://index.docker.io/v1/
13:32:06.355 [main] DEBUG org.testcontainers.utility.RegistryAuthLocator - Cached auth found: [AuthConfig{username=itdriveview, password=hidden non-blank value, auth=hidden non-blank value, email=null, registryAddress=https://index.docker.io/v1/, registryToken=blank}]
13:32:06.355 [main] DEBUG org.testcontainers.dockerclient.AuthDelegatingDockerClientConfig - Effective auth config [AuthConfig{username=itdriveview, password=hidden non-blank value, auth=hidden non-blank value, email=null, registryAddress=https://index.docker.io/v1/, registryToken=blank}]
13:32:06.355 [main] DEBUG org.testcontainers.shaded.com.github.dockerjava.core.command.AbstrDockerCmd - Cmd: org.testcontainers.shaded.com.github.dockerjava.core.command.CreateContainerCmdImpl@7435a578[aliases=<null>,argsEscaped=<null>,attachStderr=<null>,attachStdin=<null>,attachStdout=<null>,authConfig=AuthConfig(username=itdriveview, email=null, registryAddress=https://index.docker.io/v1/, stackOrchestrator=null),cmd={postgres,-c,fsync=off},domainName=<null>,entrypoint=<null>,env={POSTGRES_USER=test,POSTGRES_PASSWORD=test,POSTGRES_DB=test},exposedPorts=ExposedPorts(exposedPorts=[5432/tcp]),healthcheck=<null>,hostConfig=HostConfig(binds=[], blkioWeight=null, blkioWeightDevice=null, blkioDeviceReadBps=null, blkioDeviceWriteBps=null, blkioDeviceReadIOps=null, blkioDeviceWriteIOps=null, memorySwappiness=null, nanoCPUs=null, capAdd=null, capDrop=null, containerIDFile=null, cpuPeriod=null, cpuRealtimePeriod=null, cpuRealtimeRuntime=null, cpuShares=null, cpuQuota=null, cpusetCpus=null, cpusetMems=null, devices=null, deviceCgroupRules=null, deviceRequests=null, diskQuota=null, dns=null, dnsOptions=null, dnsSearch=null, extraHosts=[], groupAdd=null, ipcMode=null, cgroup=null, links=[], logConfig=LogConfig(type=null, config=null), lxcConf=null, memory=null, memorySwap=null, memoryReservation=null, kernelMemory=null, networkMode=null, oomKillDisable=null, init=null, autoRemove=null, oomScoreAdj=null, portBindings={5432/tcp=[Lcom.github.dockerjava.api.model.Ports$Binding;@70e3f36f}, privileged=null, publishAllPorts=null, readonlyRootfs=null, restartPolicy=null, ulimits=null, cpuCount=null, cpuPercent=null, ioMaximumIOps=null, ioMaximumBandwidth=null, volumesFrom=[], mounts=null, pidMode=null, isolation=null, securityOpts=null, storageOpt=null, cgroupParent=null, volumeDriver=null, shmSize=null, pidsLimit=null, runtime=null, tmpFs=null, utSMode=null, usernsMode=null, sysctls=null, consoleSize=null, cgroupnsMode=null),hostName=<null>,image=postgres:16.0,ipv4Address=<null>,ipv6Address=<null>,labels={org.testcontainers=true, org.testcontainers.lang=java, org.testcontainers.version=1.19.0, org.testcontainers.sessionId=694f088b-7916-4eab-8704-8365797d6724},macAddress=<null>,name=<null>,networkDisabled=<null>,networkingConfig=<null>,onBuild=<null>,platform=<null>,portSpecs=<null>,shell=<null>,stdInOnce=<null>,stdinOpen=<null>,stopSignal=<null>,stopTimeout=<null>,tty=<null>,user=<null>,volumes=Volumes(volumes=[]),workingDir=<null>]
13:32:06.406 [main] INFO  tc.postgres:16.0 - Container postgres:16.0 is starting: adb6fd38932fcbbee0d31ce0f3045cb3738af1d2463a188c001c9cb901ff6adb
13:32:06.406 [main] DEBUG org.testcontainers.shaded.com.github.dockerjava.core.command.AbstrDockerCmd - Cmd: adb6fd38932fcbbee0d31ce0f3045cb3738af1d2463a188c001c9cb901ff6adb
13:32:06.789 [main] DEBUG org.testcontainers.shaded.com.github.dockerjava.core.command.AbstrDockerCmd - Cmd: adb6fd38932fcbbee0d31ce0f3045cb3738af1d2463a188c001c9cb901ff6adb,false
13:32:06.790 [main] DEBUG org.testcontainers.shaded.com.github.dockerjava.core.exec.InspectContainerCmdExec - GET: DefaultWebTarget{path=[/containers/adb6fd38932fcbbee0d31ce0f3045cb3738af1d2463a188c001c9cb901ff6adb/json], queryParams={}}
13:32:06.804 [main] DEBUG org.testcontainers.shaded.com.github.dockerjava.core.command.AbstrDockerCmd - Cmd: sha256:fbd1be2cbb1f55a77e9e4124c36f4f7e7d9370de26d4325688cc953008984c81
13:32:06.813 [main] DEBUG org.testcontainers.shaded.com.github.dockerjava.core.command.AbstrDockerCmd - Cmd: 
13:32:06.857 [main] DEBUG org.testcontainers.containers.output.WaitingConsumer - STDOUT: The files belonging to this database system will be owned by user "postgres".
13:32:06.858 [main] DEBUG org.testcontainers.containers.output.WaitingConsumer - STDOUT: creating subdirectories ... ok
13:32:06.858 [main] DEBUG org.testcontainers.containers.output.WaitingConsumer - STDOUT: selecting dynamic shared memory implementation ... posix
13:32:06.858 [main] DEBUG org.testcontainers.containers.output.WaitingConsumer - STDOUT: fixing permissions on existing directory /var/lib/postgresql/data ... ok
13:32:06.858 [main] DEBUG org.testcontainers.containers.output.WaitingConsumer - STDOUT: 
13:32:06.858 [main] DEBUG org.testcontainers.containers.output.WaitingConsumer - STDOUT: Data page checksums are disabled.
13:32:06.858 [main] DEBUG org.testcontainers.containers.output.WaitingConsumer - STDOUT: 
13:32:06.858 [main] DEBUG org.testcontainers.containers.output.WaitingConsumer - STDOUT: The default text search configuration will be set to "english".
13:32:06.859 [main] DEBUG org.testcontainers.containers.output.WaitingConsumer - STDOUT: The default database encoding has accordingly been set to "UTF8".
13:32:06.859 [main] DEBUG org.testcontainers.containers.output.WaitingConsumer - STDOUT: The database cluster will be initialized with locale "en_US.utf8".
13:32:06.859 [main] DEBUG org.testcontainers.containers.output.WaitingConsumer - STDOUT: 
13:32:06.859 [main] DEBUG org.testcontainers.containers.output.WaitingConsumer - STDOUT: This user must also own the server process.
13:32:06.876 [main] DEBUG org.testcontainers.containers.output.WaitingConsumer - STDOUT: selecting default max_connections ... 100
13:32:06.898 [main] DEBUG org.testcontainers.containers.output.WaitingConsumer - STDOUT: selecting default shared_buffers ... 128MB
13:32:06.919 [main] DEBUG org.testcontainers.containers.output.WaitingConsumer - STDOUT: selecting default time zone ... Etc/UTC
13:32:06.929 [main] DEBUG org.testcontainers.containers.output.WaitingConsumer - STDOUT: creating configuration files ... ok
13:32:07.079 [main] DEBUG org.testcontainers.containers.output.WaitingConsumer - STDOUT: running bootstrap script ... ok
13:32:07.457 [main] DEBUG org.testcontainers.containers.output.WaitingConsumer - STDOUT: performing post-bootstrap initialization ... ok
13:32:07.724 [main] DEBUG org.testcontainers.containers.output.WaitingConsumer - STDOUT: syncing data to disk ... ok
13:32:07.725 [main] DEBUG org.testcontainers.containers.output.WaitingConsumer - STDOUT: 
13:32:07.725 [main] DEBUG org.testcontainers.containers.output.WaitingConsumer - STDOUT: 
13:32:07.726 [main] DEBUG org.testcontainers.containers.output.WaitingConsumer - STDOUT:     pg_ctl -D /var/lib/postgresql/data -l logfile start
13:32:07.727 [main] DEBUG org.testcontainers.containers.output.WaitingConsumer - STDOUT: 
13:32:07.728 [main] DEBUG org.testcontainers.containers.output.WaitingConsumer - STDOUT: Success. You can now start the database server using:
13:32:07.729 [main] DEBUG org.testcontainers.containers.output.WaitingConsumer - STDOUT: 
13:32:07.729 [main] DEBUG org.testcontainers.containers.output.WaitingConsumer - STDERR: initdb: hint: You can change this by editing pg_hba.conf or using the option -A, or --auth-local and --auth-host, the next time you run initdb.
13:32:07.729 [main] DEBUG org.testcontainers.containers.output.WaitingConsumer - STDERR: initdb: warning: enabling "trust" authentication for local connections
13:32:07.773 [main] DEBUG org.testcontainers.containers.output.WaitingConsumer - STDOUT: waiting for server to start....2024-02-06 12:32:07.772 UTC [48] LOG:  starting PostgreSQL 16.0 (Debian 16.0-1.pgdg120+1) on x86_64-pc-linux-gnu, compiled by gcc (Debian 12.2.0-14) 12.2.0, 64-bit
13:32:07.773 [main] DEBUG org.testcontainers.containers.output.WaitingConsumer - STDOUT: 2024-02-06 12:32:07.773 UTC [48] LOG:  listening on Unix socket "/var/run/postgresql/.s.PGSQL.5432"
13:32:07.783 [main] DEBUG org.testcontainers.containers.output.WaitingConsumer - STDOUT: 2024-02-06 12:32:07.777 UTC [48] LOG:  database system is ready to accept connections
13:32:07.784 [main] INFO  tc.postgres:16.0 - Container postgres:16.0 started in PT1.429684527S
13:32:07.785 [main] INFO  tc.postgres:16.0 - Container is started (JDBC URL: jdbc:postgresql://localhost:49208/test?loggerLevel=OFF)
13:32:07.862 [main] INFO  org.springframework.test.context.support.AnnotationConfigContextLoaderUtils - Could not detect default configuration classes for test class [dev.danvega.danson.post.PostControllerAlex2]: PostControllerAlex2 does not declare any static, non-private, non-final, nested classes annotated with @Configuration.
13:32:08.014 [main] INFO  org.springframework.boot.test.context.SpringBootTestContextBootstrapper - Found @SpringBootConfiguration dev.danvega.danson.Application for test class dev.danvega.danson.post.PostControllerAlex2

  .   ____          _            __ _ _
 /\\ / ___'_ __ _ _(_)_ __  __ _ \ \ \ \
( ( )\___ | '_ | '_| | '_ \/ _` | \ \ \ \
 \\/  ___)| |_)| | | | | || (_| |  ) ) ) )
  '  |____| .__|_| |_|_| |_\__, | / / / /
 =========|_|==============|___/=/_/_/_/
 :: Spring Boot ::             (v3.2.0-M3)

13:32:08.284 [background-preinit] INFO  org.hibernate.validator.internal.util.Version - HV000001: Hibernate Validator 8.0.1.Final
13:32:08.328 [main] INFO  dev.danvega.danson.post.PostControllerAlex2 - Starting PostControllerAlex2 using Java 21.0.1 with PID 28513 (started by easy in /home/easy/git/fac-testcontainers-dan-vega/posts)
13:32:08.329 [main] INFO  dev.danvega.danson.post.PostControllerAlex2 - No active profile set, falling back to 1 default profile: "default"
13:32:09.120 [main] INFO  org.springframework.data.repository.config.RepositoryConfigurationDelegate - Bootstrapping Spring Data JDBC repositories in DEFAULT mode.
13:32:09.155 [main] INFO  org.springframework.data.repository.config.RepositoryConfigurationDelegate - Finished Spring Data repository scanning in 31 ms. Found 1 JDBC repository interfaces.
13:32:09.599 [main] INFO  org.springframework.boot.web.embedded.tomcat.TomcatWebServer - Tomcat initialized with port 0 (http)
13:32:09.607 [main] INFO  org.apache.coyote.http11.Http11NioProtocol - Initializing ProtocolHandler ["http-nio-auto-1"]
13:32:09.608 [main] INFO  org.apache.catalina.core.StandardService - Starting service [Tomcat]
13:32:09.609 [main] INFO  org.apache.catalina.core.StandardEngine - Starting Servlet engine: [Apache Tomcat/10.1.13]
13:32:09.686 [main] INFO  org.apache.catalina.core.ContainerBase.[Tomcat].[localhost].[/] - Initializing Spring embedded WebApplicationContext
13:32:09.687 [main] INFO  org.springframework.boot.web.servlet.context.ServletWebServerApplicationContext - Root WebApplicationContext: initialization completed in 1329 ms
13:32:09.933 [main] INFO  com.zaxxer.hikari.HikariDataSource - HikariPool-1 - Starting...
13:32:10.115 [main] INFO  com.zaxxer.hikari.pool.HikariPool - HikariPool-1 - Added connection org.postgresql.jdbc.PgConnection@bea283b
13:32:10.116 [main] INFO  com.zaxxer.hikari.HikariDataSource - HikariPool-1 - Start completed.
13:32:11.029 [main] INFO  org.springframework.boot.actuate.endpoint.web.EndpointLinksResolver - Exposing 1 endpoint(s) beneath base path '/actuator'
13:32:11.105 [main] INFO  org.apache.coyote.http11.Http11NioProtocol - Starting ProtocolHandler ["http-nio-auto-1"]
13:32:11.128 [main] INFO  org.springframework.boot.web.embedded.tomcat.TomcatWebServer - Tomcat started on port 37403 (http) with context path ''
13:32:11.159 [main] INFO  dev.danvega.danson.post.PostControllerAlex2 - Started PostControllerAlex2 in 3.04 seconds (process running for 6.658)
13:32:11.292 [main] INFO  dev.danvega.danson.post.PostDataLoader - Loading posts into database from JSON: /data/posts.json
13:32:12.173 [docker-java-stream--394552583] INFO  docker logs - STDOUT: The files belonging to this database system will be owned by user "postgres".
13:32:12.172 [main] DEBUG org.testcontainers.shaded.com.github.dockerjava.core.command.AbstrDockerCmd - Cmd: adb6fd38932fcbbee0d31ce0f3045cb3738af1d2463a188c001c9cb901ff6adb,false
13:32:12.173 [docker-java-stream--394552583] INFO  docker logs - STDOUT: This user must also own the server process.
13:32:12.173 [docker-java-stream--394552583] INFO  docker logs - STDOUT: 
13:32:12.173 [main] DEBUG org.testcontainers.shaded.com.github.dockerjava.core.exec.InspectContainerCmdExec - GET: DefaultWebTarget{path=[/containers/adb6fd38932fcbbee0d31ce0f3045cb3738af1d2463a188c001c9cb901ff6adb/json], queryParams={}}
13:32:12.173 [docker-java-stream--394552583] INFO  docker logs - STDOUT: The database cluster will be initialized with locale "en_US.utf8".
13:32:12.173 [docker-java-stream--394552583] INFO  docker logs - STDOUT: The default database encoding has accordingly been set to "UTF8".
13:32:12.173 [docker-java-stream--394552583] INFO  docker logs - STDOUT: The default text search configuration will be set to "english".
13:32:12.173 [docker-java-stream--394552583] INFO  docker logs - STDOUT: 
13:32:12.173 [docker-java-stream--394552583] INFO  docker logs - STDOUT: Data page checksums are disabled.
13:32:12.174 [docker-java-stream--394552583] INFO  docker logs - STDOUT: 
13:32:12.174 [docker-java-stream--394552583] INFO  docker logs - STDOUT: fixing permissions on existing directory /var/lib/postgresql/data ... ok
13:32:12.174 [docker-java-stream--394552583] INFO  docker logs - STDOUT: creating subdirectories ... ok
13:32:12.174 [docker-java-stream--394552583] INFO  docker logs - STDOUT: selecting dynamic shared memory implementation ... posix
13:32:12.174 [docker-java-stream--394552583] INFO  docker logs - STDOUT: selecting default max_connections ... 100
13:32:12.174 [docker-java-stream--394552583] INFO  docker logs - STDOUT: selecting default shared_buffers ... 128MB
13:32:12.174 [docker-java-stream--394552583] INFO  docker logs - STDOUT: selecting default time zone ... Etc/UTC
13:32:12.174 [docker-java-stream--394552583] INFO  docker logs - STDOUT: creating configuration files ... ok
13:32:12.174 [docker-java-stream--394552583] INFO  docker logs - STDOUT: running bootstrap script ... ok
13:32:12.174 [docker-java-stream--394552583] INFO  docker logs - STDOUT: performing post-bootstrap initialization ... ok
13:32:12.175 [docker-java-stream--394552583] INFO  docker logs - STDOUT: syncing data to disk ... ok
13:32:12.175 [docker-java-stream--394552583] INFO  docker logs - STDERR: initdb: warning: enabling "trust" authentication for local connections
13:32:12.175 [docker-java-stream--394552583] INFO  docker logs - STDERR: initdb: hint: You can change this by editing pg_hba.conf or using the option -A, or --auth-local and --auth-host, the next time you run initdb.
13:32:12.175 [docker-java-stream--394552583] INFO  docker logs - STDOUT: 
13:32:12.175 [docker-java-stream--394552583] INFO  docker logs - STDOUT: 
13:32:12.175 [docker-java-stream--394552583] INFO  docker logs - STDOUT: Success. You can now start the database server using:
13:32:12.175 [docker-java-stream--394552583] INFO  docker logs - STDOUT: 
13:32:12.175 [docker-java-stream--394552583] INFO  docker logs - STDOUT:     pg_ctl -D /var/lib/postgresql/data -l logfile start
13:32:12.175 [docker-java-stream--394552583] INFO  docker logs - STDOUT: 
13:32:12.175 [docker-java-stream--394552583] INFO  docker logs - STDOUT: waiting for server to start....2024-02-06 12:32:07.772 UTC [48] LOG:  starting PostgreSQL 16.0 (Debian 16.0-1.pgdg120+1) on x86_64-pc-linux-gnu, compiled by gcc (Debian 12.2.0-14) 12.2.0, 64-bit
13:32:12.175 [docker-java-stream--394552583] INFO  docker logs - STDOUT: 2024-02-06 12:32:07.773 UTC [48] LOG:  listening on Unix socket "/var/run/postgresql/.s.PGSQL.5432"
13:32:12.176 [docker-java-stream--394552583] INFO  docker logs - STDOUT: 2024-02-06 12:32:07.774 UTC [51] LOG:  database system was shut down at 2024-02-06 12:32:07 UTC
13:32:12.176 [docker-java-stream--394552583] INFO  docker logs - STDOUT: 2024-02-06 12:32:07.777 UTC [48] LOG:  database system is ready to accept connections
13:32:12.176 [docker-java-stream--394552583] INFO  docker logs - STDOUT:  done
13:32:12.176 [docker-java-stream--394552583] INFO  docker logs - STDOUT: server started
13:32:12.176 [docker-java-stream--394552583] INFO  docker logs - STDOUT: CREATE DATABASE
13:32:12.176 [docker-java-stream--394552583] INFO  docker logs - STDOUT: 
13:32:12.176 [docker-java-stream--394552583] INFO  docker logs - STDOUT: 
13:32:12.176 [docker-java-stream--394552583] INFO  docker logs - STDOUT: /usr/local/bin/docker-entrypoint.sh: ignoring /docker-entrypoint-initdb.d/*
13:32:12.176 [docker-java-stream--394552583] INFO  docker logs - STDOUT: 
13:32:12.176 [docker-java-stream--394552583] INFO  docker logs - STDOUT: 2024-02-06 12:32:07.979 UTC [48] LOG:  received fast shutdown request
13:32:12.176 [docker-java-stream--394552583] INFO  docker logs - STDOUT: waiting for server to shut down....2024-02-06 12:32:07.979 UTC [48] LOG:  aborting any active transactions
13:32:12.177 [docker-java-stream--394552583] INFO  docker logs - STDOUT: 2024-02-06 12:32:07.982 UTC [48] LOG:  background worker "logical replication launcher" (PID 54) exited with exit code 1
13:32:12.177 [docker-java-stream--394552583] INFO  docker logs - STDOUT: 2024-02-06 12:32:07.982 UTC [49] LOG:  shutting down
13:32:12.177 [docker-java-stream--394552583] INFO  docker logs - STDOUT: 2024-02-06 12:32:07.983 UTC [49] LOG:  checkpoint starting: shutdown immediate
13:32:12.177 [docker-java-stream--394552583] INFO  docker logs - STDOUT: 2024-02-06 12:32:07.991 UTC [49] LOG:  checkpoint complete: wrote 923 buffers (5.6%); 0 WAL file(s) added, 0 removed, 0 recycled; write=0.008 s, sync=0.001 s, total=0.009 s; sync files=0, longest=0.000 s, average=0.000 s; distance=4257 kB, estimate=4257 kB; lsn=0/19130C8, redo lsn=0/19130C8
13:32:12.177 [main] DEBUG org.testcontainers.shaded.com.github.dockerjava.core.command.AbstrDockerCmd - Cmd: adb6fd38932fcbbee0d31ce0f3045cb3738af1d2463a188c001c9cb901ff6adb,false
13:32:12.177 [docker-java-stream--394552583] INFO  docker logs - STDOUT: 2024-02-06 12:32:07.999 UTC [48] LOG:  database system is shut down
13:32:12.177 [docker-java-stream--394552583] INFO  docker logs - STDOUT:  done
13:32:12.177 [docker-java-stream--394552583] INFO  docker logs - STDOUT: server stopped
13:32:12.177 [main] DEBUG org.testcontainers.shaded.com.github.dockerjava.core.exec.InspectContainerCmdExec - GET: DefaultWebTarget{path=[/containers/adb6fd38932fcbbee0d31ce0f3045cb3738af1d2463a188c001c9cb901ff6adb/json], queryParams={}}
13:32:12.177 [docker-java-stream--394552583] INFO  docker logs - STDOUT: 
13:32:12.177 [docker-java-stream--394552583] INFO  docker logs - STDOUT: PostgreSQL init process complete; ready for start up.
13:32:12.177 [docker-java-stream--394552583] INFO  docker logs - STDOUT: 
13:32:12.178 [docker-java-stream--394552583] INFO  docker logs - STDERR: 2024-02-06 12:32:08.104 UTC [1] LOG:  starting PostgreSQL 16.0 (Debian 16.0-1.pgdg120+1) on x86_64-pc-linux-gnu, compiled by gcc (Debian 12.2.0-14) 12.2.0, 64-bit
13:32:12.178 [docker-java-stream--394552583] INFO  docker logs - STDERR: 2024-02-06 12:32:08.104 UTC [1] LOG:  listening on IPv4 address "0.0.0.0", port 5432
13:32:12.178 [docker-java-stream--394552583] INFO  docker logs - STDERR: 2024-02-06 12:32:08.104 UTC [1] LOG:  listening on IPv6 address "::", port 5432
13:32:12.178 [docker-java-stream--394552583] INFO  docker logs - STDERR: 2024-02-06 12:32:08.104 UTC [1] LOG:  listening on Unix socket "/var/run/postgresql/.s.PGSQL.5432"
13:32:12.178 [docker-java-stream--394552583] INFO  docker logs - STDERR: 2024-02-06 12:32:08.107 UTC [64] LOG:  database system was shut down at 2024-02-06 12:32:07 UTC
13:32:12.178 [docker-java-stream--394552583] INFO  docker logs - STDERR: 2024-02-06 12:32:08.111 UTC [1] LOG:  database system is ready to accept connections
13:32:12.213 [main] DEBUG org.testcontainers.shaded.com.github.dockerjava.core.command.AbstrDockerCmd - Cmd: adb6fd38932fcbbee0d31ce0f3045cb3738af1d2463a188c001c9cb901ff6adb,false
13:32:12.213 [main] DEBUG org.testcontainers.shaded.com.github.dockerjava.core.exec.InspectContainerCmdExec - GET: DefaultWebTarget{path=[/containers/adb6fd38932fcbbee0d31ce0f3045cb3738af1d2463a188c001c9cb901ff6adb/json], queryParams={}}
]]></system-out>
    <system-err><![CDATA[WARNING: A Java agent has been loaded dynamically (/home/easy/.m2/repository/net/bytebuddy/byte-buddy-agent/1.14.8/byte-buddy-agent-1.14.8.jar)
WARNING: If a serviceability tool is in use, please run with -XX:+EnableDynamicAgentLoading to hide this warning
WARNING: If a serviceability tool is not in use, please run with -Djdk.instrument.traceUsage for more information
WARNING: Dynamic loading of agents will be disallowed by default in a future release
]]></system-err>
  </testcase>
</testsuite>