<?xml version="1.0" encoding="UTF-8"?>
<testsuite xmlns:xsi="http://www.w3.org/2001/XMLSchema-instance" xsi:noNamespaceSchemaLocation="https://maven.apache.org/surefire/maven-surefire-plugin/xsd/surefire-test-report-3.0.xsd" version="3.0" name="dev.danvega.danson.post.PostControllerAlex4" time="63.017" tests="1" errors="1" skipped="0" failures="0">
  <properties>
    <property name="java.specification.version" value="21"/>
    <property name="sun.jnu.encoding" value="UTF-8"/>
    <property name="java.class.path" value="/home/easy/git/fac-testcontainers-dan-vega/posts/target/test-classes:/home/easy/git/fac-testcontainers-dan-vega/posts/target/classes:/home/easy/.m2/repository/org/springframework/boot/spring-boot-starter-actuator/3.2.0-M3/spring-boot-starter-actuator-3.2.0-M3.jar:/home/easy/.m2/repository/org/springframework/boot/spring-boot-starter/3.2.0-M3/spring-boot-starter-3.2.0-M3.jar:/home/easy/.m2/repository/org/springframework/boot/spring-boot-starter-logging/3.2.0-M3/spring-boot-starter-logging-3.2.0-M3.jar:/home/easy/.m2/repository/ch/qos/logback/logback-classic/1.4.11/logback-classic-1.4.11.jar:/home/easy/.m2/repository/ch/qos/logback/logback-core/1.4.11/logback-core-1.4.11.jar:/home/easy/.m2/repository/org/apache/logging/log4j/log4j-to-slf4j/2.20.0/log4j-to-slf4j-2.20.0.jar:/home/easy/.m2/repository/org/apache/logging/log4j/log4j-api/2.20.0/log4j-api-2.20.0.jar:/home/easy/.m2/repository/org/slf4j/jul-to-slf4j/2.0.9/jul-to-slf4j-2.0.9.jar:/home/easy/.m2/repository/jakarta/annotation/jakarta.annotation-api/2.1.1/jakarta.annotation-api-2.1.1.jar:/home/easy/.m2/repository/org/yaml/snakeyaml/2.2/snakeyaml-2.2.jar:/home/easy/.m2/repository/org/springframework/boot/spring-boot-actuator-autoconfigure/3.2.0-M3/spring-boot-actuator-autoconfigure-3.2.0-M3.jar:/home/easy/.m2/repository/org/springframework/boot/spring-boot-actuator/3.2.0-M3/spring-boot-actuator-3.2.0-M3.jar:/home/easy/.m2/repository/com/fasterxml/jackson/datatype/jackson-datatype-jsr310/2.15.2/jackson-datatype-jsr310-2.15.2.jar:/home/easy/.m2/repository/io/micrometer/micrometer-observation/1.12.0-M3/micrometer-observation-1.12.0-M3.jar:/home/easy/.m2/repository/io/micrometer/micrometer-commons/1.12.0-M3/micrometer-commons-1.12.0-M3.jar:/home/easy/.m2/repository/io/micrometer/micrometer-core/1.12.0-M3/micrometer-core-1.12.0-M3.jar:/home/easy/.m2/repository/org/hdrhistogram/HdrHistogram/2.1.12/HdrHistogram-2.1.12.jar:/home/easy/.m2/repository/org/latencyutils/LatencyUtils/2.0.3/LatencyUtils-2.0.3.jar:/home/easy/.m2/repository/org/springframework/boot/spring-boot-starter-web/3.2.0-M3/spring-boot-starter-web-3.2.0-M3.jar:/home/easy/.m2/repository/org/springframework/boot/spring-boot-starter-json/3.2.0-M3/spring-boot-starter-json-3.2.0-M3.jar:/home/easy/.m2/repository/com/fasterxml/jackson/datatype/jackson-datatype-jdk8/2.15.2/jackson-datatype-jdk8-2.15.2.jar:/home/easy/.m2/repository/org/springframework/boot/spring-boot-starter-tomcat/3.2.0-M3/spring-boot-starter-tomcat-3.2.0-M3.jar:/home/easy/.m2/repository/org/apache/tomcat/embed/tomcat-embed-core/10.1.13/tomcat-embed-core-10.1.13.jar:/home/easy/.m2/repository/org/apache/tomcat/embed/tomcat-embed-websocket/10.1.13/tomcat-embed-websocket-10.1.13.jar:/home/easy/.m2/repository/org/springframework/spring-web/6.1.0-M5/spring-web-6.1.0-M5.jar:/home/easy/.m2/repository/org/springframework/spring-beans/6.1.0-M5/spring-beans-6.1.0-M5.jar:/home/easy/.m2/repository/org/springframework/spring-webmvc/6.1.0-M5/spring-webmvc-6.1.0-M5.jar:/home/easy/.m2/repository/org/springframework/spring-aop/6.1.0-M5/spring-aop-6.1.0-M5.jar:/home/easy/.m2/repository/org/springframework/spring-context/6.1.0-M5/spring-context-6.1.0-M5.jar:/home/easy/.m2/repository/org/springframework/spring-expression/6.1.0-M5/spring-expression-6.1.0-M5.jar:/home/easy/.m2/repository/org/springframework/boot/spring-boot-starter-validation/3.2.0-M3/spring-boot-starter-validation-3.2.0-M3.jar:/home/easy/.m2/repository/org/apache/tomcat/embed/tomcat-embed-el/10.1.13/tomcat-embed-el-10.1.13.jar:/home/easy/.m2/repository/org/hibernate/validator/hibernate-validator/8.0.1.Final/hibernate-validator-8.0.1.Final.jar:/home/easy/.m2/repository/jakarta/validation/jakarta.validation-api/3.0.2/jakarta.validation-api-3.0.2.jar:/home/easy/.m2/repository/org/jboss/logging/jboss-logging/3.5.3.Final/jboss-logging-3.5.3.Final.jar:/home/easy/.m2/repository/com/fasterxml/classmate/1.5.1/classmate-1.5.1.jar:/home/easy/.m2/repository/org/springframework/boot/spring-boot-starter-data-jdbc/3.2.0-M3/spring-boot-starter-data-jdbc-3.2.0-M3.jar:/home/easy/.m2/repository/org/springframework/boot/spring-boot-starter-jdbc/3.2.0-M3/spring-boot-starter-jdbc-3.2.0-M3.jar:/home/easy/.m2/repository/com/zaxxer/HikariCP/5.0.1/HikariCP-5.0.1.jar:/home/easy/.m2/repository/org/springframework/spring-jdbc/6.1.0-M5/spring-jdbc-6.1.0-M5.jar:/home/easy/.m2/repository/org/springframework/data/spring-data-jdbc/3.2.0-M3/spring-data-jdbc-3.2.0-M3.jar:/home/easy/.m2/repository/org/springframework/data/spring-data-relational/3.2.0-M3/spring-data-relational-3.2.0-M3.jar:/home/easy/.m2/repository/com/github/jsqlparser/jsqlparser/4.6/jsqlparser-4.6.jar:/home/easy/.m2/repository/org/springframework/data/spring-data-commons/3.2.0-M3/spring-data-commons-3.2.0-M3.jar:/home/easy/.m2/repository/org/springframework/spring-tx/6.1.0-M5/spring-tx-6.1.0-M5.jar:/home/easy/.m2/repository/org/slf4j/slf4j-api/2.0.9/slf4j-api-2.0.9.jar:/home/easy/.m2/repository/org/springdoc/springdoc-openapi-starter-webmvc-ui/2.2.0/springdoc-openapi-starter-webmvc-ui-2.2.0.jar:/home/easy/.m2/repository/org/springdoc/springdoc-openapi-starter-webmvc-api/2.2.0/springdoc-openapi-starter-webmvc-api-2.2.0.jar:/home/easy/.m2/repository/org/springdoc/springdoc-openapi-starter-common/2.2.0/springdoc-openapi-starter-common-2.2.0.jar:/home/easy/.m2/repository/io/swagger/core/v3/swagger-core-jakarta/2.2.15/swagger-core-jakarta-2.2.15.jar:/home/easy/.m2/repository/org/apache/commons/commons-lang3/3.13.0/commons-lang3-3.13.0.jar:/home/easy/.m2/repository/io/swagger/core/v3/swagger-annotations-jakarta/2.2.15/swagger-annotations-jakarta-2.2.15.jar:/home/easy/.m2/repository/io/swagger/core/v3/swagger-models-jakarta/2.2.15/swagger-models-jakarta-2.2.15.jar:/home/easy/.m2/repository/com/fasterxml/jackson/dataformat/jackson-dataformat-yaml/2.15.2/jackson-dataformat-yaml-2.15.2.jar:/home/easy/.m2/repository/org/webjars/swagger-ui/5.2.0/swagger-ui-5.2.0.jar:/home/easy/.m2/repository/org/springframework/boot/spring-boot-devtools/3.2.0-M3/spring-boot-devtools-3.2.0-M3.jar:/home/easy/.m2/repository/org/springframework/boot/spring-boot/3.2.0-M3/spring-boot-3.2.0-M3.jar:/home/easy/.m2/repository/org/springframework/boot/spring-boot-autoconfigure/3.2.0-M3/spring-boot-autoconfigure-3.2.0-M3.jar:/home/easy/.m2/repository/org/springframework/boot/spring-boot-docker-compose/3.2.0-M3/spring-boot-docker-compose-3.2.0-M3.jar:/home/easy/.m2/repository/com/fasterxml/jackson/core/jackson-databind/2.15.2/jackson-databind-2.15.2.jar:/home/easy/.m2/repository/com/fasterxml/jackson/core/jackson-annotations/2.15.2/jackson-annotations-2.15.2.jar:/home/easy/.m2/repository/com/fasterxml/jackson/core/jackson-core/2.15.2/jackson-core-2.15.2.jar:/home/easy/.m2/repository/com/fasterxml/jackson/module/jackson-module-parameter-names/2.15.2/jackson-module-parameter-names-2.15.2.jar:/home/easy/.m2/repository/org/postgresql/postgresql/42.6.0/postgresql-42.6.0.jar:/home/easy/.m2/repository/org/checkerframework/checker-qual/3.31.0/checker-qual-3.31.0.jar:/home/easy/.m2/repository/org/springframework/boot/spring-boot-testcontainers/3.2.0-M3/spring-boot-testcontainers-3.2.0-M3.jar:/home/easy/.m2/repository/org/testcontainers/testcontainers/1.19.0/testcontainers-1.19.0.jar:/home/easy/.m2/repository/junit/junit/4.13.2/junit-4.13.2.jar:/home/easy/.m2/repository/org/hamcrest/hamcrest-core/2.2/hamcrest-core-2.2.jar:/home/easy/.m2/repository/org/apache/commons/commons-compress/1.23.0/commons-compress-1.23.0.jar:/home/easy/.m2/repository/org/rnorth/duct-tape/duct-tape/1.0.8/duct-tape-1.0.8.jar:/home/easy/.m2/repository/org/jetbrains/annotations/17.0.0/annotations-17.0.0.jar:/home/easy/.m2/repository/com/github/docker-java/docker-java-api/3.3.3/docker-java-api-3.3.3.jar:/home/easy/.m2/repository/com/github/docker-java/docker-java-transport-zerodep/3.3.3/docker-java-transport-zerodep-3.3.3.jar:/home/easy/.m2/repository/com/github/docker-java/docker-java-transport/3.3.3/docker-java-transport-3.3.3.jar:/home/easy/.m2/repository/net/java/dev/jna/jna/5.12.1/jna-5.12.1.jar:/home/easy/.m2/repository/org/testcontainers/junit-jupiter/1.19.0/junit-jupiter-1.19.0.jar:/home/easy/.m2/repository/org/testcontainers/postgresql/1.19.0/postgresql-1.19.0.jar:/home/easy/.m2/repository/org/testcontainers/jdbc/1.19.0/jdbc-1.19.0.jar:/home/easy/.m2/repository/org/testcontainers/database-commons/1.19.0/database-commons-1.19.0.jar:/home/easy/.m2/repository/org/springframework/boot/spring-boot-starter-test/3.2.0-M3/spring-boot-starter-test-3.2.0-M3.jar:/home/easy/.m2/repository/org/springframework/boot/spring-boot-test/3.2.0-M3/spring-boot-test-3.2.0-M3.jar:/home/easy/.m2/repository/org/springframework/boot/spring-boot-test-autoconfigure/3.2.0-M3/spring-boot-test-autoconfigure-3.2.0-M3.jar:/home/easy/.m2/repository/com/jayway/jsonpath/json-path/2.8.0/json-path-2.8.0.jar:/home/easy/.m2/repository/jakarta/xml/bind/jakarta.xml.bind-api/4.0.1/jakarta.xml.bind-api-4.0.1.jar:/home/easy/.m2/repository/jakarta/activation/jakarta.activation-api/2.1.2/jakarta.activation-api-2.1.2.jar:/home/easy/.m2/repository/net/minidev/json-smart/2.5.0/json-smart-2.5.0.jar:/home/easy/.m2/repository/net/minidev/accessors-smart/2.5.0/accessors-smart-2.5.0.jar:/home/easy/.m2/repository/org/ow2/asm/asm/9.3/asm-9.3.jar:/home/easy/.m2/repository/org/assertj/assertj-core/3.24.2/assertj-core-3.24.2.jar:/home/easy/.m2/repository/net/bytebuddy/byte-buddy/1.14.8/byte-buddy-1.14.8.jar:/home/easy/.m2/repository/org/hamcrest/hamcrest/2.2/hamcrest-2.2.jar:/home/easy/.m2/repository/org/junit/jupiter/junit-jupiter/5.10.0/junit-jupiter-5.10.0.jar:/home/easy/.m2/repository/org/junit/jupiter/junit-jupiter-api/5.10.0/junit-jupiter-api-5.10.0.jar:/home/easy/.m2/repository/org/opentest4j/opentest4j/1.3.0/opentest4j-1.3.0.jar:/home/easy/.m2/repository/org/junit/platform/junit-platform-commons/1.10.0/junit-platform-commons-1.10.0.jar:/home/easy/.m2/repository/org/apiguardian/apiguardian-api/1.1.2/apiguardian-api-1.1.2.jar:/home/easy/.m2/repository/org/junit/jupiter/junit-jupiter-params/5.10.0/junit-jupiter-params-5.10.0.jar:/home/easy/.m2/repository/org/junit/jupiter/junit-jupiter-engine/5.10.0/junit-jupiter-engine-5.10.0.jar:/home/easy/.m2/repository/org/junit/platform/junit-platform-engine/1.10.0/junit-platform-engine-1.10.0.jar:/home/easy/.m2/repository/org/mockito/mockito-core/5.5.0/mockito-core-5.5.0.jar:/home/easy/.m2/repository/net/bytebuddy/byte-buddy-agent/1.14.8/byte-buddy-agent-1.14.8.jar:/home/easy/.m2/repository/org/objenesis/objenesis/3.3/objenesis-3.3.jar:/home/easy/.m2/repository/org/mockito/mockito-junit-jupiter/5.5.0/mockito-junit-jupiter-5.5.0.jar:/home/easy/.m2/repository/org/skyscreamer/jsonassert/1.5.1/jsonassert-1.5.1.jar:/home/easy/.m2/repository/com/vaadin/external/google/android-json/0.0.20131108.vaadin1/android-json-0.0.20131108.vaadin1.jar:/home/easy/.m2/repository/org/springframework/spring-core/6.1.0-M5/spring-core-6.1.0-M5.jar:/home/easy/.m2/repository/org/springframework/spring-jcl/6.1.0-M5/spring-jcl-6.1.0-M5.jar:/home/easy/.m2/repository/org/springframework/spring-test/6.1.0-M5/spring-test-6.1.0-M5.jar:/home/easy/.m2/repository/org/xmlunit/xmlunit-core/2.9.1/xmlunit-core-2.9.1.jar:"/>
    <property name="java.vm.vendor" value="Oracle Corporation"/>
    <property name="sun.arch.data.model" value="64"/>
    <property name="java.vendor.url" value="https://java.oracle.com/"/>
    <property name="user.timezone" value="Europe/Paris"/>
    <property name="os.name" value="Linux"/>
    <property name="java.vm.specification.version" value="21"/>
    <property name="sun.java.launcher" value="SUN_STANDARD"/>
    <property name="user.country" value="FR"/>
    <property name="sun.boot.library.path" value="/usr/lib/jvm/jdk-21.0.1/lib"/>
    <property name="sun.java.command" value="/home/easy/git/fac-testcontainers-dan-vega/posts/target/surefire/surefirebooter-20240207111742633_3.jar /home/easy/git/fac-testcontainers-dan-vega/posts/target/surefire 2024-02-07T11-17-42_555-jvmRun1 surefire-20240207111742633_1tmp surefire_0-20240207111742633_2tmp"/>
    <property name="jdk.debug" value="release"/>
    <property name="test" value="PostControllerAlex4"/>
    <property name="surefire.test.class.path" value="/home/easy/git/fac-testcontainers-dan-vega/posts/target/test-classes:/home/easy/git/fac-testcontainers-dan-vega/posts/target/classes:/home/easy/.m2/repository/org/springframework/boot/spring-boot-starter-actuator/3.2.0-M3/spring-boot-starter-actuator-3.2.0-M3.jar:/home/easy/.m2/repository/org/springframework/boot/spring-boot-starter/3.2.0-M3/spring-boot-starter-3.2.0-M3.jar:/home/easy/.m2/repository/org/springframework/boot/spring-boot-starter-logging/3.2.0-M3/spring-boot-starter-logging-3.2.0-M3.jar:/home/easy/.m2/repository/ch/qos/logback/logback-classic/1.4.11/logback-classic-1.4.11.jar:/home/easy/.m2/repository/ch/qos/logback/logback-core/1.4.11/logback-core-1.4.11.jar:/home/easy/.m2/repository/org/apache/logging/log4j/log4j-to-slf4j/2.20.0/log4j-to-slf4j-2.20.0.jar:/home/easy/.m2/repository/org/apache/logging/log4j/log4j-api/2.20.0/log4j-api-2.20.0.jar:/home/easy/.m2/repository/org/slf4j/jul-to-slf4j/2.0.9/jul-to-slf4j-2.0.9.jar:/home/easy/.m2/repository/jakarta/annotation/jakarta.annotation-api/2.1.1/jakarta.annotation-api-2.1.1.jar:/home/easy/.m2/repository/org/yaml/snakeyaml/2.2/snakeyaml-2.2.jar:/home/easy/.m2/repository/org/springframework/boot/spring-boot-actuator-autoconfigure/3.2.0-M3/spring-boot-actuator-autoconfigure-3.2.0-M3.jar:/home/easy/.m2/repository/org/springframework/boot/spring-boot-actuator/3.2.0-M3/spring-boot-actuator-3.2.0-M3.jar:/home/easy/.m2/repository/com/fasterxml/jackson/datatype/jackson-datatype-jsr310/2.15.2/jackson-datatype-jsr310-2.15.2.jar:/home/easy/.m2/repository/io/micrometer/micrometer-observation/1.12.0-M3/micrometer-observation-1.12.0-M3.jar:/home/easy/.m2/repository/io/micrometer/micrometer-commons/1.12.0-M3/micrometer-commons-1.12.0-M3.jar:/home/easy/.m2/repository/io/micrometer/micrometer-core/1.12.0-M3/micrometer-core-1.12.0-M3.jar:/home/easy/.m2/repository/org/hdrhistogram/HdrHistogram/2.1.12/HdrHistogram-2.1.12.jar:/home/easy/.m2/repository/org/latencyutils/LatencyUtils/2.0.3/LatencyUtils-2.0.3.jar:/home/easy/.m2/repository/org/springframework/boot/spring-boot-starter-web/3.2.0-M3/spring-boot-starter-web-3.2.0-M3.jar:/home/easy/.m2/repository/org/springframework/boot/spring-boot-starter-json/3.2.0-M3/spring-boot-starter-json-3.2.0-M3.jar:/home/easy/.m2/repository/com/fasterxml/jackson/datatype/jackson-datatype-jdk8/2.15.2/jackson-datatype-jdk8-2.15.2.jar:/home/easy/.m2/repository/org/springframework/boot/spring-boot-starter-tomcat/3.2.0-M3/spring-boot-starter-tomcat-3.2.0-M3.jar:/home/easy/.m2/repository/org/apache/tomcat/embed/tomcat-embed-core/10.1.13/tomcat-embed-core-10.1.13.jar:/home/easy/.m2/repository/org/apache/tomcat/embed/tomcat-embed-websocket/10.1.13/tomcat-embed-websocket-10.1.13.jar:/home/easy/.m2/repository/org/springframework/spring-web/6.1.0-M5/spring-web-6.1.0-M5.jar:/home/easy/.m2/repository/org/springframework/spring-beans/6.1.0-M5/spring-beans-6.1.0-M5.jar:/home/easy/.m2/repository/org/springframework/spring-webmvc/6.1.0-M5/spring-webmvc-6.1.0-M5.jar:/home/easy/.m2/repository/org/springframework/spring-aop/6.1.0-M5/spring-aop-6.1.0-M5.jar:/home/easy/.m2/repository/org/springframework/spring-context/6.1.0-M5/spring-context-6.1.0-M5.jar:/home/easy/.m2/repository/org/springframework/spring-expression/6.1.0-M5/spring-expression-6.1.0-M5.jar:/home/easy/.m2/repository/org/springframework/boot/spring-boot-starter-validation/3.2.0-M3/spring-boot-starter-validation-3.2.0-M3.jar:/home/easy/.m2/repository/org/apache/tomcat/embed/tomcat-embed-el/10.1.13/tomcat-embed-el-10.1.13.jar:/home/easy/.m2/repository/org/hibernate/validator/hibernate-validator/8.0.1.Final/hibernate-validator-8.0.1.Final.jar:/home/easy/.m2/repository/jakarta/validation/jakarta.validation-api/3.0.2/jakarta.validation-api-3.0.2.jar:/home/easy/.m2/repository/org/jboss/logging/jboss-logging/3.5.3.Final/jboss-logging-3.5.3.Final.jar:/home/easy/.m2/repository/com/fasterxml/classmate/1.5.1/classmate-1.5.1.jar:/home/easy/.m2/repository/org/springframework/boot/spring-boot-starter-data-jdbc/3.2.0-M3/spring-boot-starter-data-jdbc-3.2.0-M3.jar:/home/easy/.m2/repository/org/springframework/boot/spring-boot-starter-jdbc/3.2.0-M3/spring-boot-starter-jdbc-3.2.0-M3.jar:/home/easy/.m2/repository/com/zaxxer/HikariCP/5.0.1/HikariCP-5.0.1.jar:/home/easy/.m2/repository/org/springframework/spring-jdbc/6.1.0-M5/spring-jdbc-6.1.0-M5.jar:/home/easy/.m2/repository/org/springframework/data/spring-data-jdbc/3.2.0-M3/spring-data-jdbc-3.2.0-M3.jar:/home/easy/.m2/repository/org/springframework/data/spring-data-relational/3.2.0-M3/spring-data-relational-3.2.0-M3.jar:/home/easy/.m2/repository/com/github/jsqlparser/jsqlparser/4.6/jsqlparser-4.6.jar:/home/easy/.m2/repository/org/springframework/data/spring-data-commons/3.2.0-M3/spring-data-commons-3.2.0-M3.jar:/home/easy/.m2/repository/org/springframework/spring-tx/6.1.0-M5/spring-tx-6.1.0-M5.jar:/home/easy/.m2/repository/org/slf4j/slf4j-api/2.0.9/slf4j-api-2.0.9.jar:/home/easy/.m2/repository/org/springdoc/springdoc-openapi-starter-webmvc-ui/2.2.0/springdoc-openapi-starter-webmvc-ui-2.2.0.jar:/home/easy/.m2/repository/org/springdoc/springdoc-openapi-starter-webmvc-api/2.2.0/springdoc-openapi-starter-webmvc-api-2.2.0.jar:/home/easy/.m2/repository/org/springdoc/springdoc-openapi-starter-common/2.2.0/springdoc-openapi-starter-common-2.2.0.jar:/home/easy/.m2/repository/io/swagger/core/v3/swagger-core-jakarta/2.2.15/swagger-core-jakarta-2.2.15.jar:/home/easy/.m2/repository/org/apache/commons/commons-lang3/3.13.0/commons-lang3-3.13.0.jar:/home/easy/.m2/repository/io/swagger/core/v3/swagger-annotations-jakarta/2.2.15/swagger-annotations-jakarta-2.2.15.jar:/home/easy/.m2/repository/io/swagger/core/v3/swagger-models-jakarta/2.2.15/swagger-models-jakarta-2.2.15.jar:/home/easy/.m2/repository/com/fasterxml/jackson/dataformat/jackson-dataformat-yaml/2.15.2/jackson-dataformat-yaml-2.15.2.jar:/home/easy/.m2/repository/org/webjars/swagger-ui/5.2.0/swagger-ui-5.2.0.jar:/home/easy/.m2/repository/org/springframework/boot/spring-boot-devtools/3.2.0-M3/spring-boot-devtools-3.2.0-M3.jar:/home/easy/.m2/repository/org/springframework/boot/spring-boot/3.2.0-M3/spring-boot-3.2.0-M3.jar:/home/easy/.m2/repository/org/springframework/boot/spring-boot-autoconfigure/3.2.0-M3/spring-boot-autoconfigure-3.2.0-M3.jar:/home/easy/.m2/repository/org/springframework/boot/spring-boot-docker-compose/3.2.0-M3/spring-boot-docker-compose-3.2.0-M3.jar:/home/easy/.m2/repository/com/fasterxml/jackson/core/jackson-databind/2.15.2/jackson-databind-2.15.2.jar:/home/easy/.m2/repository/com/fasterxml/jackson/core/jackson-annotations/2.15.2/jackson-annotations-2.15.2.jar:/home/easy/.m2/repository/com/fasterxml/jackson/core/jackson-core/2.15.2/jackson-core-2.15.2.jar:/home/easy/.m2/repository/com/fasterxml/jackson/module/jackson-module-parameter-names/2.15.2/jackson-module-parameter-names-2.15.2.jar:/home/easy/.m2/repository/org/postgresql/postgresql/42.6.0/postgresql-42.6.0.jar:/home/easy/.m2/repository/org/checkerframework/checker-qual/3.31.0/checker-qual-3.31.0.jar:/home/easy/.m2/repository/org/springframework/boot/spring-boot-testcontainers/3.2.0-M3/spring-boot-testcontainers-3.2.0-M3.jar:/home/easy/.m2/repository/org/testcontainers/testcontainers/1.19.0/testcontainers-1.19.0.jar:/home/easy/.m2/repository/junit/junit/4.13.2/junit-4.13.2.jar:/home/easy/.m2/repository/org/hamcrest/hamcrest-core/2.2/hamcrest-core-2.2.jar:/home/easy/.m2/repository/org/apache/commons/commons-compress/1.23.0/commons-compress-1.23.0.jar:/home/easy/.m2/repository/org/rnorth/duct-tape/duct-tape/1.0.8/duct-tape-1.0.8.jar:/home/easy/.m2/repository/org/jetbrains/annotations/17.0.0/annotations-17.0.0.jar:/home/easy/.m2/repository/com/github/docker-java/docker-java-api/3.3.3/docker-java-api-3.3.3.jar:/home/easy/.m2/repository/com/github/docker-java/docker-java-transport-zerodep/3.3.3/docker-java-transport-zerodep-3.3.3.jar:/home/easy/.m2/repository/com/github/docker-java/docker-java-transport/3.3.3/docker-java-transport-3.3.3.jar:/home/easy/.m2/repository/net/java/dev/jna/jna/5.12.1/jna-5.12.1.jar:/home/easy/.m2/repository/org/testcontainers/junit-jupiter/1.19.0/junit-jupiter-1.19.0.jar:/home/easy/.m2/repository/org/testcontainers/postgresql/1.19.0/postgresql-1.19.0.jar:/home/easy/.m2/repository/org/testcontainers/jdbc/1.19.0/jdbc-1.19.0.jar:/home/easy/.m2/repository/org/testcontainers/database-commons/1.19.0/database-commons-1.19.0.jar:/home/easy/.m2/repository/org/springframework/boot/spring-boot-starter-test/3.2.0-M3/spring-boot-starter-test-3.2.0-M3.jar:/home/easy/.m2/repository/org/springframework/boot/spring-boot-test/3.2.0-M3/spring-boot-test-3.2.0-M3.jar:/home/easy/.m2/repository/org/springframework/boot/spring-boot-test-autoconfigure/3.2.0-M3/spring-boot-test-autoconfigure-3.2.0-M3.jar:/home/easy/.m2/repository/com/jayway/jsonpath/json-path/2.8.0/json-path-2.8.0.jar:/home/easy/.m2/repository/jakarta/xml/bind/jakarta.xml.bind-api/4.0.1/jakarta.xml.bind-api-4.0.1.jar:/home/easy/.m2/repository/jakarta/activation/jakarta.activation-api/2.1.2/jakarta.activation-api-2.1.2.jar:/home/easy/.m2/repository/net/minidev/json-smart/2.5.0/json-smart-2.5.0.jar:/home/easy/.m2/repository/net/minidev/accessors-smart/2.5.0/accessors-smart-2.5.0.jar:/home/easy/.m2/repository/org/ow2/asm/asm/9.3/asm-9.3.jar:/home/easy/.m2/repository/org/assertj/assertj-core/3.24.2/assertj-core-3.24.2.jar:/home/easy/.m2/repository/net/bytebuddy/byte-buddy/1.14.8/byte-buddy-1.14.8.jar:/home/easy/.m2/repository/org/hamcrest/hamcrest/2.2/hamcrest-2.2.jar:/home/easy/.m2/repository/org/junit/jupiter/junit-jupiter/5.10.0/junit-jupiter-5.10.0.jar:/home/easy/.m2/repository/org/junit/jupiter/junit-jupiter-api/5.10.0/junit-jupiter-api-5.10.0.jar:/home/easy/.m2/repository/org/opentest4j/opentest4j/1.3.0/opentest4j-1.3.0.jar:/home/easy/.m2/repository/org/junit/platform/junit-platform-commons/1.10.0/junit-platform-commons-1.10.0.jar:/home/easy/.m2/repository/org/apiguardian/apiguardian-api/1.1.2/apiguardian-api-1.1.2.jar:/home/easy/.m2/repository/org/junit/jupiter/junit-jupiter-params/5.10.0/junit-jupiter-params-5.10.0.jar:/home/easy/.m2/repository/org/junit/jupiter/junit-jupiter-engine/5.10.0/junit-jupiter-engine-5.10.0.jar:/home/easy/.m2/repository/org/junit/platform/junit-platform-engine/1.10.0/junit-platform-engine-1.10.0.jar:/home/easy/.m2/repository/org/mockito/mockito-core/5.5.0/mockito-core-5.5.0.jar:/home/easy/.m2/repository/net/bytebuddy/byte-buddy-agent/1.14.8/byte-buddy-agent-1.14.8.jar:/home/easy/.m2/repository/org/objenesis/objenesis/3.3/objenesis-3.3.jar:/home/easy/.m2/repository/org/mockito/mockito-junit-jupiter/5.5.0/mockito-junit-jupiter-5.5.0.jar:/home/easy/.m2/repository/org/skyscreamer/jsonassert/1.5.1/jsonassert-1.5.1.jar:/home/easy/.m2/repository/com/vaadin/external/google/android-json/0.0.20131108.vaadin1/android-json-0.0.20131108.vaadin1.jar:/home/easy/.m2/repository/org/springframework/spring-core/6.1.0-M5/spring-core-6.1.0-M5.jar:/home/easy/.m2/repository/org/springframework/spring-jcl/6.1.0-M5/spring-jcl-6.1.0-M5.jar:/home/easy/.m2/repository/org/springframework/spring-test/6.1.0-M5/spring-test-6.1.0-M5.jar:/home/easy/.m2/repository/org/xmlunit/xmlunit-core/2.9.1/xmlunit-core-2.9.1.jar:"/>
    <property name="sun.cpu.endian" value="little"/>
    <property name="user.home" value="/home/easy"/>
    <property name="user.language" value="fr"/>
    <property name="java.specification.vendor" value="Oracle Corporation"/>
    <property name="java.version.date" value="2023-10-17"/>
    <property name="java.home" value="/usr/lib/jvm/jdk-21.0.1"/>
    <property name="file.separator" value="/"/>
    <property name="basedir" value="/home/easy/git/fac-testcontainers-dan-vega/posts"/>
    <property name="java.vm.compressedOopsMode" value="Zero based"/>
    <property name="line.separator" value="&#10;"/>
    <property name="java.specification.name" value="Java Platform API Specification"/>
    <property name="java.vm.specification.vendor" value="Oracle Corporation"/>
    <property name="surefire.real.class.path" value="/home/easy/git/fac-testcontainers-dan-vega/posts/target/surefire/surefirebooter-20240207111742633_3.jar"/>
    <property name="sun.management.compiler" value="HotSpot 64-Bit Tiered Compilers"/>
    <property name="java.runtime.version" value="21.0.1+12-29"/>
    <property name="user.name" value="easy"/>
    <property name="stdout.encoding" value="UTF-8"/>
    <property name="path.separator" value=":"/>
    <property name="os.version" value="5.15.0-92-generic"/>
    <property name="java.runtime.name" value="OpenJDK Runtime Environment"/>
    <property name="file.encoding" value="UTF-8"/>
    <property name="java.vm.name" value="OpenJDK 64-Bit Server VM"/>
    <property name="localRepository" value="/home/easy/.m2/repository"/>
    <property name="java.vendor.url.bug" value="https://bugreport.java.com/bugreport/"/>
    <property name="java.io.tmpdir" value="/tmp"/>
    <property name="java.version" value="21.0.1"/>
    <property name="user.dir" value="/home/easy/git/fac-testcontainers-dan-vega/posts"/>
    <property name="os.arch" value="amd64"/>
    <property name="java.vm.specification.name" value="Java Virtual Machine Specification"/>
    <property name="native.encoding" value="UTF-8"/>
    <property name="java.library.path" value="/usr/java/packages/lib:/usr/lib64:/lib64:/lib:/usr/lib"/>
    <property name="java.vm.info" value="mixed mode, sharing"/>
    <property name="stderr.encoding" value="UTF-8"/>
    <property name="java.vendor" value="Oracle Corporation"/>
    <property name="java.vm.version" value="21.0.1+12-29"/>
    <property name="sun.io.unicode.encoding" value="UnicodeLittle"/>
    <property name="java.class.version" value="65.0"/>
  </properties>
  <testcase name="" classname="dev.danvega.danson.post.PostControllerAlex4" time="63.017">
    <error message="Container startup failed for image postgres:16.0" type="org.testcontainers.containers.ContainerLaunchException"><![CDATA[org.testcontainers.containers.ContainerLaunchException: Container startup failed for image postgres:16.0
	at org.testcontainers.containers.GenericContainer.doStart(GenericContainer.java:361)
	at org.testcontainers.containers.GenericContainer.start(GenericContainer.java:334)
	at org.testcontainers.junit.jupiter.TestcontainersExtension$StoreAdapter.start(TestcontainersExtension.java:280)
	at org.testcontainers.junit.jupiter.TestcontainersExtension$StoreAdapter.access$200(TestcontainersExtension.java:267)
	at org.testcontainers.junit.jupiter.TestcontainersExtension.lambda$null$4(TestcontainersExtension.java:82)
	at org.testcontainers.junit.jupiter.TestcontainersExtension.lambda$startContainers$5(TestcontainersExtension.java:82)
	at java.base/java.util.ArrayList.forEach(ArrayList.java:1596)
	at org.testcontainers.junit.jupiter.TestcontainersExtension.startContainers(TestcontainersExtension.java:82)
	at org.testcontainers.junit.jupiter.TestcontainersExtension.beforeAll(TestcontainersExtension.java:56)
	at java.base/java.util.ArrayList.forEach(ArrayList.java:1596)
Caused by: org.rnorth.ducttape.RetryCountExceededException: Retry limit hit with exception
	at org.rnorth.ducttape.unreliables.Unreliables.retryUntilSuccess(Unreliables.java:88)
	at org.testcontainers.containers.GenericContainer.doStart(GenericContainer.java:346)
	... 9 more
Caused by: org.testcontainers.containers.ContainerLaunchException: Could not create/start container
	at org.testcontainers.containers.GenericContainer.tryStart(GenericContainer.java:565)
	at org.testcontainers.containers.GenericContainer.lambda$doStart$0(GenericContainer.java:356)
	at org.rnorth.ducttape.unreliables.Unreliables.retryUntilSuccess(Unreliables.java:81)
	... 10 more
Caused by: java.lang.IllegalStateException: Wait strategy failed. Container exited with code 3
	at org.testcontainers.containers.GenericContainer.tryStart(GenericContainer.java:535)
	... 12 more
Caused by: org.testcontainers.containers.ContainerLaunchException: Timed out waiting for log output matching '.*database system is ready to accept connections.*\s'
	at org.testcontainers.containers.wait.strategy.LogMessageWaitStrategy.waitUntilReady(LogMessageWaitStrategy.java:47)
	at org.testcontainers.containers.wait.strategy.AbstractWaitStrategy.waitUntilReady(AbstractWaitStrategy.java:52)
	at org.testcontainers.containers.PostgreSQLContainer.waitUntilContainerStarted(PostgreSQLContainer.java:147)
	at org.testcontainers.containers.GenericContainer.tryStart(GenericContainer.java:502)
	... 12 more
]]></error>
    <system-out><![CDATA[11:17:43.359 [main] DEBUG org.testcontainers.utility.TestcontainersConfiguration - Testcontainers configuration overrides will be loaded from file:/home/easy/.testcontainers.properties
11:17:43.365 [main] INFO  org.testcontainers.utility.ImageNameSubstitutor - Image name substitution will be performed by: DefaultImageNameSubstitutor (composite of 'ConfigurationFileImageNameSubstitutor' and 'PrefixingImageNameSubstitutor')
11:17:43.569 [main] INFO  org.testcontainers.dockerclient.DockerClientProviderStrategy - Loaded org.testcontainers.dockerclient.UnixSocketClientProviderStrategy from ~/.testcontainers.properties, will try it first
11:17:43.570 [main] DEBUG org.testcontainers.dockerclient.DockerClientProviderStrategy - Trying out strategy: UnixSocketClientProviderStrategy
11:17:43.660 [main] DEBUG org.testcontainers.shaded.com.github.dockerjava.core.command.AbstrDockerCmd - Cmd: 
11:17:43.765 [main] INFO  org.testcontainers.dockerclient.DockerClientProviderStrategy - Found Docker environment with local Unix socket (unix:///var/run/docker.sock)
11:17:43.766 [main] DEBUG org.testcontainers.dockerclient.DockerClientProviderStrategy - Transport type: 'httpclient5', Docker host: 'unix:///var/run/docker.sock'
11:17:43.766 [main] DEBUG org.testcontainers.dockerclient.DockerClientProviderStrategy - Checking Docker OS type for local Unix socket (unix:///var/run/docker.sock)
11:17:43.767 [main] INFO  org.testcontainers.DockerClientFactory - Docker host IP address is localhost
11:17:43.767 [main] DEBUG org.testcontainers.DockerClientFactory - Docker info: {NGoroutines=38, Name=easy-ThinkPad-P50, Swarm={NodeID=, NodeAddr=, LocalNodeState=inactive, ControlAvailable=false, Error=, RemoteManagers=null}, RuncCommit={ID=v1.1.4-0-g5fd4c4d, Expected=v1.1.4-0-g5fd4c4d}, OSVersion=20.04, Runtimes={io.containerd.runc.v2={path=runc}, io.containerd.runtime.v1.linux={path=runc}, runc={path=runc}}, ID=IWK3:HJ3I:RJ5K:EMCZ:VDCI:VEUB:L4CF:KMHA:EEAT:YDGT:Y4T4:CJHW, DriverStatus=[[Backing Filesystem, extfs], [Supports d_type, true], [Native Overlay Diff, true], [userxattr, false]], BridgeNfIptables=true, LiveRestoreEnabled=false, SystemTime=2024-02-07T11:17:43.706703006+01:00, NoProxy=, Architecture=x86_64, NEventsListener=0, HttpsProxy=, Images=21, ContainersRunning=1, Labels=[], InitCommit={ID=de40ad0, Expected=de40ad0}, NFd=30, KernelVersion=5.15.0-92-generic, LoggingDriver=json-file, OSType=linux, SecurityOptions=[name=apparmor, name=seccomp,profile=default], ContainerdCommit={ID=1c90a442489720eec95342e1789ee8a5e1b9536f, Expected=1c90a442489720eec95342e1789ee8a5e1b9536f}, GenericResources=null, KernelMemory=true, OperatingSystem=Ubuntu 20.04.3 LTS, RegistryConfig={AllowNondistributableArtifactsCIDRs=[], AllowNondistributableArtifactsHostnames=[], InsecureRegistryCIDRs=[127.0.0.0/8], IndexConfigs={docker.io={Name=docker.io, Mirrors=[], Secure=true, Official=true}}, Mirrors=[]}, ServerVersion=20.10.21, OomKillDisable=true, CpuCfsQuota=true, Containers=5, Driver=overlay2, KernelMemoryTCP=true, IPv4Forwarding=true, ExperimentalBuild=false, DockerRootDir=/var/lib/docker, CPUSet=true, CpuCfsPeriod=true, DefaultRuntime=runc, CPUShares=true, Debug=false, NCPU=8, Plugins={Volume=[local], Network=[bridge, host, ipvlan, macvlan, null, overlay], Authorization=null, Log=[awslogs, fluentd, gcplogs, gelf, journald, json-file, local, logentries, splunk, syslog]}, SwapLimit=true, CgroupDriver=cgroupfs, ContainersPaused=0, MemTotal=33479938048, IndexServerAddress=https://index.docker.io/v1/, MemoryLimit=true, HttpProxy=, InitBinary=docker-init, CgroupVersion=1, PidsLimit=true, Isolation=, BridgeNfIp6tables=true, Warnings=null, ContainersStopped=4}
11:17:43.769 [main] DEBUG org.testcontainers.shaded.com.github.dockerjava.core.command.AbstrDockerCmd - Cmd: 
11:17:43.784 [main] DEBUG org.testcontainers.DockerClientFactory - Docker version: {Components=[{Name=Engine, Version=20.10.21, Details={ApiVersion=1.41, Arch=amd64, BuildTime=2022-10-25T18:00:04.000000000+00:00, Experimental=false, GitCommit=3056208, GoVersion=go1.18.7, KernelVersion=5.15.0-92-generic, MinAPIVersion=1.12, Os=linux}}, {Name=containerd, Version=1.6.9, Details={GitCommit=1c90a442489720eec95342e1789ee8a5e1b9536f}}, {Name=runc, Version=1.1.4, Details={GitCommit=v1.1.4-0-g5fd4c4d}}, {Name=docker-init, Version=0.19.0, Details={GitCommit=de40ad0}}], KernelVersion=5.15.0-92-generic, ApiVersion=1.41, Platform={Name=Docker Engine - Community}, GitCommit=3056208, Os=linux, Version=20.10.21, MinAPIVersion=1.12, Arch=amd64, GoVersion=go1.18.7, BuildTime=2022-10-25T18:00:04.000000000+00:00}
11:17:43.784 [main] INFO  org.testcontainers.DockerClientFactory - Connected to docker: 
  Server Version: 20.10.21
  API Version: 1.41
  Operating System: Ubuntu 20.04.3 LTS
  Total Memory: 31928 MB
11:17:43.790 [main] DEBUG org.testcontainers.utility.RyukResourceReaper - Ryuk is enabled
11:17:43.791 [main] DEBUG org.testcontainers.utility.PrefixingImageNameSubstitutor - No prefix is configured
11:17:43.792 [main] DEBUG org.testcontainers.utility.ImageNameSubstitutor - Did not find a substitute image for testcontainers/ryuk:0.5.1 (using image substitutor: DefaultImageNameSubstitutor (composite of 'ConfigurationFileImageNameSubstitutor' and 'PrefixingImageNameSubstitutor'))
11:17:43.793 [main] DEBUG org.testcontainers.shaded.com.github.dockerjava.core.command.AbstrDockerCmd - Cmd: ListImagesCmdImpl[filters=org.testcontainers.shaded.com.github.dockerjava.core.util.FiltersBuilder@0,imageNameFilter=<null>,showAll=false]
11:17:43.809 [main] DEBUG org.testcontainers.images.AbstractImagePullPolicy - Using locally available and not pulling image: testcontainers/ryuk:0.5.1
11:17:43.810 [main] INFO  tc.testcontainers/ryuk:0.5.1 - Creating container for image: testcontainers/ryuk:0.5.1
11:17:43.813 [main] DEBUG org.testcontainers.utility.RegistryAuthLocator - Looking up auth config for image: testcontainers/ryuk:0.5.1 at registry: https://index.docker.io/v1/
11:17:43.813 [main] DEBUG org.testcontainers.utility.RegistryAuthLocator - RegistryAuthLocator has configFile: /home/easy/.docker/config.json (exists) configEnv: DOCKER_AUTH_CONFIG (does not exist) and commandPathPrefix: 
11:17:43.813 [main] DEBUG org.testcontainers.utility.RegistryAuthLocator - RegistryAuthLocator reading from configFile: /home/easy/.docker/config.json
11:17:43.814 [main] DEBUG org.testcontainers.utility.RegistryAuthLocator - registryName [https://index.docker.io/v1/] for dockerImageName [testcontainers/ryuk:0.5.1]
11:17:43.815 [main] DEBUG org.testcontainers.utility.RegistryAuthLocator - found existing auth config [AuthConfig{username=itdriveview, password=hidden non-blank value, auth=hidden non-blank value, email=null, registryAddress=https://index.docker.io/v1/, registryToken=blank}]
11:17:43.816 [main] DEBUG org.testcontainers.utility.RegistryAuthLocator - Cached auth found: [AuthConfig{username=itdriveview, password=hidden non-blank value, auth=hidden non-blank value, email=null, registryAddress=https://index.docker.io/v1/, registryToken=blank}]
11:17:43.816 [main] DEBUG org.testcontainers.dockerclient.AuthDelegatingDockerClientConfig - Effective auth config [AuthConfig{username=itdriveview, password=hidden non-blank value, auth=hidden non-blank value, email=null, registryAddress=https://index.docker.io/v1/, registryToken=blank}]
11:17:43.822 [main] DEBUG org.testcontainers.shaded.com.github.dockerjava.core.command.AbstrDockerCmd - Cmd: org.testcontainers.shaded.com.github.dockerjava.core.command.CreateContainerCmdImpl@5c089b2f[aliases=<null>,argsEscaped=<null>,attachStderr=<null>,attachStdin=<null>,attachStdout=<null>,authConfig=AuthConfig(username=itdriveview, email=null, registryAddress=https://index.docker.io/v1/, stackOrchestrator=null),cmd={},domainName=<null>,entrypoint=<null>,env={},exposedPorts=ExposedPorts(exposedPorts=[8080/tcp]),healthcheck=<null>,hostConfig=HostConfig(binds=[/var/run/docker.sock:/var/run/docker.sock:rw], blkioWeight=null, blkioWeightDevice=null, blkioDeviceReadBps=null, blkioDeviceWriteBps=null, blkioDeviceReadIOps=null, blkioDeviceWriteIOps=null, memorySwappiness=null, nanoCPUs=null, capAdd=null, capDrop=null, containerIDFile=null, cpuPeriod=null, cpuRealtimePeriod=null, cpuRealtimeRuntime=null, cpuShares=null, cpuQuota=null, cpusetCpus=null, cpusetMems=null, devices=null, deviceCgroupRules=null, deviceRequests=null, diskQuota=null, dns=null, dnsOptions=null, dnsSearch=null, extraHosts=[], groupAdd=null, ipcMode=null, cgroup=null, links=[], logConfig=LogConfig(type=null, config=null), lxcConf=null, memory=null, memorySwap=null, memoryReservation=null, kernelMemory=null, networkMode=null, oomKillDisable=null, init=null, autoRemove=true, oomScoreAdj=null, portBindings={8080/tcp=[Lcom.github.dockerjava.api.model.Ports$Binding;@5bb8f9e2}, privileged=true, publishAllPorts=null, readonlyRootfs=null, restartPolicy=null, ulimits=null, cpuCount=null, cpuPercent=null, ioMaximumIOps=null, ioMaximumBandwidth=null, volumesFrom=[], mounts=null, pidMode=null, isolation=null, securityOpts=null, storageOpt=null, cgroupParent=null, volumeDriver=null, shmSize=null, pidsLimit=null, runtime=null, tmpFs=null, utSMode=null, usernsMode=null, sysctls=null, consoleSize=null, cgroupnsMode=null),hostName=<null>,image=testcontainers/ryuk:0.5.1,ipv4Address=<null>,ipv6Address=<null>,labels={org.testcontainers=true, org.testcontainers.lang=java, org.testcontainers.version=1.19.0},macAddress=<null>,name=testcontainers-ryuk-7233efb1-fba0-4ee7-b11c-b1b0fb503134,networkDisabled=<null>,networkingConfig=<null>,onBuild=<null>,platform=<null>,portSpecs=<null>,shell=<null>,stdInOnce=<null>,stdinOpen=<null>,stopSignal=<null>,stopTimeout=<null>,tty=<null>,user=<null>,volumes=Volumes(volumes=[]),workingDir=<null>]
11:17:43.958 [main] INFO  tc.testcontainers/ryuk:0.5.1 - Container testcontainers/ryuk:0.5.1 is starting: 96bbf3438adf241cf8328623431cadf127385c3e12e4219e2999f8fe267fe572
11:17:43.959 [main] DEBUG org.testcontainers.shaded.com.github.dockerjava.core.command.AbstrDockerCmd - Cmd: 96bbf3438adf241cf8328623431cadf127385c3e12e4219e2999f8fe267fe572
11:17:44.379 [main] DEBUG org.testcontainers.shaded.com.github.dockerjava.core.command.AbstrDockerCmd - Cmd: 96bbf3438adf241cf8328623431cadf127385c3e12e4219e2999f8fe267fe572,false
11:17:44.385 [main] DEBUG org.testcontainers.shaded.com.github.dockerjava.core.exec.InspectContainerCmdExec - GET: DefaultWebTarget{path=[/containers/96bbf3438adf241cf8328623431cadf127385c3e12e4219e2999f8fe267fe572/json], queryParams={}}
11:17:44.534 [main] DEBUG org.testcontainers.shaded.com.github.dockerjava.core.command.AbstrDockerCmd - Cmd: sha256:ec913eeff75a6b5ed284cf17e186213a466ec10a8f471798318ffa0813b5d828
11:17:44.541 [main] DEBUG org.testcontainers.shaded.com.github.dockerjava.core.command.AbstrDockerCmd - Cmd: 
11:17:44.556 [main] DEBUG org.testcontainers.containers.output.WaitingConsumer - STDERR: 2024/02/07 10:17:44 Pinging Docker...
11:17:44.556 [main] DEBUG org.testcontainers.containers.output.WaitingConsumer - STDERR: 2024/02/07 10:17:44 Started!
11:17:44.557 [main] INFO  tc.testcontainers/ryuk:0.5.1 - Container testcontainers/ryuk:0.5.1 started in PT0.767247182S
11:17:44.561 [testcontainers-ryuk] DEBUG org.testcontainers.utility.ResourceReaper - Sending 'label=org.testcontainers%3Dtrue&label=org.testcontainers.lang%3Djava&label=org.testcontainers.version%3D1.19.0&label=org.testcontainers.sessionId%3D7233efb1-fba0-4ee7-b11c-b1b0fb503134' to Ryuk
11:17:44.562 [testcontainers-ryuk] DEBUG org.testcontainers.utility.RyukResourceReaper - Received 'ACK' from Ryuk
11:17:44.562 [main] INFO  org.testcontainers.utility.RyukResourceReaper - Ryuk started - will monitor and terminate Testcontainers containers on JVM exit
11:17:44.563 [main] DEBUG org.testcontainers.DockerClientFactory - Checks are enabled
11:17:44.563 [main] INFO  org.testcontainers.DockerClientFactory - Checking the system...
11:17:44.563 [main] INFO  org.testcontainers.DockerClientFactory - ✔︎ Docker server version should be at least 1.6.0
11:17:44.564 [main] DEBUG org.testcontainers.utility.PrefixingImageNameSubstitutor - No prefix is configured
11:17:44.564 [main] DEBUG org.testcontainers.utility.ImageNameSubstitutor - Did not find a substitute image for postgres:16.0 (using image substitutor: DefaultImageNameSubstitutor (composite of 'ConfigurationFileImageNameSubstitutor' and 'PrefixingImageNameSubstitutor'))
11:17:44.564 [main] DEBUG org.testcontainers.images.AbstractImagePullPolicy - Using locally available and not pulling image: postgres:16.0
11:17:44.564 [main] INFO  tc.postgres:16.0 - Creating container for image: postgres:16.0
11:17:44.564 [main] DEBUG org.testcontainers.utility.RegistryAuthLocator - Looking up auth config for image: postgres:16.0 at registry: https://index.docker.io/v1/
11:17:44.564 [main] DEBUG org.testcontainers.utility.RegistryAuthLocator - Cached auth found: [AuthConfig{username=itdriveview, password=hidden non-blank value, auth=hidden non-blank value, email=null, registryAddress=https://index.docker.io/v1/, registryToken=blank}]
11:17:44.564 [main] DEBUG org.testcontainers.dockerclient.AuthDelegatingDockerClientConfig - Effective auth config [AuthConfig{username=itdriveview, password=hidden non-blank value, auth=hidden non-blank value, email=null, registryAddress=https://index.docker.io/v1/, registryToken=blank}]
11:17:44.565 [main] DEBUG org.testcontainers.utility.PrefixingImageNameSubstitutor - No prefix is configured
11:17:44.565 [main] DEBUG org.testcontainers.utility.ImageNameSubstitutor - Did not find a substitute image for alpine:3.16 (using image substitutor: DefaultImageNameSubstitutor (composite of 'ConfigurationFileImageNameSubstitutor' and 'PrefixingImageNameSubstitutor'))
11:17:44.566 [main] DEBUG org.testcontainers.images.AbstractImagePullPolicy - Using locally available and not pulling image: alpine:3.16
11:17:44.566 [main] DEBUG org.testcontainers.utility.RegistryAuthLocator - Looking up auth config for image: alpine:3.16 at registry: https://index.docker.io/v1/
11:17:44.566 [main] DEBUG org.testcontainers.utility.RegistryAuthLocator - Cached auth found: [AuthConfig{username=itdriveview, password=hidden non-blank value, auth=hidden non-blank value, email=null, registryAddress=https://index.docker.io/v1/, registryToken=blank}]
11:17:44.566 [main] DEBUG org.testcontainers.dockerclient.AuthDelegatingDockerClientConfig - Effective auth config [AuthConfig{username=itdriveview, password=hidden non-blank value, auth=hidden non-blank value, email=null, registryAddress=https://index.docker.io/v1/, registryToken=blank}]
11:17:44.568 [main] DEBUG org.testcontainers.utility.MountableFile - Copying classpath resource(s) from jar:file:/home/easy/.m2/repository/org/testcontainers/testcontainers/1.19.0/testcontainers-1.19.0.jar!/org/testcontainers/utility/ResourceReaper.class to /tmp/.testcontainers-tmp-3865956264830328345 to permit Docker to bind
11:17:44.568 [main] DEBUG org.testcontainers.utility.MountableFile - Copying resource org/testcontainers/utility/ResourceReaper.class from JAR file /home/easy/.m2/repository/org/testcontainers/testcontainers/1.19.0/testcontainers-1.19.0.jar
11:17:44.575 [main] DEBUG org.testcontainers.shaded.com.github.dockerjava.core.command.AbstrDockerCmd - Cmd: org.testcontainers.shaded.com.github.dockerjava.core.command.CreateContainerCmdImpl@4632cfc[aliases=<null>,argsEscaped=<null>,attachStderr=<null>,attachStdin=<null>,attachStdout=<null>,authConfig=AuthConfig(username=itdriveview, email=null, registryAddress=https://index.docker.io/v1/, stackOrchestrator=null),cmd=<null>,domainName=<null>,entrypoint=<null>,env=<null>,exposedPorts=ExposedPorts(exposedPorts=[]),healthcheck=<null>,hostConfig=HostConfig(binds=[/tmp/.testcontainers-tmp-3865956264830328345:/dummy:ro], blkioWeight=null, blkioWeightDevice=null, blkioDeviceReadBps=null, blkioDeviceWriteBps=null, blkioDeviceReadIOps=null, blkioDeviceWriteIOps=null, memorySwappiness=null, nanoCPUs=null, capAdd=null, capDrop=null, containerIDFile=null, cpuPeriod=null, cpuRealtimePeriod=null, cpuRealtimeRuntime=null, cpuShares=null, cpuQuota=null, cpusetCpus=null, cpusetMems=null, devices=null, deviceCgroupRules=null, deviceRequests=null, diskQuota=null, dns=null, dnsOptions=null, dnsSearch=null, extraHosts=null, groupAdd=null, ipcMode=null, cgroup=null, links=[], logConfig=LogConfig(type=null, config=null), lxcConf=null, memory=null, memorySwap=null, memoryReservation=null, kernelMemory=null, networkMode=null, oomKillDisable=null, init=null, autoRemove=null, oomScoreAdj=null, portBindings=null, privileged=null, publishAllPorts=null, readonlyRootfs=null, restartPolicy=null, ulimits=null, cpuCount=null, cpuPercent=null, ioMaximumIOps=null, ioMaximumBandwidth=null, volumesFrom=null, mounts=null, pidMode=null, isolation=null, securityOpts=null, storageOpt=null, cgroupParent=null, volumeDriver=null, shmSize=null, pidsLimit=null, runtime=null, tmpFs=null, utSMode=null, usernsMode=null, sysctls=null, consoleSize=null, cgroupnsMode=null),hostName=<null>,image=alpine:3.16,ipv4Address=<null>,ipv6Address=<null>,labels={org.testcontainers=true, org.testcontainers.lang=java, org.testcontainers.version=1.19.0, org.testcontainers.sessionId=7233efb1-fba0-4ee7-b11c-b1b0fb503134},macAddress=<null>,name=<null>,networkDisabled=<null>,networkingConfig=<null>,onBuild=<null>,platform=<null>,portSpecs=<null>,shell=<null>,stdInOnce=<null>,stdinOpen=<null>,stopSignal=<null>,stopTimeout=<null>,tty=<null>,user=<null>,volumes=Volumes(volumes=[]),workingDir=<null>]
11:17:44.609 [main] DEBUG org.testcontainers.shaded.com.github.dockerjava.core.command.AbstrDockerCmd - Cmd: 0df36b719e7a2890e91a1bce2312af1217151cb91f1eb5659555e6704ccc7371
11:17:44.993 [main] DEBUG org.testcontainers.shaded.com.github.dockerjava.core.command.AbstrDockerCmd - Cmd: 0df36b719e7a2890e91a1bce2312af1217151cb91f1eb5659555e6704ccc7371,.,/dummy
11:17:45.337 [main] DEBUG org.testcontainers.shaded.com.github.dockerjava.core.command.AbstrDockerCmd - Cmd: 0df36b719e7a2890e91a1bce2312af1217151cb91f1eb5659555e6704ccc7371,true,true
11:17:45.347 [main] DEBUG org.testcontainers.shaded.com.github.dockerjava.core.command.AbstrDockerCmd - Cmd: org.testcontainers.shaded.com.github.dockerjava.core.command.CreateContainerCmdImpl@29c5ee1d[aliases=<null>,argsEscaped=<null>,attachStderr=<null>,attachStdin=<null>,attachStdout=<null>,authConfig=AuthConfig(username=itdriveview, email=null, registryAddress=https://index.docker.io/v1/, stackOrchestrator=null),cmd={postgres,-c,fsync=off},domainName=<null>,entrypoint=<null>,env={POSTGRES_USER=test,POSTGRES_PASSWORD=test,POSTGRES_DB=test},exposedPorts=ExposedPorts(exposedPorts=[5432/tcp]),healthcheck=<null>,hostConfig=HostConfig(binds=[/home/easy/git/fac-testcontainers-dan-vega/posts/target/test-classes/postgres-bad-syntax.sql:/docker-entrypoint-initdb.d/script.sql:rw,z], blkioWeight=null, blkioWeightDevice=null, blkioDeviceReadBps=null, blkioDeviceWriteBps=null, blkioDeviceReadIOps=null, blkioDeviceWriteIOps=null, memorySwappiness=null, nanoCPUs=null, capAdd=null, capDrop=null, containerIDFile=null, cpuPeriod=null, cpuRealtimePeriod=null, cpuRealtimeRuntime=null, cpuShares=null, cpuQuota=null, cpusetCpus=null, cpusetMems=null, devices=null, deviceCgroupRules=null, deviceRequests=null, diskQuota=null, dns=null, dnsOptions=null, dnsSearch=null, extraHosts=[], groupAdd=null, ipcMode=null, cgroup=null, links=[], logConfig=LogConfig(type=null, config=null), lxcConf=null, memory=null, memorySwap=null, memoryReservation=null, kernelMemory=null, networkMode=null, oomKillDisable=null, init=null, autoRemove=null, oomScoreAdj=null, portBindings={5432/tcp=[Lcom.github.dockerjava.api.model.Ports$Binding;@63ec445c}, privileged=null, publishAllPorts=null, readonlyRootfs=null, restartPolicy=null, ulimits=null, cpuCount=null, cpuPercent=null, ioMaximumIOps=null, ioMaximumBandwidth=null, volumesFrom=[], mounts=null, pidMode=null, isolation=null, securityOpts=null, storageOpt=null, cgroupParent=null, volumeDriver=null, shmSize=null, pidsLimit=null, runtime=null, tmpFs=null, utSMode=null, usernsMode=null, sysctls=null, consoleSize=null, cgroupnsMode=null),hostName=<null>,image=postgres:16.0,ipv4Address=<null>,ipv6Address=<null>,labels={org.testcontainers=true, org.testcontainers.lang=java, org.testcontainers.version=1.19.0, org.testcontainers.sessionId=7233efb1-fba0-4ee7-b11c-b1b0fb503134},macAddress=<null>,name=<null>,networkDisabled=<null>,networkingConfig=<null>,onBuild=<null>,platform=<null>,portSpecs=<null>,shell=<null>,stdInOnce=<null>,stdinOpen=<null>,stopSignal=<null>,stopTimeout=<null>,tty=<null>,user=<null>,volumes=Volumes(volumes=[]),workingDir=<null>]
11:17:45.386 [main] INFO  tc.postgres:16.0 - Container postgres:16.0 is starting: a17df57c258336ec0eea0a0245a3cda9b9ebfed1b1c670c80ace1ac5916574e9
11:17:45.386 [main] DEBUG org.testcontainers.shaded.com.github.dockerjava.core.command.AbstrDockerCmd - Cmd: a17df57c258336ec0eea0a0245a3cda9b9ebfed1b1c670c80ace1ac5916574e9
11:17:45.733 [main] DEBUG org.testcontainers.shaded.com.github.dockerjava.core.command.AbstrDockerCmd - Cmd: a17df57c258336ec0eea0a0245a3cda9b9ebfed1b1c670c80ace1ac5916574e9,false
11:17:45.734 [main] DEBUG org.testcontainers.shaded.com.github.dockerjava.core.exec.InspectContainerCmdExec - GET: DefaultWebTarget{path=[/containers/a17df57c258336ec0eea0a0245a3cda9b9ebfed1b1c670c80ace1ac5916574e9/json], queryParams={}}
11:17:45.740 [main] DEBUG org.testcontainers.shaded.com.github.dockerjava.core.command.AbstrDockerCmd - Cmd: sha256:fbd1be2cbb1f55a77e9e4124c36f4f7e7d9370de26d4325688cc953008984c81
11:17:45.744 [main] DEBUG org.testcontainers.shaded.com.github.dockerjava.core.command.AbstrDockerCmd - Cmd: 
11:17:45.806 [main] DEBUG org.testcontainers.containers.output.WaitingConsumer - STDOUT: The files belonging to this database system will be owned by user "postgres".
11:17:45.806 [main] DEBUG org.testcontainers.containers.output.WaitingConsumer - STDOUT: creating subdirectories ... ok
11:17:45.807 [main] DEBUG org.testcontainers.containers.output.WaitingConsumer - STDOUT: selecting dynamic shared memory implementation ... posix
11:17:45.808 [main] DEBUG org.testcontainers.containers.output.WaitingConsumer - STDOUT: fixing permissions on existing directory /var/lib/postgresql/data ... ok
11:17:45.808 [main] DEBUG org.testcontainers.containers.output.WaitingConsumer - STDOUT: 
11:17:45.808 [main] DEBUG org.testcontainers.containers.output.WaitingConsumer - STDOUT: Data page checksums are disabled.
11:17:45.809 [main] DEBUG org.testcontainers.containers.output.WaitingConsumer - STDOUT: 
11:17:45.809 [main] DEBUG org.testcontainers.containers.output.WaitingConsumer - STDOUT: The default text search configuration will be set to "english".
11:17:45.810 [main] DEBUG org.testcontainers.containers.output.WaitingConsumer - STDOUT: The default database encoding has accordingly been set to "UTF8".
11:17:45.810 [main] DEBUG org.testcontainers.containers.output.WaitingConsumer - STDOUT: The database cluster will be initialized with locale "en_US.utf8".
11:17:45.810 [main] DEBUG org.testcontainers.containers.output.WaitingConsumer - STDOUT: 
11:17:45.811 [main] DEBUG org.testcontainers.containers.output.WaitingConsumer - STDOUT: This user must also own the server process.
11:17:45.835 [main] DEBUG org.testcontainers.containers.output.WaitingConsumer - STDOUT: selecting default max_connections ... 100
11:17:45.861 [main] DEBUG org.testcontainers.containers.output.WaitingConsumer - STDOUT: selecting default shared_buffers ... 128MB
11:17:45.886 [main] DEBUG org.testcontainers.containers.output.WaitingConsumer - STDOUT: selecting default time zone ... Etc/UTC
11:17:45.896 [main] DEBUG org.testcontainers.containers.output.WaitingConsumer - STDOUT: creating configuration files ... ok
11:17:46.049 [main] DEBUG org.testcontainers.containers.output.WaitingConsumer - STDOUT: running bootstrap script ... ok
11:17:46.434 [main] DEBUG org.testcontainers.containers.output.WaitingConsumer - STDOUT: performing post-bootstrap initialization ... ok
11:17:46.686 [main] DEBUG org.testcontainers.containers.output.WaitingConsumer - STDOUT: syncing data to disk ... ok
11:17:46.687 [main] DEBUG org.testcontainers.containers.output.WaitingConsumer - STDERR: initdb: hint: You can change this by editing pg_hba.conf or using the option -A, or --auth-local and --auth-host, the next time you run initdb.
11:17:46.688 [main] DEBUG org.testcontainers.containers.output.WaitingConsumer - STDERR: initdb: warning: enabling "trust" authentication for local connections
11:17:46.689 [main] DEBUG org.testcontainers.containers.output.WaitingConsumer - STDOUT: 
11:17:46.690 [main] DEBUG org.testcontainers.containers.output.WaitingConsumer - STDOUT:     pg_ctl -D /var/lib/postgresql/data -l logfile start
11:17:46.691 [main] DEBUG org.testcontainers.containers.output.WaitingConsumer - STDOUT: 
11:17:46.691 [main] DEBUG org.testcontainers.containers.output.WaitingConsumer - STDOUT: Success. You can now start the database server using:
11:17:46.691 [main] DEBUG org.testcontainers.containers.output.WaitingConsumer - STDOUT: 
11:17:46.691 [main] DEBUG org.testcontainers.containers.output.WaitingConsumer - STDOUT: 
11:17:46.735 [main] DEBUG org.testcontainers.containers.output.WaitingConsumer - STDOUT: waiting for server to start....2024-02-07 10:17:46.734 UTC [48] LOG:  starting PostgreSQL 16.0 (Debian 16.0-1.pgdg120+1) on x86_64-pc-linux-gnu, compiled by gcc (Debian 12.2.0-14) 12.2.0, 64-bit
11:17:46.736 [main] DEBUG org.testcontainers.containers.output.WaitingConsumer - STDOUT: 2024-02-07 10:17:46.735 UTC [48] LOG:  listening on Unix socket "/var/run/postgresql/.s.PGSQL.5432"
11:17:46.746 [main] DEBUG org.testcontainers.containers.output.WaitingConsumer - STDOUT: 2024-02-07 10:17:46.740 UTC [48] LOG:  database system is ready to accept connections
11:17:46.747 [main] DEBUG org.testcontainers.containers.output.WaitingConsumer - STDOUT: 2024-02-07 10:17:46.737 UTC [51] LOG:  database system was shut down at 2024-02-07 10:17:46 UTC
11:17:46.815 [main] DEBUG org.testcontainers.containers.output.WaitingConsumer - STDOUT:  done
11:17:46.816 [main] DEBUG org.testcontainers.containers.output.WaitingConsumer - STDOUT: server started
11:17:46.959 [main] DEBUG org.testcontainers.containers.output.WaitingConsumer - STDOUT: CREATE DATABASE
11:17:46.970 [main] DEBUG org.testcontainers.containers.output.WaitingConsumer - STDOUT: /usr/local/bin/docker-entrypoint.sh: running /docker-entrypoint-initdb.d/script.sql
11:17:46.970 [main] DEBUG org.testcontainers.containers.output.WaitingConsumer - STDOUT: 
11:17:46.970 [main] DEBUG org.testcontainers.containers.output.WaitingConsumer - STDOUT: 
11:17:47.000 [main] DEBUG org.testcontainers.containers.output.WaitingConsumer - STDOUT: 2024-02-07 10:17:46.999 UTC [61] ERROR:  relation "ppeeee" does not exist at character 16
11:17:47.000 [main] DEBUG org.testcontainers.containers.output.WaitingConsumer - STDERR:                        ^
11:17:47.001 [main] DEBUG org.testcontainers.containers.output.WaitingConsumer - STDERR: LINE 1: SELECT  * FROM PPEEEE;
11:17:47.001 [main] DEBUG org.testcontainers.containers.output.WaitingConsumer - STDERR: psql:/docker-entrypoint-initdb.d/script.sql:1: ERROR:  relation "ppeeee" does not exist
11:17:47.001 [main] DEBUG org.testcontainers.containers.output.WaitingConsumer - STDOUT: 2024-02-07 10:17:46.999 UTC [61] STATEMENT:  SELECT  * FROM PPEEEE;
11:17:47.121 [main] DEBUG org.testcontainers.containers.output.WaitingConsumer - END: 
11:17:47.122 [main] DEBUG org.testcontainers.containers.output.WaitingConsumer - END: 
11:18:45.800 [main] DEBUG org.testcontainers.shaded.com.github.dockerjava.core.command.AbstrDockerCmd - Cmd: a17df57c258336ec0eea0a0245a3cda9b9ebfed1b1c670c80ace1ac5916574e9,false
11:18:45.801 [main] DEBUG org.testcontainers.shaded.com.github.dockerjava.core.exec.InspectContainerCmdExec - GET: DefaultWebTarget{path=[/containers/a17df57c258336ec0eea0a0245a3cda9b9ebfed1b1c670c80ace1ac5916574e9/json], queryParams={}}
11:18:45.808 [main] ERROR tc.postgres:16.0 - Could not start container
java.lang.IllegalStateException: Wait strategy failed. Container exited with code 3
	at org.testcontainers.containers.GenericContainer.tryStart(GenericContainer.java:535)
	at org.testcontainers.containers.GenericContainer.lambda$doStart$0(GenericContainer.java:356)
	at org.rnorth.ducttape.unreliables.Unreliables.retryUntilSuccess(Unreliables.java:81)
	at org.testcontainers.containers.GenericContainer.doStart(GenericContainer.java:346)
	at org.testcontainers.containers.GenericContainer.start(GenericContainer.java:334)
	at org.testcontainers.junit.jupiter.TestcontainersExtension$StoreAdapter.start(TestcontainersExtension.java:280)
	at org.testcontainers.junit.jupiter.TestcontainersExtension$StoreAdapter.access$200(TestcontainersExtension.java:267)
	at org.testcontainers.junit.jupiter.TestcontainersExtension.lambda$null$4(TestcontainersExtension.java:82)
	at org.junit.platform.engine.support.store.NamespacedHierarchicalStore.lambda$getOrComputeIfAbsent$5(NamespacedHierarchicalStore.java:147)
	at org.junit.platform.engine.support.store.NamespacedHierarchicalStore$MemoizingSupplier.computeValue(NamespacedHierarchicalStore.java:372)
	at org.junit.platform.engine.support.store.NamespacedHierarchicalStore$MemoizingSupplier.get(NamespacedHierarchicalStore.java:361)
	at org.junit.platform.engine.support.store.NamespacedHierarchicalStore$StoredValue.evaluate(NamespacedHierarchicalStore.java:308)
	at org.junit.platform.engine.support.store.NamespacedHierarchicalStore$StoredValue.access$200(NamespacedHierarchicalStore.java:287)
	at org.junit.platform.engine.support.store.NamespacedHierarchicalStore.getOrComputeIfAbsent(NamespacedHierarchicalStore.java:149)
	at org.junit.jupiter.engine.execution.NamespaceAwareStore.lambda$getOrComputeIfAbsent$2(NamespaceAwareStore.java:57)
	at org.junit.jupiter.engine.execution.NamespaceAwareStore.accessStore(NamespaceAwareStore.java:90)
	at org.junit.jupiter.engine.execution.NamespaceAwareStore.getOrComputeIfAbsent(NamespaceAwareStore.java:57)
	at org.testcontainers.junit.jupiter.TestcontainersExtension.lambda$startContainers$5(TestcontainersExtension.java:82)
	at java.base/java.util.ArrayList.forEach(ArrayList.java:1596)
	at org.testcontainers.junit.jupiter.TestcontainersExtension.startContainers(TestcontainersExtension.java:82)
	at org.testcontainers.junit.jupiter.TestcontainersExtension.beforeAll(TestcontainersExtension.java:56)
	at org.junit.jupiter.engine.descriptor.ClassBasedTestDescriptor.lambda$invokeBeforeAllCallbacks$12(ClassBasedTestDescriptor.java:396)
	at org.junit.platform.engine.support.hierarchical.ThrowableCollector.execute(ThrowableCollector.java:73)
	at org.junit.jupiter.engine.descriptor.ClassBasedTestDescriptor.invokeBeforeAllCallbacks(ClassBasedTestDescriptor.java:396)
	at org.junit.jupiter.engine.descriptor.ClassBasedTestDescriptor.before(ClassBasedTestDescriptor.java:212)
	at org.junit.jupiter.engine.descriptor.ClassBasedTestDescriptor.before(ClassBasedTestDescriptor.java:85)
	at org.junit.platform.engine.support.hierarchical.NodeTestTask.lambda$executeRecursively$6(NodeTestTask.java:148)
	at org.junit.platform.engine.support.hierarchical.ThrowableCollector.execute(ThrowableCollector.java:73)
	at org.junit.platform.engine.support.hierarchical.NodeTestTask.lambda$executeRecursively$8(NodeTestTask.java:141)
	at org.junit.platform.engine.support.hierarchical.Node.around(Node.java:137)
	at org.junit.platform.engine.support.hierarchical.NodeTestTask.lambda$executeRecursively$9(NodeTestTask.java:139)
	at org.junit.platform.engine.support.hierarchical.ThrowableCollector.execute(ThrowableCollector.java:73)
	at org.junit.platform.engine.support.hierarchical.NodeTestTask.executeRecursively(NodeTestTask.java:138)
	at org.junit.platform.engine.support.hierarchical.NodeTestTask.execute(NodeTestTask.java:95)
	at java.base/java.util.ArrayList.forEach(ArrayList.java:1596)
	at org.junit.platform.engine.support.hierarchical.SameThreadHierarchicalTestExecutorService.invokeAll(SameThreadHierarchicalTestExecutorService.java:41)
	at org.junit.platform.engine.support.hierarchical.NodeTestTask.lambda$executeRecursively$6(NodeTestTask.java:155)
	at org.junit.platform.engine.support.hierarchical.ThrowableCollector.execute(ThrowableCollector.java:73)
	at org.junit.platform.engine.support.hierarchical.NodeTestTask.lambda$executeRecursively$8(NodeTestTask.java:141)
	at org.junit.platform.engine.support.hierarchical.Node.around(Node.java:137)
	at org.junit.platform.engine.support.hierarchical.NodeTestTask.lambda$executeRecursively$9(NodeTestTask.java:139)
	at org.junit.platform.engine.support.hierarchical.ThrowableCollector.execute(ThrowableCollector.java:73)
	at org.junit.platform.engine.support.hierarchical.NodeTestTask.executeRecursively(NodeTestTask.java:138)
	at org.junit.platform.engine.support.hierarchical.NodeTestTask.execute(NodeTestTask.java:95)
	at org.junit.platform.engine.support.hierarchical.SameThreadHierarchicalTestExecutorService.submit(SameThreadHierarchicalTestExecutorService.java:35)
	at org.junit.platform.engine.support.hierarchical.HierarchicalTestExecutor.execute(HierarchicalTestExecutor.java:57)
	at org.junit.platform.engine.support.hierarchical.HierarchicalTestEngine.execute(HierarchicalTestEngine.java:54)
	at org.junit.platform.launcher.core.EngineExecutionOrchestrator.execute(EngineExecutionOrchestrator.java:198)
	at org.junit.platform.launcher.core.EngineExecutionOrchestrator.execute(EngineExecutionOrchestrator.java:169)
	at org.junit.platform.launcher.core.EngineExecutionOrchestrator.execute(EngineExecutionOrchestrator.java:93)
	at org.junit.platform.launcher.core.EngineExecutionOrchestrator.lambda$execute$0(EngineExecutionOrchestrator.java:58)
	at org.junit.platform.launcher.core.EngineExecutionOrchestrator.withInterceptedStreams(EngineExecutionOrchestrator.java:141)
	at org.junit.platform.launcher.core.EngineExecutionOrchestrator.execute(EngineExecutionOrchestrator.java:57)
	at org.junit.platform.launcher.core.DefaultLauncher.execute(DefaultLauncher.java:103)
	at org.junit.platform.launcher.core.DefaultLauncher.execute(DefaultLauncher.java:85)
	at org.junit.platform.launcher.core.DelegatingLauncher.execute(DelegatingLauncher.java:47)
	at org.apache.maven.surefire.junitplatform.LazyLauncher.execute(LazyLauncher.java:56)
	at org.apache.maven.surefire.junitplatform.JUnitPlatformProvider.execute(JUnitPlatformProvider.java:184)
	at org.apache.maven.surefire.junitplatform.JUnitPlatformProvider.invokeAllTests(JUnitPlatformProvider.java:148)
	at org.apache.maven.surefire.junitplatform.JUnitPlatformProvider.invoke(JUnitPlatformProvider.java:122)
	at org.apache.maven.surefire.booter.ForkedBooter.runSuitesInProcess(ForkedBooter.java:385)
	at org.apache.maven.surefire.booter.ForkedBooter.execute(ForkedBooter.java:162)
	at org.apache.maven.surefire.booter.ForkedBooter.run(ForkedBooter.java:507)
	at org.apache.maven.surefire.booter.ForkedBooter.main(ForkedBooter.java:495)
Caused by: org.testcontainers.containers.ContainerLaunchException: Timed out waiting for log output matching '.*database system is ready to accept connections.*\s'
	at org.testcontainers.containers.wait.strategy.LogMessageWaitStrategy.waitUntilReady(LogMessageWaitStrategy.java:47)
	at org.testcontainers.containers.wait.strategy.AbstractWaitStrategy.waitUntilReady(AbstractWaitStrategy.java:52)
	at org.testcontainers.containers.PostgreSQLContainer.waitUntilContainerStarted(PostgreSQLContainer.java:147)
	at org.testcontainers.containers.GenericContainer.tryStart(GenericContainer.java:502)
	... 63 common frames omitted
11:18:45.840 [main] ERROR tc.postgres:16.0 - Log output from the failed container:
The files belonging to this database system will be owned by user "postgres".
This user must also own the server process.

The database cluster will be initialized with locale "en_US.utf8".
The default database encoding has accordingly been set to "UTF8".
The default text search configuration will be set to "english".

Data page checksums are disabled.

fixing permissions on existing directory /var/lib/postgresql/data ... ok
creating subdirectories ... ok
selecting dynamic shared memory implementation ... posix
selecting default max_connections ... 100
selecting default shared_buffers ... 128MB
selecting default time zone ... Etc/UTC
creating configuration files ... ok
running bootstrap script ... ok
performing post-bootstrap initialization ... ok
syncing data to disk ... ok


Success. You can now start the database server using:

    pg_ctl -D /var/lib/postgresql/data -l logfile start

initdb: warning: enabling "trust" authentication for local connections
initdb: hint: You can change this by editing pg_hba.conf or using the option -A, or --auth-local and --auth-host, the next time you run initdb.
waiting for server to start....2024-02-07 10:17:46.734 UTC [48] LOG:  starting PostgreSQL 16.0 (Debian 16.0-1.pgdg120+1) on x86_64-pc-linux-gnu, compiled by gcc (Debian 12.2.0-14) 12.2.0, 64-bit
2024-02-07 10:17:46.735 UTC [48] LOG:  listening on Unix socket "/var/run/postgresql/.s.PGSQL.5432"
2024-02-07 10:17:46.737 UTC [51] LOG:  database system was shut down at 2024-02-07 10:17:46 UTC
2024-02-07 10:17:46.740 UTC [48] LOG:  database system is ready to accept connections
 done
server started
CREATE DATABASE


/usr/local/bin/docker-entrypoint.sh: running /docker-entrypoint-initdb.d/script.sql
2024-02-07 10:17:46.999 UTC [61] ERROR:  relation "ppeeee" does not exist at character 16
2024-02-07 10:17:46.999 UTC [61] STATEMENT:  SELECT  * FROM PPEEEE;
psql:/docker-entrypoint-initdb.d/script.sql:1: ERROR:  relation "ppeeee" does not exist
LINE 1: SELECT  * FROM PPEEEE;
                       ^

11:18:45.937 [main] INFO  org.springframework.test.context.support.AnnotationConfigContextLoaderUtils - Could not detect default configuration classes for test class [dev.danvega.danson.post.PostControllerAlex4]: PostControllerAlex4 does not declare any static, non-private, non-final, nested classes annotated with @Configuration.
11:18:46.096 [main] INFO  org.springframework.boot.test.context.SpringBootTestContextBootstrapper - Found @SpringBootConfiguration dev.danvega.danson.Application for test class dev.danvega.danson.post.PostControllerAlex4
]]></system-out>
  </testcase>
</testsuite>